[2024-04-21T06:45:03.558+0000] {processor.py:161} INFO - Started process (PID=76) to work on /home/airflow/.local/lib/python3.12/site-packages/airflow/example_dags/example_subdag_operator.py
[2024-04-21T06:45:03.560+0000] {processor.py:830} INFO - Processing file /home/airflow/.local/lib/python3.12/site-packages/airflow/example_dags/example_subdag_operator.py for tasks to queue
[2024-04-21T06:45:03.561+0000] {logging_mixin.py:188} INFO - [2024-04-21T06:45:03.561+0000] {dagbag.py:540} INFO - Filling up the DagBag from /home/airflow/.local/lib/python3.12/site-packages/airflow/example_dags/example_subdag_operator.py
[2024-04-21T06:45:03.578+0000] {processor.py:840} INFO - DAG(s) 'example_subdag_operator.section-1', 'example_subdag_operator.section-2', 'example_subdag_operator' retrieved from /home/airflow/.local/lib/python3.12/site-packages/airflow/example_dags/example_subdag_operator.py
[2024-04-21T06:45:03.586+0000] {logging_mixin.py:188} INFO - [2024-04-21T06:45:03.586+0000] {dag.py:3096} INFO - Sync 3 DAGs
[2024-04-21T06:45:03.600+0000] {logging_mixin.py:188} INFO - [2024-04-21T06:45:03.600+0000] {dag.py:3954} INFO - Setting next_dagrun for example_subdag_operator to 2022-01-01 00:00:00+00:00, run_after=2022-01-01 00:00:00+00:00
[2024-04-21T06:45:03.603+0000] {logging_mixin.py:188} INFO - [2024-04-21T06:45:03.603+0000] {dag.py:3954} INFO - Setting next_dagrun for example_subdag_operator.section-1 to None, run_after=None
[2024-04-21T06:45:03.604+0000] {logging_mixin.py:188} INFO - [2024-04-21T06:45:03.604+0000] {dag.py:3954} INFO - Setting next_dagrun for example_subdag_operator.section-2 to None, run_after=None
[2024-04-21T06:45:03.608+0000] {logging_mixin.py:188} INFO - [2024-04-21T06:45:03.608+0000] {dag.py:3096} INFO - Sync 2 DAGs
[2024-04-21T06:45:03.612+0000] {logging_mixin.py:188} INFO - [2024-04-21T06:45:03.611+0000] {dag.py:3954} INFO - Setting next_dagrun for example_subdag_operator.section-1 to None, run_after=None
[2024-04-21T06:45:03.612+0000] {logging_mixin.py:188} INFO - [2024-04-21T06:45:03.612+0000] {dag.py:3954} INFO - Setting next_dagrun for example_subdag_operator.section-2 to None, run_after=None
[2024-04-21T06:45:03.618+0000] {processor.py:183} INFO - Processing /home/airflow/.local/lib/python3.12/site-packages/airflow/example_dags/example_subdag_operator.py took 0.062 seconds
[2024-04-21T06:45:33.984+0000] {processor.py:161} INFO - Started process (PID=137) to work on /home/airflow/.local/lib/python3.12/site-packages/airflow/example_dags/example_subdag_operator.py
[2024-04-21T06:45:33.985+0000] {processor.py:830} INFO - Processing file /home/airflow/.local/lib/python3.12/site-packages/airflow/example_dags/example_subdag_operator.py for tasks to queue
[2024-04-21T06:45:33.986+0000] {logging_mixin.py:188} INFO - [2024-04-21T06:45:33.986+0000] {dagbag.py:540} INFO - Filling up the DagBag from /home/airflow/.local/lib/python3.12/site-packages/airflow/example_dags/example_subdag_operator.py
[2024-04-21T06:45:33.998+0000] {processor.py:840} INFO - DAG(s) 'example_subdag_operator.section-1', 'example_subdag_operator.section-2', 'example_subdag_operator' retrieved from /home/airflow/.local/lib/python3.12/site-packages/airflow/example_dags/example_subdag_operator.py
[2024-04-21T06:45:33.999+0000] {logging_mixin.py:188} INFO - [2024-04-21T06:45:33.999+0000] {dag.py:3096} INFO - Sync 3 DAGs
[2024-04-21T06:45:34.010+0000] {logging_mixin.py:188} INFO - [2024-04-21T06:45:34.010+0000] {dag.py:3954} INFO - Setting next_dagrun for example_subdag_operator to 2022-01-01 00:00:00+00:00, run_after=2022-01-01 00:00:00+00:00
[2024-04-21T06:45:34.012+0000] {logging_mixin.py:188} INFO - [2024-04-21T06:45:34.011+0000] {dag.py:3954} INFO - Setting next_dagrun for example_subdag_operator.section-1 to None, run_after=None
[2024-04-21T06:45:34.012+0000] {logging_mixin.py:188} INFO - [2024-04-21T06:45:34.012+0000] {dag.py:3954} INFO - Setting next_dagrun for example_subdag_operator.section-2 to None, run_after=None
[2024-04-21T06:45:34.015+0000] {logging_mixin.py:188} INFO - [2024-04-21T06:45:34.015+0000] {dag.py:3096} INFO - Sync 2 DAGs
[2024-04-21T06:45:34.018+0000] {logging_mixin.py:188} INFO - [2024-04-21T06:45:34.018+0000] {dag.py:3954} INFO - Setting next_dagrun for example_subdag_operator.section-1 to None, run_after=None
[2024-04-21T06:45:34.018+0000] {logging_mixin.py:188} INFO - [2024-04-21T06:45:34.018+0000] {dag.py:3954} INFO - Setting next_dagrun for example_subdag_operator.section-2 to None, run_after=None
[2024-04-21T06:45:34.023+0000] {processor.py:183} INFO - Processing /home/airflow/.local/lib/python3.12/site-packages/airflow/example_dags/example_subdag_operator.py took 0.041 seconds
[2024-04-21T07:09:07.161+0000] {processor.py:161} INFO - Started process (PID=75) to work on /home/airflow/.local/lib/python3.12/site-packages/airflow/example_dags/example_subdag_operator.py
[2024-04-21T07:09:07.163+0000] {processor.py:830} INFO - Processing file /home/airflow/.local/lib/python3.12/site-packages/airflow/example_dags/example_subdag_operator.py for tasks to queue
[2024-04-21T07:09:07.166+0000] {logging_mixin.py:188} INFO - [2024-04-21T07:09:07.166+0000] {dagbag.py:540} INFO - Filling up the DagBag from /home/airflow/.local/lib/python3.12/site-packages/airflow/example_dags/example_subdag_operator.py
[2024-04-21T07:09:07.230+0000] {processor.py:840} INFO - DAG(s) 'example_subdag_operator.section-1', 'example_subdag_operator.section-2', 'example_subdag_operator' retrieved from /home/airflow/.local/lib/python3.12/site-packages/airflow/example_dags/example_subdag_operator.py
[2024-04-21T07:09:07.236+0000] {logging_mixin.py:188} INFO - [2024-04-21T07:09:07.236+0000] {dag.py:3096} INFO - Sync 3 DAGs
[2024-04-21T07:09:07.256+0000] {logging_mixin.py:188} INFO - [2024-04-21T07:09:07.256+0000] {dag.py:3954} INFO - Setting next_dagrun for example_subdag_operator to 2022-01-01 00:00:00+00:00, run_after=2022-01-01 00:00:00+00:00
[2024-04-21T07:09:07.259+0000] {logging_mixin.py:188} INFO - [2024-04-21T07:09:07.259+0000] {dag.py:3954} INFO - Setting next_dagrun for example_subdag_operator.section-1 to None, run_after=None
[2024-04-21T07:09:07.260+0000] {logging_mixin.py:188} INFO - [2024-04-21T07:09:07.260+0000] {dag.py:3954} INFO - Setting next_dagrun for example_subdag_operator.section-2 to None, run_after=None
[2024-04-21T07:09:07.268+0000] {logging_mixin.py:188} INFO - [2024-04-21T07:09:07.268+0000] {dag.py:3096} INFO - Sync 2 DAGs
[2024-04-21T07:09:07.282+0000] {logging_mixin.py:188} INFO - [2024-04-21T07:09:07.282+0000] {dag.py:3954} INFO - Setting next_dagrun for example_subdag_operator.section-1 to None, run_after=None
[2024-04-21T07:09:07.283+0000] {logging_mixin.py:188} INFO - [2024-04-21T07:09:07.283+0000] {dag.py:3954} INFO - Setting next_dagrun for example_subdag_operator.section-2 to None, run_after=None
[2024-04-21T07:09:07.297+0000] {processor.py:183} INFO - Processing /home/airflow/.local/lib/python3.12/site-packages/airflow/example_dags/example_subdag_operator.py took 0.139 seconds
[2024-04-21T07:58:38.370+0000] {processor.py:161} INFO - Started process (PID=76) to work on /home/airflow/.local/lib/python3.12/site-packages/airflow/example_dags/example_subdag_operator.py
[2024-04-21T07:58:38.371+0000] {processor.py:830} INFO - Processing file /home/airflow/.local/lib/python3.12/site-packages/airflow/example_dags/example_subdag_operator.py for tasks to queue
[2024-04-21T07:58:38.373+0000] {logging_mixin.py:188} INFO - [2024-04-21T07:58:38.373+0000] {dagbag.py:540} INFO - Filling up the DagBag from /home/airflow/.local/lib/python3.12/site-packages/airflow/example_dags/example_subdag_operator.py
[2024-04-21T07:58:38.393+0000] {processor.py:840} INFO - DAG(s) 'example_subdag_operator.section-1', 'example_subdag_operator.section-2', 'example_subdag_operator' retrieved from /home/airflow/.local/lib/python3.12/site-packages/airflow/example_dags/example_subdag_operator.py
[2024-04-21T07:58:38.397+0000] {logging_mixin.py:188} INFO - [2024-04-21T07:58:38.397+0000] {dag.py:3096} INFO - Sync 3 DAGs
[2024-04-21T07:58:38.415+0000] {logging_mixin.py:188} INFO - [2024-04-21T07:58:38.415+0000] {dag.py:3954} INFO - Setting next_dagrun for example_subdag_operator to 2022-01-01 00:00:00+00:00, run_after=2022-01-01 00:00:00+00:00
[2024-04-21T07:58:38.419+0000] {logging_mixin.py:188} INFO - [2024-04-21T07:58:38.418+0000] {dag.py:3954} INFO - Setting next_dagrun for example_subdag_operator.section-1 to None, run_after=None
[2024-04-21T07:58:38.420+0000] {logging_mixin.py:188} INFO - [2024-04-21T07:58:38.420+0000] {dag.py:3954} INFO - Setting next_dagrun for example_subdag_operator.section-2 to None, run_after=None
[2024-04-21T07:58:38.429+0000] {logging_mixin.py:188} INFO - [2024-04-21T07:58:38.429+0000] {dag.py:3096} INFO - Sync 2 DAGs
[2024-04-21T07:58:38.434+0000] {logging_mixin.py:188} INFO - [2024-04-21T07:58:38.434+0000] {dag.py:3954} INFO - Setting next_dagrun for example_subdag_operator.section-1 to None, run_after=None
[2024-04-21T07:58:38.435+0000] {logging_mixin.py:188} INFO - [2024-04-21T07:58:38.435+0000] {dag.py:3954} INFO - Setting next_dagrun for example_subdag_operator.section-2 to None, run_after=None
[2024-04-21T07:58:38.446+0000] {processor.py:183} INFO - Processing /home/airflow/.local/lib/python3.12/site-packages/airflow/example_dags/example_subdag_operator.py took 0.079 seconds
[2024-04-21T07:59:08.891+0000] {processor.py:161} INFO - Started process (PID=137) to work on /home/airflow/.local/lib/python3.12/site-packages/airflow/example_dags/example_subdag_operator.py
[2024-04-21T07:59:08.891+0000] {processor.py:830} INFO - Processing file /home/airflow/.local/lib/python3.12/site-packages/airflow/example_dags/example_subdag_operator.py for tasks to queue
[2024-04-21T07:59:08.893+0000] {logging_mixin.py:188} INFO - [2024-04-21T07:59:08.892+0000] {dagbag.py:540} INFO - Filling up the DagBag from /home/airflow/.local/lib/python3.12/site-packages/airflow/example_dags/example_subdag_operator.py
[2024-04-21T07:59:08.906+0000] {processor.py:840} INFO - DAG(s) 'example_subdag_operator.section-1', 'example_subdag_operator.section-2', 'example_subdag_operator' retrieved from /home/airflow/.local/lib/python3.12/site-packages/airflow/example_dags/example_subdag_operator.py
[2024-04-21T07:59:08.952+0000] {logging_mixin.py:188} INFO - [2024-04-21T07:59:08.952+0000] {dag.py:3096} INFO - Sync 3 DAGs
[2024-04-21T07:59:08.962+0000] {logging_mixin.py:188} INFO - [2024-04-21T07:59:08.961+0000] {dag.py:3954} INFO - Setting next_dagrun for example_subdag_operator to 2022-01-01 00:00:00+00:00, run_after=2022-01-01 00:00:00+00:00
[2024-04-21T07:59:08.964+0000] {logging_mixin.py:188} INFO - [2024-04-21T07:59:08.963+0000] {dag.py:3954} INFO - Setting next_dagrun for example_subdag_operator.section-1 to None, run_after=None
[2024-04-21T07:59:08.964+0000] {logging_mixin.py:188} INFO - [2024-04-21T07:59:08.964+0000] {dag.py:3954} INFO - Setting next_dagrun for example_subdag_operator.section-2 to None, run_after=None
[2024-04-21T07:59:08.970+0000] {logging_mixin.py:188} INFO - [2024-04-21T07:59:08.970+0000] {dag.py:3096} INFO - Sync 2 DAGs
[2024-04-21T07:59:08.972+0000] {logging_mixin.py:188} INFO - [2024-04-21T07:59:08.972+0000] {dag.py:3954} INFO - Setting next_dagrun for example_subdag_operator.section-1 to None, run_after=None
[2024-04-21T07:59:08.973+0000] {logging_mixin.py:188} INFO - [2024-04-21T07:59:08.973+0000] {dag.py:3954} INFO - Setting next_dagrun for example_subdag_operator.section-2 to None, run_after=None
[2024-04-21T07:59:08.978+0000] {processor.py:183} INFO - Processing /home/airflow/.local/lib/python3.12/site-packages/airflow/example_dags/example_subdag_operator.py took 0.090 seconds
[2024-04-21T07:59:39.475+0000] {processor.py:161} INFO - Started process (PID=199) to work on /home/airflow/.local/lib/python3.12/site-packages/airflow/example_dags/example_subdag_operator.py
[2024-04-21T07:59:39.476+0000] {processor.py:830} INFO - Processing file /home/airflow/.local/lib/python3.12/site-packages/airflow/example_dags/example_subdag_operator.py for tasks to queue
[2024-04-21T07:59:39.478+0000] {logging_mixin.py:188} INFO - [2024-04-21T07:59:39.477+0000] {dagbag.py:540} INFO - Filling up the DagBag from /home/airflow/.local/lib/python3.12/site-packages/airflow/example_dags/example_subdag_operator.py
[2024-04-21T07:59:39.491+0000] {processor.py:840} INFO - DAG(s) 'example_subdag_operator.section-1', 'example_subdag_operator.section-2', 'example_subdag_operator' retrieved from /home/airflow/.local/lib/python3.12/site-packages/airflow/example_dags/example_subdag_operator.py
[2024-04-21T07:59:39.501+0000] {logging_mixin.py:188} INFO - [2024-04-21T07:59:39.501+0000] {dag.py:3096} INFO - Sync 3 DAGs
[2024-04-21T07:59:39.513+0000] {logging_mixin.py:188} INFO - [2024-04-21T07:59:39.513+0000] {dag.py:3954} INFO - Setting next_dagrun for example_subdag_operator to 2022-01-01 00:00:00+00:00, run_after=2022-01-01 00:00:00+00:00
[2024-04-21T07:59:39.515+0000] {logging_mixin.py:188} INFO - [2024-04-21T07:59:39.515+0000] {dag.py:3954} INFO - Setting next_dagrun for example_subdag_operator.section-1 to None, run_after=None
[2024-04-21T07:59:39.516+0000] {logging_mixin.py:188} INFO - [2024-04-21T07:59:39.515+0000] {dag.py:3954} INFO - Setting next_dagrun for example_subdag_operator.section-2 to None, run_after=None
[2024-04-21T07:59:39.519+0000] {logging_mixin.py:188} INFO - [2024-04-21T07:59:39.519+0000] {dag.py:3096} INFO - Sync 2 DAGs
[2024-04-21T07:59:39.522+0000] {logging_mixin.py:188} INFO - [2024-04-21T07:59:39.522+0000] {dag.py:3954} INFO - Setting next_dagrun for example_subdag_operator.section-1 to None, run_after=None
[2024-04-21T07:59:39.522+0000] {logging_mixin.py:188} INFO - [2024-04-21T07:59:39.522+0000] {dag.py:3954} INFO - Setting next_dagrun for example_subdag_operator.section-2 to None, run_after=None
[2024-04-21T07:59:39.527+0000] {processor.py:183} INFO - Processing /home/airflow/.local/lib/python3.12/site-packages/airflow/example_dags/example_subdag_operator.py took 0.055 seconds
[2024-04-21T08:00:10.324+0000] {processor.py:161} INFO - Started process (PID=260) to work on /home/airflow/.local/lib/python3.12/site-packages/airflow/example_dags/example_subdag_operator.py
[2024-04-21T08:00:10.325+0000] {processor.py:830} INFO - Processing file /home/airflow/.local/lib/python3.12/site-packages/airflow/example_dags/example_subdag_operator.py for tasks to queue
[2024-04-21T08:00:10.326+0000] {logging_mixin.py:188} INFO - [2024-04-21T08:00:10.325+0000] {dagbag.py:540} INFO - Filling up the DagBag from /home/airflow/.local/lib/python3.12/site-packages/airflow/example_dags/example_subdag_operator.py
[2024-04-21T08:00:10.337+0000] {processor.py:840} INFO - DAG(s) 'example_subdag_operator.section-1', 'example_subdag_operator.section-2', 'example_subdag_operator' retrieved from /home/airflow/.local/lib/python3.12/site-packages/airflow/example_dags/example_subdag_operator.py
[2024-04-21T08:00:10.346+0000] {logging_mixin.py:188} INFO - [2024-04-21T08:00:10.345+0000] {dag.py:3096} INFO - Sync 3 DAGs
[2024-04-21T08:00:10.356+0000] {logging_mixin.py:188} INFO - [2024-04-21T08:00:10.356+0000] {dag.py:3954} INFO - Setting next_dagrun for example_subdag_operator to 2022-01-01 00:00:00+00:00, run_after=2022-01-01 00:00:00+00:00
[2024-04-21T08:00:10.358+0000] {logging_mixin.py:188} INFO - [2024-04-21T08:00:10.358+0000] {dag.py:3954} INFO - Setting next_dagrun for example_subdag_operator.section-1 to None, run_after=None
[2024-04-21T08:00:10.358+0000] {logging_mixin.py:188} INFO - [2024-04-21T08:00:10.358+0000] {dag.py:3954} INFO - Setting next_dagrun for example_subdag_operator.section-2 to None, run_after=None
[2024-04-21T08:00:10.362+0000] {logging_mixin.py:188} INFO - [2024-04-21T08:00:10.362+0000] {dag.py:3096} INFO - Sync 2 DAGs
[2024-04-21T08:00:10.364+0000] {logging_mixin.py:188} INFO - [2024-04-21T08:00:10.364+0000] {dag.py:3954} INFO - Setting next_dagrun for example_subdag_operator.section-1 to None, run_after=None
[2024-04-21T08:00:10.365+0000] {logging_mixin.py:188} INFO - [2024-04-21T08:00:10.365+0000] {dag.py:3954} INFO - Setting next_dagrun for example_subdag_operator.section-2 to None, run_after=None
[2024-04-21T08:00:10.369+0000] {processor.py:183} INFO - Processing /home/airflow/.local/lib/python3.12/site-packages/airflow/example_dags/example_subdag_operator.py took 0.048 seconds
[2024-04-21T08:00:40.874+0000] {processor.py:161} INFO - Started process (PID=324) to work on /home/airflow/.local/lib/python3.12/site-packages/airflow/example_dags/example_subdag_operator.py
[2024-04-21T08:00:40.874+0000] {processor.py:830} INFO - Processing file /home/airflow/.local/lib/python3.12/site-packages/airflow/example_dags/example_subdag_operator.py for tasks to queue
[2024-04-21T08:00:40.875+0000] {logging_mixin.py:188} INFO - [2024-04-21T08:00:40.875+0000] {dagbag.py:540} INFO - Filling up the DagBag from /home/airflow/.local/lib/python3.12/site-packages/airflow/example_dags/example_subdag_operator.py
[2024-04-21T08:00:40.888+0000] {processor.py:840} INFO - DAG(s) 'example_subdag_operator.section-1', 'example_subdag_operator.section-2', 'example_subdag_operator' retrieved from /home/airflow/.local/lib/python3.12/site-packages/airflow/example_dags/example_subdag_operator.py
[2024-04-21T08:00:40.901+0000] {logging_mixin.py:188} INFO - [2024-04-21T08:00:40.900+0000] {dag.py:3096} INFO - Sync 3 DAGs
[2024-04-21T08:00:40.912+0000] {logging_mixin.py:188} INFO - [2024-04-21T08:00:40.912+0000] {dag.py:3954} INFO - Setting next_dagrun for example_subdag_operator to 2022-01-01 00:00:00+00:00, run_after=2022-01-01 00:00:00+00:00
[2024-04-21T08:00:40.914+0000] {logging_mixin.py:188} INFO - [2024-04-21T08:00:40.914+0000] {dag.py:3954} INFO - Setting next_dagrun for example_subdag_operator.section-1 to None, run_after=None
[2024-04-21T08:00:40.915+0000] {logging_mixin.py:188} INFO - [2024-04-21T08:00:40.915+0000] {dag.py:3954} INFO - Setting next_dagrun for example_subdag_operator.section-2 to None, run_after=None
[2024-04-21T08:00:40.919+0000] {logging_mixin.py:188} INFO - [2024-04-21T08:00:40.919+0000] {dag.py:3096} INFO - Sync 2 DAGs
[2024-04-21T08:00:40.922+0000] {logging_mixin.py:188} INFO - [2024-04-21T08:00:40.922+0000] {dag.py:3954} INFO - Setting next_dagrun for example_subdag_operator.section-1 to None, run_after=None
[2024-04-21T08:00:40.922+0000] {logging_mixin.py:188} INFO - [2024-04-21T08:00:40.922+0000] {dag.py:3954} INFO - Setting next_dagrun for example_subdag_operator.section-2 to None, run_after=None
[2024-04-21T08:00:40.928+0000] {processor.py:183} INFO - Processing /home/airflow/.local/lib/python3.12/site-packages/airflow/example_dags/example_subdag_operator.py took 0.057 seconds
[2024-04-21T08:01:11.796+0000] {processor.py:161} INFO - Started process (PID=386) to work on /home/airflow/.local/lib/python3.12/site-packages/airflow/example_dags/example_subdag_operator.py
[2024-04-21T08:01:11.797+0000] {processor.py:830} INFO - Processing file /home/airflow/.local/lib/python3.12/site-packages/airflow/example_dags/example_subdag_operator.py for tasks to queue
[2024-04-21T08:01:11.798+0000] {logging_mixin.py:188} INFO - [2024-04-21T08:01:11.798+0000] {dagbag.py:540} INFO - Filling up the DagBag from /home/airflow/.local/lib/python3.12/site-packages/airflow/example_dags/example_subdag_operator.py
[2024-04-21T08:01:11.809+0000] {processor.py:840} INFO - DAG(s) 'example_subdag_operator.section-1', 'example_subdag_operator.section-2', 'example_subdag_operator' retrieved from /home/airflow/.local/lib/python3.12/site-packages/airflow/example_dags/example_subdag_operator.py
[2024-04-21T08:01:11.817+0000] {logging_mixin.py:188} INFO - [2024-04-21T08:01:11.817+0000] {dag.py:3096} INFO - Sync 3 DAGs
[2024-04-21T08:01:11.827+0000] {logging_mixin.py:188} INFO - [2024-04-21T08:01:11.827+0000] {dag.py:3954} INFO - Setting next_dagrun for example_subdag_operator to 2022-01-01 00:00:00+00:00, run_after=2022-01-01 00:00:00+00:00
[2024-04-21T08:01:11.829+0000] {logging_mixin.py:188} INFO - [2024-04-21T08:01:11.829+0000] {dag.py:3954} INFO - Setting next_dagrun for example_subdag_operator.section-1 to None, run_after=None
[2024-04-21T08:01:11.830+0000] {logging_mixin.py:188} INFO - [2024-04-21T08:01:11.830+0000] {dag.py:3954} INFO - Setting next_dagrun for example_subdag_operator.section-2 to None, run_after=None
[2024-04-21T08:01:11.833+0000] {logging_mixin.py:188} INFO - [2024-04-21T08:01:11.833+0000] {dag.py:3096} INFO - Sync 2 DAGs
[2024-04-21T08:01:11.836+0000] {logging_mixin.py:188} INFO - [2024-04-21T08:01:11.836+0000] {dag.py:3954} INFO - Setting next_dagrun for example_subdag_operator.section-1 to None, run_after=None
[2024-04-21T08:01:11.836+0000] {logging_mixin.py:188} INFO - [2024-04-21T08:01:11.836+0000] {dag.py:3954} INFO - Setting next_dagrun for example_subdag_operator.section-2 to None, run_after=None
[2024-04-21T08:01:11.841+0000] {processor.py:183} INFO - Processing /home/airflow/.local/lib/python3.12/site-packages/airflow/example_dags/example_subdag_operator.py took 0.048 seconds
[2024-04-21T08:05:55.631+0000] {processor.py:161} INFO - Started process (PID=442) to work on /home/airflow/.local/lib/python3.12/site-packages/airflow/example_dags/example_subdag_operator.py
[2024-04-21T08:05:55.633+0000] {processor.py:830} INFO - Processing file /home/airflow/.local/lib/python3.12/site-packages/airflow/example_dags/example_subdag_operator.py for tasks to queue
[2024-04-21T08:05:55.634+0000] {logging_mixin.py:188} INFO - [2024-04-21T08:05:55.634+0000] {dagbag.py:540} INFO - Filling up the DagBag from /home/airflow/.local/lib/python3.12/site-packages/airflow/example_dags/example_subdag_operator.py
[2024-04-21T08:05:55.655+0000] {processor.py:840} INFO - DAG(s) 'example_subdag_operator.section-1', 'example_subdag_operator.section-2', 'example_subdag_operator' retrieved from /home/airflow/.local/lib/python3.12/site-packages/airflow/example_dags/example_subdag_operator.py
[2024-04-21T08:05:55.668+0000] {logging_mixin.py:188} INFO - [2024-04-21T08:05:55.668+0000] {dag.py:3096} INFO - Sync 3 DAGs
[2024-04-21T08:05:55.681+0000] {logging_mixin.py:188} INFO - [2024-04-21T08:05:55.680+0000] {dag.py:3954} INFO - Setting next_dagrun for example_subdag_operator to 2022-01-01 00:00:00+00:00, run_after=2022-01-01 00:00:00+00:00
[2024-04-21T08:05:55.683+0000] {logging_mixin.py:188} INFO - [2024-04-21T08:05:55.683+0000] {dag.py:3954} INFO - Setting next_dagrun for example_subdag_operator.section-1 to None, run_after=None
[2024-04-21T08:05:55.684+0000] {logging_mixin.py:188} INFO - [2024-04-21T08:05:55.684+0000] {dag.py:3954} INFO - Setting next_dagrun for example_subdag_operator.section-2 to None, run_after=None
[2024-04-21T08:05:55.689+0000] {logging_mixin.py:188} INFO - [2024-04-21T08:05:55.689+0000] {dag.py:3096} INFO - Sync 2 DAGs
[2024-04-21T08:05:55.692+0000] {logging_mixin.py:188} INFO - [2024-04-21T08:05:55.692+0000] {dag.py:3954} INFO - Setting next_dagrun for example_subdag_operator.section-1 to None, run_after=None
[2024-04-21T08:05:55.692+0000] {logging_mixin.py:188} INFO - [2024-04-21T08:05:55.692+0000] {dag.py:3954} INFO - Setting next_dagrun for example_subdag_operator.section-2 to None, run_after=None
[2024-04-21T08:05:55.701+0000] {processor.py:183} INFO - Processing /home/airflow/.local/lib/python3.12/site-packages/airflow/example_dags/example_subdag_operator.py took 0.077 seconds
[2024-04-21T08:19:27.238+0000] {processor.py:161} INFO - Started process (PID=76) to work on /home/airflow/.local/lib/python3.12/site-packages/airflow/example_dags/example_subdag_operator.py
[2024-04-21T08:19:27.239+0000] {processor.py:830} INFO - Processing file /home/airflow/.local/lib/python3.12/site-packages/airflow/example_dags/example_subdag_operator.py for tasks to queue
[2024-04-21T08:19:27.241+0000] {logging_mixin.py:188} INFO - [2024-04-21T08:19:27.240+0000] {dagbag.py:540} INFO - Filling up the DagBag from /home/airflow/.local/lib/python3.12/site-packages/airflow/example_dags/example_subdag_operator.py
[2024-04-21T08:19:27.254+0000] {processor.py:840} INFO - DAG(s) 'example_subdag_operator.section-1', 'example_subdag_operator.section-2', 'example_subdag_operator' retrieved from /home/airflow/.local/lib/python3.12/site-packages/airflow/example_dags/example_subdag_operator.py
[2024-04-21T08:19:27.256+0000] {logging_mixin.py:188} INFO - [2024-04-21T08:19:27.255+0000] {dag.py:3096} INFO - Sync 3 DAGs
[2024-04-21T08:19:27.267+0000] {logging_mixin.py:188} INFO - [2024-04-21T08:19:27.267+0000] {dag.py:3954} INFO - Setting next_dagrun for example_subdag_operator to 2022-01-01 00:00:00+00:00, run_after=2022-01-01 00:00:00+00:00
[2024-04-21T08:19:27.270+0000] {logging_mixin.py:188} INFO - [2024-04-21T08:19:27.270+0000] {dag.py:3954} INFO - Setting next_dagrun for example_subdag_operator.section-1 to None, run_after=None
[2024-04-21T08:19:27.271+0000] {logging_mixin.py:188} INFO - [2024-04-21T08:19:27.271+0000] {dag.py:3954} INFO - Setting next_dagrun for example_subdag_operator.section-2 to None, run_after=None
[2024-04-21T08:19:27.277+0000] {logging_mixin.py:188} INFO - [2024-04-21T08:19:27.277+0000] {dag.py:3096} INFO - Sync 2 DAGs
[2024-04-21T08:19:27.279+0000] {logging_mixin.py:188} INFO - [2024-04-21T08:19:27.279+0000] {dag.py:3954} INFO - Setting next_dagrun for example_subdag_operator.section-1 to None, run_after=None
[2024-04-21T08:19:27.280+0000] {logging_mixin.py:188} INFO - [2024-04-21T08:19:27.280+0000] {dag.py:3954} INFO - Setting next_dagrun for example_subdag_operator.section-2 to None, run_after=None
[2024-04-21T08:19:27.292+0000] {processor.py:183} INFO - Processing /home/airflow/.local/lib/python3.12/site-packages/airflow/example_dags/example_subdag_operator.py took 0.058 seconds
[2024-04-21T08:19:57.895+0000] {processor.py:161} INFO - Started process (PID=138) to work on /home/airflow/.local/lib/python3.12/site-packages/airflow/example_dags/example_subdag_operator.py
[2024-04-21T08:19:57.896+0000] {processor.py:830} INFO - Processing file /home/airflow/.local/lib/python3.12/site-packages/airflow/example_dags/example_subdag_operator.py for tasks to queue
[2024-04-21T08:19:57.898+0000] {logging_mixin.py:188} INFO - [2024-04-21T08:19:57.897+0000] {dagbag.py:540} INFO - Filling up the DagBag from /home/airflow/.local/lib/python3.12/site-packages/airflow/example_dags/example_subdag_operator.py
[2024-04-21T08:19:57.913+0000] {processor.py:840} INFO - DAG(s) 'example_subdag_operator.section-1', 'example_subdag_operator.section-2', 'example_subdag_operator' retrieved from /home/airflow/.local/lib/python3.12/site-packages/airflow/example_dags/example_subdag_operator.py
[2024-04-21T08:19:57.970+0000] {logging_mixin.py:188} INFO - [2024-04-21T08:19:57.970+0000] {dag.py:3096} INFO - Sync 3 DAGs
[2024-04-21T08:19:57.983+0000] {logging_mixin.py:188} INFO - [2024-04-21T08:19:57.983+0000] {dag.py:3954} INFO - Setting next_dagrun for example_subdag_operator to 2022-01-01 00:00:00+00:00, run_after=2022-01-01 00:00:00+00:00
[2024-04-21T08:19:57.986+0000] {logging_mixin.py:188} INFO - [2024-04-21T08:19:57.985+0000] {dag.py:3954} INFO - Setting next_dagrun for example_subdag_operator.section-1 to None, run_after=None
[2024-04-21T08:19:57.987+0000] {logging_mixin.py:188} INFO - [2024-04-21T08:19:57.986+0000] {dag.py:3954} INFO - Setting next_dagrun for example_subdag_operator.section-2 to None, run_after=None
[2024-04-21T08:19:57.993+0000] {logging_mixin.py:188} INFO - [2024-04-21T08:19:57.993+0000] {dag.py:3096} INFO - Sync 2 DAGs
[2024-04-21T08:19:57.997+0000] {logging_mixin.py:188} INFO - [2024-04-21T08:19:57.997+0000] {dag.py:3954} INFO - Setting next_dagrun for example_subdag_operator.section-1 to None, run_after=None
[2024-04-21T08:19:57.998+0000] {logging_mixin.py:188} INFO - [2024-04-21T08:19:57.998+0000] {dag.py:3954} INFO - Setting next_dagrun for example_subdag_operator.section-2 to None, run_after=None
[2024-04-21T08:19:58.006+0000] {processor.py:183} INFO - Processing /home/airflow/.local/lib/python3.12/site-packages/airflow/example_dags/example_subdag_operator.py took 0.114 seconds
[2024-04-21T08:20:28.176+0000] {processor.py:161} INFO - Started process (PID=200) to work on /home/airflow/.local/lib/python3.12/site-packages/airflow/example_dags/example_subdag_operator.py
[2024-04-21T08:20:28.177+0000] {processor.py:830} INFO - Processing file /home/airflow/.local/lib/python3.12/site-packages/airflow/example_dags/example_subdag_operator.py for tasks to queue
[2024-04-21T08:20:28.178+0000] {logging_mixin.py:188} INFO - [2024-04-21T08:20:28.178+0000] {dagbag.py:540} INFO - Filling up the DagBag from /home/airflow/.local/lib/python3.12/site-packages/airflow/example_dags/example_subdag_operator.py
[2024-04-21T08:20:28.192+0000] {processor.py:840} INFO - DAG(s) 'example_subdag_operator.section-1', 'example_subdag_operator.section-2', 'example_subdag_operator' retrieved from /home/airflow/.local/lib/python3.12/site-packages/airflow/example_dags/example_subdag_operator.py
[2024-04-21T08:20:28.202+0000] {logging_mixin.py:188} INFO - [2024-04-21T08:20:28.202+0000] {dag.py:3096} INFO - Sync 3 DAGs
[2024-04-21T08:20:28.213+0000] {logging_mixin.py:188} INFO - [2024-04-21T08:20:28.213+0000] {dag.py:3954} INFO - Setting next_dagrun for example_subdag_operator to 2022-01-01 00:00:00+00:00, run_after=2022-01-01 00:00:00+00:00
[2024-04-21T08:20:28.215+0000] {logging_mixin.py:188} INFO - [2024-04-21T08:20:28.214+0000] {dag.py:3954} INFO - Setting next_dagrun for example_subdag_operator.section-1 to None, run_after=None
[2024-04-21T08:20:28.215+0000] {logging_mixin.py:188} INFO - [2024-04-21T08:20:28.215+0000] {dag.py:3954} INFO - Setting next_dagrun for example_subdag_operator.section-2 to None, run_after=None
[2024-04-21T08:20:28.218+0000] {logging_mixin.py:188} INFO - [2024-04-21T08:20:28.218+0000] {dag.py:3096} INFO - Sync 2 DAGs
[2024-04-21T08:20:28.221+0000] {logging_mixin.py:188} INFO - [2024-04-21T08:20:28.221+0000] {dag.py:3954} INFO - Setting next_dagrun for example_subdag_operator.section-1 to None, run_after=None
[2024-04-21T08:20:28.221+0000] {logging_mixin.py:188} INFO - [2024-04-21T08:20:28.221+0000] {dag.py:3954} INFO - Setting next_dagrun for example_subdag_operator.section-2 to None, run_after=None
[2024-04-21T08:20:28.226+0000] {processor.py:183} INFO - Processing /home/airflow/.local/lib/python3.12/site-packages/airflow/example_dags/example_subdag_operator.py took 0.052 seconds
[2024-04-21T08:20:59.219+0000] {processor.py:161} INFO - Started process (PID=262) to work on /home/airflow/.local/lib/python3.12/site-packages/airflow/example_dags/example_subdag_operator.py
[2024-04-21T08:20:59.220+0000] {processor.py:830} INFO - Processing file /home/airflow/.local/lib/python3.12/site-packages/airflow/example_dags/example_subdag_operator.py for tasks to queue
[2024-04-21T08:20:59.221+0000] {logging_mixin.py:188} INFO - [2024-04-21T08:20:59.221+0000] {dagbag.py:540} INFO - Filling up the DagBag from /home/airflow/.local/lib/python3.12/site-packages/airflow/example_dags/example_subdag_operator.py
[2024-04-21T08:20:59.254+0000] {processor.py:840} INFO - DAG(s) 'example_subdag_operator.section-1', 'example_subdag_operator.section-2', 'example_subdag_operator' retrieved from /home/airflow/.local/lib/python3.12/site-packages/airflow/example_dags/example_subdag_operator.py
[2024-04-21T08:20:59.263+0000] {logging_mixin.py:188} INFO - [2024-04-21T08:20:59.263+0000] {dag.py:3096} INFO - Sync 3 DAGs
[2024-04-21T08:20:59.280+0000] {logging_mixin.py:188} INFO - [2024-04-21T08:20:59.280+0000] {dag.py:3954} INFO - Setting next_dagrun for example_subdag_operator to 2022-01-01 00:00:00+00:00, run_after=2022-01-01 00:00:00+00:00
[2024-04-21T08:20:59.283+0000] {logging_mixin.py:188} INFO - [2024-04-21T08:20:59.283+0000] {dag.py:3954} INFO - Setting next_dagrun for example_subdag_operator.section-1 to None, run_after=None
[2024-04-21T08:20:59.286+0000] {logging_mixin.py:188} INFO - [2024-04-21T08:20:59.286+0000] {dag.py:3954} INFO - Setting next_dagrun for example_subdag_operator.section-2 to None, run_after=None
[2024-04-21T08:20:59.293+0000] {logging_mixin.py:188} INFO - [2024-04-21T08:20:59.292+0000] {dag.py:3096} INFO - Sync 2 DAGs
[2024-04-21T08:20:59.297+0000] {logging_mixin.py:188} INFO - [2024-04-21T08:20:59.297+0000] {dag.py:3954} INFO - Setting next_dagrun for example_subdag_operator.section-1 to None, run_after=None
[2024-04-21T08:20:59.298+0000] {logging_mixin.py:188} INFO - [2024-04-21T08:20:59.298+0000] {dag.py:3954} INFO - Setting next_dagrun for example_subdag_operator.section-2 to None, run_after=None
[2024-04-21T08:20:59.313+0000] {processor.py:183} INFO - Processing /home/airflow/.local/lib/python3.12/site-packages/airflow/example_dags/example_subdag_operator.py took 0.097 seconds
[2024-04-21T08:21:29.696+0000] {processor.py:161} INFO - Started process (PID=326) to work on /home/airflow/.local/lib/python3.12/site-packages/airflow/example_dags/example_subdag_operator.py
[2024-04-21T08:21:29.697+0000] {processor.py:830} INFO - Processing file /home/airflow/.local/lib/python3.12/site-packages/airflow/example_dags/example_subdag_operator.py for tasks to queue
[2024-04-21T08:21:29.698+0000] {logging_mixin.py:188} INFO - [2024-04-21T08:21:29.698+0000] {dagbag.py:540} INFO - Filling up the DagBag from /home/airflow/.local/lib/python3.12/site-packages/airflow/example_dags/example_subdag_operator.py
[2024-04-21T08:21:29.712+0000] {processor.py:840} INFO - DAG(s) 'example_subdag_operator.section-1', 'example_subdag_operator.section-2', 'example_subdag_operator' retrieved from /home/airflow/.local/lib/python3.12/site-packages/airflow/example_dags/example_subdag_operator.py
[2024-04-21T08:21:29.719+0000] {logging_mixin.py:188} INFO - [2024-04-21T08:21:29.719+0000] {dag.py:3096} INFO - Sync 3 DAGs
[2024-04-21T08:21:29.731+0000] {logging_mixin.py:188} INFO - [2024-04-21T08:21:29.731+0000] {dag.py:3954} INFO - Setting next_dagrun for example_subdag_operator to 2022-01-01 00:00:00+00:00, run_after=2022-01-01 00:00:00+00:00
[2024-04-21T08:21:29.733+0000] {logging_mixin.py:188} INFO - [2024-04-21T08:21:29.733+0000] {dag.py:3954} INFO - Setting next_dagrun for example_subdag_operator.section-1 to None, run_after=None
[2024-04-21T08:21:29.733+0000] {logging_mixin.py:188} INFO - [2024-04-21T08:21:29.733+0000] {dag.py:3954} INFO - Setting next_dagrun for example_subdag_operator.section-2 to None, run_after=None
[2024-04-21T08:21:29.736+0000] {logging_mixin.py:188} INFO - [2024-04-21T08:21:29.736+0000] {dag.py:3096} INFO - Sync 2 DAGs
[2024-04-21T08:21:29.739+0000] {logging_mixin.py:188} INFO - [2024-04-21T08:21:29.739+0000] {dag.py:3954} INFO - Setting next_dagrun for example_subdag_operator.section-1 to None, run_after=None
[2024-04-21T08:21:29.739+0000] {logging_mixin.py:188} INFO - [2024-04-21T08:21:29.739+0000] {dag.py:3954} INFO - Setting next_dagrun for example_subdag_operator.section-2 to None, run_after=None
[2024-04-21T08:21:29.744+0000] {processor.py:183} INFO - Processing /home/airflow/.local/lib/python3.12/site-packages/airflow/example_dags/example_subdag_operator.py took 0.054 seconds
[2024-04-21T08:22:00.480+0000] {processor.py:161} INFO - Started process (PID=387) to work on /home/airflow/.local/lib/python3.12/site-packages/airflow/example_dags/example_subdag_operator.py
[2024-04-21T08:22:00.481+0000] {processor.py:830} INFO - Processing file /home/airflow/.local/lib/python3.12/site-packages/airflow/example_dags/example_subdag_operator.py for tasks to queue
[2024-04-21T08:22:00.482+0000] {logging_mixin.py:188} INFO - [2024-04-21T08:22:00.482+0000] {dagbag.py:540} INFO - Filling up the DagBag from /home/airflow/.local/lib/python3.12/site-packages/airflow/example_dags/example_subdag_operator.py
[2024-04-21T08:22:00.496+0000] {processor.py:840} INFO - DAG(s) 'example_subdag_operator.section-1', 'example_subdag_operator.section-2', 'example_subdag_operator' retrieved from /home/airflow/.local/lib/python3.12/site-packages/airflow/example_dags/example_subdag_operator.py
[2024-04-21T08:22:00.504+0000] {logging_mixin.py:188} INFO - [2024-04-21T08:22:00.503+0000] {dag.py:3096} INFO - Sync 3 DAGs
[2024-04-21T08:22:00.515+0000] {logging_mixin.py:188} INFO - [2024-04-21T08:22:00.515+0000] {dag.py:3954} INFO - Setting next_dagrun for example_subdag_operator to 2022-01-01 00:00:00+00:00, run_after=2022-01-01 00:00:00+00:00
[2024-04-21T08:22:00.518+0000] {logging_mixin.py:188} INFO - [2024-04-21T08:22:00.517+0000] {dag.py:3954} INFO - Setting next_dagrun for example_subdag_operator.section-1 to None, run_after=None
[2024-04-21T08:22:00.518+0000] {logging_mixin.py:188} INFO - [2024-04-21T08:22:00.518+0000] {dag.py:3954} INFO - Setting next_dagrun for example_subdag_operator.section-2 to None, run_after=None
[2024-04-21T08:22:00.522+0000] {logging_mixin.py:188} INFO - [2024-04-21T08:22:00.522+0000] {dag.py:3096} INFO - Sync 2 DAGs
[2024-04-21T08:22:00.525+0000] {logging_mixin.py:188} INFO - [2024-04-21T08:22:00.525+0000] {dag.py:3954} INFO - Setting next_dagrun for example_subdag_operator.section-1 to None, run_after=None
[2024-04-21T08:22:00.525+0000] {logging_mixin.py:188} INFO - [2024-04-21T08:22:00.525+0000] {dag.py:3954} INFO - Setting next_dagrun for example_subdag_operator.section-2 to None, run_after=None
[2024-04-21T08:22:00.530+0000] {processor.py:183} INFO - Processing /home/airflow/.local/lib/python3.12/site-packages/airflow/example_dags/example_subdag_operator.py took 0.054 seconds
[2024-04-21T08:22:31.248+0000] {processor.py:161} INFO - Started process (PID=449) to work on /home/airflow/.local/lib/python3.12/site-packages/airflow/example_dags/example_subdag_operator.py
[2024-04-21T08:22:31.248+0000] {processor.py:830} INFO - Processing file /home/airflow/.local/lib/python3.12/site-packages/airflow/example_dags/example_subdag_operator.py for tasks to queue
[2024-04-21T08:22:31.249+0000] {logging_mixin.py:188} INFO - [2024-04-21T08:22:31.249+0000] {dagbag.py:540} INFO - Filling up the DagBag from /home/airflow/.local/lib/python3.12/site-packages/airflow/example_dags/example_subdag_operator.py
[2024-04-21T08:22:31.262+0000] {processor.py:840} INFO - DAG(s) 'example_subdag_operator.section-1', 'example_subdag_operator.section-2', 'example_subdag_operator' retrieved from /home/airflow/.local/lib/python3.12/site-packages/airflow/example_dags/example_subdag_operator.py
[2024-04-21T08:22:31.269+0000] {logging_mixin.py:188} INFO - [2024-04-21T08:22:31.269+0000] {dag.py:3096} INFO - Sync 3 DAGs
[2024-04-21T08:22:31.279+0000] {logging_mixin.py:188} INFO - [2024-04-21T08:22:31.279+0000] {dag.py:3954} INFO - Setting next_dagrun for example_subdag_operator to 2022-01-01 00:00:00+00:00, run_after=2022-01-01 00:00:00+00:00
[2024-04-21T08:22:31.281+0000] {logging_mixin.py:188} INFO - [2024-04-21T08:22:31.281+0000] {dag.py:3954} INFO - Setting next_dagrun for example_subdag_operator.section-1 to None, run_after=None
[2024-04-21T08:22:31.282+0000] {logging_mixin.py:188} INFO - [2024-04-21T08:22:31.281+0000] {dag.py:3954} INFO - Setting next_dagrun for example_subdag_operator.section-2 to None, run_after=None
[2024-04-21T08:22:31.285+0000] {logging_mixin.py:188} INFO - [2024-04-21T08:22:31.285+0000] {dag.py:3096} INFO - Sync 2 DAGs
[2024-04-21T08:22:31.288+0000] {logging_mixin.py:188} INFO - [2024-04-21T08:22:31.288+0000] {dag.py:3954} INFO - Setting next_dagrun for example_subdag_operator.section-1 to None, run_after=None
[2024-04-21T08:22:31.288+0000] {logging_mixin.py:188} INFO - [2024-04-21T08:22:31.288+0000] {dag.py:3954} INFO - Setting next_dagrun for example_subdag_operator.section-2 to None, run_after=None
[2024-04-21T08:22:31.293+0000] {processor.py:183} INFO - Processing /home/airflow/.local/lib/python3.12/site-packages/airflow/example_dags/example_subdag_operator.py took 0.048 seconds
[2024-04-21T08:23:01.992+0000] {processor.py:161} INFO - Started process (PID=511) to work on /home/airflow/.local/lib/python3.12/site-packages/airflow/example_dags/example_subdag_operator.py
[2024-04-21T08:23:01.993+0000] {processor.py:830} INFO - Processing file /home/airflow/.local/lib/python3.12/site-packages/airflow/example_dags/example_subdag_operator.py for tasks to queue
[2024-04-21T08:23:01.994+0000] {logging_mixin.py:188} INFO - [2024-04-21T08:23:01.994+0000] {dagbag.py:540} INFO - Filling up the DagBag from /home/airflow/.local/lib/python3.12/site-packages/airflow/example_dags/example_subdag_operator.py
[2024-04-21T08:23:02.008+0000] {processor.py:840} INFO - DAG(s) 'example_subdag_operator.section-1', 'example_subdag_operator.section-2', 'example_subdag_operator' retrieved from /home/airflow/.local/lib/python3.12/site-packages/airflow/example_dags/example_subdag_operator.py
[2024-04-21T08:23:02.016+0000] {logging_mixin.py:188} INFO - [2024-04-21T08:23:02.016+0000] {dag.py:3096} INFO - Sync 3 DAGs
[2024-04-21T08:23:02.028+0000] {logging_mixin.py:188} INFO - [2024-04-21T08:23:02.028+0000] {dag.py:3954} INFO - Setting next_dagrun for example_subdag_operator to 2022-01-01 00:00:00+00:00, run_after=2022-01-01 00:00:00+00:00
[2024-04-21T08:23:02.030+0000] {logging_mixin.py:188} INFO - [2024-04-21T08:23:02.030+0000] {dag.py:3954} INFO - Setting next_dagrun for example_subdag_operator.section-1 to None, run_after=None
[2024-04-21T08:23:02.031+0000] {logging_mixin.py:188} INFO - [2024-04-21T08:23:02.031+0000] {dag.py:3954} INFO - Setting next_dagrun for example_subdag_operator.section-2 to None, run_after=None
[2024-04-21T08:23:02.035+0000] {logging_mixin.py:188} INFO - [2024-04-21T08:23:02.035+0000] {dag.py:3096} INFO - Sync 2 DAGs
[2024-04-21T08:23:02.038+0000] {logging_mixin.py:188} INFO - [2024-04-21T08:23:02.038+0000] {dag.py:3954} INFO - Setting next_dagrun for example_subdag_operator.section-1 to None, run_after=None
[2024-04-21T08:23:02.038+0000] {logging_mixin.py:188} INFO - [2024-04-21T08:23:02.038+0000] {dag.py:3954} INFO - Setting next_dagrun for example_subdag_operator.section-2 to None, run_after=None
[2024-04-21T08:23:02.043+0000] {processor.py:183} INFO - Processing /home/airflow/.local/lib/python3.12/site-packages/airflow/example_dags/example_subdag_operator.py took 0.054 seconds
[2024-04-21T08:23:33.509+0000] {processor.py:161} INFO - Started process (PID=573) to work on /home/airflow/.local/lib/python3.12/site-packages/airflow/example_dags/example_subdag_operator.py
[2024-04-21T08:23:33.509+0000] {processor.py:830} INFO - Processing file /home/airflow/.local/lib/python3.12/site-packages/airflow/example_dags/example_subdag_operator.py for tasks to queue
[2024-04-21T08:23:33.511+0000] {logging_mixin.py:188} INFO - [2024-04-21T08:23:33.510+0000] {dagbag.py:540} INFO - Filling up the DagBag from /home/airflow/.local/lib/python3.12/site-packages/airflow/example_dags/example_subdag_operator.py
[2024-04-21T08:23:33.524+0000] {processor.py:840} INFO - DAG(s) 'example_subdag_operator.section-1', 'example_subdag_operator.section-2', 'example_subdag_operator' retrieved from /home/airflow/.local/lib/python3.12/site-packages/airflow/example_dags/example_subdag_operator.py
[2024-04-21T08:23:33.532+0000] {logging_mixin.py:188} INFO - [2024-04-21T08:23:33.532+0000] {dag.py:3096} INFO - Sync 3 DAGs
[2024-04-21T08:23:33.544+0000] {logging_mixin.py:188} INFO - [2024-04-21T08:23:33.543+0000] {dag.py:3954} INFO - Setting next_dagrun for example_subdag_operator to 2022-01-01 00:00:00+00:00, run_after=2022-01-01 00:00:00+00:00
[2024-04-21T08:23:33.546+0000] {logging_mixin.py:188} INFO - [2024-04-21T08:23:33.546+0000] {dag.py:3954} INFO - Setting next_dagrun for example_subdag_operator.section-1 to None, run_after=None
[2024-04-21T08:23:33.546+0000] {logging_mixin.py:188} INFO - [2024-04-21T08:23:33.546+0000] {dag.py:3954} INFO - Setting next_dagrun for example_subdag_operator.section-2 to None, run_after=None
[2024-04-21T08:23:33.550+0000] {logging_mixin.py:188} INFO - [2024-04-21T08:23:33.550+0000] {dag.py:3096} INFO - Sync 2 DAGs
[2024-04-21T08:23:33.553+0000] {logging_mixin.py:188} INFO - [2024-04-21T08:23:33.553+0000] {dag.py:3954} INFO - Setting next_dagrun for example_subdag_operator.section-1 to None, run_after=None
[2024-04-21T08:23:33.553+0000] {logging_mixin.py:188} INFO - [2024-04-21T08:23:33.553+0000] {dag.py:3954} INFO - Setting next_dagrun for example_subdag_operator.section-2 to None, run_after=None
[2024-04-21T08:23:33.558+0000] {processor.py:183} INFO - Processing /home/airflow/.local/lib/python3.12/site-packages/airflow/example_dags/example_subdag_operator.py took 0.053 seconds
[2024-04-21T08:24:04.515+0000] {processor.py:161} INFO - Started process (PID=635) to work on /home/airflow/.local/lib/python3.12/site-packages/airflow/example_dags/example_subdag_operator.py
[2024-04-21T08:24:04.516+0000] {processor.py:830} INFO - Processing file /home/airflow/.local/lib/python3.12/site-packages/airflow/example_dags/example_subdag_operator.py for tasks to queue
[2024-04-21T08:24:04.518+0000] {logging_mixin.py:188} INFO - [2024-04-21T08:24:04.517+0000] {dagbag.py:540} INFO - Filling up the DagBag from /home/airflow/.local/lib/python3.12/site-packages/airflow/example_dags/example_subdag_operator.py
[2024-04-21T08:24:04.535+0000] {processor.py:840} INFO - DAG(s) 'example_subdag_operator.section-1', 'example_subdag_operator.section-2', 'example_subdag_operator' retrieved from /home/airflow/.local/lib/python3.12/site-packages/airflow/example_dags/example_subdag_operator.py
[2024-04-21T08:24:04.546+0000] {logging_mixin.py:188} INFO - [2024-04-21T08:24:04.545+0000] {dag.py:3096} INFO - Sync 3 DAGs
[2024-04-21T08:24:04.561+0000] {logging_mixin.py:188} INFO - [2024-04-21T08:24:04.561+0000] {dag.py:3954} INFO - Setting next_dagrun for example_subdag_operator to 2022-01-01 00:00:00+00:00, run_after=2022-01-01 00:00:00+00:00
[2024-04-21T08:24:04.564+0000] {logging_mixin.py:188} INFO - [2024-04-21T08:24:04.563+0000] {dag.py:3954} INFO - Setting next_dagrun for example_subdag_operator.section-1 to None, run_after=None
[2024-04-21T08:24:04.565+0000] {logging_mixin.py:188} INFO - [2024-04-21T08:24:04.565+0000] {dag.py:3954} INFO - Setting next_dagrun for example_subdag_operator.section-2 to None, run_after=None
[2024-04-21T08:24:04.570+0000] {logging_mixin.py:188} INFO - [2024-04-21T08:24:04.570+0000] {dag.py:3096} INFO - Sync 2 DAGs
[2024-04-21T08:24:04.574+0000] {logging_mixin.py:188} INFO - [2024-04-21T08:24:04.574+0000] {dag.py:3954} INFO - Setting next_dagrun for example_subdag_operator.section-1 to None, run_after=None
[2024-04-21T08:24:04.575+0000] {logging_mixin.py:188} INFO - [2024-04-21T08:24:04.575+0000] {dag.py:3954} INFO - Setting next_dagrun for example_subdag_operator.section-2 to None, run_after=None
[2024-04-21T08:24:04.583+0000] {processor.py:183} INFO - Processing /home/airflow/.local/lib/python3.12/site-packages/airflow/example_dags/example_subdag_operator.py took 0.072 seconds
[2024-04-21T08:24:34.851+0000] {processor.py:161} INFO - Started process (PID=697) to work on /home/airflow/.local/lib/python3.12/site-packages/airflow/example_dags/example_subdag_operator.py
[2024-04-21T08:24:34.852+0000] {processor.py:830} INFO - Processing file /home/airflow/.local/lib/python3.12/site-packages/airflow/example_dags/example_subdag_operator.py for tasks to queue
[2024-04-21T08:24:34.853+0000] {logging_mixin.py:188} INFO - [2024-04-21T08:24:34.853+0000] {dagbag.py:540} INFO - Filling up the DagBag from /home/airflow/.local/lib/python3.12/site-packages/airflow/example_dags/example_subdag_operator.py
[2024-04-21T08:24:34.864+0000] {processor.py:840} INFO - DAG(s) 'example_subdag_operator.section-1', 'example_subdag_operator.section-2', 'example_subdag_operator' retrieved from /home/airflow/.local/lib/python3.12/site-packages/airflow/example_dags/example_subdag_operator.py
[2024-04-21T08:24:34.871+0000] {logging_mixin.py:188} INFO - [2024-04-21T08:24:34.871+0000] {dag.py:3096} INFO - Sync 3 DAGs
[2024-04-21T08:24:34.882+0000] {logging_mixin.py:188} INFO - [2024-04-21T08:24:34.882+0000] {dag.py:3954} INFO - Setting next_dagrun for example_subdag_operator to 2022-01-01 00:00:00+00:00, run_after=2022-01-01 00:00:00+00:00
[2024-04-21T08:24:34.884+0000] {logging_mixin.py:188} INFO - [2024-04-21T08:24:34.884+0000] {dag.py:3954} INFO - Setting next_dagrun for example_subdag_operator.section-1 to None, run_after=None
[2024-04-21T08:24:34.884+0000] {logging_mixin.py:188} INFO - [2024-04-21T08:24:34.884+0000] {dag.py:3954} INFO - Setting next_dagrun for example_subdag_operator.section-2 to None, run_after=None
[2024-04-21T08:24:34.888+0000] {logging_mixin.py:188} INFO - [2024-04-21T08:24:34.888+0000] {dag.py:3096} INFO - Sync 2 DAGs
[2024-04-21T08:24:34.891+0000] {logging_mixin.py:188} INFO - [2024-04-21T08:24:34.890+0000] {dag.py:3954} INFO - Setting next_dagrun for example_subdag_operator.section-1 to None, run_after=None
[2024-04-21T08:24:34.891+0000] {logging_mixin.py:188} INFO - [2024-04-21T08:24:34.891+0000] {dag.py:3954} INFO - Setting next_dagrun for example_subdag_operator.section-2 to None, run_after=None
[2024-04-21T08:24:34.896+0000] {processor.py:183} INFO - Processing /home/airflow/.local/lib/python3.12/site-packages/airflow/example_dags/example_subdag_operator.py took 0.047 seconds
[2024-04-21T08:25:05.065+0000] {processor.py:161} INFO - Started process (PID=758) to work on /home/airflow/.local/lib/python3.12/site-packages/airflow/example_dags/example_subdag_operator.py
[2024-04-21T08:25:05.065+0000] {processor.py:830} INFO - Processing file /home/airflow/.local/lib/python3.12/site-packages/airflow/example_dags/example_subdag_operator.py for tasks to queue
[2024-04-21T08:25:05.066+0000] {logging_mixin.py:188} INFO - [2024-04-21T08:25:05.066+0000] {dagbag.py:540} INFO - Filling up the DagBag from /home/airflow/.local/lib/python3.12/site-packages/airflow/example_dags/example_subdag_operator.py
[2024-04-21T08:25:05.081+0000] {processor.py:840} INFO - DAG(s) 'example_subdag_operator.section-1', 'example_subdag_operator.section-2', 'example_subdag_operator' retrieved from /home/airflow/.local/lib/python3.12/site-packages/airflow/example_dags/example_subdag_operator.py
[2024-04-21T08:25:05.088+0000] {logging_mixin.py:188} INFO - [2024-04-21T08:25:05.088+0000] {dag.py:3096} INFO - Sync 3 DAGs
[2024-04-21T08:25:05.100+0000] {logging_mixin.py:188} INFO - [2024-04-21T08:25:05.099+0000] {dag.py:3954} INFO - Setting next_dagrun for example_subdag_operator to 2022-01-01 00:00:00+00:00, run_after=2022-01-01 00:00:00+00:00
[2024-04-21T08:25:05.102+0000] {logging_mixin.py:188} INFO - [2024-04-21T08:25:05.102+0000] {dag.py:3954} INFO - Setting next_dagrun for example_subdag_operator.section-1 to None, run_after=None
[2024-04-21T08:25:05.102+0000] {logging_mixin.py:188} INFO - [2024-04-21T08:25:05.102+0000] {dag.py:3954} INFO - Setting next_dagrun for example_subdag_operator.section-2 to None, run_after=None
[2024-04-21T08:25:05.106+0000] {logging_mixin.py:188} INFO - [2024-04-21T08:25:05.106+0000] {dag.py:3096} INFO - Sync 2 DAGs
[2024-04-21T08:25:05.109+0000] {logging_mixin.py:188} INFO - [2024-04-21T08:25:05.108+0000] {dag.py:3954} INFO - Setting next_dagrun for example_subdag_operator.section-1 to None, run_after=None
[2024-04-21T08:25:05.109+0000] {logging_mixin.py:188} INFO - [2024-04-21T08:25:05.109+0000] {dag.py:3954} INFO - Setting next_dagrun for example_subdag_operator.section-2 to None, run_after=None
[2024-04-21T08:25:05.114+0000] {processor.py:183} INFO - Processing /home/airflow/.local/lib/python3.12/site-packages/airflow/example_dags/example_subdag_operator.py took 0.052 seconds
[2024-04-21T08:25:36.348+0000] {processor.py:161} INFO - Started process (PID=820) to work on /home/airflow/.local/lib/python3.12/site-packages/airflow/example_dags/example_subdag_operator.py
[2024-04-21T08:25:36.349+0000] {processor.py:830} INFO - Processing file /home/airflow/.local/lib/python3.12/site-packages/airflow/example_dags/example_subdag_operator.py for tasks to queue
[2024-04-21T08:25:36.351+0000] {logging_mixin.py:188} INFO - [2024-04-21T08:25:36.351+0000] {dagbag.py:540} INFO - Filling up the DagBag from /home/airflow/.local/lib/python3.12/site-packages/airflow/example_dags/example_subdag_operator.py
[2024-04-21T08:25:36.365+0000] {processor.py:840} INFO - DAG(s) 'example_subdag_operator.section-1', 'example_subdag_operator.section-2', 'example_subdag_operator' retrieved from /home/airflow/.local/lib/python3.12/site-packages/airflow/example_dags/example_subdag_operator.py
[2024-04-21T08:25:36.372+0000] {logging_mixin.py:188} INFO - [2024-04-21T08:25:36.372+0000] {dag.py:3096} INFO - Sync 3 DAGs
[2024-04-21T08:25:36.388+0000] {logging_mixin.py:188} INFO - [2024-04-21T08:25:36.387+0000] {dag.py:3954} INFO - Setting next_dagrun for example_subdag_operator to 2022-01-01 00:00:00+00:00, run_after=2022-01-01 00:00:00+00:00
[2024-04-21T08:25:36.390+0000] {logging_mixin.py:188} INFO - [2024-04-21T08:25:36.390+0000] {dag.py:3954} INFO - Setting next_dagrun for example_subdag_operator.section-1 to None, run_after=None
[2024-04-21T08:25:36.393+0000] {logging_mixin.py:188} INFO - [2024-04-21T08:25:36.392+0000] {dag.py:3954} INFO - Setting next_dagrun for example_subdag_operator.section-2 to None, run_after=None
[2024-04-21T08:25:36.400+0000] {logging_mixin.py:188} INFO - [2024-04-21T08:25:36.400+0000] {dag.py:3096} INFO - Sync 2 DAGs
[2024-04-21T08:25:36.404+0000] {logging_mixin.py:188} INFO - [2024-04-21T08:25:36.404+0000] {dag.py:3954} INFO - Setting next_dagrun for example_subdag_operator.section-1 to None, run_after=None
[2024-04-21T08:25:36.404+0000] {logging_mixin.py:188} INFO - [2024-04-21T08:25:36.404+0000] {dag.py:3954} INFO - Setting next_dagrun for example_subdag_operator.section-2 to None, run_after=None
[2024-04-21T08:25:36.415+0000] {processor.py:183} INFO - Processing /home/airflow/.local/lib/python3.12/site-packages/airflow/example_dags/example_subdag_operator.py took 0.071 seconds
[2024-04-21T08:26:07.248+0000] {processor.py:161} INFO - Started process (PID=882) to work on /home/airflow/.local/lib/python3.12/site-packages/airflow/example_dags/example_subdag_operator.py
[2024-04-21T08:26:07.249+0000] {processor.py:830} INFO - Processing file /home/airflow/.local/lib/python3.12/site-packages/airflow/example_dags/example_subdag_operator.py for tasks to queue
[2024-04-21T08:26:07.250+0000] {logging_mixin.py:188} INFO - [2024-04-21T08:26:07.250+0000] {dagbag.py:540} INFO - Filling up the DagBag from /home/airflow/.local/lib/python3.12/site-packages/airflow/example_dags/example_subdag_operator.py
[2024-04-21T08:26:07.275+0000] {processor.py:840} INFO - DAG(s) 'example_subdag_operator.section-1', 'example_subdag_operator.section-2', 'example_subdag_operator' retrieved from /home/airflow/.local/lib/python3.12/site-packages/airflow/example_dags/example_subdag_operator.py
[2024-04-21T08:26:07.285+0000] {logging_mixin.py:188} INFO - [2024-04-21T08:26:07.285+0000] {dag.py:3096} INFO - Sync 3 DAGs
[2024-04-21T08:26:07.301+0000] {logging_mixin.py:188} INFO - [2024-04-21T08:26:07.301+0000] {dag.py:3954} INFO - Setting next_dagrun for example_subdag_operator to 2022-01-01 00:00:00+00:00, run_after=2022-01-01 00:00:00+00:00
[2024-04-21T08:26:07.305+0000] {logging_mixin.py:188} INFO - [2024-04-21T08:26:07.305+0000] {dag.py:3954} INFO - Setting next_dagrun for example_subdag_operator.section-1 to None, run_after=None
[2024-04-21T08:26:07.307+0000] {logging_mixin.py:188} INFO - [2024-04-21T08:26:07.307+0000] {dag.py:3954} INFO - Setting next_dagrun for example_subdag_operator.section-2 to None, run_after=None
[2024-04-21T08:26:07.316+0000] {logging_mixin.py:188} INFO - [2024-04-21T08:26:07.316+0000] {dag.py:3096} INFO - Sync 2 DAGs
[2024-04-21T08:26:07.323+0000] {logging_mixin.py:188} INFO - [2024-04-21T08:26:07.322+0000] {dag.py:3954} INFO - Setting next_dagrun for example_subdag_operator.section-1 to None, run_after=None
[2024-04-21T08:26:07.324+0000] {logging_mixin.py:188} INFO - [2024-04-21T08:26:07.323+0000] {dag.py:3954} INFO - Setting next_dagrun for example_subdag_operator.section-2 to None, run_after=None
[2024-04-21T08:26:07.335+0000] {processor.py:183} INFO - Processing /home/airflow/.local/lib/python3.12/site-packages/airflow/example_dags/example_subdag_operator.py took 0.091 seconds
[2024-04-21T08:26:38.224+0000] {processor.py:161} INFO - Started process (PID=944) to work on /home/airflow/.local/lib/python3.12/site-packages/airflow/example_dags/example_subdag_operator.py
[2024-04-21T08:26:38.225+0000] {processor.py:830} INFO - Processing file /home/airflow/.local/lib/python3.12/site-packages/airflow/example_dags/example_subdag_operator.py for tasks to queue
[2024-04-21T08:26:38.226+0000] {logging_mixin.py:188} INFO - [2024-04-21T08:26:38.226+0000] {dagbag.py:540} INFO - Filling up the DagBag from /home/airflow/.local/lib/python3.12/site-packages/airflow/example_dags/example_subdag_operator.py
[2024-04-21T08:26:38.240+0000] {processor.py:840} INFO - DAG(s) 'example_subdag_operator.section-1', 'example_subdag_operator.section-2', 'example_subdag_operator' retrieved from /home/airflow/.local/lib/python3.12/site-packages/airflow/example_dags/example_subdag_operator.py
[2024-04-21T08:26:38.249+0000] {logging_mixin.py:188} INFO - [2024-04-21T08:26:38.249+0000] {dag.py:3096} INFO - Sync 3 DAGs
[2024-04-21T08:26:38.262+0000] {logging_mixin.py:188} INFO - [2024-04-21T08:26:38.262+0000] {dag.py:3954} INFO - Setting next_dagrun for example_subdag_operator to 2022-01-01 00:00:00+00:00, run_after=2022-01-01 00:00:00+00:00
[2024-04-21T08:26:38.265+0000] {logging_mixin.py:188} INFO - [2024-04-21T08:26:38.265+0000] {dag.py:3954} INFO - Setting next_dagrun for example_subdag_operator.section-1 to None, run_after=None
[2024-04-21T08:26:38.266+0000] {logging_mixin.py:188} INFO - [2024-04-21T08:26:38.266+0000] {dag.py:3954} INFO - Setting next_dagrun for example_subdag_operator.section-2 to None, run_after=None
[2024-04-21T08:26:38.270+0000] {logging_mixin.py:188} INFO - [2024-04-21T08:26:38.270+0000] {dag.py:3096} INFO - Sync 2 DAGs
[2024-04-21T08:26:38.275+0000] {logging_mixin.py:188} INFO - [2024-04-21T08:26:38.274+0000] {dag.py:3954} INFO - Setting next_dagrun for example_subdag_operator.section-1 to None, run_after=None
[2024-04-21T08:26:38.275+0000] {logging_mixin.py:188} INFO - [2024-04-21T08:26:38.275+0000] {dag.py:3954} INFO - Setting next_dagrun for example_subdag_operator.section-2 to None, run_after=None
[2024-04-21T08:26:38.284+0000] {processor.py:183} INFO - Processing /home/airflow/.local/lib/python3.12/site-packages/airflow/example_dags/example_subdag_operator.py took 0.063 seconds
[2024-04-21T08:27:08.763+0000] {processor.py:161} INFO - Started process (PID=1006) to work on /home/airflow/.local/lib/python3.12/site-packages/airflow/example_dags/example_subdag_operator.py
[2024-04-21T08:27:08.764+0000] {processor.py:830} INFO - Processing file /home/airflow/.local/lib/python3.12/site-packages/airflow/example_dags/example_subdag_operator.py for tasks to queue
[2024-04-21T08:27:08.766+0000] {logging_mixin.py:188} INFO - [2024-04-21T08:27:08.766+0000] {dagbag.py:540} INFO - Filling up the DagBag from /home/airflow/.local/lib/python3.12/site-packages/airflow/example_dags/example_subdag_operator.py
[2024-04-21T08:27:08.779+0000] {processor.py:840} INFO - DAG(s) 'example_subdag_operator.section-1', 'example_subdag_operator.section-2', 'example_subdag_operator' retrieved from /home/airflow/.local/lib/python3.12/site-packages/airflow/example_dags/example_subdag_operator.py
[2024-04-21T08:27:08.787+0000] {logging_mixin.py:188} INFO - [2024-04-21T08:27:08.787+0000] {dag.py:3096} INFO - Sync 3 DAGs
[2024-04-21T08:27:08.799+0000] {logging_mixin.py:188} INFO - [2024-04-21T08:27:08.799+0000] {dag.py:3954} INFO - Setting next_dagrun for example_subdag_operator to 2022-01-01 00:00:00+00:00, run_after=2022-01-01 00:00:00+00:00
[2024-04-21T08:27:08.801+0000] {logging_mixin.py:188} INFO - [2024-04-21T08:27:08.801+0000] {dag.py:3954} INFO - Setting next_dagrun for example_subdag_operator.section-1 to None, run_after=None
[2024-04-21T08:27:08.802+0000] {logging_mixin.py:188} INFO - [2024-04-21T08:27:08.802+0000] {dag.py:3954} INFO - Setting next_dagrun for example_subdag_operator.section-2 to None, run_after=None
[2024-04-21T08:27:08.806+0000] {logging_mixin.py:188} INFO - [2024-04-21T08:27:08.806+0000] {dag.py:3096} INFO - Sync 2 DAGs
[2024-04-21T08:27:08.808+0000] {logging_mixin.py:188} INFO - [2024-04-21T08:27:08.808+0000] {dag.py:3954} INFO - Setting next_dagrun for example_subdag_operator.section-1 to None, run_after=None
[2024-04-21T08:27:08.809+0000] {logging_mixin.py:188} INFO - [2024-04-21T08:27:08.808+0000] {dag.py:3954} INFO - Setting next_dagrun for example_subdag_operator.section-2 to None, run_after=None
[2024-04-21T08:27:08.814+0000] {processor.py:183} INFO - Processing /home/airflow/.local/lib/python3.12/site-packages/airflow/example_dags/example_subdag_operator.py took 0.054 seconds
