[2024-04-21T06:45:02.901+0000] {processor.py:161} INFO - Started process (PID=61) to work on /home/airflow/.local/lib/python3.12/site-packages/airflow/example_dags/example_task_group_decorator.py
[2024-04-21T06:45:02.902+0000] {processor.py:830} INFO - Processing file /home/airflow/.local/lib/python3.12/site-packages/airflow/example_dags/example_task_group_decorator.py for tasks to queue
[2024-04-21T06:45:02.903+0000] {logging_mixin.py:188} INFO - [2024-04-21T06:45:02.903+0000] {dagbag.py:540} INFO - Filling up the DagBag from /home/airflow/.local/lib/python3.12/site-packages/airflow/example_dags/example_task_group_decorator.py
[2024-04-21T06:45:02.913+0000] {processor.py:840} INFO - DAG(s) 'example_task_group_decorator' retrieved from /home/airflow/.local/lib/python3.12/site-packages/airflow/example_dags/example_task_group_decorator.py
[2024-04-21T06:45:02.928+0000] {logging_mixin.py:188} INFO - [2024-04-21T06:45:02.928+0000] {dag.py:3096} INFO - Sync 1 DAGs
[2024-04-21T06:45:02.940+0000] {logging_mixin.py:188} INFO - [2024-04-21T06:45:02.940+0000] {dag.py:3954} INFO - Setting next_dagrun for example_task_group_decorator to 2024-04-20 00:00:00+00:00, run_after=2024-04-21 00:00:00+00:00
[2024-04-21T06:45:02.951+0000] {processor.py:183} INFO - Processing /home/airflow/.local/lib/python3.12/site-packages/airflow/example_dags/example_task_group_decorator.py took 0.054 seconds
[2024-04-21T06:45:33.647+0000] {processor.py:161} INFO - Started process (PID=122) to work on /home/airflow/.local/lib/python3.12/site-packages/airflow/example_dags/example_task_group_decorator.py
[2024-04-21T06:45:33.648+0000] {processor.py:830} INFO - Processing file /home/airflow/.local/lib/python3.12/site-packages/airflow/example_dags/example_task_group_decorator.py for tasks to queue
[2024-04-21T06:45:33.649+0000] {logging_mixin.py:188} INFO - [2024-04-21T06:45:33.649+0000] {dagbag.py:540} INFO - Filling up the DagBag from /home/airflow/.local/lib/python3.12/site-packages/airflow/example_dags/example_task_group_decorator.py
[2024-04-21T06:45:33.656+0000] {processor.py:840} INFO - DAG(s) 'example_task_group_decorator' retrieved from /home/airflow/.local/lib/python3.12/site-packages/airflow/example_dags/example_task_group_decorator.py
[2024-04-21T06:45:33.662+0000] {logging_mixin.py:188} INFO - [2024-04-21T06:45:33.662+0000] {dag.py:3096} INFO - Sync 1 DAGs
[2024-04-21T06:45:33.672+0000] {logging_mixin.py:188} INFO - [2024-04-21T06:45:33.672+0000] {dag.py:3954} INFO - Setting next_dagrun for example_task_group_decorator to 2024-04-20 00:00:00+00:00, run_after=2024-04-21 00:00:00+00:00
[2024-04-21T06:45:33.680+0000] {processor.py:183} INFO - Processing /home/airflow/.local/lib/python3.12/site-packages/airflow/example_dags/example_task_group_decorator.py took 0.036 seconds
[2024-04-21T07:09:06.370+0000] {processor.py:161} INFO - Started process (PID=60) to work on /home/airflow/.local/lib/python3.12/site-packages/airflow/example_dags/example_task_group_decorator.py
[2024-04-21T07:09:06.371+0000] {processor.py:830} INFO - Processing file /home/airflow/.local/lib/python3.12/site-packages/airflow/example_dags/example_task_group_decorator.py for tasks to queue
[2024-04-21T07:09:06.372+0000] {logging_mixin.py:188} INFO - [2024-04-21T07:09:06.372+0000] {dagbag.py:540} INFO - Filling up the DagBag from /home/airflow/.local/lib/python3.12/site-packages/airflow/example_dags/example_task_group_decorator.py
[2024-04-21T07:09:06.381+0000] {processor.py:840} INFO - DAG(s) 'example_task_group_decorator' retrieved from /home/airflow/.local/lib/python3.12/site-packages/airflow/example_dags/example_task_group_decorator.py
[2024-04-21T07:09:06.388+0000] {logging_mixin.py:188} INFO - [2024-04-21T07:09:06.388+0000] {dag.py:3096} INFO - Sync 1 DAGs
[2024-04-21T07:09:06.400+0000] {logging_mixin.py:188} INFO - [2024-04-21T07:09:06.400+0000] {dag.py:3954} INFO - Setting next_dagrun for example_task_group_decorator to 2024-04-20 00:00:00+00:00, run_after=2024-04-21 00:00:00+00:00
[2024-04-21T07:09:06.415+0000] {processor.py:183} INFO - Processing /home/airflow/.local/lib/python3.12/site-packages/airflow/example_dags/example_task_group_decorator.py took 0.048 seconds
[2024-04-21T07:58:37.675+0000] {processor.py:161} INFO - Started process (PID=61) to work on /home/airflow/.local/lib/python3.12/site-packages/airflow/example_dags/example_task_group_decorator.py
[2024-04-21T07:58:37.676+0000] {processor.py:830} INFO - Processing file /home/airflow/.local/lib/python3.12/site-packages/airflow/example_dags/example_task_group_decorator.py for tasks to queue
[2024-04-21T07:58:37.678+0000] {logging_mixin.py:188} INFO - [2024-04-21T07:58:37.677+0000] {dagbag.py:540} INFO - Filling up the DagBag from /home/airflow/.local/lib/python3.12/site-packages/airflow/example_dags/example_task_group_decorator.py
[2024-04-21T07:58:37.688+0000] {processor.py:840} INFO - DAG(s) 'example_task_group_decorator' retrieved from /home/airflow/.local/lib/python3.12/site-packages/airflow/example_dags/example_task_group_decorator.py
[2024-04-21T07:58:37.697+0000] {logging_mixin.py:188} INFO - [2024-04-21T07:58:37.696+0000] {dag.py:3096} INFO - Sync 1 DAGs
[2024-04-21T07:58:37.710+0000] {logging_mixin.py:188} INFO - [2024-04-21T07:58:37.710+0000] {dag.py:3954} INFO - Setting next_dagrun for example_task_group_decorator to 2024-04-20 00:00:00+00:00, run_after=2024-04-21 00:00:00+00:00
[2024-04-21T07:58:37.722+0000] {processor.py:183} INFO - Processing /home/airflow/.local/lib/python3.12/site-packages/airflow/example_dags/example_task_group_decorator.py took 0.052 seconds
[2024-04-21T07:59:07.988+0000] {processor.py:161} INFO - Started process (PID=122) to work on /home/airflow/.local/lib/python3.12/site-packages/airflow/example_dags/example_task_group_decorator.py
[2024-04-21T07:59:07.990+0000] {processor.py:830} INFO - Processing file /home/airflow/.local/lib/python3.12/site-packages/airflow/example_dags/example_task_group_decorator.py for tasks to queue
[2024-04-21T07:59:07.992+0000] {logging_mixin.py:188} INFO - [2024-04-21T07:59:07.992+0000] {dagbag.py:540} INFO - Filling up the DagBag from /home/airflow/.local/lib/python3.12/site-packages/airflow/example_dags/example_task_group_decorator.py
[2024-04-21T07:59:08.002+0000] {processor.py:840} INFO - DAG(s) 'example_task_group_decorator' retrieved from /home/airflow/.local/lib/python3.12/site-packages/airflow/example_dags/example_task_group_decorator.py
[2024-04-21T07:59:08.067+0000] {logging_mixin.py:188} INFO - [2024-04-21T07:59:08.067+0000] {dag.py:3096} INFO - Sync 1 DAGs
[2024-04-21T07:59:08.078+0000] {logging_mixin.py:188} INFO - [2024-04-21T07:59:08.078+0000] {dag.py:3954} INFO - Setting next_dagrun for example_task_group_decorator to 2024-04-20 00:00:00+00:00, run_after=2024-04-21 00:00:00+00:00
[2024-04-21T07:59:08.090+0000] {processor.py:183} INFO - Processing /home/airflow/.local/lib/python3.12/site-packages/airflow/example_dags/example_task_group_decorator.py took 0.107 seconds
[2024-04-21T07:59:38.986+0000] {processor.py:161} INFO - Started process (PID=184) to work on /home/airflow/.local/lib/python3.12/site-packages/airflow/example_dags/example_task_group_decorator.py
[2024-04-21T07:59:38.987+0000] {processor.py:830} INFO - Processing file /home/airflow/.local/lib/python3.12/site-packages/airflow/example_dags/example_task_group_decorator.py for tasks to queue
[2024-04-21T07:59:38.988+0000] {logging_mixin.py:188} INFO - [2024-04-21T07:59:38.988+0000] {dagbag.py:540} INFO - Filling up the DagBag from /home/airflow/.local/lib/python3.12/site-packages/airflow/example_dags/example_task_group_decorator.py
[2024-04-21T07:59:38.995+0000] {processor.py:840} INFO - DAG(s) 'example_task_group_decorator' retrieved from /home/airflow/.local/lib/python3.12/site-packages/airflow/example_dags/example_task_group_decorator.py
[2024-04-21T07:59:39.008+0000] {logging_mixin.py:188} INFO - [2024-04-21T07:59:39.008+0000] {dag.py:3096} INFO - Sync 1 DAGs
[2024-04-21T07:59:39.023+0000] {logging_mixin.py:188} INFO - [2024-04-21T07:59:39.023+0000] {dag.py:3954} INFO - Setting next_dagrun for example_task_group_decorator to 2024-04-20 00:00:00+00:00, run_after=2024-04-21 00:00:00+00:00
[2024-04-21T07:59:39.035+0000] {processor.py:183} INFO - Processing /home/airflow/.local/lib/python3.12/site-packages/airflow/example_dags/example_task_group_decorator.py took 0.052 seconds
[2024-04-21T08:00:09.864+0000] {processor.py:161} INFO - Started process (PID=245) to work on /home/airflow/.local/lib/python3.12/site-packages/airflow/example_dags/example_task_group_decorator.py
[2024-04-21T08:00:09.866+0000] {processor.py:830} INFO - Processing file /home/airflow/.local/lib/python3.12/site-packages/airflow/example_dags/example_task_group_decorator.py for tasks to queue
[2024-04-21T08:00:09.868+0000] {logging_mixin.py:188} INFO - [2024-04-21T08:00:09.868+0000] {dagbag.py:540} INFO - Filling up the DagBag from /home/airflow/.local/lib/python3.12/site-packages/airflow/example_dags/example_task_group_decorator.py
[2024-04-21T08:00:09.877+0000] {processor.py:840} INFO - DAG(s) 'example_task_group_decorator' retrieved from /home/airflow/.local/lib/python3.12/site-packages/airflow/example_dags/example_task_group_decorator.py
[2024-04-21T08:00:09.891+0000] {logging_mixin.py:188} INFO - [2024-04-21T08:00:09.891+0000] {dag.py:3096} INFO - Sync 1 DAGs
[2024-04-21T08:00:09.912+0000] {logging_mixin.py:188} INFO - [2024-04-21T08:00:09.912+0000] {dag.py:3954} INFO - Setting next_dagrun for example_task_group_decorator to 2024-04-20 00:00:00+00:00, run_after=2024-04-21 00:00:00+00:00
[2024-04-21T08:00:09.921+0000] {processor.py:183} INFO - Processing /home/airflow/.local/lib/python3.12/site-packages/airflow/example_dags/example_task_group_decorator.py took 0.060 seconds
[2024-04-21T08:00:40.330+0000] {processor.py:161} INFO - Started process (PID=309) to work on /home/airflow/.local/lib/python3.12/site-packages/airflow/example_dags/example_task_group_decorator.py
[2024-04-21T08:00:40.331+0000] {processor.py:830} INFO - Processing file /home/airflow/.local/lib/python3.12/site-packages/airflow/example_dags/example_task_group_decorator.py for tasks to queue
[2024-04-21T08:00:40.332+0000] {logging_mixin.py:188} INFO - [2024-04-21T08:00:40.332+0000] {dagbag.py:540} INFO - Filling up the DagBag from /home/airflow/.local/lib/python3.12/site-packages/airflow/example_dags/example_task_group_decorator.py
[2024-04-21T08:00:40.339+0000] {processor.py:840} INFO - DAG(s) 'example_task_group_decorator' retrieved from /home/airflow/.local/lib/python3.12/site-packages/airflow/example_dags/example_task_group_decorator.py
[2024-04-21T08:00:40.352+0000] {logging_mixin.py:188} INFO - [2024-04-21T08:00:40.352+0000] {dag.py:3096} INFO - Sync 1 DAGs
[2024-04-21T08:00:40.363+0000] {logging_mixin.py:188} INFO - [2024-04-21T08:00:40.363+0000] {dag.py:3954} INFO - Setting next_dagrun for example_task_group_decorator to 2024-04-20 00:00:00+00:00, run_after=2024-04-21 00:00:00+00:00
[2024-04-21T08:00:40.380+0000] {processor.py:183} INFO - Processing /home/airflow/.local/lib/python3.12/site-packages/airflow/example_dags/example_task_group_decorator.py took 0.053 seconds
[2024-04-21T08:01:11.353+0000] {processor.py:161} INFO - Started process (PID=371) to work on /home/airflow/.local/lib/python3.12/site-packages/airflow/example_dags/example_task_group_decorator.py
[2024-04-21T08:01:11.354+0000] {processor.py:830} INFO - Processing file /home/airflow/.local/lib/python3.12/site-packages/airflow/example_dags/example_task_group_decorator.py for tasks to queue
[2024-04-21T08:01:11.355+0000] {logging_mixin.py:188} INFO - [2024-04-21T08:01:11.355+0000] {dagbag.py:540} INFO - Filling up the DagBag from /home/airflow/.local/lib/python3.12/site-packages/airflow/example_dags/example_task_group_decorator.py
[2024-04-21T08:01:11.361+0000] {processor.py:840} INFO - DAG(s) 'example_task_group_decorator' retrieved from /home/airflow/.local/lib/python3.12/site-packages/airflow/example_dags/example_task_group_decorator.py
[2024-04-21T08:01:11.374+0000] {logging_mixin.py:188} INFO - [2024-04-21T08:01:11.374+0000] {dag.py:3096} INFO - Sync 1 DAGs
[2024-04-21T08:01:11.386+0000] {logging_mixin.py:188} INFO - [2024-04-21T08:01:11.386+0000] {dag.py:3954} INFO - Setting next_dagrun for example_task_group_decorator to 2024-04-20 00:00:00+00:00, run_after=2024-04-21 00:00:00+00:00
[2024-04-21T08:01:11.396+0000] {processor.py:183} INFO - Processing /home/airflow/.local/lib/python3.12/site-packages/airflow/example_dags/example_task_group_decorator.py took 0.046 seconds
[2024-04-21T08:05:55.177+0000] {processor.py:161} INFO - Started process (PID=427) to work on /home/airflow/.local/lib/python3.12/site-packages/airflow/example_dags/example_task_group_decorator.py
[2024-04-21T08:05:55.178+0000] {processor.py:830} INFO - Processing file /home/airflow/.local/lib/python3.12/site-packages/airflow/example_dags/example_task_group_decorator.py for tasks to queue
[2024-04-21T08:05:55.180+0000] {logging_mixin.py:188} INFO - [2024-04-21T08:05:55.179+0000] {dagbag.py:540} INFO - Filling up the DagBag from /home/airflow/.local/lib/python3.12/site-packages/airflow/example_dags/example_task_group_decorator.py
[2024-04-21T08:05:55.186+0000] {processor.py:840} INFO - DAG(s) 'example_task_group_decorator' retrieved from /home/airflow/.local/lib/python3.12/site-packages/airflow/example_dags/example_task_group_decorator.py
[2024-04-21T08:05:55.204+0000] {logging_mixin.py:188} INFO - [2024-04-21T08:05:55.204+0000] {dag.py:3096} INFO - Sync 1 DAGs
[2024-04-21T08:05:55.215+0000] {logging_mixin.py:188} INFO - [2024-04-21T08:05:55.215+0000] {dag.py:3954} INFO - Setting next_dagrun for example_task_group_decorator to 2024-04-20 00:00:00+00:00, run_after=2024-04-21 00:00:00+00:00
[2024-04-21T08:05:55.224+0000] {processor.py:183} INFO - Processing /home/airflow/.local/lib/python3.12/site-packages/airflow/example_dags/example_task_group_decorator.py took 0.050 seconds
[2024-04-21T08:19:26.608+0000] {processor.py:161} INFO - Started process (PID=61) to work on /home/airflow/.local/lib/python3.12/site-packages/airflow/example_dags/example_task_group_decorator.py
[2024-04-21T08:19:26.609+0000] {processor.py:830} INFO - Processing file /home/airflow/.local/lib/python3.12/site-packages/airflow/example_dags/example_task_group_decorator.py for tasks to queue
[2024-04-21T08:19:26.610+0000] {logging_mixin.py:188} INFO - [2024-04-21T08:19:26.610+0000] {dagbag.py:540} INFO - Filling up the DagBag from /home/airflow/.local/lib/python3.12/site-packages/airflow/example_dags/example_task_group_decorator.py
[2024-04-21T08:19:26.620+0000] {processor.py:840} INFO - DAG(s) 'example_task_group_decorator' retrieved from /home/airflow/.local/lib/python3.12/site-packages/airflow/example_dags/example_task_group_decorator.py
[2024-04-21T08:19:26.630+0000] {logging_mixin.py:188} INFO - [2024-04-21T08:19:26.630+0000] {dag.py:3096} INFO - Sync 1 DAGs
[2024-04-21T08:19:26.665+0000] {logging_mixin.py:188} INFO - [2024-04-21T08:19:26.665+0000] {dag.py:3954} INFO - Setting next_dagrun for example_task_group_decorator to 2024-04-20 00:00:00+00:00, run_after=2024-04-21 00:00:00+00:00
[2024-04-21T08:19:26.685+0000] {processor.py:183} INFO - Processing /home/airflow/.local/lib/python3.12/site-packages/airflow/example_dags/example_task_group_decorator.py took 0.081 seconds
[2024-04-21T08:19:56.990+0000] {processor.py:161} INFO - Started process (PID=123) to work on /home/airflow/.local/lib/python3.12/site-packages/airflow/example_dags/example_task_group_decorator.py
[2024-04-21T08:19:56.991+0000] {processor.py:830} INFO - Processing file /home/airflow/.local/lib/python3.12/site-packages/airflow/example_dags/example_task_group_decorator.py for tasks to queue
[2024-04-21T08:19:56.992+0000] {logging_mixin.py:188} INFO - [2024-04-21T08:19:56.992+0000] {dagbag.py:540} INFO - Filling up the DagBag from /home/airflow/.local/lib/python3.12/site-packages/airflow/example_dags/example_task_group_decorator.py
[2024-04-21T08:19:57.004+0000] {processor.py:840} INFO - DAG(s) 'example_task_group_decorator' retrieved from /home/airflow/.local/lib/python3.12/site-packages/airflow/example_dags/example_task_group_decorator.py
[2024-04-21T08:19:57.069+0000] {logging_mixin.py:188} INFO - [2024-04-21T08:19:57.069+0000] {dag.py:3096} INFO - Sync 1 DAGs
[2024-04-21T08:19:57.079+0000] {logging_mixin.py:188} INFO - [2024-04-21T08:19:57.079+0000] {dag.py:3954} INFO - Setting next_dagrun for example_task_group_decorator to 2024-04-20 00:00:00+00:00, run_after=2024-04-21 00:00:00+00:00
[2024-04-21T08:19:57.090+0000] {processor.py:183} INFO - Processing /home/airflow/.local/lib/python3.12/site-packages/airflow/example_dags/example_task_group_decorator.py took 0.103 seconds
[2024-04-21T08:20:27.788+0000] {processor.py:161} INFO - Started process (PID=185) to work on /home/airflow/.local/lib/python3.12/site-packages/airflow/example_dags/example_task_group_decorator.py
[2024-04-21T08:20:27.789+0000] {processor.py:830} INFO - Processing file /home/airflow/.local/lib/python3.12/site-packages/airflow/example_dags/example_task_group_decorator.py for tasks to queue
[2024-04-21T08:20:27.790+0000] {logging_mixin.py:188} INFO - [2024-04-21T08:20:27.789+0000] {dagbag.py:540} INFO - Filling up the DagBag from /home/airflow/.local/lib/python3.12/site-packages/airflow/example_dags/example_task_group_decorator.py
[2024-04-21T08:20:27.796+0000] {processor.py:840} INFO - DAG(s) 'example_task_group_decorator' retrieved from /home/airflow/.local/lib/python3.12/site-packages/airflow/example_dags/example_task_group_decorator.py
[2024-04-21T08:20:27.808+0000] {logging_mixin.py:188} INFO - [2024-04-21T08:20:27.807+0000] {dag.py:3096} INFO - Sync 1 DAGs
[2024-04-21T08:20:27.817+0000] {logging_mixin.py:188} INFO - [2024-04-21T08:20:27.817+0000] {dag.py:3954} INFO - Setting next_dagrun for example_task_group_decorator to 2024-04-20 00:00:00+00:00, run_after=2024-04-21 00:00:00+00:00
[2024-04-21T08:20:27.826+0000] {processor.py:183} INFO - Processing /home/airflow/.local/lib/python3.12/site-packages/airflow/example_dags/example_task_group_decorator.py took 0.041 seconds
[2024-04-21T08:20:58.827+0000] {processor.py:161} INFO - Started process (PID=247) to work on /home/airflow/.local/lib/python3.12/site-packages/airflow/example_dags/example_task_group_decorator.py
[2024-04-21T08:20:58.828+0000] {processor.py:830} INFO - Processing file /home/airflow/.local/lib/python3.12/site-packages/airflow/example_dags/example_task_group_decorator.py for tasks to queue
[2024-04-21T08:20:58.829+0000] {logging_mixin.py:188} INFO - [2024-04-21T08:20:58.829+0000] {dagbag.py:540} INFO - Filling up the DagBag from /home/airflow/.local/lib/python3.12/site-packages/airflow/example_dags/example_task_group_decorator.py
[2024-04-21T08:20:58.836+0000] {processor.py:840} INFO - DAG(s) 'example_task_group_decorator' retrieved from /home/airflow/.local/lib/python3.12/site-packages/airflow/example_dags/example_task_group_decorator.py
[2024-04-21T08:20:58.847+0000] {logging_mixin.py:188} INFO - [2024-04-21T08:20:58.847+0000] {dag.py:3096} INFO - Sync 1 DAGs
[2024-04-21T08:20:58.857+0000] {logging_mixin.py:188} INFO - [2024-04-21T08:20:58.857+0000] {dag.py:3954} INFO - Setting next_dagrun for example_task_group_decorator to 2024-04-20 00:00:00+00:00, run_after=2024-04-21 00:00:00+00:00
[2024-04-21T08:20:58.865+0000] {processor.py:183} INFO - Processing /home/airflow/.local/lib/python3.12/site-packages/airflow/example_dags/example_task_group_decorator.py took 0.040 seconds
[2024-04-21T08:21:29.318+0000] {processor.py:161} INFO - Started process (PID=312) to work on /home/airflow/.local/lib/python3.12/site-packages/airflow/example_dags/example_task_group_decorator.py
[2024-04-21T08:21:29.319+0000] {processor.py:830} INFO - Processing file /home/airflow/.local/lib/python3.12/site-packages/airflow/example_dags/example_task_group_decorator.py for tasks to queue
[2024-04-21T08:21:29.320+0000] {logging_mixin.py:188} INFO - [2024-04-21T08:21:29.320+0000] {dagbag.py:540} INFO - Filling up the DagBag from /home/airflow/.local/lib/python3.12/site-packages/airflow/example_dags/example_task_group_decorator.py
[2024-04-21T08:21:29.326+0000] {processor.py:840} INFO - DAG(s) 'example_task_group_decorator' retrieved from /home/airflow/.local/lib/python3.12/site-packages/airflow/example_dags/example_task_group_decorator.py
[2024-04-21T08:21:29.338+0000] {logging_mixin.py:188} INFO - [2024-04-21T08:21:29.338+0000] {dag.py:3096} INFO - Sync 1 DAGs
[2024-04-21T08:21:29.348+0000] {logging_mixin.py:188} INFO - [2024-04-21T08:21:29.348+0000] {dag.py:3954} INFO - Setting next_dagrun for example_task_group_decorator to 2024-04-20 00:00:00+00:00, run_after=2024-04-21 00:00:00+00:00
[2024-04-21T08:21:29.355+0000] {processor.py:183} INFO - Processing /home/airflow/.local/lib/python3.12/site-packages/airflow/example_dags/example_task_group_decorator.py took 0.041 seconds
[2024-04-21T08:21:59.988+0000] {processor.py:161} INFO - Started process (PID=372) to work on /home/airflow/.local/lib/python3.12/site-packages/airflow/example_dags/example_task_group_decorator.py
[2024-04-21T08:21:59.989+0000] {processor.py:830} INFO - Processing file /home/airflow/.local/lib/python3.12/site-packages/airflow/example_dags/example_task_group_decorator.py for tasks to queue
[2024-04-21T08:21:59.991+0000] {logging_mixin.py:188} INFO - [2024-04-21T08:21:59.990+0000] {dagbag.py:540} INFO - Filling up the DagBag from /home/airflow/.local/lib/python3.12/site-packages/airflow/example_dags/example_task_group_decorator.py
[2024-04-21T08:22:00.002+0000] {processor.py:840} INFO - DAG(s) 'example_task_group_decorator' retrieved from /home/airflow/.local/lib/python3.12/site-packages/airflow/example_dags/example_task_group_decorator.py
[2024-04-21T08:22:00.018+0000] {logging_mixin.py:188} INFO - [2024-04-21T08:22:00.018+0000] {dag.py:3096} INFO - Sync 1 DAGs
[2024-04-21T08:22:00.033+0000] {logging_mixin.py:188} INFO - [2024-04-21T08:22:00.033+0000] {dag.py:3954} INFO - Setting next_dagrun for example_task_group_decorator to 2024-04-20 00:00:00+00:00, run_after=2024-04-21 00:00:00+00:00
[2024-04-21T08:22:00.046+0000] {processor.py:183} INFO - Processing /home/airflow/.local/lib/python3.12/site-packages/airflow/example_dags/example_task_group_decorator.py took 0.064 seconds
[2024-04-21T08:22:30.853+0000] {processor.py:161} INFO - Started process (PID=434) to work on /home/airflow/.local/lib/python3.12/site-packages/airflow/example_dags/example_task_group_decorator.py
[2024-04-21T08:22:30.854+0000] {processor.py:830} INFO - Processing file /home/airflow/.local/lib/python3.12/site-packages/airflow/example_dags/example_task_group_decorator.py for tasks to queue
[2024-04-21T08:22:30.855+0000] {logging_mixin.py:188} INFO - [2024-04-21T08:22:30.855+0000] {dagbag.py:540} INFO - Filling up the DagBag from /home/airflow/.local/lib/python3.12/site-packages/airflow/example_dags/example_task_group_decorator.py
[2024-04-21T08:22:30.861+0000] {processor.py:840} INFO - DAG(s) 'example_task_group_decorator' retrieved from /home/airflow/.local/lib/python3.12/site-packages/airflow/example_dags/example_task_group_decorator.py
[2024-04-21T08:22:30.872+0000] {logging_mixin.py:188} INFO - [2024-04-21T08:22:30.872+0000] {dag.py:3096} INFO - Sync 1 DAGs
[2024-04-21T08:22:30.881+0000] {logging_mixin.py:188} INFO - [2024-04-21T08:22:30.881+0000] {dag.py:3954} INFO - Setting next_dagrun for example_task_group_decorator to 2024-04-20 00:00:00+00:00, run_after=2024-04-21 00:00:00+00:00
[2024-04-21T08:22:30.888+0000] {processor.py:183} INFO - Processing /home/airflow/.local/lib/python3.12/site-packages/airflow/example_dags/example_task_group_decorator.py took 0.037 seconds
[2024-04-21T08:23:01.549+0000] {processor.py:161} INFO - Started process (PID=496) to work on /home/airflow/.local/lib/python3.12/site-packages/airflow/example_dags/example_task_group_decorator.py
[2024-04-21T08:23:01.551+0000] {processor.py:830} INFO - Processing file /home/airflow/.local/lib/python3.12/site-packages/airflow/example_dags/example_task_group_decorator.py for tasks to queue
[2024-04-21T08:23:01.552+0000] {logging_mixin.py:188} INFO - [2024-04-21T08:23:01.552+0000] {dagbag.py:540} INFO - Filling up the DagBag from /home/airflow/.local/lib/python3.12/site-packages/airflow/example_dags/example_task_group_decorator.py
[2024-04-21T08:23:01.562+0000] {processor.py:840} INFO - DAG(s) 'example_task_group_decorator' retrieved from /home/airflow/.local/lib/python3.12/site-packages/airflow/example_dags/example_task_group_decorator.py
[2024-04-21T08:23:01.582+0000] {logging_mixin.py:188} INFO - [2024-04-21T08:23:01.581+0000] {dag.py:3096} INFO - Sync 1 DAGs
[2024-04-21T08:23:01.595+0000] {logging_mixin.py:188} INFO - [2024-04-21T08:23:01.595+0000] {dag.py:3954} INFO - Setting next_dagrun for example_task_group_decorator to 2024-04-20 00:00:00+00:00, run_after=2024-04-21 00:00:00+00:00
[2024-04-21T08:23:01.606+0000] {processor.py:183} INFO - Processing /home/airflow/.local/lib/python3.12/site-packages/airflow/example_dags/example_task_group_decorator.py took 0.061 seconds
[2024-04-21T08:23:32.727+0000] {processor.py:161} INFO - Started process (PID=558) to work on /home/airflow/.local/lib/python3.12/site-packages/airflow/example_dags/example_task_group_decorator.py
[2024-04-21T08:23:32.729+0000] {processor.py:830} INFO - Processing file /home/airflow/.local/lib/python3.12/site-packages/airflow/example_dags/example_task_group_decorator.py for tasks to queue
[2024-04-21T08:23:32.731+0000] {logging_mixin.py:188} INFO - [2024-04-21T08:23:32.731+0000] {dagbag.py:540} INFO - Filling up the DagBag from /home/airflow/.local/lib/python3.12/site-packages/airflow/example_dags/example_task_group_decorator.py
[2024-04-21T08:23:32.742+0000] {processor.py:840} INFO - DAG(s) 'example_task_group_decorator' retrieved from /home/airflow/.local/lib/python3.12/site-packages/airflow/example_dags/example_task_group_decorator.py
[2024-04-21T08:23:32.766+0000] {logging_mixin.py:188} INFO - [2024-04-21T08:23:32.766+0000] {dag.py:3096} INFO - Sync 1 DAGs
[2024-04-21T08:23:32.784+0000] {logging_mixin.py:188} INFO - [2024-04-21T08:23:32.784+0000] {dag.py:3954} INFO - Setting next_dagrun for example_task_group_decorator to 2024-04-20 00:00:00+00:00, run_after=2024-04-21 00:00:00+00:00
[2024-04-21T08:23:32.811+0000] {processor.py:183} INFO - Processing /home/airflow/.local/lib/python3.12/site-packages/airflow/example_dags/example_task_group_decorator.py took 0.088 seconds
[2024-04-21T08:24:02.999+0000] {processor.py:161} INFO - Started process (PID=620) to work on /home/airflow/.local/lib/python3.12/site-packages/airflow/example_dags/example_task_group_decorator.py
[2024-04-21T08:24:03.000+0000] {processor.py:830} INFO - Processing file /home/airflow/.local/lib/python3.12/site-packages/airflow/example_dags/example_task_group_decorator.py for tasks to queue
[2024-04-21T08:24:03.001+0000] {logging_mixin.py:188} INFO - [2024-04-21T08:24:03.001+0000] {dagbag.py:540} INFO - Filling up the DagBag from /home/airflow/.local/lib/python3.12/site-packages/airflow/example_dags/example_task_group_decorator.py
[2024-04-21T08:24:03.008+0000] {processor.py:840} INFO - DAG(s) 'example_task_group_decorator' retrieved from /home/airflow/.local/lib/python3.12/site-packages/airflow/example_dags/example_task_group_decorator.py
[2024-04-21T08:24:03.021+0000] {logging_mixin.py:188} INFO - [2024-04-21T08:24:03.020+0000] {dag.py:3096} INFO - Sync 1 DAGs
[2024-04-21T08:24:03.031+0000] {logging_mixin.py:188} INFO - [2024-04-21T08:24:03.031+0000] {dag.py:3954} INFO - Setting next_dagrun for example_task_group_decorator to 2024-04-20 00:00:00+00:00, run_after=2024-04-21 00:00:00+00:00
[2024-04-21T08:24:03.039+0000] {processor.py:183} INFO - Processing /home/airflow/.local/lib/python3.12/site-packages/airflow/example_dags/example_task_group_decorator.py took 0.044 seconds
[2024-04-21T08:24:33.463+0000] {processor.py:161} INFO - Started process (PID=682) to work on /home/airflow/.local/lib/python3.12/site-packages/airflow/example_dags/example_task_group_decorator.py
[2024-04-21T08:24:33.464+0000] {processor.py:830} INFO - Processing file /home/airflow/.local/lib/python3.12/site-packages/airflow/example_dags/example_task_group_decorator.py for tasks to queue
[2024-04-21T08:24:33.465+0000] {logging_mixin.py:188} INFO - [2024-04-21T08:24:33.465+0000] {dagbag.py:540} INFO - Filling up the DagBag from /home/airflow/.local/lib/python3.12/site-packages/airflow/example_dags/example_task_group_decorator.py
[2024-04-21T08:24:33.472+0000] {processor.py:840} INFO - DAG(s) 'example_task_group_decorator' retrieved from /home/airflow/.local/lib/python3.12/site-packages/airflow/example_dags/example_task_group_decorator.py
[2024-04-21T08:24:33.485+0000] {logging_mixin.py:188} INFO - [2024-04-21T08:24:33.484+0000] {dag.py:3096} INFO - Sync 1 DAGs
[2024-04-21T08:24:33.495+0000] {logging_mixin.py:188} INFO - [2024-04-21T08:24:33.495+0000] {dag.py:3954} INFO - Setting next_dagrun for example_task_group_decorator to 2024-04-20 00:00:00+00:00, run_after=2024-04-21 00:00:00+00:00
[2024-04-21T08:24:33.504+0000] {processor.py:183} INFO - Processing /home/airflow/.local/lib/python3.12/site-packages/airflow/example_dags/example_task_group_decorator.py took 0.043 seconds
[2024-04-21T08:25:04.690+0000] {processor.py:161} INFO - Started process (PID=743) to work on /home/airflow/.local/lib/python3.12/site-packages/airflow/example_dags/example_task_group_decorator.py
[2024-04-21T08:25:04.691+0000] {processor.py:830} INFO - Processing file /home/airflow/.local/lib/python3.12/site-packages/airflow/example_dags/example_task_group_decorator.py for tasks to queue
[2024-04-21T08:25:04.692+0000] {logging_mixin.py:188} INFO - [2024-04-21T08:25:04.691+0000] {dagbag.py:540} INFO - Filling up the DagBag from /home/airflow/.local/lib/python3.12/site-packages/airflow/example_dags/example_task_group_decorator.py
[2024-04-21T08:25:04.698+0000] {processor.py:840} INFO - DAG(s) 'example_task_group_decorator' retrieved from /home/airflow/.local/lib/python3.12/site-packages/airflow/example_dags/example_task_group_decorator.py
[2024-04-21T08:25:04.710+0000] {logging_mixin.py:188} INFO - [2024-04-21T08:25:04.710+0000] {dag.py:3096} INFO - Sync 1 DAGs
[2024-04-21T08:25:04.720+0000] {logging_mixin.py:188} INFO - [2024-04-21T08:25:04.720+0000] {dag.py:3954} INFO - Setting next_dagrun for example_task_group_decorator to 2024-04-20 00:00:00+00:00, run_after=2024-04-21 00:00:00+00:00
[2024-04-21T08:25:04.728+0000] {processor.py:183} INFO - Processing /home/airflow/.local/lib/python3.12/site-packages/airflow/example_dags/example_task_group_decorator.py took 0.041 seconds
[2024-04-21T08:25:35.834+0000] {processor.py:161} INFO - Started process (PID=805) to work on /home/airflow/.local/lib/python3.12/site-packages/airflow/example_dags/example_task_group_decorator.py
[2024-04-21T08:25:35.835+0000] {processor.py:830} INFO - Processing file /home/airflow/.local/lib/python3.12/site-packages/airflow/example_dags/example_task_group_decorator.py for tasks to queue
[2024-04-21T08:25:35.837+0000] {logging_mixin.py:188} INFO - [2024-04-21T08:25:35.836+0000] {dagbag.py:540} INFO - Filling up the DagBag from /home/airflow/.local/lib/python3.12/site-packages/airflow/example_dags/example_task_group_decorator.py
[2024-04-21T08:25:35.844+0000] {processor.py:840} INFO - DAG(s) 'example_task_group_decorator' retrieved from /home/airflow/.local/lib/python3.12/site-packages/airflow/example_dags/example_task_group_decorator.py
[2024-04-21T08:25:35.860+0000] {logging_mixin.py:188} INFO - [2024-04-21T08:25:35.860+0000] {dag.py:3096} INFO - Sync 1 DAGs
[2024-04-21T08:25:35.873+0000] {logging_mixin.py:188} INFO - [2024-04-21T08:25:35.873+0000] {dag.py:3954} INFO - Setting next_dagrun for example_task_group_decorator to 2024-04-20 00:00:00+00:00, run_after=2024-04-21 00:00:00+00:00
[2024-04-21T08:25:35.885+0000] {processor.py:183} INFO - Processing /home/airflow/.local/lib/python3.12/site-packages/airflow/example_dags/example_task_group_decorator.py took 0.054 seconds
[2024-04-21T08:26:06.474+0000] {processor.py:161} INFO - Started process (PID=867) to work on /home/airflow/.local/lib/python3.12/site-packages/airflow/example_dags/example_task_group_decorator.py
[2024-04-21T08:26:06.476+0000] {processor.py:830} INFO - Processing file /home/airflow/.local/lib/python3.12/site-packages/airflow/example_dags/example_task_group_decorator.py for tasks to queue
[2024-04-21T08:26:06.477+0000] {logging_mixin.py:188} INFO - [2024-04-21T08:26:06.477+0000] {dagbag.py:540} INFO - Filling up the DagBag from /home/airflow/.local/lib/python3.12/site-packages/airflow/example_dags/example_task_group_decorator.py
[2024-04-21T08:26:06.486+0000] {processor.py:840} INFO - DAG(s) 'example_task_group_decorator' retrieved from /home/airflow/.local/lib/python3.12/site-packages/airflow/example_dags/example_task_group_decorator.py
[2024-04-21T08:26:06.507+0000] {logging_mixin.py:188} INFO - [2024-04-21T08:26:06.507+0000] {dag.py:3096} INFO - Sync 1 DAGs
[2024-04-21T08:26:06.522+0000] {logging_mixin.py:188} INFO - [2024-04-21T08:26:06.522+0000] {dag.py:3954} INFO - Setting next_dagrun for example_task_group_decorator to 2024-04-20 00:00:00+00:00, run_after=2024-04-21 00:00:00+00:00
[2024-04-21T08:26:06.541+0000] {processor.py:183} INFO - Processing /home/airflow/.local/lib/python3.12/site-packages/airflow/example_dags/example_task_group_decorator.py took 0.071 seconds
[2024-04-21T08:26:36.699+0000] {processor.py:161} INFO - Started process (PID=929) to work on /home/airflow/.local/lib/python3.12/site-packages/airflow/example_dags/example_task_group_decorator.py
[2024-04-21T08:26:36.699+0000] {processor.py:830} INFO - Processing file /home/airflow/.local/lib/python3.12/site-packages/airflow/example_dags/example_task_group_decorator.py for tasks to queue
[2024-04-21T08:26:36.701+0000] {logging_mixin.py:188} INFO - [2024-04-21T08:26:36.701+0000] {dagbag.py:540} INFO - Filling up the DagBag from /home/airflow/.local/lib/python3.12/site-packages/airflow/example_dags/example_task_group_decorator.py
[2024-04-21T08:26:36.709+0000] {processor.py:840} INFO - DAG(s) 'example_task_group_decorator' retrieved from /home/airflow/.local/lib/python3.12/site-packages/airflow/example_dags/example_task_group_decorator.py
[2024-04-21T08:26:36.723+0000] {logging_mixin.py:188} INFO - [2024-04-21T08:26:36.723+0000] {dag.py:3096} INFO - Sync 1 DAGs
[2024-04-21T08:26:36.735+0000] {logging_mixin.py:188} INFO - [2024-04-21T08:26:36.735+0000] {dag.py:3954} INFO - Setting next_dagrun for example_task_group_decorator to 2024-04-20 00:00:00+00:00, run_after=2024-04-21 00:00:00+00:00
[2024-04-21T08:26:36.745+0000] {processor.py:183} INFO - Processing /home/airflow/.local/lib/python3.12/site-packages/airflow/example_dags/example_task_group_decorator.py took 0.050 seconds
[2024-04-21T08:27:07.334+0000] {processor.py:161} INFO - Started process (PID=991) to work on /home/airflow/.local/lib/python3.12/site-packages/airflow/example_dags/example_task_group_decorator.py
[2024-04-21T08:27:07.335+0000] {processor.py:830} INFO - Processing file /home/airflow/.local/lib/python3.12/site-packages/airflow/example_dags/example_task_group_decorator.py for tasks to queue
[2024-04-21T08:27:07.336+0000] {logging_mixin.py:188} INFO - [2024-04-21T08:27:07.336+0000] {dagbag.py:540} INFO - Filling up the DagBag from /home/airflow/.local/lib/python3.12/site-packages/airflow/example_dags/example_task_group_decorator.py
[2024-04-21T08:27:07.344+0000] {processor.py:840} INFO - DAG(s) 'example_task_group_decorator' retrieved from /home/airflow/.local/lib/python3.12/site-packages/airflow/example_dags/example_task_group_decorator.py
[2024-04-21T08:27:07.358+0000] {logging_mixin.py:188} INFO - [2024-04-21T08:27:07.358+0000] {dag.py:3096} INFO - Sync 1 DAGs
[2024-04-21T08:27:07.370+0000] {logging_mixin.py:188} INFO - [2024-04-21T08:27:07.370+0000] {dag.py:3954} INFO - Setting next_dagrun for example_task_group_decorator to 2024-04-20 00:00:00+00:00, run_after=2024-04-21 00:00:00+00:00
[2024-04-21T08:27:07.380+0000] {processor.py:183} INFO - Processing /home/airflow/.local/lib/python3.12/site-packages/airflow/example_dags/example_task_group_decorator.py took 0.050 seconds
