[2024-04-21T06:45:02.966+0000] {processor.py:161} INFO - Started process (PID=63) to work on /home/airflow/.local/lib/python3.12/site-packages/airflow/example_dags/example_short_circuit_operator.py
[2024-04-21T06:45:02.967+0000] {processor.py:830} INFO - Processing file /home/airflow/.local/lib/python3.12/site-packages/airflow/example_dags/example_short_circuit_operator.py for tasks to queue
[2024-04-21T06:45:02.968+0000] {logging_mixin.py:188} INFO - [2024-04-21T06:45:02.968+0000] {dagbag.py:540} INFO - Filling up the DagBag from /home/airflow/.local/lib/python3.12/site-packages/airflow/example_dags/example_short_circuit_operator.py
[2024-04-21T06:45:02.976+0000] {processor.py:840} INFO - DAG(s) 'example_short_circuit_operator' retrieved from /home/airflow/.local/lib/python3.12/site-packages/airflow/example_dags/example_short_circuit_operator.py
[2024-04-21T06:45:02.994+0000] {logging_mixin.py:188} INFO - [2024-04-21T06:45:02.994+0000] {dag.py:3096} INFO - Sync 1 DAGs
[2024-04-21T06:45:03.008+0000] {logging_mixin.py:188} INFO - [2024-04-21T06:45:03.008+0000] {dag.py:3954} INFO - Setting next_dagrun for example_short_circuit_operator to 2024-04-20 00:00:00+00:00, run_after=2024-04-21 00:00:00+00:00
[2024-04-21T06:45:03.021+0000] {processor.py:183} INFO - Processing /home/airflow/.local/lib/python3.12/site-packages/airflow/example_dags/example_short_circuit_operator.py took 0.059 seconds
[2024-04-21T06:45:33.690+0000] {processor.py:161} INFO - Started process (PID=124) to work on /home/airflow/.local/lib/python3.12/site-packages/airflow/example_dags/example_short_circuit_operator.py
[2024-04-21T06:45:33.691+0000] {processor.py:830} INFO - Processing file /home/airflow/.local/lib/python3.12/site-packages/airflow/example_dags/example_short_circuit_operator.py for tasks to queue
[2024-04-21T06:45:33.692+0000] {logging_mixin.py:188} INFO - [2024-04-21T06:45:33.692+0000] {dagbag.py:540} INFO - Filling up the DagBag from /home/airflow/.local/lib/python3.12/site-packages/airflow/example_dags/example_short_circuit_operator.py
[2024-04-21T06:45:33.695+0000] {processor.py:840} INFO - DAG(s) 'example_short_circuit_operator' retrieved from /home/airflow/.local/lib/python3.12/site-packages/airflow/example_dags/example_short_circuit_operator.py
[2024-04-21T06:45:33.700+0000] {logging_mixin.py:188} INFO - [2024-04-21T06:45:33.700+0000] {dag.py:3096} INFO - Sync 1 DAGs
[2024-04-21T06:45:33.710+0000] {logging_mixin.py:188} INFO - [2024-04-21T06:45:33.709+0000] {dag.py:3954} INFO - Setting next_dagrun for example_short_circuit_operator to 2024-04-20 00:00:00+00:00, run_after=2024-04-21 00:00:00+00:00
[2024-04-21T06:45:33.717+0000] {processor.py:183} INFO - Processing /home/airflow/.local/lib/python3.12/site-packages/airflow/example_dags/example_short_circuit_operator.py took 0.029 seconds
[2024-04-21T07:09:06.439+0000] {processor.py:161} INFO - Started process (PID=62) to work on /home/airflow/.local/lib/python3.12/site-packages/airflow/example_dags/example_short_circuit_operator.py
[2024-04-21T07:09:06.440+0000] {processor.py:830} INFO - Processing file /home/airflow/.local/lib/python3.12/site-packages/airflow/example_dags/example_short_circuit_operator.py for tasks to queue
[2024-04-21T07:09:06.442+0000] {logging_mixin.py:188} INFO - [2024-04-21T07:09:06.441+0000] {dagbag.py:540} INFO - Filling up the DagBag from /home/airflow/.local/lib/python3.12/site-packages/airflow/example_dags/example_short_circuit_operator.py
[2024-04-21T07:09:06.447+0000] {processor.py:840} INFO - DAG(s) 'example_short_circuit_operator' retrieved from /home/airflow/.local/lib/python3.12/site-packages/airflow/example_dags/example_short_circuit_operator.py
[2024-04-21T07:09:06.454+0000] {logging_mixin.py:188} INFO - [2024-04-21T07:09:06.454+0000] {dag.py:3096} INFO - Sync 1 DAGs
[2024-04-21T07:09:06.469+0000] {logging_mixin.py:188} INFO - [2024-04-21T07:09:06.468+0000] {dag.py:3954} INFO - Setting next_dagrun for example_short_circuit_operator to 2024-04-20 00:00:00+00:00, run_after=2024-04-21 00:00:00+00:00
[2024-04-21T07:09:06.485+0000] {processor.py:183} INFO - Processing /home/airflow/.local/lib/python3.12/site-packages/airflow/example_dags/example_short_circuit_operator.py took 0.049 seconds
[2024-04-21T07:58:37.743+0000] {processor.py:161} INFO - Started process (PID=63) to work on /home/airflow/.local/lib/python3.12/site-packages/airflow/example_dags/example_short_circuit_operator.py
[2024-04-21T07:58:37.744+0000] {processor.py:830} INFO - Processing file /home/airflow/.local/lib/python3.12/site-packages/airflow/example_dags/example_short_circuit_operator.py for tasks to queue
[2024-04-21T07:58:37.746+0000] {logging_mixin.py:188} INFO - [2024-04-21T07:58:37.745+0000] {dagbag.py:540} INFO - Filling up the DagBag from /home/airflow/.local/lib/python3.12/site-packages/airflow/example_dags/example_short_circuit_operator.py
[2024-04-21T07:58:37.753+0000] {processor.py:840} INFO - DAG(s) 'example_short_circuit_operator' retrieved from /home/airflow/.local/lib/python3.12/site-packages/airflow/example_dags/example_short_circuit_operator.py
[2024-04-21T07:58:37.767+0000] {logging_mixin.py:188} INFO - [2024-04-21T07:58:37.767+0000] {dag.py:3096} INFO - Sync 1 DAGs
[2024-04-21T07:58:37.788+0000] {logging_mixin.py:188} INFO - [2024-04-21T07:58:37.788+0000] {dag.py:3954} INFO - Setting next_dagrun for example_short_circuit_operator to 2024-04-20 00:00:00+00:00, run_after=2024-04-21 00:00:00+00:00
[2024-04-21T07:58:37.808+0000] {processor.py:183} INFO - Processing /home/airflow/.local/lib/python3.12/site-packages/airflow/example_dags/example_short_circuit_operator.py took 0.069 seconds
[2024-04-21T07:59:08.104+0000] {processor.py:161} INFO - Started process (PID=124) to work on /home/airflow/.local/lib/python3.12/site-packages/airflow/example_dags/example_short_circuit_operator.py
[2024-04-21T07:59:08.105+0000] {processor.py:830} INFO - Processing file /home/airflow/.local/lib/python3.12/site-packages/airflow/example_dags/example_short_circuit_operator.py for tasks to queue
[2024-04-21T07:59:08.107+0000] {logging_mixin.py:188} INFO - [2024-04-21T07:59:08.107+0000] {dagbag.py:540} INFO - Filling up the DagBag from /home/airflow/.local/lib/python3.12/site-packages/airflow/example_dags/example_short_circuit_operator.py
[2024-04-21T07:59:08.112+0000] {processor.py:840} INFO - DAG(s) 'example_short_circuit_operator' retrieved from /home/airflow/.local/lib/python3.12/site-packages/airflow/example_dags/example_short_circuit_operator.py
[2024-04-21T07:59:08.171+0000] {logging_mixin.py:188} INFO - [2024-04-21T07:59:08.171+0000] {dag.py:3096} INFO - Sync 1 DAGs
[2024-04-21T07:59:08.190+0000] {logging_mixin.py:188} INFO - [2024-04-21T07:59:08.190+0000] {dag.py:3954} INFO - Setting next_dagrun for example_short_circuit_operator to 2024-04-20 00:00:00+00:00, run_after=2024-04-21 00:00:00+00:00
[2024-04-21T07:59:08.223+0000] {processor.py:183} INFO - Processing /home/airflow/.local/lib/python3.12/site-packages/airflow/example_dags/example_short_circuit_operator.py took 0.122 seconds
[2024-04-21T07:59:39.049+0000] {processor.py:161} INFO - Started process (PID=186) to work on /home/airflow/.local/lib/python3.12/site-packages/airflow/example_dags/example_short_circuit_operator.py
[2024-04-21T07:59:39.050+0000] {processor.py:830} INFO - Processing file /home/airflow/.local/lib/python3.12/site-packages/airflow/example_dags/example_short_circuit_operator.py for tasks to queue
[2024-04-21T07:59:39.051+0000] {logging_mixin.py:188} INFO - [2024-04-21T07:59:39.050+0000] {dagbag.py:540} INFO - Filling up the DagBag from /home/airflow/.local/lib/python3.12/site-packages/airflow/example_dags/example_short_circuit_operator.py
[2024-04-21T07:59:39.055+0000] {processor.py:840} INFO - DAG(s) 'example_short_circuit_operator' retrieved from /home/airflow/.local/lib/python3.12/site-packages/airflow/example_dags/example_short_circuit_operator.py
[2024-04-21T07:59:39.067+0000] {logging_mixin.py:188} INFO - [2024-04-21T07:59:39.067+0000] {dag.py:3096} INFO - Sync 1 DAGs
[2024-04-21T07:59:39.078+0000] {logging_mixin.py:188} INFO - [2024-04-21T07:59:39.078+0000] {dag.py:3954} INFO - Setting next_dagrun for example_short_circuit_operator to 2024-04-20 00:00:00+00:00, run_after=2024-04-21 00:00:00+00:00
[2024-04-21T07:59:39.086+0000] {processor.py:183} INFO - Processing /home/airflow/.local/lib/python3.12/site-packages/airflow/example_dags/example_short_circuit_operator.py took 0.041 seconds
[2024-04-21T08:00:09.935+0000] {processor.py:161} INFO - Started process (PID=247) to work on /home/airflow/.local/lib/python3.12/site-packages/airflow/example_dags/example_short_circuit_operator.py
[2024-04-21T08:00:09.936+0000] {processor.py:830} INFO - Processing file /home/airflow/.local/lib/python3.12/site-packages/airflow/example_dags/example_short_circuit_operator.py for tasks to queue
[2024-04-21T08:00:09.938+0000] {logging_mixin.py:188} INFO - [2024-04-21T08:00:09.937+0000] {dagbag.py:540} INFO - Filling up the DagBag from /home/airflow/.local/lib/python3.12/site-packages/airflow/example_dags/example_short_circuit_operator.py
[2024-04-21T08:00:09.946+0000] {processor.py:840} INFO - DAG(s) 'example_short_circuit_operator' retrieved from /home/airflow/.local/lib/python3.12/site-packages/airflow/example_dags/example_short_circuit_operator.py
[2024-04-21T08:00:09.959+0000] {logging_mixin.py:188} INFO - [2024-04-21T08:00:09.959+0000] {dag.py:3096} INFO - Sync 1 DAGs
[2024-04-21T08:00:09.970+0000] {logging_mixin.py:188} INFO - [2024-04-21T08:00:09.970+0000] {dag.py:3954} INFO - Setting next_dagrun for example_short_circuit_operator to 2024-04-20 00:00:00+00:00, run_after=2024-04-21 00:00:00+00:00
[2024-04-21T08:00:09.978+0000] {processor.py:183} INFO - Processing /home/airflow/.local/lib/python3.12/site-packages/airflow/example_dags/example_short_circuit_operator.py took 0.046 seconds
[2024-04-21T08:00:40.395+0000] {processor.py:161} INFO - Started process (PID=311) to work on /home/airflow/.local/lib/python3.12/site-packages/airflow/example_dags/example_short_circuit_operator.py
[2024-04-21T08:00:40.395+0000] {processor.py:830} INFO - Processing file /home/airflow/.local/lib/python3.12/site-packages/airflow/example_dags/example_short_circuit_operator.py for tasks to queue
[2024-04-21T08:00:40.397+0000] {logging_mixin.py:188} INFO - [2024-04-21T08:00:40.397+0000] {dagbag.py:540} INFO - Filling up the DagBag from /home/airflow/.local/lib/python3.12/site-packages/airflow/example_dags/example_short_circuit_operator.py
[2024-04-21T08:00:40.402+0000] {processor.py:840} INFO - DAG(s) 'example_short_circuit_operator' retrieved from /home/airflow/.local/lib/python3.12/site-packages/airflow/example_dags/example_short_circuit_operator.py
[2024-04-21T08:00:40.415+0000] {logging_mixin.py:188} INFO - [2024-04-21T08:00:40.414+0000] {dag.py:3096} INFO - Sync 1 DAGs
[2024-04-21T08:00:40.426+0000] {logging_mixin.py:188} INFO - [2024-04-21T08:00:40.425+0000] {dag.py:3954} INFO - Setting next_dagrun for example_short_circuit_operator to 2024-04-20 00:00:00+00:00, run_after=2024-04-21 00:00:00+00:00
[2024-04-21T08:00:40.437+0000] {processor.py:183} INFO - Processing /home/airflow/.local/lib/python3.12/site-packages/airflow/example_dags/example_short_circuit_operator.py took 0.045 seconds
[2024-04-21T08:01:11.410+0000] {processor.py:161} INFO - Started process (PID=373) to work on /home/airflow/.local/lib/python3.12/site-packages/airflow/example_dags/example_short_circuit_operator.py
[2024-04-21T08:01:11.411+0000] {processor.py:830} INFO - Processing file /home/airflow/.local/lib/python3.12/site-packages/airflow/example_dags/example_short_circuit_operator.py for tasks to queue
[2024-04-21T08:01:11.412+0000] {logging_mixin.py:188} INFO - [2024-04-21T08:01:11.412+0000] {dagbag.py:540} INFO - Filling up the DagBag from /home/airflow/.local/lib/python3.12/site-packages/airflow/example_dags/example_short_circuit_operator.py
[2024-04-21T08:01:11.415+0000] {processor.py:840} INFO - DAG(s) 'example_short_circuit_operator' retrieved from /home/airflow/.local/lib/python3.12/site-packages/airflow/example_dags/example_short_circuit_operator.py
[2024-04-21T08:01:11.427+0000] {logging_mixin.py:188} INFO - [2024-04-21T08:01:11.427+0000] {dag.py:3096} INFO - Sync 1 DAGs
[2024-04-21T08:01:11.438+0000] {logging_mixin.py:188} INFO - [2024-04-21T08:01:11.437+0000] {dag.py:3954} INFO - Setting next_dagrun for example_short_circuit_operator to 2024-04-20 00:00:00+00:00, run_after=2024-04-21 00:00:00+00:00
[2024-04-21T08:01:11.448+0000] {processor.py:183} INFO - Processing /home/airflow/.local/lib/python3.12/site-packages/airflow/example_dags/example_short_circuit_operator.py took 0.041 seconds
[2024-04-21T08:05:55.239+0000] {processor.py:161} INFO - Started process (PID=429) to work on /home/airflow/.local/lib/python3.12/site-packages/airflow/example_dags/example_short_circuit_operator.py
[2024-04-21T08:05:55.240+0000] {processor.py:830} INFO - Processing file /home/airflow/.local/lib/python3.12/site-packages/airflow/example_dags/example_short_circuit_operator.py for tasks to queue
[2024-04-21T08:05:55.241+0000] {logging_mixin.py:188} INFO - [2024-04-21T08:05:55.240+0000] {dagbag.py:540} INFO - Filling up the DagBag from /home/airflow/.local/lib/python3.12/site-packages/airflow/example_dags/example_short_circuit_operator.py
[2024-04-21T08:05:55.244+0000] {processor.py:840} INFO - DAG(s) 'example_short_circuit_operator' retrieved from /home/airflow/.local/lib/python3.12/site-packages/airflow/example_dags/example_short_circuit_operator.py
[2024-04-21T08:05:55.255+0000] {logging_mixin.py:188} INFO - [2024-04-21T08:05:55.254+0000] {dag.py:3096} INFO - Sync 1 DAGs
[2024-04-21T08:05:55.264+0000] {logging_mixin.py:188} INFO - [2024-04-21T08:05:55.264+0000] {dag.py:3954} INFO - Setting next_dagrun for example_short_circuit_operator to 2024-04-20 00:00:00+00:00, run_after=2024-04-21 00:00:00+00:00
[2024-04-21T08:05:55.271+0000] {processor.py:183} INFO - Processing /home/airflow/.local/lib/python3.12/site-packages/airflow/example_dags/example_short_circuit_operator.py took 0.037 seconds
[2024-04-21T08:19:26.702+0000] {processor.py:161} INFO - Started process (PID=63) to work on /home/airflow/.local/lib/python3.12/site-packages/airflow/example_dags/example_short_circuit_operator.py
[2024-04-21T08:19:26.704+0000] {processor.py:830} INFO - Processing file /home/airflow/.local/lib/python3.12/site-packages/airflow/example_dags/example_short_circuit_operator.py for tasks to queue
[2024-04-21T08:19:26.705+0000] {logging_mixin.py:188} INFO - [2024-04-21T08:19:26.705+0000] {dagbag.py:540} INFO - Filling up the DagBag from /home/airflow/.local/lib/python3.12/site-packages/airflow/example_dags/example_short_circuit_operator.py
[2024-04-21T08:19:26.712+0000] {processor.py:840} INFO - DAG(s) 'example_short_circuit_operator' retrieved from /home/airflow/.local/lib/python3.12/site-packages/airflow/example_dags/example_short_circuit_operator.py
[2024-04-21T08:19:26.723+0000] {logging_mixin.py:188} INFO - [2024-04-21T08:19:26.723+0000] {dag.py:3096} INFO - Sync 1 DAGs
[2024-04-21T08:19:26.736+0000] {logging_mixin.py:188} INFO - [2024-04-21T08:19:26.736+0000] {dag.py:3954} INFO - Setting next_dagrun for example_short_circuit_operator to 2024-04-20 00:00:00+00:00, run_after=2024-04-21 00:00:00+00:00
[2024-04-21T08:19:26.746+0000] {processor.py:183} INFO - Processing /home/airflow/.local/lib/python3.12/site-packages/airflow/example_dags/example_short_circuit_operator.py took 0.048 seconds
[2024-04-21T08:19:57.104+0000] {processor.py:161} INFO - Started process (PID=125) to work on /home/airflow/.local/lib/python3.12/site-packages/airflow/example_dags/example_short_circuit_operator.py
[2024-04-21T08:19:57.105+0000] {processor.py:830} INFO - Processing file /home/airflow/.local/lib/python3.12/site-packages/airflow/example_dags/example_short_circuit_operator.py for tasks to queue
[2024-04-21T08:19:57.106+0000] {logging_mixin.py:188} INFO - [2024-04-21T08:19:57.106+0000] {dagbag.py:540} INFO - Filling up the DagBag from /home/airflow/.local/lib/python3.12/site-packages/airflow/example_dags/example_short_circuit_operator.py
[2024-04-21T08:19:57.110+0000] {processor.py:840} INFO - DAG(s) 'example_short_circuit_operator' retrieved from /home/airflow/.local/lib/python3.12/site-packages/airflow/example_dags/example_short_circuit_operator.py
[2024-04-21T08:19:57.162+0000] {logging_mixin.py:188} INFO - [2024-04-21T08:19:57.162+0000] {dag.py:3096} INFO - Sync 1 DAGs
[2024-04-21T08:19:57.172+0000] {logging_mixin.py:188} INFO - [2024-04-21T08:19:57.171+0000] {dag.py:3954} INFO - Setting next_dagrun for example_short_circuit_operator to 2024-04-20 00:00:00+00:00, run_after=2024-04-21 00:00:00+00:00
[2024-04-21T08:19:57.181+0000] {processor.py:183} INFO - Processing /home/airflow/.local/lib/python3.12/site-packages/airflow/example_dags/example_short_circuit_operator.py took 0.080 seconds
[2024-04-21T08:20:27.837+0000] {processor.py:161} INFO - Started process (PID=187) to work on /home/airflow/.local/lib/python3.12/site-packages/airflow/example_dags/example_short_circuit_operator.py
[2024-04-21T08:20:27.837+0000] {processor.py:830} INFO - Processing file /home/airflow/.local/lib/python3.12/site-packages/airflow/example_dags/example_short_circuit_operator.py for tasks to queue
[2024-04-21T08:20:27.838+0000] {logging_mixin.py:188} INFO - [2024-04-21T08:20:27.838+0000] {dagbag.py:540} INFO - Filling up the DagBag from /home/airflow/.local/lib/python3.12/site-packages/airflow/example_dags/example_short_circuit_operator.py
[2024-04-21T08:20:27.842+0000] {processor.py:840} INFO - DAG(s) 'example_short_circuit_operator' retrieved from /home/airflow/.local/lib/python3.12/site-packages/airflow/example_dags/example_short_circuit_operator.py
[2024-04-21T08:20:27.852+0000] {logging_mixin.py:188} INFO - [2024-04-21T08:20:27.852+0000] {dag.py:3096} INFO - Sync 1 DAGs
[2024-04-21T08:20:27.861+0000] {logging_mixin.py:188} INFO - [2024-04-21T08:20:27.861+0000] {dag.py:3954} INFO - Setting next_dagrun for example_short_circuit_operator to 2024-04-20 00:00:00+00:00, run_after=2024-04-21 00:00:00+00:00
[2024-04-21T08:20:27.869+0000] {processor.py:183} INFO - Processing /home/airflow/.local/lib/python3.12/site-packages/airflow/example_dags/example_short_circuit_operator.py took 0.035 seconds
[2024-04-21T08:20:58.876+0000] {processor.py:161} INFO - Started process (PID=249) to work on /home/airflow/.local/lib/python3.12/site-packages/airflow/example_dags/example_short_circuit_operator.py
[2024-04-21T08:20:58.877+0000] {processor.py:830} INFO - Processing file /home/airflow/.local/lib/python3.12/site-packages/airflow/example_dags/example_short_circuit_operator.py for tasks to queue
[2024-04-21T08:20:58.878+0000] {logging_mixin.py:188} INFO - [2024-04-21T08:20:58.878+0000] {dagbag.py:540} INFO - Filling up the DagBag from /home/airflow/.local/lib/python3.12/site-packages/airflow/example_dags/example_short_circuit_operator.py
[2024-04-21T08:20:58.882+0000] {processor.py:840} INFO - DAG(s) 'example_short_circuit_operator' retrieved from /home/airflow/.local/lib/python3.12/site-packages/airflow/example_dags/example_short_circuit_operator.py
[2024-04-21T08:20:58.892+0000] {logging_mixin.py:188} INFO - [2024-04-21T08:20:58.892+0000] {dag.py:3096} INFO - Sync 1 DAGs
[2024-04-21T08:20:58.901+0000] {logging_mixin.py:188} INFO - [2024-04-21T08:20:58.901+0000] {dag.py:3954} INFO - Setting next_dagrun for example_short_circuit_operator to 2024-04-20 00:00:00+00:00, run_after=2024-04-21 00:00:00+00:00
[2024-04-21T08:20:58.908+0000] {processor.py:183} INFO - Processing /home/airflow/.local/lib/python3.12/site-packages/airflow/example_dags/example_short_circuit_operator.py took 0.034 seconds
[2024-04-21T08:21:29.318+0000] {processor.py:161} INFO - Started process (PID=313) to work on /home/airflow/.local/lib/python3.12/site-packages/airflow/example_dags/example_short_circuit_operator.py
[2024-04-21T08:21:29.319+0000] {processor.py:830} INFO - Processing file /home/airflow/.local/lib/python3.12/site-packages/airflow/example_dags/example_short_circuit_operator.py for tasks to queue
[2024-04-21T08:21:29.320+0000] {logging_mixin.py:188} INFO - [2024-04-21T08:21:29.320+0000] {dagbag.py:540} INFO - Filling up the DagBag from /home/airflow/.local/lib/python3.12/site-packages/airflow/example_dags/example_short_circuit_operator.py
[2024-04-21T08:21:29.324+0000] {processor.py:840} INFO - DAG(s) 'example_short_circuit_operator' retrieved from /home/airflow/.local/lib/python3.12/site-packages/airflow/example_dags/example_short_circuit_operator.py
[2024-04-21T08:21:29.336+0000] {logging_mixin.py:188} INFO - [2024-04-21T08:21:29.336+0000] {dag.py:3096} INFO - Sync 1 DAGs
[2024-04-21T08:21:29.346+0000] {logging_mixin.py:188} INFO - [2024-04-21T08:21:29.346+0000] {dag.py:3954} INFO - Setting next_dagrun for example_short_circuit_operator to 2024-04-20 00:00:00+00:00, run_after=2024-04-21 00:00:00+00:00
[2024-04-21T08:21:29.355+0000] {processor.py:183} INFO - Processing /home/airflow/.local/lib/python3.12/site-packages/airflow/example_dags/example_short_circuit_operator.py took 0.039 seconds
[2024-04-21T08:22:00.073+0000] {processor.py:161} INFO - Started process (PID=374) to work on /home/airflow/.local/lib/python3.12/site-packages/airflow/example_dags/example_short_circuit_operator.py
[2024-04-21T08:22:00.074+0000] {processor.py:830} INFO - Processing file /home/airflow/.local/lib/python3.12/site-packages/airflow/example_dags/example_short_circuit_operator.py for tasks to queue
[2024-04-21T08:22:00.075+0000] {logging_mixin.py:188} INFO - [2024-04-21T08:22:00.075+0000] {dagbag.py:540} INFO - Filling up the DagBag from /home/airflow/.local/lib/python3.12/site-packages/airflow/example_dags/example_short_circuit_operator.py
[2024-04-21T08:22:00.080+0000] {processor.py:840} INFO - DAG(s) 'example_short_circuit_operator' retrieved from /home/airflow/.local/lib/python3.12/site-packages/airflow/example_dags/example_short_circuit_operator.py
[2024-04-21T08:22:00.095+0000] {logging_mixin.py:188} INFO - [2024-04-21T08:22:00.095+0000] {dag.py:3096} INFO - Sync 1 DAGs
[2024-04-21T08:22:00.107+0000] {logging_mixin.py:188} INFO - [2024-04-21T08:22:00.107+0000] {dag.py:3954} INFO - Setting next_dagrun for example_short_circuit_operator to 2024-04-20 00:00:00+00:00, run_after=2024-04-21 00:00:00+00:00
[2024-04-21T08:22:00.118+0000] {processor.py:183} INFO - Processing /home/airflow/.local/lib/python3.12/site-packages/airflow/example_dags/example_short_circuit_operator.py took 0.053 seconds
[2024-04-21T08:22:30.902+0000] {processor.py:161} INFO - Started process (PID=436) to work on /home/airflow/.local/lib/python3.12/site-packages/airflow/example_dags/example_short_circuit_operator.py
[2024-04-21T08:22:30.905+0000] {processor.py:830} INFO - Processing file /home/airflow/.local/lib/python3.12/site-packages/airflow/example_dags/example_short_circuit_operator.py for tasks to queue
[2024-04-21T08:22:30.906+0000] {logging_mixin.py:188} INFO - [2024-04-21T08:22:30.906+0000] {dagbag.py:540} INFO - Filling up the DagBag from /home/airflow/.local/lib/python3.12/site-packages/airflow/example_dags/example_short_circuit_operator.py
[2024-04-21T08:22:30.910+0000] {processor.py:840} INFO - DAG(s) 'example_short_circuit_operator' retrieved from /home/airflow/.local/lib/python3.12/site-packages/airflow/example_dags/example_short_circuit_operator.py
[2024-04-21T08:22:30.921+0000] {logging_mixin.py:188} INFO - [2024-04-21T08:22:30.921+0000] {dag.py:3096} INFO - Sync 1 DAGs
[2024-04-21T08:22:30.931+0000] {logging_mixin.py:188} INFO - [2024-04-21T08:22:30.931+0000] {dag.py:3954} INFO - Setting next_dagrun for example_short_circuit_operator to 2024-04-20 00:00:00+00:00, run_after=2024-04-21 00:00:00+00:00
[2024-04-21T08:22:30.946+0000] {processor.py:183} INFO - Processing /home/airflow/.local/lib/python3.12/site-packages/airflow/example_dags/example_short_circuit_operator.py took 0.046 seconds
[2024-04-21T08:23:01.616+0000] {processor.py:161} INFO - Started process (PID=498) to work on /home/airflow/.local/lib/python3.12/site-packages/airflow/example_dags/example_short_circuit_operator.py
[2024-04-21T08:23:01.617+0000] {processor.py:830} INFO - Processing file /home/airflow/.local/lib/python3.12/site-packages/airflow/example_dags/example_short_circuit_operator.py for tasks to queue
[2024-04-21T08:23:01.618+0000] {logging_mixin.py:188} INFO - [2024-04-21T08:23:01.618+0000] {dagbag.py:540} INFO - Filling up the DagBag from /home/airflow/.local/lib/python3.12/site-packages/airflow/example_dags/example_short_circuit_operator.py
[2024-04-21T08:23:01.623+0000] {processor.py:840} INFO - DAG(s) 'example_short_circuit_operator' retrieved from /home/airflow/.local/lib/python3.12/site-packages/airflow/example_dags/example_short_circuit_operator.py
[2024-04-21T08:23:01.636+0000] {logging_mixin.py:188} INFO - [2024-04-21T08:23:01.636+0000] {dag.py:3096} INFO - Sync 1 DAGs
[2024-04-21T08:23:01.647+0000] {logging_mixin.py:188} INFO - [2024-04-21T08:23:01.647+0000] {dag.py:3954} INFO - Setting next_dagrun for example_short_circuit_operator to 2024-04-20 00:00:00+00:00, run_after=2024-04-21 00:00:00+00:00
[2024-04-21T08:23:01.657+0000] {processor.py:183} INFO - Processing /home/airflow/.local/lib/python3.12/site-packages/airflow/example_dags/example_short_circuit_operator.py took 0.044 seconds
[2024-04-21T08:23:32.833+0000] {processor.py:161} INFO - Started process (PID=560) to work on /home/airflow/.local/lib/python3.12/site-packages/airflow/example_dags/example_short_circuit_operator.py
[2024-04-21T08:23:32.834+0000] {processor.py:830} INFO - Processing file /home/airflow/.local/lib/python3.12/site-packages/airflow/example_dags/example_short_circuit_operator.py for tasks to queue
[2024-04-21T08:23:32.836+0000] {logging_mixin.py:188} INFO - [2024-04-21T08:23:32.836+0000] {dagbag.py:540} INFO - Filling up the DagBag from /home/airflow/.local/lib/python3.12/site-packages/airflow/example_dags/example_short_circuit_operator.py
[2024-04-21T08:23:32.841+0000] {processor.py:840} INFO - DAG(s) 'example_short_circuit_operator' retrieved from /home/airflow/.local/lib/python3.12/site-packages/airflow/example_dags/example_short_circuit_operator.py
[2024-04-21T08:23:32.867+0000] {logging_mixin.py:188} INFO - [2024-04-21T08:23:32.867+0000] {dag.py:3096} INFO - Sync 1 DAGs
[2024-04-21T08:23:32.885+0000] {logging_mixin.py:188} INFO - [2024-04-21T08:23:32.885+0000] {dag.py:3954} INFO - Setting next_dagrun for example_short_circuit_operator to 2024-04-20 00:00:00+00:00, run_after=2024-04-21 00:00:00+00:00
[2024-04-21T08:23:32.902+0000] {processor.py:183} INFO - Processing /home/airflow/.local/lib/python3.12/site-packages/airflow/example_dags/example_short_circuit_operator.py took 0.074 seconds
[2024-04-21T08:24:03.053+0000] {processor.py:161} INFO - Started process (PID=622) to work on /home/airflow/.local/lib/python3.12/site-packages/airflow/example_dags/example_short_circuit_operator.py
[2024-04-21T08:24:03.054+0000] {processor.py:830} INFO - Processing file /home/airflow/.local/lib/python3.12/site-packages/airflow/example_dags/example_short_circuit_operator.py for tasks to queue
[2024-04-21T08:24:03.055+0000] {logging_mixin.py:188} INFO - [2024-04-21T08:24:03.055+0000] {dagbag.py:540} INFO - Filling up the DagBag from /home/airflow/.local/lib/python3.12/site-packages/airflow/example_dags/example_short_circuit_operator.py
[2024-04-21T08:24:03.059+0000] {processor.py:840} INFO - DAG(s) 'example_short_circuit_operator' retrieved from /home/airflow/.local/lib/python3.12/site-packages/airflow/example_dags/example_short_circuit_operator.py
[2024-04-21T08:24:03.069+0000] {logging_mixin.py:188} INFO - [2024-04-21T08:24:03.069+0000] {dag.py:3096} INFO - Sync 1 DAGs
[2024-04-21T08:24:03.080+0000] {logging_mixin.py:188} INFO - [2024-04-21T08:24:03.080+0000] {dag.py:3954} INFO - Setting next_dagrun for example_short_circuit_operator to 2024-04-20 00:00:00+00:00, run_after=2024-04-21 00:00:00+00:00
[2024-04-21T08:24:03.089+0000] {processor.py:183} INFO - Processing /home/airflow/.local/lib/python3.12/site-packages/airflow/example_dags/example_short_circuit_operator.py took 0.039 seconds
[2024-04-21T08:24:33.515+0000] {processor.py:161} INFO - Started process (PID=684) to work on /home/airflow/.local/lib/python3.12/site-packages/airflow/example_dags/example_short_circuit_operator.py
[2024-04-21T08:24:33.516+0000] {processor.py:830} INFO - Processing file /home/airflow/.local/lib/python3.12/site-packages/airflow/example_dags/example_short_circuit_operator.py for tasks to queue
[2024-04-21T08:24:33.517+0000] {logging_mixin.py:188} INFO - [2024-04-21T08:24:33.517+0000] {dagbag.py:540} INFO - Filling up the DagBag from /home/airflow/.local/lib/python3.12/site-packages/airflow/example_dags/example_short_circuit_operator.py
[2024-04-21T08:24:33.521+0000] {processor.py:840} INFO - DAG(s) 'example_short_circuit_operator' retrieved from /home/airflow/.local/lib/python3.12/site-packages/airflow/example_dags/example_short_circuit_operator.py
[2024-04-21T08:24:33.532+0000] {logging_mixin.py:188} INFO - [2024-04-21T08:24:33.532+0000] {dag.py:3096} INFO - Sync 1 DAGs
[2024-04-21T08:24:33.542+0000] {logging_mixin.py:188} INFO - [2024-04-21T08:24:33.542+0000] {dag.py:3954} INFO - Setting next_dagrun for example_short_circuit_operator to 2024-04-20 00:00:00+00:00, run_after=2024-04-21 00:00:00+00:00
[2024-04-21T08:24:33.550+0000] {processor.py:183} INFO - Processing /home/airflow/.local/lib/python3.12/site-packages/airflow/example_dags/example_short_circuit_operator.py took 0.038 seconds
[2024-04-21T08:25:04.740+0000] {processor.py:161} INFO - Started process (PID=745) to work on /home/airflow/.local/lib/python3.12/site-packages/airflow/example_dags/example_short_circuit_operator.py
[2024-04-21T08:25:04.741+0000] {processor.py:830} INFO - Processing file /home/airflow/.local/lib/python3.12/site-packages/airflow/example_dags/example_short_circuit_operator.py for tasks to queue
[2024-04-21T08:25:04.742+0000] {logging_mixin.py:188} INFO - [2024-04-21T08:25:04.742+0000] {dagbag.py:540} INFO - Filling up the DagBag from /home/airflow/.local/lib/python3.12/site-packages/airflow/example_dags/example_short_circuit_operator.py
[2024-04-21T08:25:04.746+0000] {processor.py:840} INFO - DAG(s) 'example_short_circuit_operator' retrieved from /home/airflow/.local/lib/python3.12/site-packages/airflow/example_dags/example_short_circuit_operator.py
[2024-04-21T08:25:04.759+0000] {logging_mixin.py:188} INFO - [2024-04-21T08:25:04.759+0000] {dag.py:3096} INFO - Sync 1 DAGs
[2024-04-21T08:25:04.769+0000] {logging_mixin.py:188} INFO - [2024-04-21T08:25:04.769+0000] {dag.py:3954} INFO - Setting next_dagrun for example_short_circuit_operator to 2024-04-20 00:00:00+00:00, run_after=2024-04-21 00:00:00+00:00
[2024-04-21T08:25:04.777+0000] {processor.py:183} INFO - Processing /home/airflow/.local/lib/python3.12/site-packages/airflow/example_dags/example_short_circuit_operator.py took 0.040 seconds
[2024-04-21T08:25:35.901+0000] {processor.py:161} INFO - Started process (PID=807) to work on /home/airflow/.local/lib/python3.12/site-packages/airflow/example_dags/example_short_circuit_operator.py
[2024-04-21T08:25:35.902+0000] {processor.py:830} INFO - Processing file /home/airflow/.local/lib/python3.12/site-packages/airflow/example_dags/example_short_circuit_operator.py for tasks to queue
[2024-04-21T08:25:35.903+0000] {logging_mixin.py:188} INFO - [2024-04-21T08:25:35.903+0000] {dagbag.py:540} INFO - Filling up the DagBag from /home/airflow/.local/lib/python3.12/site-packages/airflow/example_dags/example_short_circuit_operator.py
[2024-04-21T08:25:35.908+0000] {processor.py:840} INFO - DAG(s) 'example_short_circuit_operator' retrieved from /home/airflow/.local/lib/python3.12/site-packages/airflow/example_dags/example_short_circuit_operator.py
[2024-04-21T08:25:35.926+0000] {logging_mixin.py:188} INFO - [2024-04-21T08:25:35.926+0000] {dag.py:3096} INFO - Sync 1 DAGs
[2024-04-21T08:25:35.938+0000] {logging_mixin.py:188} INFO - [2024-04-21T08:25:35.938+0000] {dag.py:3954} INFO - Setting next_dagrun for example_short_circuit_operator to 2024-04-20 00:00:00+00:00, run_after=2024-04-21 00:00:00+00:00
[2024-04-21T08:25:35.950+0000] {processor.py:183} INFO - Processing /home/airflow/.local/lib/python3.12/site-packages/airflow/example_dags/example_short_circuit_operator.py took 0.053 seconds
[2024-04-21T08:26:06.559+0000] {processor.py:161} INFO - Started process (PID=869) to work on /home/airflow/.local/lib/python3.12/site-packages/airflow/example_dags/example_short_circuit_operator.py
[2024-04-21T08:26:06.560+0000] {processor.py:830} INFO - Processing file /home/airflow/.local/lib/python3.12/site-packages/airflow/example_dags/example_short_circuit_operator.py for tasks to queue
[2024-04-21T08:26:06.562+0000] {logging_mixin.py:188} INFO - [2024-04-21T08:26:06.561+0000] {dagbag.py:540} INFO - Filling up the DagBag from /home/airflow/.local/lib/python3.12/site-packages/airflow/example_dags/example_short_circuit_operator.py
[2024-04-21T08:26:06.567+0000] {processor.py:840} INFO - DAG(s) 'example_short_circuit_operator' retrieved from /home/airflow/.local/lib/python3.12/site-packages/airflow/example_dags/example_short_circuit_operator.py
[2024-04-21T08:26:06.586+0000] {logging_mixin.py:188} INFO - [2024-04-21T08:26:06.586+0000] {dag.py:3096} INFO - Sync 1 DAGs
[2024-04-21T08:26:06.600+0000] {logging_mixin.py:188} INFO - [2024-04-21T08:26:06.600+0000] {dag.py:3954} INFO - Setting next_dagrun for example_short_circuit_operator to 2024-04-20 00:00:00+00:00, run_after=2024-04-21 00:00:00+00:00
[2024-04-21T08:26:06.622+0000] {processor.py:183} INFO - Processing /home/airflow/.local/lib/python3.12/site-packages/airflow/example_dags/example_short_circuit_operator.py took 0.066 seconds
[2024-04-21T08:26:36.759+0000] {processor.py:161} INFO - Started process (PID=931) to work on /home/airflow/.local/lib/python3.12/site-packages/airflow/example_dags/example_short_circuit_operator.py
[2024-04-21T08:26:36.760+0000] {processor.py:830} INFO - Processing file /home/airflow/.local/lib/python3.12/site-packages/airflow/example_dags/example_short_circuit_operator.py for tasks to queue
[2024-04-21T08:26:36.762+0000] {logging_mixin.py:188} INFO - [2024-04-21T08:26:36.761+0000] {dagbag.py:540} INFO - Filling up the DagBag from /home/airflow/.local/lib/python3.12/site-packages/airflow/example_dags/example_short_circuit_operator.py
[2024-04-21T08:26:36.766+0000] {processor.py:840} INFO - DAG(s) 'example_short_circuit_operator' retrieved from /home/airflow/.local/lib/python3.12/site-packages/airflow/example_dags/example_short_circuit_operator.py
[2024-04-21T08:26:36.780+0000] {logging_mixin.py:188} INFO - [2024-04-21T08:26:36.779+0000] {dag.py:3096} INFO - Sync 1 DAGs
[2024-04-21T08:26:36.791+0000] {logging_mixin.py:188} INFO - [2024-04-21T08:26:36.791+0000] {dag.py:3954} INFO - Setting next_dagrun for example_short_circuit_operator to 2024-04-20 00:00:00+00:00, run_after=2024-04-21 00:00:00+00:00
[2024-04-21T08:26:36.802+0000] {processor.py:183} INFO - Processing /home/airflow/.local/lib/python3.12/site-packages/airflow/example_dags/example_short_circuit_operator.py took 0.046 seconds
[2024-04-21T08:27:07.393+0000] {processor.py:161} INFO - Started process (PID=993) to work on /home/airflow/.local/lib/python3.12/site-packages/airflow/example_dags/example_short_circuit_operator.py
[2024-04-21T08:27:07.394+0000] {processor.py:830} INFO - Processing file /home/airflow/.local/lib/python3.12/site-packages/airflow/example_dags/example_short_circuit_operator.py for tasks to queue
[2024-04-21T08:27:07.395+0000] {logging_mixin.py:188} INFO - [2024-04-21T08:27:07.395+0000] {dagbag.py:540} INFO - Filling up the DagBag from /home/airflow/.local/lib/python3.12/site-packages/airflow/example_dags/example_short_circuit_operator.py
[2024-04-21T08:27:07.399+0000] {processor.py:840} INFO - DAG(s) 'example_short_circuit_operator' retrieved from /home/airflow/.local/lib/python3.12/site-packages/airflow/example_dags/example_short_circuit_operator.py
[2024-04-21T08:27:07.412+0000] {logging_mixin.py:188} INFO - [2024-04-21T08:27:07.412+0000] {dag.py:3096} INFO - Sync 1 DAGs
[2024-04-21T08:27:07.423+0000] {logging_mixin.py:188} INFO - [2024-04-21T08:27:07.423+0000] {dag.py:3954} INFO - Setting next_dagrun for example_short_circuit_operator to 2024-04-20 00:00:00+00:00, run_after=2024-04-21 00:00:00+00:00
[2024-04-21T08:27:07.432+0000] {processor.py:183} INFO - Processing /home/airflow/.local/lib/python3.12/site-packages/airflow/example_dags/example_short_circuit_operator.py took 0.042 seconds
