[2024-04-21T06:45:03.389+0000] {processor.py:161} INFO - Started process (PID=71) to work on /home/airflow/.local/lib/python3.12/site-packages/airflow/example_dags/example_task_group.py
[2024-04-21T06:45:03.390+0000] {processor.py:830} INFO - Processing file /home/airflow/.local/lib/python3.12/site-packages/airflow/example_dags/example_task_group.py for tasks to queue
[2024-04-21T06:45:03.391+0000] {logging_mixin.py:188} INFO - [2024-04-21T06:45:03.391+0000] {dagbag.py:540} INFO - Filling up the DagBag from /home/airflow/.local/lib/python3.12/site-packages/airflow/example_dags/example_task_group.py
[2024-04-21T06:45:03.398+0000] {processor.py:840} INFO - DAG(s) 'example_task_group' retrieved from /home/airflow/.local/lib/python3.12/site-packages/airflow/example_dags/example_task_group.py
[2024-04-21T06:45:03.409+0000] {logging_mixin.py:188} INFO - [2024-04-21T06:45:03.409+0000] {dag.py:3096} INFO - Sync 1 DAGs
[2024-04-21T06:45:03.422+0000] {logging_mixin.py:188} INFO - [2024-04-21T06:45:03.422+0000] {dag.py:3954} INFO - Setting next_dagrun for example_task_group to 2024-04-20 00:00:00+00:00, run_after=2024-04-21 00:00:00+00:00
[2024-04-21T06:45:03.432+0000] {processor.py:183} INFO - Processing /home/airflow/.local/lib/python3.12/site-packages/airflow/example_dags/example_task_group.py took 0.046 seconds
[2024-04-21T06:45:33.856+0000] {processor.py:161} INFO - Started process (PID=132) to work on /home/airflow/.local/lib/python3.12/site-packages/airflow/example_dags/example_task_group.py
[2024-04-21T06:45:33.857+0000] {processor.py:830} INFO - Processing file /home/airflow/.local/lib/python3.12/site-packages/airflow/example_dags/example_task_group.py for tasks to queue
[2024-04-21T06:45:33.858+0000] {logging_mixin.py:188} INFO - [2024-04-21T06:45:33.857+0000] {dagbag.py:540} INFO - Filling up the DagBag from /home/airflow/.local/lib/python3.12/site-packages/airflow/example_dags/example_task_group.py
[2024-04-21T06:45:33.861+0000] {processor.py:840} INFO - DAG(s) 'example_task_group' retrieved from /home/airflow/.local/lib/python3.12/site-packages/airflow/example_dags/example_task_group.py
[2024-04-21T06:45:33.867+0000] {logging_mixin.py:188} INFO - [2024-04-21T06:45:33.867+0000] {dag.py:3096} INFO - Sync 1 DAGs
[2024-04-21T06:45:33.876+0000] {logging_mixin.py:188} INFO - [2024-04-21T06:45:33.876+0000] {dag.py:3954} INFO - Setting next_dagrun for example_task_group to 2024-04-20 00:00:00+00:00, run_after=2024-04-21 00:00:00+00:00
[2024-04-21T06:45:33.884+0000] {processor.py:183} INFO - Processing /home/airflow/.local/lib/python3.12/site-packages/airflow/example_dags/example_task_group.py took 0.031 seconds
[2024-04-21T07:09:06.857+0000] {processor.py:161} INFO - Started process (PID=70) to work on /home/airflow/.local/lib/python3.12/site-packages/airflow/example_dags/example_task_group.py
[2024-04-21T07:09:06.857+0000] {processor.py:830} INFO - Processing file /home/airflow/.local/lib/python3.12/site-packages/airflow/example_dags/example_task_group.py for tasks to queue
[2024-04-21T07:09:06.859+0000] {logging_mixin.py:188} INFO - [2024-04-21T07:09:06.859+0000] {dagbag.py:540} INFO - Filling up the DagBag from /home/airflow/.local/lib/python3.12/site-packages/airflow/example_dags/example_task_group.py
[2024-04-21T07:09:06.865+0000] {processor.py:840} INFO - DAG(s) 'example_task_group' retrieved from /home/airflow/.local/lib/python3.12/site-packages/airflow/example_dags/example_task_group.py
[2024-04-21T07:09:06.874+0000] {logging_mixin.py:188} INFO - [2024-04-21T07:09:06.874+0000] {dag.py:3096} INFO - Sync 1 DAGs
[2024-04-21T07:09:06.888+0000] {logging_mixin.py:188} INFO - [2024-04-21T07:09:06.888+0000] {dag.py:3954} INFO - Setting next_dagrun for example_task_group to 2024-04-20 00:00:00+00:00, run_after=2024-04-21 00:00:00+00:00
[2024-04-21T07:09:06.906+0000] {processor.py:183} INFO - Processing /home/airflow/.local/lib/python3.12/site-packages/airflow/example_dags/example_task_group.py took 0.052 seconds
[2024-04-21T07:58:38.149+0000] {processor.py:161} INFO - Started process (PID=71) to work on /home/airflow/.local/lib/python3.12/site-packages/airflow/example_dags/example_task_group.py
[2024-04-21T07:58:38.150+0000] {processor.py:830} INFO - Processing file /home/airflow/.local/lib/python3.12/site-packages/airflow/example_dags/example_task_group.py for tasks to queue
[2024-04-21T07:58:38.153+0000] {logging_mixin.py:188} INFO - [2024-04-21T07:58:38.153+0000] {dagbag.py:540} INFO - Filling up the DagBag from /home/airflow/.local/lib/python3.12/site-packages/airflow/example_dags/example_task_group.py
[2024-04-21T07:58:38.161+0000] {processor.py:840} INFO - DAG(s) 'example_task_group' retrieved from /home/airflow/.local/lib/python3.12/site-packages/airflow/example_dags/example_task_group.py
[2024-04-21T07:58:38.171+0000] {logging_mixin.py:188} INFO - [2024-04-21T07:58:38.171+0000] {dag.py:3096} INFO - Sync 1 DAGs
[2024-04-21T07:58:38.203+0000] {logging_mixin.py:188} INFO - [2024-04-21T07:58:38.203+0000] {dag.py:3954} INFO - Setting next_dagrun for example_task_group to 2024-04-20 00:00:00+00:00, run_after=2024-04-21 00:00:00+00:00
[2024-04-21T07:58:38.223+0000] {processor.py:183} INFO - Processing /home/airflow/.local/lib/python3.12/site-packages/airflow/example_dags/example_task_group.py took 0.080 seconds
[2024-04-21T07:59:08.615+0000] {processor.py:161} INFO - Started process (PID=132) to work on /home/airflow/.local/lib/python3.12/site-packages/airflow/example_dags/example_task_group.py
[2024-04-21T07:59:08.616+0000] {processor.py:830} INFO - Processing file /home/airflow/.local/lib/python3.12/site-packages/airflow/example_dags/example_task_group.py for tasks to queue
[2024-04-21T07:59:08.618+0000] {logging_mixin.py:188} INFO - [2024-04-21T07:59:08.617+0000] {dagbag.py:540} INFO - Filling up the DagBag from /home/airflow/.local/lib/python3.12/site-packages/airflow/example_dags/example_task_group.py
[2024-04-21T07:59:08.622+0000] {processor.py:840} INFO - DAG(s) 'example_task_group' retrieved from /home/airflow/.local/lib/python3.12/site-packages/airflow/example_dags/example_task_group.py
[2024-04-21T07:59:08.671+0000] {logging_mixin.py:188} INFO - [2024-04-21T07:59:08.671+0000] {dag.py:3096} INFO - Sync 1 DAGs
[2024-04-21T07:59:08.681+0000] {logging_mixin.py:188} INFO - [2024-04-21T07:59:08.680+0000] {dag.py:3954} INFO - Setting next_dagrun for example_task_group to 2024-04-20 00:00:00+00:00, run_after=2024-04-21 00:00:00+00:00
[2024-04-21T07:59:08.690+0000] {processor.py:183} INFO - Processing /home/airflow/.local/lib/python3.12/site-packages/airflow/example_dags/example_task_group.py took 0.077 seconds
[2024-04-21T07:59:39.336+0000] {processor.py:161} INFO - Started process (PID=194) to work on /home/airflow/.local/lib/python3.12/site-packages/airflow/example_dags/example_task_group.py
[2024-04-21T07:59:39.337+0000] {processor.py:830} INFO - Processing file /home/airflow/.local/lib/python3.12/site-packages/airflow/example_dags/example_task_group.py for tasks to queue
[2024-04-21T07:59:39.338+0000] {logging_mixin.py:188} INFO - [2024-04-21T07:59:39.338+0000] {dagbag.py:540} INFO - Filling up the DagBag from /home/airflow/.local/lib/python3.12/site-packages/airflow/example_dags/example_task_group.py
[2024-04-21T07:59:39.342+0000] {processor.py:840} INFO - DAG(s) 'example_task_group' retrieved from /home/airflow/.local/lib/python3.12/site-packages/airflow/example_dags/example_task_group.py
[2024-04-21T07:59:39.352+0000] {logging_mixin.py:188} INFO - [2024-04-21T07:59:39.352+0000] {dag.py:3096} INFO - Sync 1 DAGs
[2024-04-21T07:59:39.362+0000] {logging_mixin.py:188} INFO - [2024-04-21T07:59:39.362+0000] {dag.py:3954} INFO - Setting next_dagrun for example_task_group to 2024-04-20 00:00:00+00:00, run_after=2024-04-21 00:00:00+00:00
[2024-04-21T07:59:39.370+0000] {processor.py:183} INFO - Processing /home/airflow/.local/lib/python3.12/site-packages/airflow/example_dags/example_task_group.py took 0.037 seconds
[2024-04-21T08:00:10.164+0000] {processor.py:161} INFO - Started process (PID=255) to work on /home/airflow/.local/lib/python3.12/site-packages/airflow/example_dags/example_task_group.py
[2024-04-21T08:00:10.165+0000] {processor.py:830} INFO - Processing file /home/airflow/.local/lib/python3.12/site-packages/airflow/example_dags/example_task_group.py for tasks to queue
[2024-04-21T08:00:10.175+0000] {logging_mixin.py:188} INFO - [2024-04-21T08:00:10.175+0000] {dagbag.py:540} INFO - Filling up the DagBag from /home/airflow/.local/lib/python3.12/site-packages/airflow/example_dags/example_task_group.py
[2024-04-21T08:00:10.183+0000] {processor.py:840} INFO - DAG(s) 'example_task_group' retrieved from /home/airflow/.local/lib/python3.12/site-packages/airflow/example_dags/example_task_group.py
[2024-04-21T08:00:10.198+0000] {logging_mixin.py:188} INFO - [2024-04-21T08:00:10.198+0000] {dag.py:3096} INFO - Sync 1 DAGs
[2024-04-21T08:00:10.213+0000] {logging_mixin.py:188} INFO - [2024-04-21T08:00:10.212+0000] {dag.py:3954} INFO - Setting next_dagrun for example_task_group to 2024-04-20 00:00:00+00:00, run_after=2024-04-21 00:00:00+00:00
[2024-04-21T08:00:10.222+0000] {processor.py:183} INFO - Processing /home/airflow/.local/lib/python3.12/site-packages/airflow/example_dags/example_task_group.py took 0.061 seconds
[2024-04-21T08:00:40.726+0000] {processor.py:161} INFO - Started process (PID=319) to work on /home/airflow/.local/lib/python3.12/site-packages/airflow/example_dags/example_task_group.py
[2024-04-21T08:00:40.727+0000] {processor.py:830} INFO - Processing file /home/airflow/.local/lib/python3.12/site-packages/airflow/example_dags/example_task_group.py for tasks to queue
[2024-04-21T08:00:40.728+0000] {logging_mixin.py:188} INFO - [2024-04-21T08:00:40.728+0000] {dagbag.py:540} INFO - Filling up the DagBag from /home/airflow/.local/lib/python3.12/site-packages/airflow/example_dags/example_task_group.py
[2024-04-21T08:00:40.732+0000] {processor.py:840} INFO - DAG(s) 'example_task_group' retrieved from /home/airflow/.local/lib/python3.12/site-packages/airflow/example_dags/example_task_group.py
[2024-04-21T08:00:40.745+0000] {logging_mixin.py:188} INFO - [2024-04-21T08:00:40.745+0000] {dag.py:3096} INFO - Sync 1 DAGs
[2024-04-21T08:00:40.757+0000] {logging_mixin.py:188} INFO - [2024-04-21T08:00:40.757+0000] {dag.py:3954} INFO - Setting next_dagrun for example_task_group to 2024-04-20 00:00:00+00:00, run_after=2024-04-21 00:00:00+00:00
[2024-04-21T08:00:40.768+0000] {processor.py:183} INFO - Processing /home/airflow/.local/lib/python3.12/site-packages/airflow/example_dags/example_task_group.py took 0.045 seconds
[2024-04-21T08:01:11.609+0000] {processor.py:161} INFO - Started process (PID=381) to work on /home/airflow/.local/lib/python3.12/site-packages/airflow/example_dags/example_task_group.py
[2024-04-21T08:01:11.609+0000] {processor.py:830} INFO - Processing file /home/airflow/.local/lib/python3.12/site-packages/airflow/example_dags/example_task_group.py for tasks to queue
[2024-04-21T08:01:11.610+0000] {logging_mixin.py:188} INFO - [2024-04-21T08:01:11.610+0000] {dagbag.py:540} INFO - Filling up the DagBag from /home/airflow/.local/lib/python3.12/site-packages/airflow/example_dags/example_task_group.py
[2024-04-21T08:01:11.614+0000] {processor.py:840} INFO - DAG(s) 'example_task_group' retrieved from /home/airflow/.local/lib/python3.12/site-packages/airflow/example_dags/example_task_group.py
[2024-04-21T08:01:11.624+0000] {logging_mixin.py:188} INFO - [2024-04-21T08:01:11.624+0000] {dag.py:3096} INFO - Sync 1 DAGs
[2024-04-21T08:01:11.633+0000] {logging_mixin.py:188} INFO - [2024-04-21T08:01:11.633+0000] {dag.py:3954} INFO - Setting next_dagrun for example_task_group to 2024-04-20 00:00:00+00:00, run_after=2024-04-21 00:00:00+00:00
[2024-04-21T08:01:11.642+0000] {processor.py:183} INFO - Processing /home/airflow/.local/lib/python3.12/site-packages/airflow/example_dags/example_task_group.py took 0.036 seconds
[2024-04-21T08:05:55.457+0000] {processor.py:161} INFO - Started process (PID=437) to work on /home/airflow/.local/lib/python3.12/site-packages/airflow/example_dags/example_task_group.py
[2024-04-21T08:05:55.458+0000] {processor.py:830} INFO - Processing file /home/airflow/.local/lib/python3.12/site-packages/airflow/example_dags/example_task_group.py for tasks to queue
[2024-04-21T08:05:55.459+0000] {logging_mixin.py:188} INFO - [2024-04-21T08:05:55.459+0000] {dagbag.py:540} INFO - Filling up the DagBag from /home/airflow/.local/lib/python3.12/site-packages/airflow/example_dags/example_task_group.py
[2024-04-21T08:05:55.463+0000] {processor.py:840} INFO - DAG(s) 'example_task_group' retrieved from /home/airflow/.local/lib/python3.12/site-packages/airflow/example_dags/example_task_group.py
[2024-04-21T08:05:55.473+0000] {logging_mixin.py:188} INFO - [2024-04-21T08:05:55.473+0000] {dag.py:3096} INFO - Sync 1 DAGs
[2024-04-21T08:05:55.482+0000] {logging_mixin.py:188} INFO - [2024-04-21T08:05:55.482+0000] {dag.py:3954} INFO - Setting next_dagrun for example_task_group to 2024-04-20 00:00:00+00:00, run_after=2024-04-21 00:00:00+00:00
[2024-04-21T08:05:55.495+0000] {processor.py:183} INFO - Processing /home/airflow/.local/lib/python3.12/site-packages/airflow/example_dags/example_task_group.py took 0.041 seconds
[2024-04-21T08:19:26.995+0000] {processor.py:161} INFO - Started process (PID=71) to work on /home/airflow/.local/lib/python3.12/site-packages/airflow/example_dags/example_task_group.py
[2024-04-21T08:19:26.997+0000] {processor.py:830} INFO - Processing file /home/airflow/.local/lib/python3.12/site-packages/airflow/example_dags/example_task_group.py for tasks to queue
[2024-04-21T08:19:26.998+0000] {logging_mixin.py:188} INFO - [2024-04-21T08:19:26.998+0000] {dagbag.py:540} INFO - Filling up the DagBag from /home/airflow/.local/lib/python3.12/site-packages/airflow/example_dags/example_task_group.py
[2024-04-21T08:19:27.005+0000] {processor.py:840} INFO - DAG(s) 'example_task_group' retrieved from /home/airflow/.local/lib/python3.12/site-packages/airflow/example_dags/example_task_group.py
[2024-04-21T08:19:27.012+0000] {logging_mixin.py:188} INFO - [2024-04-21T08:19:27.012+0000] {dag.py:3096} INFO - Sync 1 DAGs
[2024-04-21T08:19:27.026+0000] {logging_mixin.py:188} INFO - [2024-04-21T08:19:27.026+0000] {dag.py:3954} INFO - Setting next_dagrun for example_task_group to 2024-04-20 00:00:00+00:00, run_after=2024-04-21 00:00:00+00:00
[2024-04-21T08:19:27.037+0000] {processor.py:183} INFO - Processing /home/airflow/.local/lib/python3.12/site-packages/airflow/example_dags/example_task_group.py took 0.046 seconds
[2024-04-21T08:19:57.480+0000] {processor.py:161} INFO - Started process (PID=133) to work on /home/airflow/.local/lib/python3.12/site-packages/airflow/example_dags/example_task_group.py
[2024-04-21T08:19:57.481+0000] {processor.py:830} INFO - Processing file /home/airflow/.local/lib/python3.12/site-packages/airflow/example_dags/example_task_group.py for tasks to queue
[2024-04-21T08:19:57.482+0000] {logging_mixin.py:188} INFO - [2024-04-21T08:19:57.481+0000] {dagbag.py:540} INFO - Filling up the DagBag from /home/airflow/.local/lib/python3.12/site-packages/airflow/example_dags/example_task_group.py
[2024-04-21T08:19:57.486+0000] {processor.py:840} INFO - DAG(s) 'example_task_group' retrieved from /home/airflow/.local/lib/python3.12/site-packages/airflow/example_dags/example_task_group.py
[2024-04-21T08:19:57.547+0000] {logging_mixin.py:188} INFO - [2024-04-21T08:19:57.547+0000] {dag.py:3096} INFO - Sync 1 DAGs
[2024-04-21T08:19:57.560+0000] {logging_mixin.py:188} INFO - [2024-04-21T08:19:57.560+0000] {dag.py:3954} INFO - Setting next_dagrun for example_task_group to 2024-04-20 00:00:00+00:00, run_after=2024-04-21 00:00:00+00:00
[2024-04-21T08:19:57.654+0000] {processor.py:183} INFO - Processing /home/airflow/.local/lib/python3.12/site-packages/airflow/example_dags/example_task_group.py took 0.177 seconds
[2024-04-21T08:20:28.027+0000] {processor.py:161} INFO - Started process (PID=195) to work on /home/airflow/.local/lib/python3.12/site-packages/airflow/example_dags/example_task_group.py
[2024-04-21T08:20:28.028+0000] {processor.py:830} INFO - Processing file /home/airflow/.local/lib/python3.12/site-packages/airflow/example_dags/example_task_group.py for tasks to queue
[2024-04-21T08:20:28.029+0000] {logging_mixin.py:188} INFO - [2024-04-21T08:20:28.029+0000] {dagbag.py:540} INFO - Filling up the DagBag from /home/airflow/.local/lib/python3.12/site-packages/airflow/example_dags/example_task_group.py
[2024-04-21T08:20:28.033+0000] {processor.py:840} INFO - DAG(s) 'example_task_group' retrieved from /home/airflow/.local/lib/python3.12/site-packages/airflow/example_dags/example_task_group.py
[2024-04-21T08:20:28.043+0000] {logging_mixin.py:188} INFO - [2024-04-21T08:20:28.043+0000] {dag.py:3096} INFO - Sync 1 DAGs
[2024-04-21T08:20:28.052+0000] {logging_mixin.py:188} INFO - [2024-04-21T08:20:28.052+0000] {dag.py:3954} INFO - Setting next_dagrun for example_task_group to 2024-04-20 00:00:00+00:00, run_after=2024-04-21 00:00:00+00:00
[2024-04-21T08:20:28.060+0000] {processor.py:183} INFO - Processing /home/airflow/.local/lib/python3.12/site-packages/airflow/example_dags/example_task_group.py took 0.036 seconds
[2024-04-21T08:20:59.090+0000] {processor.py:161} INFO - Started process (PID=257) to work on /home/airflow/.local/lib/python3.12/site-packages/airflow/example_dags/example_task_group.py
[2024-04-21T08:20:59.091+0000] {processor.py:830} INFO - Processing file /home/airflow/.local/lib/python3.12/site-packages/airflow/example_dags/example_task_group.py for tasks to queue
[2024-04-21T08:20:59.092+0000] {logging_mixin.py:188} INFO - [2024-04-21T08:20:59.092+0000] {dagbag.py:540} INFO - Filling up the DagBag from /home/airflow/.local/lib/python3.12/site-packages/airflow/example_dags/example_task_group.py
[2024-04-21T08:20:59.096+0000] {processor.py:840} INFO - DAG(s) 'example_task_group' retrieved from /home/airflow/.local/lib/python3.12/site-packages/airflow/example_dags/example_task_group.py
[2024-04-21T08:20:59.106+0000] {logging_mixin.py:188} INFO - [2024-04-21T08:20:59.106+0000] {dag.py:3096} INFO - Sync 1 DAGs
[2024-04-21T08:20:59.115+0000] {logging_mixin.py:188} INFO - [2024-04-21T08:20:59.115+0000] {dag.py:3954} INFO - Setting next_dagrun for example_task_group to 2024-04-20 00:00:00+00:00, run_after=2024-04-21 00:00:00+00:00
[2024-04-21T08:20:59.123+0000] {processor.py:183} INFO - Processing /home/airflow/.local/lib/python3.12/site-packages/airflow/example_dags/example_task_group.py took 0.035 seconds
[2024-04-21T08:21:29.543+0000] {processor.py:161} INFO - Started process (PID=321) to work on /home/airflow/.local/lib/python3.12/site-packages/airflow/example_dags/example_task_group.py
[2024-04-21T08:21:29.544+0000] {processor.py:830} INFO - Processing file /home/airflow/.local/lib/python3.12/site-packages/airflow/example_dags/example_task_group.py for tasks to queue
[2024-04-21T08:21:29.545+0000] {logging_mixin.py:188} INFO - [2024-04-21T08:21:29.545+0000] {dagbag.py:540} INFO - Filling up the DagBag from /home/airflow/.local/lib/python3.12/site-packages/airflow/example_dags/example_task_group.py
[2024-04-21T08:21:29.549+0000] {processor.py:840} INFO - DAG(s) 'example_task_group' retrieved from /home/airflow/.local/lib/python3.12/site-packages/airflow/example_dags/example_task_group.py
[2024-04-21T08:21:29.559+0000] {logging_mixin.py:188} INFO - [2024-04-21T08:21:29.559+0000] {dag.py:3096} INFO - Sync 1 DAGs
[2024-04-21T08:21:29.569+0000] {logging_mixin.py:188} INFO - [2024-04-21T08:21:29.569+0000] {dag.py:3954} INFO - Setting next_dagrun for example_task_group to 2024-04-20 00:00:00+00:00, run_after=2024-04-21 00:00:00+00:00
[2024-04-21T08:21:29.579+0000] {processor.py:183} INFO - Processing /home/airflow/.local/lib/python3.12/site-packages/airflow/example_dags/example_task_group.py took 0.038 seconds
[2024-04-21T08:22:00.314+0000] {processor.py:161} INFO - Started process (PID=382) to work on /home/airflow/.local/lib/python3.12/site-packages/airflow/example_dags/example_task_group.py
[2024-04-21T08:22:00.314+0000] {processor.py:830} INFO - Processing file /home/airflow/.local/lib/python3.12/site-packages/airflow/example_dags/example_task_group.py for tasks to queue
[2024-04-21T08:22:00.316+0000] {logging_mixin.py:188} INFO - [2024-04-21T08:22:00.315+0000] {dagbag.py:540} INFO - Filling up the DagBag from /home/airflow/.local/lib/python3.12/site-packages/airflow/example_dags/example_task_group.py
[2024-04-21T08:22:00.320+0000] {processor.py:840} INFO - DAG(s) 'example_task_group' retrieved from /home/airflow/.local/lib/python3.12/site-packages/airflow/example_dags/example_task_group.py
[2024-04-21T08:22:00.333+0000] {logging_mixin.py:188} INFO - [2024-04-21T08:22:00.332+0000] {dag.py:3096} INFO - Sync 1 DAGs
[2024-04-21T08:22:00.346+0000] {logging_mixin.py:188} INFO - [2024-04-21T08:22:00.346+0000] {dag.py:3954} INFO - Setting next_dagrun for example_task_group to 2024-04-20 00:00:00+00:00, run_after=2024-04-21 00:00:00+00:00
[2024-04-21T08:22:00.356+0000] {processor.py:183} INFO - Processing /home/airflow/.local/lib/python3.12/site-packages/airflow/example_dags/example_task_group.py took 0.045 seconds
[2024-04-21T08:22:31.104+0000] {processor.py:161} INFO - Started process (PID=444) to work on /home/airflow/.local/lib/python3.12/site-packages/airflow/example_dags/example_task_group.py
[2024-04-21T08:22:31.105+0000] {processor.py:830} INFO - Processing file /home/airflow/.local/lib/python3.12/site-packages/airflow/example_dags/example_task_group.py for tasks to queue
[2024-04-21T08:22:31.106+0000] {logging_mixin.py:188} INFO - [2024-04-21T08:22:31.106+0000] {dagbag.py:540} INFO - Filling up the DagBag from /home/airflow/.local/lib/python3.12/site-packages/airflow/example_dags/example_task_group.py
[2024-04-21T08:22:31.111+0000] {processor.py:840} INFO - DAG(s) 'example_task_group' retrieved from /home/airflow/.local/lib/python3.12/site-packages/airflow/example_dags/example_task_group.py
[2024-04-21T08:22:31.126+0000] {logging_mixin.py:188} INFO - [2024-04-21T08:22:31.126+0000] {dag.py:3096} INFO - Sync 1 DAGs
[2024-04-21T08:22:31.138+0000] {logging_mixin.py:188} INFO - [2024-04-21T08:22:31.137+0000] {dag.py:3954} INFO - Setting next_dagrun for example_task_group to 2024-04-20 00:00:00+00:00, run_after=2024-04-21 00:00:00+00:00
[2024-04-21T08:22:31.146+0000] {processor.py:183} INFO - Processing /home/airflow/.local/lib/python3.12/site-packages/airflow/example_dags/example_task_group.py took 0.046 seconds
[2024-04-21T08:23:01.838+0000] {processor.py:161} INFO - Started process (PID=506) to work on /home/airflow/.local/lib/python3.12/site-packages/airflow/example_dags/example_task_group.py
[2024-04-21T08:23:01.839+0000] {processor.py:830} INFO - Processing file /home/airflow/.local/lib/python3.12/site-packages/airflow/example_dags/example_task_group.py for tasks to queue
[2024-04-21T08:23:01.841+0000] {logging_mixin.py:188} INFO - [2024-04-21T08:23:01.840+0000] {dagbag.py:540} INFO - Filling up the DagBag from /home/airflow/.local/lib/python3.12/site-packages/airflow/example_dags/example_task_group.py
[2024-04-21T08:23:01.845+0000] {processor.py:840} INFO - DAG(s) 'example_task_group' retrieved from /home/airflow/.local/lib/python3.12/site-packages/airflow/example_dags/example_task_group.py
[2024-04-21T08:23:01.857+0000] {logging_mixin.py:188} INFO - [2024-04-21T08:23:01.857+0000] {dag.py:3096} INFO - Sync 1 DAGs
[2024-04-21T08:23:01.869+0000] {logging_mixin.py:188} INFO - [2024-04-21T08:23:01.869+0000] {dag.py:3954} INFO - Setting next_dagrun for example_task_group to 2024-04-20 00:00:00+00:00, run_after=2024-04-21 00:00:00+00:00
[2024-04-21T08:23:01.878+0000] {processor.py:183} INFO - Processing /home/airflow/.local/lib/python3.12/site-packages/airflow/example_dags/example_task_group.py took 0.046 seconds
[2024-04-21T08:23:33.230+0000] {processor.py:161} INFO - Started process (PID=568) to work on /home/airflow/.local/lib/python3.12/site-packages/airflow/example_dags/example_task_group.py
[2024-04-21T08:23:33.231+0000] {processor.py:830} INFO - Processing file /home/airflow/.local/lib/python3.12/site-packages/airflow/example_dags/example_task_group.py for tasks to queue
[2024-04-21T08:23:33.232+0000] {logging_mixin.py:188} INFO - [2024-04-21T08:23:33.232+0000] {dagbag.py:540} INFO - Filling up the DagBag from /home/airflow/.local/lib/python3.12/site-packages/airflow/example_dags/example_task_group.py
[2024-04-21T08:23:33.240+0000] {processor.py:840} INFO - DAG(s) 'example_task_group' retrieved from /home/airflow/.local/lib/python3.12/site-packages/airflow/example_dags/example_task_group.py
[2024-04-21T08:23:33.259+0000] {logging_mixin.py:188} INFO - [2024-04-21T08:23:33.258+0000] {dag.py:3096} INFO - Sync 1 DAGs
[2024-04-21T08:23:33.275+0000] {logging_mixin.py:188} INFO - [2024-04-21T08:23:33.274+0000] {dag.py:3954} INFO - Setting next_dagrun for example_task_group to 2024-04-20 00:00:00+00:00, run_after=2024-04-21 00:00:00+00:00
[2024-04-21T08:23:33.291+0000] {processor.py:183} INFO - Processing /home/airflow/.local/lib/python3.12/site-packages/airflow/example_dags/example_task_group.py took 0.066 seconds
[2024-04-21T08:24:04.302+0000] {processor.py:161} INFO - Started process (PID=630) to work on /home/airflow/.local/lib/python3.12/site-packages/airflow/example_dags/example_task_group.py
[2024-04-21T08:24:04.303+0000] {processor.py:830} INFO - Processing file /home/airflow/.local/lib/python3.12/site-packages/airflow/example_dags/example_task_group.py for tasks to queue
[2024-04-21T08:24:04.304+0000] {logging_mixin.py:188} INFO - [2024-04-21T08:24:04.304+0000] {dagbag.py:540} INFO - Filling up the DagBag from /home/airflow/.local/lib/python3.12/site-packages/airflow/example_dags/example_task_group.py
[2024-04-21T08:24:04.310+0000] {processor.py:840} INFO - DAG(s) 'example_task_group' retrieved from /home/airflow/.local/lib/python3.12/site-packages/airflow/example_dags/example_task_group.py
[2024-04-21T08:24:04.326+0000] {logging_mixin.py:188} INFO - [2024-04-21T08:24:04.326+0000] {dag.py:3096} INFO - Sync 1 DAGs
[2024-04-21T08:24:04.340+0000] {logging_mixin.py:188} INFO - [2024-04-21T08:24:04.340+0000] {dag.py:3954} INFO - Setting next_dagrun for example_task_group to 2024-04-20 00:00:00+00:00, run_after=2024-04-21 00:00:00+00:00
[2024-04-21T08:24:04.352+0000] {processor.py:183} INFO - Processing /home/airflow/.local/lib/python3.12/site-packages/airflow/example_dags/example_task_group.py took 0.055 seconds
[2024-04-21T08:24:34.711+0000] {processor.py:161} INFO - Started process (PID=692) to work on /home/airflow/.local/lib/python3.12/site-packages/airflow/example_dags/example_task_group.py
[2024-04-21T08:24:34.712+0000] {processor.py:830} INFO - Processing file /home/airflow/.local/lib/python3.12/site-packages/airflow/example_dags/example_task_group.py for tasks to queue
[2024-04-21T08:24:34.713+0000] {logging_mixin.py:188} INFO - [2024-04-21T08:24:34.713+0000] {dagbag.py:540} INFO - Filling up the DagBag from /home/airflow/.local/lib/python3.12/site-packages/airflow/example_dags/example_task_group.py
[2024-04-21T08:24:34.717+0000] {processor.py:840} INFO - DAG(s) 'example_task_group' retrieved from /home/airflow/.local/lib/python3.12/site-packages/airflow/example_dags/example_task_group.py
[2024-04-21T08:24:34.732+0000] {logging_mixin.py:188} INFO - [2024-04-21T08:24:34.731+0000] {dag.py:3096} INFO - Sync 1 DAGs
[2024-04-21T08:24:34.743+0000] {logging_mixin.py:188} INFO - [2024-04-21T08:24:34.743+0000] {dag.py:3954} INFO - Setting next_dagrun for example_task_group to 2024-04-20 00:00:00+00:00, run_after=2024-04-21 00:00:00+00:00
[2024-04-21T08:24:34.752+0000] {processor.py:183} INFO - Processing /home/airflow/.local/lib/python3.12/site-packages/airflow/example_dags/example_task_group.py took 0.045 seconds
[2024-04-21T08:25:04.932+0000] {processor.py:161} INFO - Started process (PID=753) to work on /home/airflow/.local/lib/python3.12/site-packages/airflow/example_dags/example_task_group.py
[2024-04-21T08:25:04.933+0000] {processor.py:830} INFO - Processing file /home/airflow/.local/lib/python3.12/site-packages/airflow/example_dags/example_task_group.py for tasks to queue
[2024-04-21T08:25:04.934+0000] {logging_mixin.py:188} INFO - [2024-04-21T08:25:04.934+0000] {dagbag.py:540} INFO - Filling up the DagBag from /home/airflow/.local/lib/python3.12/site-packages/airflow/example_dags/example_task_group.py
[2024-04-21T08:25:04.937+0000] {processor.py:840} INFO - DAG(s) 'example_task_group' retrieved from /home/airflow/.local/lib/python3.12/site-packages/airflow/example_dags/example_task_group.py
[2024-04-21T08:25:04.948+0000] {logging_mixin.py:188} INFO - [2024-04-21T08:25:04.947+0000] {dag.py:3096} INFO - Sync 1 DAGs
[2024-04-21T08:25:04.957+0000] {logging_mixin.py:188} INFO - [2024-04-21T08:25:04.957+0000] {dag.py:3954} INFO - Setting next_dagrun for example_task_group to 2024-04-20 00:00:00+00:00, run_after=2024-04-21 00:00:00+00:00
[2024-04-21T08:25:04.966+0000] {processor.py:183} INFO - Processing /home/airflow/.local/lib/python3.12/site-packages/airflow/example_dags/example_task_group.py took 0.036 seconds
[2024-04-21T08:25:36.152+0000] {processor.py:161} INFO - Started process (PID=815) to work on /home/airflow/.local/lib/python3.12/site-packages/airflow/example_dags/example_task_group.py
[2024-04-21T08:25:36.152+0000] {processor.py:830} INFO - Processing file /home/airflow/.local/lib/python3.12/site-packages/airflow/example_dags/example_task_group.py for tasks to queue
[2024-04-21T08:25:36.153+0000] {logging_mixin.py:188} INFO - [2024-04-21T08:25:36.153+0000] {dagbag.py:540} INFO - Filling up the DagBag from /home/airflow/.local/lib/python3.12/site-packages/airflow/example_dags/example_task_group.py
[2024-04-21T08:25:36.157+0000] {processor.py:840} INFO - DAG(s) 'example_task_group' retrieved from /home/airflow/.local/lib/python3.12/site-packages/airflow/example_dags/example_task_group.py
[2024-04-21T08:25:36.170+0000] {logging_mixin.py:188} INFO - [2024-04-21T08:25:36.170+0000] {dag.py:3096} INFO - Sync 1 DAGs
[2024-04-21T08:25:36.189+0000] {logging_mixin.py:188} INFO - [2024-04-21T08:25:36.188+0000] {dag.py:3954} INFO - Setting next_dagrun for example_task_group to 2024-04-20 00:00:00+00:00, run_after=2024-04-21 00:00:00+00:00
[2024-04-21T08:25:36.200+0000] {processor.py:183} INFO - Processing /home/airflow/.local/lib/python3.12/site-packages/airflow/example_dags/example_task_group.py took 0.052 seconds
[2024-04-21T08:26:06.908+0000] {processor.py:161} INFO - Started process (PID=877) to work on /home/airflow/.local/lib/python3.12/site-packages/airflow/example_dags/example_task_group.py
[2024-04-21T08:26:06.909+0000] {processor.py:830} INFO - Processing file /home/airflow/.local/lib/python3.12/site-packages/airflow/example_dags/example_task_group.py for tasks to queue
[2024-04-21T08:26:06.911+0000] {logging_mixin.py:188} INFO - [2024-04-21T08:26:06.911+0000] {dagbag.py:540} INFO - Filling up the DagBag from /home/airflow/.local/lib/python3.12/site-packages/airflow/example_dags/example_task_group.py
[2024-04-21T08:26:06.917+0000] {processor.py:840} INFO - DAG(s) 'example_task_group' retrieved from /home/airflow/.local/lib/python3.12/site-packages/airflow/example_dags/example_task_group.py
[2024-04-21T08:26:06.935+0000] {logging_mixin.py:188} INFO - [2024-04-21T08:26:06.935+0000] {dag.py:3096} INFO - Sync 1 DAGs
[2024-04-21T08:26:06.949+0000] {logging_mixin.py:188} INFO - [2024-04-21T08:26:06.949+0000] {dag.py:3954} INFO - Setting next_dagrun for example_task_group to 2024-04-20 00:00:00+00:00, run_after=2024-04-21 00:00:00+00:00
[2024-04-21T08:26:06.964+0000] {processor.py:183} INFO - Processing /home/airflow/.local/lib/python3.12/site-packages/airflow/example_dags/example_task_group.py took 0.061 seconds
[2024-04-21T08:26:36.986+0000] {processor.py:161} INFO - Started process (PID=938) to work on /home/airflow/.local/lib/python3.12/site-packages/airflow/example_dags/example_task_group.py
[2024-04-21T08:26:36.987+0000] {processor.py:830} INFO - Processing file /home/airflow/.local/lib/python3.12/site-packages/airflow/example_dags/example_task_group.py for tasks to queue
[2024-04-21T08:26:36.988+0000] {logging_mixin.py:188} INFO - [2024-04-21T08:26:36.988+0000] {dagbag.py:540} INFO - Filling up the DagBag from /home/airflow/.local/lib/python3.12/site-packages/airflow/example_dags/example_task_group.py
[2024-04-21T08:26:36.992+0000] {processor.py:840} INFO - DAG(s) 'example_task_group' retrieved from /home/airflow/.local/lib/python3.12/site-packages/airflow/example_dags/example_task_group.py
[2024-04-21T08:26:37.003+0000] {logging_mixin.py:188} INFO - [2024-04-21T08:26:37.003+0000] {dag.py:3096} INFO - Sync 1 DAGs
[2024-04-21T08:26:37.015+0000] {logging_mixin.py:188} INFO - [2024-04-21T08:26:37.014+0000] {dag.py:3954} INFO - Setting next_dagrun for example_task_group to 2024-04-20 00:00:00+00:00, run_after=2024-04-21 00:00:00+00:00
[2024-04-21T08:26:37.024+0000] {processor.py:183} INFO - Processing /home/airflow/.local/lib/python3.12/site-packages/airflow/example_dags/example_task_group.py took 0.042 seconds
[2024-04-21T08:27:07.602+0000] {processor.py:161} INFO - Started process (PID=1000) to work on /home/airflow/.local/lib/python3.12/site-packages/airflow/example_dags/example_task_group.py
[2024-04-21T08:27:07.603+0000] {processor.py:830} INFO - Processing file /home/airflow/.local/lib/python3.12/site-packages/airflow/example_dags/example_task_group.py for tasks to queue
[2024-04-21T08:27:07.605+0000] {logging_mixin.py:188} INFO - [2024-04-21T08:27:07.605+0000] {dagbag.py:540} INFO - Filling up the DagBag from /home/airflow/.local/lib/python3.12/site-packages/airflow/example_dags/example_task_group.py
[2024-04-21T08:27:07.611+0000] {processor.py:840} INFO - DAG(s) 'example_task_group' retrieved from /home/airflow/.local/lib/python3.12/site-packages/airflow/example_dags/example_task_group.py
[2024-04-21T08:27:07.627+0000] {logging_mixin.py:188} INFO - [2024-04-21T08:27:07.626+0000] {dag.py:3096} INFO - Sync 1 DAGs
[2024-04-21T08:27:07.639+0000] {logging_mixin.py:188} INFO - [2024-04-21T08:27:07.639+0000] {dag.py:3954} INFO - Setting next_dagrun for example_task_group to 2024-04-20 00:00:00+00:00, run_after=2024-04-21 00:00:00+00:00
[2024-04-21T08:27:07.649+0000] {processor.py:183} INFO - Processing /home/airflow/.local/lib/python3.12/site-packages/airflow/example_dags/example_task_group.py took 0.050 seconds
