[2024-04-21T06:45:03.109+0000] {processor.py:161} INFO - Started process (PID=66) to work on /home/airflow/.local/lib/python3.12/site-packages/airflow/example_dags/example_python_decorator.py
[2024-04-21T06:45:03.113+0000] {processor.py:830} INFO - Processing file /home/airflow/.local/lib/python3.12/site-packages/airflow/example_dags/example_python_decorator.py for tasks to queue
[2024-04-21T06:45:03.114+0000] {logging_mixin.py:188} INFO - [2024-04-21T06:45:03.114+0000] {dagbag.py:540} INFO - Filling up the DagBag from /home/airflow/.local/lib/python3.12/site-packages/airflow/example_dags/example_python_decorator.py
[2024-04-21T06:45:03.125+0000] {processor.py:840} INFO - DAG(s) 'example_python_decorator' retrieved from /home/airflow/.local/lib/python3.12/site-packages/airflow/example_dags/example_python_decorator.py
[2024-04-21T06:45:03.257+0000] {logging_mixin.py:188} INFO - [2024-04-21T06:45:03.257+0000] {dag.py:3096} INFO - Sync 1 DAGs
[2024-04-21T06:45:03.272+0000] {logging_mixin.py:188} INFO - [2024-04-21T06:45:03.272+0000] {dag.py:3954} INFO - Setting next_dagrun for example_python_decorator to None, run_after=None
[2024-04-21T06:45:03.290+0000] {processor.py:183} INFO - Processing /home/airflow/.local/lib/python3.12/site-packages/airflow/example_dags/example_python_decorator.py took 0.185 seconds
[2024-04-21T06:45:33.763+0000] {processor.py:161} INFO - Started process (PID=127) to work on /home/airflow/.local/lib/python3.12/site-packages/airflow/example_dags/example_python_decorator.py
[2024-04-21T06:45:33.764+0000] {processor.py:830} INFO - Processing file /home/airflow/.local/lib/python3.12/site-packages/airflow/example_dags/example_python_decorator.py for tasks to queue
[2024-04-21T06:45:33.765+0000] {logging_mixin.py:188} INFO - [2024-04-21T06:45:33.764+0000] {dagbag.py:540} INFO - Filling up the DagBag from /home/airflow/.local/lib/python3.12/site-packages/airflow/example_dags/example_python_decorator.py
[2024-04-21T06:45:33.771+0000] {processor.py:840} INFO - DAG(s) 'example_python_decorator' retrieved from /home/airflow/.local/lib/python3.12/site-packages/airflow/example_dags/example_python_decorator.py
[2024-04-21T06:45:33.777+0000] {logging_mixin.py:188} INFO - [2024-04-21T06:45:33.777+0000] {dag.py:3096} INFO - Sync 1 DAGs
[2024-04-21T06:45:33.784+0000] {logging_mixin.py:188} INFO - [2024-04-21T06:45:33.783+0000] {dag.py:3954} INFO - Setting next_dagrun for example_python_decorator to None, run_after=None
[2024-04-21T06:45:33.793+0000] {processor.py:183} INFO - Processing /home/airflow/.local/lib/python3.12/site-packages/airflow/example_dags/example_python_decorator.py took 0.033 seconds
[2024-04-21T07:09:06.553+0000] {processor.py:161} INFO - Started process (PID=65) to work on /home/airflow/.local/lib/python3.12/site-packages/airflow/example_dags/example_python_decorator.py
[2024-04-21T07:09:06.554+0000] {processor.py:830} INFO - Processing file /home/airflow/.local/lib/python3.12/site-packages/airflow/example_dags/example_python_decorator.py for tasks to queue
[2024-04-21T07:09:06.555+0000] {logging_mixin.py:188} INFO - [2024-04-21T07:09:06.555+0000] {dagbag.py:540} INFO - Filling up the DagBag from /home/airflow/.local/lib/python3.12/site-packages/airflow/example_dags/example_python_decorator.py
[2024-04-21T07:09:06.565+0000] {processor.py:840} INFO - DAG(s) 'example_python_decorator' retrieved from /home/airflow/.local/lib/python3.12/site-packages/airflow/example_dags/example_python_decorator.py
[2024-04-21T07:09:06.608+0000] {logging_mixin.py:188} INFO - [2024-04-21T07:09:06.606+0000] {dag.py:3096} INFO - Sync 1 DAGs
[2024-04-21T07:09:06.636+0000] {logging_mixin.py:188} INFO - [2024-04-21T07:09:06.635+0000] {dag.py:3954} INFO - Setting next_dagrun for example_python_decorator to None, run_after=None
[2024-04-21T07:09:06.688+0000] {processor.py:183} INFO - Processing /home/airflow/.local/lib/python3.12/site-packages/airflow/example_dags/example_python_decorator.py took 0.138 seconds
[2024-04-21T07:58:37.915+0000] {processor.py:161} INFO - Started process (PID=66) to work on /home/airflow/.local/lib/python3.12/site-packages/airflow/example_dags/example_python_decorator.py
[2024-04-21T07:58:37.917+0000] {processor.py:830} INFO - Processing file /home/airflow/.local/lib/python3.12/site-packages/airflow/example_dags/example_python_decorator.py for tasks to queue
[2024-04-21T07:58:37.919+0000] {logging_mixin.py:188} INFO - [2024-04-21T07:58:37.919+0000] {dagbag.py:540} INFO - Filling up the DagBag from /home/airflow/.local/lib/python3.12/site-packages/airflow/example_dags/example_python_decorator.py
[2024-04-21T07:58:37.936+0000] {processor.py:840} INFO - DAG(s) 'example_python_decorator' retrieved from /home/airflow/.local/lib/python3.12/site-packages/airflow/example_dags/example_python_decorator.py
[2024-04-21T07:58:37.961+0000] {logging_mixin.py:188} INFO - [2024-04-21T07:58:37.960+0000] {dag.py:3096} INFO - Sync 1 DAGs
[2024-04-21T07:58:37.976+0000] {logging_mixin.py:188} INFO - [2024-04-21T07:58:37.976+0000] {dag.py:3954} INFO - Setting next_dagrun for example_python_decorator to None, run_after=None
[2024-04-21T07:58:37.996+0000] {processor.py:183} INFO - Processing /home/airflow/.local/lib/python3.12/site-packages/airflow/example_dags/example_python_decorator.py took 0.086 seconds
[2024-04-21T07:59:08.325+0000] {processor.py:161} INFO - Started process (PID=127) to work on /home/airflow/.local/lib/python3.12/site-packages/airflow/example_dags/example_python_decorator.py
[2024-04-21T07:59:08.326+0000] {processor.py:830} INFO - Processing file /home/airflow/.local/lib/python3.12/site-packages/airflow/example_dags/example_python_decorator.py for tasks to queue
[2024-04-21T07:59:08.327+0000] {logging_mixin.py:188} INFO - [2024-04-21T07:59:08.327+0000] {dagbag.py:540} INFO - Filling up the DagBag from /home/airflow/.local/lib/python3.12/site-packages/airflow/example_dags/example_python_decorator.py
[2024-04-21T07:59:08.335+0000] {processor.py:840} INFO - DAG(s) 'example_python_decorator' retrieved from /home/airflow/.local/lib/python3.12/site-packages/airflow/example_dags/example_python_decorator.py
[2024-04-21T07:59:08.391+0000] {logging_mixin.py:188} INFO - [2024-04-21T07:59:08.391+0000] {dag.py:3096} INFO - Sync 1 DAGs
[2024-04-21T07:59:08.396+0000] {logging_mixin.py:188} INFO - [2024-04-21T07:59:08.396+0000] {dag.py:3954} INFO - Setting next_dagrun for example_python_decorator to None, run_after=None
[2024-04-21T07:59:08.408+0000] {processor.py:183} INFO - Processing /home/airflow/.local/lib/python3.12/site-packages/airflow/example_dags/example_python_decorator.py took 0.086 seconds
[2024-04-21T07:59:39.118+0000] {processor.py:161} INFO - Started process (PID=189) to work on /home/airflow/.local/lib/python3.12/site-packages/airflow/example_dags/example_python_decorator.py
[2024-04-21T07:59:39.120+0000] {processor.py:830} INFO - Processing file /home/airflow/.local/lib/python3.12/site-packages/airflow/example_dags/example_python_decorator.py for tasks to queue
[2024-04-21T07:59:39.122+0000] {logging_mixin.py:188} INFO - [2024-04-21T07:59:39.122+0000] {dagbag.py:540} INFO - Filling up the DagBag from /home/airflow/.local/lib/python3.12/site-packages/airflow/example_dags/example_python_decorator.py
[2024-04-21T07:59:39.131+0000] {processor.py:840} INFO - DAG(s) 'example_python_decorator' retrieved from /home/airflow/.local/lib/python3.12/site-packages/airflow/example_dags/example_python_decorator.py
[2024-04-21T07:59:39.145+0000] {logging_mixin.py:188} INFO - [2024-04-21T07:59:39.144+0000] {dag.py:3096} INFO - Sync 1 DAGs
[2024-04-21T07:59:39.151+0000] {logging_mixin.py:188} INFO - [2024-04-21T07:59:39.151+0000] {dag.py:3954} INFO - Setting next_dagrun for example_python_decorator to None, run_after=None
[2024-04-21T07:59:39.160+0000] {processor.py:183} INFO - Processing /home/airflow/.local/lib/python3.12/site-packages/airflow/example_dags/example_python_decorator.py took 0.051 seconds
[2024-04-21T08:00:10.032+0000] {processor.py:161} INFO - Started process (PID=250) to work on /home/airflow/.local/lib/python3.12/site-packages/airflow/example_dags/example_python_decorator.py
[2024-04-21T08:00:10.033+0000] {processor.py:830} INFO - Processing file /home/airflow/.local/lib/python3.12/site-packages/airflow/example_dags/example_python_decorator.py for tasks to queue
[2024-04-21T08:00:10.034+0000] {logging_mixin.py:188} INFO - [2024-04-21T08:00:10.034+0000] {dagbag.py:540} INFO - Filling up the DagBag from /home/airflow/.local/lib/python3.12/site-packages/airflow/example_dags/example_python_decorator.py
[2024-04-21T08:00:10.041+0000] {processor.py:840} INFO - DAG(s) 'example_python_decorator' retrieved from /home/airflow/.local/lib/python3.12/site-packages/airflow/example_dags/example_python_decorator.py
[2024-04-21T08:00:10.053+0000] {logging_mixin.py:188} INFO - [2024-04-21T08:00:10.053+0000] {dag.py:3096} INFO - Sync 1 DAGs
[2024-04-21T08:00:10.059+0000] {logging_mixin.py:188} INFO - [2024-04-21T08:00:10.059+0000] {dag.py:3954} INFO - Setting next_dagrun for example_python_decorator to None, run_after=None
[2024-04-21T08:00:10.068+0000] {processor.py:183} INFO - Processing /home/airflow/.local/lib/python3.12/site-packages/airflow/example_dags/example_python_decorator.py took 0.039 seconds
[2024-04-21T08:00:40.501+0000] {processor.py:161} INFO - Started process (PID=314) to work on /home/airflow/.local/lib/python3.12/site-packages/airflow/example_dags/example_python_decorator.py
[2024-04-21T08:00:40.502+0000] {processor.py:830} INFO - Processing file /home/airflow/.local/lib/python3.12/site-packages/airflow/example_dags/example_python_decorator.py for tasks to queue
[2024-04-21T08:00:40.504+0000] {logging_mixin.py:188} INFO - [2024-04-21T08:00:40.504+0000] {dagbag.py:540} INFO - Filling up the DagBag from /home/airflow/.local/lib/python3.12/site-packages/airflow/example_dags/example_python_decorator.py
[2024-04-21T08:00:40.515+0000] {processor.py:840} INFO - DAG(s) 'example_python_decorator' retrieved from /home/airflow/.local/lib/python3.12/site-packages/airflow/example_dags/example_python_decorator.py
[2024-04-21T08:00:40.530+0000] {logging_mixin.py:188} INFO - [2024-04-21T08:00:40.530+0000] {dag.py:3096} INFO - Sync 1 DAGs
[2024-04-21T08:00:40.539+0000] {logging_mixin.py:188} INFO - [2024-04-21T08:00:40.539+0000] {dag.py:3954} INFO - Setting next_dagrun for example_python_decorator to None, run_after=None
[2024-04-21T08:00:40.606+0000] {processor.py:183} INFO - Processing /home/airflow/.local/lib/python3.12/site-packages/airflow/example_dags/example_python_decorator.py took 0.109 seconds
[2024-04-21T08:01:11.482+0000] {processor.py:161} INFO - Started process (PID=376) to work on /home/airflow/.local/lib/python3.12/site-packages/airflow/example_dags/example_python_decorator.py
[2024-04-21T08:01:11.483+0000] {processor.py:830} INFO - Processing file /home/airflow/.local/lib/python3.12/site-packages/airflow/example_dags/example_python_decorator.py for tasks to queue
[2024-04-21T08:01:11.484+0000] {logging_mixin.py:188} INFO - [2024-04-21T08:01:11.484+0000] {dagbag.py:540} INFO - Filling up the DagBag from /home/airflow/.local/lib/python3.12/site-packages/airflow/example_dags/example_python_decorator.py
[2024-04-21T08:01:11.490+0000] {processor.py:840} INFO - DAG(s) 'example_python_decorator' retrieved from /home/airflow/.local/lib/python3.12/site-packages/airflow/example_dags/example_python_decorator.py
[2024-04-21T08:01:11.501+0000] {logging_mixin.py:188} INFO - [2024-04-21T08:01:11.501+0000] {dag.py:3096} INFO - Sync 1 DAGs
[2024-04-21T08:01:11.510+0000] {logging_mixin.py:188} INFO - [2024-04-21T08:01:11.510+0000] {dag.py:3954} INFO - Setting next_dagrun for example_python_decorator to None, run_after=None
[2024-04-21T08:01:11.519+0000] {processor.py:183} INFO - Processing /home/airflow/.local/lib/python3.12/site-packages/airflow/example_dags/example_python_decorator.py took 0.040 seconds
[2024-04-21T08:05:55.323+0000] {processor.py:161} INFO - Started process (PID=432) to work on /home/airflow/.local/lib/python3.12/site-packages/airflow/example_dags/example_python_decorator.py
[2024-04-21T08:05:55.324+0000] {processor.py:830} INFO - Processing file /home/airflow/.local/lib/python3.12/site-packages/airflow/example_dags/example_python_decorator.py for tasks to queue
[2024-04-21T08:05:55.325+0000] {logging_mixin.py:188} INFO - [2024-04-21T08:05:55.325+0000] {dagbag.py:540} INFO - Filling up the DagBag from /home/airflow/.local/lib/python3.12/site-packages/airflow/example_dags/example_python_decorator.py
[2024-04-21T08:05:55.331+0000] {processor.py:840} INFO - DAG(s) 'example_python_decorator' retrieved from /home/airflow/.local/lib/python3.12/site-packages/airflow/example_dags/example_python_decorator.py
[2024-04-21T08:05:55.341+0000] {logging_mixin.py:188} INFO - [2024-04-21T08:05:55.341+0000] {dag.py:3096} INFO - Sync 1 DAGs
[2024-04-21T08:05:55.346+0000] {logging_mixin.py:188} INFO - [2024-04-21T08:05:55.346+0000] {dag.py:3954} INFO - Setting next_dagrun for example_python_decorator to None, run_after=None
[2024-04-21T08:05:55.354+0000] {processor.py:183} INFO - Processing /home/airflow/.local/lib/python3.12/site-packages/airflow/example_dags/example_python_decorator.py took 0.033 seconds
[2024-04-21T08:19:26.832+0000] {processor.py:161} INFO - Started process (PID=66) to work on /home/airflow/.local/lib/python3.12/site-packages/airflow/example_dags/example_python_decorator.py
[2024-04-21T08:19:26.833+0000] {processor.py:830} INFO - Processing file /home/airflow/.local/lib/python3.12/site-packages/airflow/example_dags/example_python_decorator.py for tasks to queue
[2024-04-21T08:19:26.834+0000] {logging_mixin.py:188} INFO - [2024-04-21T08:19:26.834+0000] {dagbag.py:540} INFO - Filling up the DagBag from /home/airflow/.local/lib/python3.12/site-packages/airflow/example_dags/example_python_decorator.py
[2024-04-21T08:19:26.843+0000] {processor.py:840} INFO - DAG(s) 'example_python_decorator' retrieved from /home/airflow/.local/lib/python3.12/site-packages/airflow/example_dags/example_python_decorator.py
[2024-04-21T08:19:26.851+0000] {logging_mixin.py:188} INFO - [2024-04-21T08:19:26.850+0000] {dag.py:3096} INFO - Sync 1 DAGs
[2024-04-21T08:19:26.858+0000] {logging_mixin.py:188} INFO - [2024-04-21T08:19:26.858+0000] {dag.py:3954} INFO - Setting next_dagrun for example_python_decorator to None, run_after=None
[2024-04-21T08:19:26.869+0000] {processor.py:183} INFO - Processing /home/airflow/.local/lib/python3.12/site-packages/airflow/example_dags/example_python_decorator.py took 0.041 seconds
[2024-04-21T08:19:57.211+0000] {processor.py:161} INFO - Started process (PID=128) to work on /home/airflow/.local/lib/python3.12/site-packages/airflow/example_dags/example_python_decorator.py
[2024-04-21T08:19:57.212+0000] {processor.py:830} INFO - Processing file /home/airflow/.local/lib/python3.12/site-packages/airflow/example_dags/example_python_decorator.py for tasks to queue
[2024-04-21T08:19:57.213+0000] {logging_mixin.py:188} INFO - [2024-04-21T08:19:57.213+0000] {dagbag.py:540} INFO - Filling up the DagBag from /home/airflow/.local/lib/python3.12/site-packages/airflow/example_dags/example_python_decorator.py
[2024-04-21T08:19:57.220+0000] {processor.py:840} INFO - DAG(s) 'example_python_decorator' retrieved from /home/airflow/.local/lib/python3.12/site-packages/airflow/example_dags/example_python_decorator.py
[2024-04-21T08:19:57.269+0000] {logging_mixin.py:188} INFO - [2024-04-21T08:19:57.269+0000] {dag.py:3096} INFO - Sync 1 DAGs
[2024-04-21T08:19:57.274+0000] {logging_mixin.py:188} INFO - [2024-04-21T08:19:57.274+0000] {dag.py:3954} INFO - Setting next_dagrun for example_python_decorator to None, run_after=None
[2024-04-21T08:19:57.284+0000] {processor.py:183} INFO - Processing /home/airflow/.local/lib/python3.12/site-packages/airflow/example_dags/example_python_decorator.py took 0.076 seconds
[2024-04-21T08:20:27.922+0000] {processor.py:161} INFO - Started process (PID=190) to work on /home/airflow/.local/lib/python3.12/site-packages/airflow/example_dags/example_python_decorator.py
[2024-04-21T08:20:27.925+0000] {processor.py:830} INFO - Processing file /home/airflow/.local/lib/python3.12/site-packages/airflow/example_dags/example_python_decorator.py for tasks to queue
[2024-04-21T08:20:27.926+0000] {logging_mixin.py:188} INFO - [2024-04-21T08:20:27.926+0000] {dagbag.py:540} INFO - Filling up the DagBag from /home/airflow/.local/lib/python3.12/site-packages/airflow/example_dags/example_python_decorator.py
[2024-04-21T08:20:27.932+0000] {processor.py:840} INFO - DAG(s) 'example_python_decorator' retrieved from /home/airflow/.local/lib/python3.12/site-packages/airflow/example_dags/example_python_decorator.py
[2024-04-21T08:20:27.943+0000] {logging_mixin.py:188} INFO - [2024-04-21T08:20:27.943+0000] {dag.py:3096} INFO - Sync 1 DAGs
[2024-04-21T08:20:27.949+0000] {logging_mixin.py:188} INFO - [2024-04-21T08:20:27.948+0000] {dag.py:3954} INFO - Setting next_dagrun for example_python_decorator to None, run_after=None
[2024-04-21T08:20:27.957+0000] {processor.py:183} INFO - Processing /home/airflow/.local/lib/python3.12/site-packages/airflow/example_dags/example_python_decorator.py took 0.037 seconds
[2024-04-21T08:20:58.959+0000] {processor.py:161} INFO - Started process (PID=252) to work on /home/airflow/.local/lib/python3.12/site-packages/airflow/example_dags/example_python_decorator.py
[2024-04-21T08:20:58.959+0000] {processor.py:830} INFO - Processing file /home/airflow/.local/lib/python3.12/site-packages/airflow/example_dags/example_python_decorator.py for tasks to queue
[2024-04-21T08:20:58.960+0000] {logging_mixin.py:188} INFO - [2024-04-21T08:20:58.960+0000] {dagbag.py:540} INFO - Filling up the DagBag from /home/airflow/.local/lib/python3.12/site-packages/airflow/example_dags/example_python_decorator.py
[2024-04-21T08:20:58.966+0000] {processor.py:840} INFO - DAG(s) 'example_python_decorator' retrieved from /home/airflow/.local/lib/python3.12/site-packages/airflow/example_dags/example_python_decorator.py
[2024-04-21T08:20:58.976+0000] {logging_mixin.py:188} INFO - [2024-04-21T08:20:58.976+0000] {dag.py:3096} INFO - Sync 1 DAGs
[2024-04-21T08:20:58.981+0000] {logging_mixin.py:188} INFO - [2024-04-21T08:20:58.981+0000] {dag.py:3954} INFO - Setting next_dagrun for example_python_decorator to None, run_after=None
[2024-04-21T08:20:58.989+0000] {processor.py:183} INFO - Processing /home/airflow/.local/lib/python3.12/site-packages/airflow/example_dags/example_python_decorator.py took 0.033 seconds
[2024-04-21T08:21:29.408+0000] {processor.py:161} INFO - Started process (PID=316) to work on /home/airflow/.local/lib/python3.12/site-packages/airflow/example_dags/example_python_decorator.py
[2024-04-21T08:21:29.408+0000] {processor.py:830} INFO - Processing file /home/airflow/.local/lib/python3.12/site-packages/airflow/example_dags/example_python_decorator.py for tasks to queue
[2024-04-21T08:21:29.409+0000] {logging_mixin.py:188} INFO - [2024-04-21T08:21:29.409+0000] {dagbag.py:540} INFO - Filling up the DagBag from /home/airflow/.local/lib/python3.12/site-packages/airflow/example_dags/example_python_decorator.py
[2024-04-21T08:21:29.416+0000] {processor.py:840} INFO - DAG(s) 'example_python_decorator' retrieved from /home/airflow/.local/lib/python3.12/site-packages/airflow/example_dags/example_python_decorator.py
[2024-04-21T08:21:29.426+0000] {logging_mixin.py:188} INFO - [2024-04-21T08:21:29.426+0000] {dag.py:3096} INFO - Sync 1 DAGs
[2024-04-21T08:21:29.432+0000] {logging_mixin.py:188} INFO - [2024-04-21T08:21:29.432+0000] {dag.py:3954} INFO - Setting next_dagrun for example_python_decorator to None, run_after=None
[2024-04-21T08:21:29.440+0000] {processor.py:183} INFO - Processing /home/airflow/.local/lib/python3.12/site-packages/airflow/example_dags/example_python_decorator.py took 0.035 seconds
[2024-04-21T08:22:00.174+0000] {processor.py:161} INFO - Started process (PID=377) to work on /home/airflow/.local/lib/python3.12/site-packages/airflow/example_dags/example_python_decorator.py
[2024-04-21T08:22:00.175+0000] {processor.py:830} INFO - Processing file /home/airflow/.local/lib/python3.12/site-packages/airflow/example_dags/example_python_decorator.py for tasks to queue
[2024-04-21T08:22:00.176+0000] {logging_mixin.py:188} INFO - [2024-04-21T08:22:00.176+0000] {dagbag.py:540} INFO - Filling up the DagBag from /home/airflow/.local/lib/python3.12/site-packages/airflow/example_dags/example_python_decorator.py
[2024-04-21T08:22:00.184+0000] {processor.py:840} INFO - DAG(s) 'example_python_decorator' retrieved from /home/airflow/.local/lib/python3.12/site-packages/airflow/example_dags/example_python_decorator.py
[2024-04-21T08:22:00.199+0000] {logging_mixin.py:188} INFO - [2024-04-21T08:22:00.198+0000] {dag.py:3096} INFO - Sync 1 DAGs
[2024-04-21T08:22:00.207+0000] {logging_mixin.py:188} INFO - [2024-04-21T08:22:00.207+0000] {dag.py:3954} INFO - Setting next_dagrun for example_python_decorator to None, run_after=None
[2024-04-21T08:22:00.218+0000] {processor.py:183} INFO - Processing /home/airflow/.local/lib/python3.12/site-packages/airflow/example_dags/example_python_decorator.py took 0.048 seconds
[2024-04-21T08:22:30.990+0000] {processor.py:161} INFO - Started process (PID=439) to work on /home/airflow/.local/lib/python3.12/site-packages/airflow/example_dags/example_python_decorator.py
[2024-04-21T08:22:30.991+0000] {processor.py:830} INFO - Processing file /home/airflow/.local/lib/python3.12/site-packages/airflow/example_dags/example_python_decorator.py for tasks to queue
[2024-04-21T08:22:30.992+0000] {logging_mixin.py:188} INFO - [2024-04-21T08:22:30.992+0000] {dagbag.py:540} INFO - Filling up the DagBag from /home/airflow/.local/lib/python3.12/site-packages/airflow/example_dags/example_python_decorator.py
[2024-04-21T08:22:30.999+0000] {processor.py:840} INFO - DAG(s) 'example_python_decorator' retrieved from /home/airflow/.local/lib/python3.12/site-packages/airflow/example_dags/example_python_decorator.py
[2024-04-21T08:22:31.010+0000] {logging_mixin.py:188} INFO - [2024-04-21T08:22:31.010+0000] {dag.py:3096} INFO - Sync 1 DAGs
[2024-04-21T08:22:31.016+0000] {logging_mixin.py:188} INFO - [2024-04-21T08:22:31.016+0000] {dag.py:3954} INFO - Setting next_dagrun for example_python_decorator to None, run_after=None
[2024-04-21T08:22:31.024+0000] {processor.py:183} INFO - Processing /home/airflow/.local/lib/python3.12/site-packages/airflow/example_dags/example_python_decorator.py took 0.037 seconds
[2024-04-21T08:23:01.718+0000] {processor.py:161} INFO - Started process (PID=501) to work on /home/airflow/.local/lib/python3.12/site-packages/airflow/example_dags/example_python_decorator.py
[2024-04-21T08:23:01.719+0000] {processor.py:830} INFO - Processing file /home/airflow/.local/lib/python3.12/site-packages/airflow/example_dags/example_python_decorator.py for tasks to queue
[2024-04-21T08:23:01.720+0000] {logging_mixin.py:188} INFO - [2024-04-21T08:23:01.720+0000] {dagbag.py:540} INFO - Filling up the DagBag from /home/airflow/.local/lib/python3.12/site-packages/airflow/example_dags/example_python_decorator.py
[2024-04-21T08:23:01.727+0000] {processor.py:840} INFO - DAG(s) 'example_python_decorator' retrieved from /home/airflow/.local/lib/python3.12/site-packages/airflow/example_dags/example_python_decorator.py
[2024-04-21T08:23:01.739+0000] {logging_mixin.py:188} INFO - [2024-04-21T08:23:01.739+0000] {dag.py:3096} INFO - Sync 1 DAGs
[2024-04-21T08:23:01.746+0000] {logging_mixin.py:188} INFO - [2024-04-21T08:23:01.746+0000] {dag.py:3954} INFO - Setting next_dagrun for example_python_decorator to None, run_after=None
[2024-04-21T08:23:01.755+0000] {processor.py:183} INFO - Processing /home/airflow/.local/lib/python3.12/site-packages/airflow/example_dags/example_python_decorator.py took 0.040 seconds
[2024-04-21T08:23:32.974+0000] {processor.py:161} INFO - Started process (PID=563) to work on /home/airflow/.local/lib/python3.12/site-packages/airflow/example_dags/example_python_decorator.py
[2024-04-21T08:23:32.975+0000] {processor.py:830} INFO - Processing file /home/airflow/.local/lib/python3.12/site-packages/airflow/example_dags/example_python_decorator.py for tasks to queue
[2024-04-21T08:23:32.976+0000] {logging_mixin.py:188} INFO - [2024-04-21T08:23:32.976+0000] {dagbag.py:540} INFO - Filling up the DagBag from /home/airflow/.local/lib/python3.12/site-packages/airflow/example_dags/example_python_decorator.py
[2024-04-21T08:23:32.986+0000] {processor.py:840} INFO - DAG(s) 'example_python_decorator' retrieved from /home/airflow/.local/lib/python3.12/site-packages/airflow/example_dags/example_python_decorator.py
[2024-04-21T08:23:33.008+0000] {logging_mixin.py:188} INFO - [2024-04-21T08:23:33.008+0000] {dag.py:3096} INFO - Sync 1 DAGs
[2024-04-21T08:23:33.017+0000] {logging_mixin.py:188} INFO - [2024-04-21T08:23:33.017+0000] {dag.py:3954} INFO - Setting next_dagrun for example_python_decorator to None, run_after=None
[2024-04-21T08:23:33.033+0000] {processor.py:183} INFO - Processing /home/airflow/.local/lib/python3.12/site-packages/airflow/example_dags/example_python_decorator.py took 0.064 seconds
[2024-04-21T08:24:03.142+0000] {processor.py:161} INFO - Started process (PID=625) to work on /home/airflow/.local/lib/python3.12/site-packages/airflow/example_dags/example_python_decorator.py
[2024-04-21T08:24:03.142+0000] {processor.py:830} INFO - Processing file /home/airflow/.local/lib/python3.12/site-packages/airflow/example_dags/example_python_decorator.py for tasks to queue
[2024-04-21T08:24:03.144+0000] {logging_mixin.py:188} INFO - [2024-04-21T08:24:03.143+0000] {dagbag.py:540} INFO - Filling up the DagBag from /home/airflow/.local/lib/python3.12/site-packages/airflow/example_dags/example_python_decorator.py
[2024-04-21T08:24:03.150+0000] {processor.py:840} INFO - DAG(s) 'example_python_decorator' retrieved from /home/airflow/.local/lib/python3.12/site-packages/airflow/example_dags/example_python_decorator.py
[2024-04-21T08:24:03.162+0000] {logging_mixin.py:188} INFO - [2024-04-21T08:24:03.162+0000] {dag.py:3096} INFO - Sync 1 DAGs
[2024-04-21T08:24:03.168+0000] {logging_mixin.py:188} INFO - [2024-04-21T08:24:03.168+0000] {dag.py:3954} INFO - Setting next_dagrun for example_python_decorator to None, run_after=None
[2024-04-21T08:24:03.176+0000] {processor.py:183} INFO - Processing /home/airflow/.local/lib/python3.12/site-packages/airflow/example_dags/example_python_decorator.py took 0.038 seconds
[2024-04-21T08:24:33.605+0000] {processor.py:161} INFO - Started process (PID=687) to work on /home/airflow/.local/lib/python3.12/site-packages/airflow/example_dags/example_python_decorator.py
[2024-04-21T08:24:33.606+0000] {processor.py:830} INFO - Processing file /home/airflow/.local/lib/python3.12/site-packages/airflow/example_dags/example_python_decorator.py for tasks to queue
[2024-04-21T08:24:33.607+0000] {logging_mixin.py:188} INFO - [2024-04-21T08:24:33.606+0000] {dagbag.py:540} INFO - Filling up the DagBag from /home/airflow/.local/lib/python3.12/site-packages/airflow/example_dags/example_python_decorator.py
[2024-04-21T08:24:33.613+0000] {processor.py:840} INFO - DAG(s) 'example_python_decorator' retrieved from /home/airflow/.local/lib/python3.12/site-packages/airflow/example_dags/example_python_decorator.py
[2024-04-21T08:24:33.624+0000] {logging_mixin.py:188} INFO - [2024-04-21T08:24:33.624+0000] {dag.py:3096} INFO - Sync 1 DAGs
[2024-04-21T08:24:33.630+0000] {logging_mixin.py:188} INFO - [2024-04-21T08:24:33.630+0000] {dag.py:3954} INFO - Setting next_dagrun for example_python_decorator to None, run_after=None
[2024-04-21T08:24:33.638+0000] {processor.py:183} INFO - Processing /home/airflow/.local/lib/python3.12/site-packages/airflow/example_dags/example_python_decorator.py took 0.036 seconds
[2024-04-21T08:25:04.794+0000] {processor.py:161} INFO - Started process (PID=748) to work on /home/airflow/.local/lib/python3.12/site-packages/airflow/example_dags/example_python_decorator.py
[2024-04-21T08:25:04.795+0000] {processor.py:830} INFO - Processing file /home/airflow/.local/lib/python3.12/site-packages/airflow/example_dags/example_python_decorator.py for tasks to queue
[2024-04-21T08:25:04.796+0000] {logging_mixin.py:188} INFO - [2024-04-21T08:25:04.796+0000] {dagbag.py:540} INFO - Filling up the DagBag from /home/airflow/.local/lib/python3.12/site-packages/airflow/example_dags/example_python_decorator.py
[2024-04-21T08:25:04.802+0000] {processor.py:840} INFO - DAG(s) 'example_python_decorator' retrieved from /home/airflow/.local/lib/python3.12/site-packages/airflow/example_dags/example_python_decorator.py
[2024-04-21T08:25:04.813+0000] {logging_mixin.py:188} INFO - [2024-04-21T08:25:04.813+0000] {dag.py:3096} INFO - Sync 1 DAGs
[2024-04-21T08:25:04.818+0000] {logging_mixin.py:188} INFO - [2024-04-21T08:25:04.818+0000] {dag.py:3954} INFO - Setting next_dagrun for example_python_decorator to None, run_after=None
[2024-04-21T08:25:04.827+0000] {processor.py:183} INFO - Processing /home/airflow/.local/lib/python3.12/site-packages/airflow/example_dags/example_python_decorator.py took 0.035 seconds
[2024-04-21T08:25:35.999+0000] {processor.py:161} INFO - Started process (PID=810) to work on /home/airflow/.local/lib/python3.12/site-packages/airflow/example_dags/example_python_decorator.py
[2024-04-21T08:25:36.000+0000] {processor.py:830} INFO - Processing file /home/airflow/.local/lib/python3.12/site-packages/airflow/example_dags/example_python_decorator.py for tasks to queue
[2024-04-21T08:25:36.001+0000] {logging_mixin.py:188} INFO - [2024-04-21T08:25:36.001+0000] {dagbag.py:540} INFO - Filling up the DagBag from /home/airflow/.local/lib/python3.12/site-packages/airflow/example_dags/example_python_decorator.py
[2024-04-21T08:25:36.009+0000] {processor.py:840} INFO - DAG(s) 'example_python_decorator' retrieved from /home/airflow/.local/lib/python3.12/site-packages/airflow/example_dags/example_python_decorator.py
[2024-04-21T08:25:36.027+0000] {logging_mixin.py:188} INFO - [2024-04-21T08:25:36.026+0000] {dag.py:3096} INFO - Sync 1 DAGs
[2024-04-21T08:25:36.034+0000] {logging_mixin.py:188} INFO - [2024-04-21T08:25:36.034+0000] {dag.py:3954} INFO - Setting next_dagrun for example_python_decorator to None, run_after=None
[2024-04-21T08:25:36.046+0000] {processor.py:183} INFO - Processing /home/airflow/.local/lib/python3.12/site-packages/airflow/example_dags/example_python_decorator.py took 0.052 seconds
[2024-04-21T08:26:06.693+0000] {processor.py:161} INFO - Started process (PID=872) to work on /home/airflow/.local/lib/python3.12/site-packages/airflow/example_dags/example_python_decorator.py
[2024-04-21T08:26:06.695+0000] {processor.py:830} INFO - Processing file /home/airflow/.local/lib/python3.12/site-packages/airflow/example_dags/example_python_decorator.py for tasks to queue
[2024-04-21T08:26:06.700+0000] {logging_mixin.py:188} INFO - [2024-04-21T08:26:06.700+0000] {dagbag.py:540} INFO - Filling up the DagBag from /home/airflow/.local/lib/python3.12/site-packages/airflow/example_dags/example_python_decorator.py
[2024-04-21T08:26:06.712+0000] {processor.py:840} INFO - DAG(s) 'example_python_decorator' retrieved from /home/airflow/.local/lib/python3.12/site-packages/airflow/example_dags/example_python_decorator.py
[2024-04-21T08:26:06.733+0000] {logging_mixin.py:188} INFO - [2024-04-21T08:26:06.733+0000] {dag.py:3096} INFO - Sync 1 DAGs
[2024-04-21T08:26:06.744+0000] {logging_mixin.py:188} INFO - [2024-04-21T08:26:06.744+0000] {dag.py:3954} INFO - Setting next_dagrun for example_python_decorator to None, run_after=None
[2024-04-21T08:26:06.761+0000] {processor.py:183} INFO - Processing /home/airflow/.local/lib/python3.12/site-packages/airflow/example_dags/example_python_decorator.py took 0.072 seconds
[2024-04-21T08:26:36.826+0000] {processor.py:161} INFO - Started process (PID=934) to work on /home/airflow/.local/lib/python3.12/site-packages/airflow/example_dags/example_python_decorator.py
[2024-04-21T08:26:36.826+0000] {processor.py:830} INFO - Processing file /home/airflow/.local/lib/python3.12/site-packages/airflow/example_dags/example_python_decorator.py for tasks to queue
[2024-04-21T08:26:36.828+0000] {logging_mixin.py:188} INFO - [2024-04-21T08:26:36.827+0000] {dagbag.py:540} INFO - Filling up the DagBag from /home/airflow/.local/lib/python3.12/site-packages/airflow/example_dags/example_python_decorator.py
[2024-04-21T08:26:36.835+0000] {processor.py:840} INFO - DAG(s) 'example_python_decorator' retrieved from /home/airflow/.local/lib/python3.12/site-packages/airflow/example_dags/example_python_decorator.py
[2024-04-21T08:26:36.850+0000] {logging_mixin.py:188} INFO - [2024-04-21T08:26:36.849+0000] {dag.py:3096} INFO - Sync 1 DAGs
[2024-04-21T08:26:36.857+0000] {logging_mixin.py:188} INFO - [2024-04-21T08:26:36.857+0000] {dag.py:3954} INFO - Setting next_dagrun for example_python_decorator to None, run_after=None
[2024-04-21T08:26:36.868+0000] {processor.py:183} INFO - Processing /home/airflow/.local/lib/python3.12/site-packages/airflow/example_dags/example_python_decorator.py took 0.046 seconds
[2024-04-21T08:27:07.493+0000] {processor.py:161} INFO - Started process (PID=996) to work on /home/airflow/.local/lib/python3.12/site-packages/airflow/example_dags/example_python_decorator.py
[2024-04-21T08:27:07.494+0000] {processor.py:830} INFO - Processing file /home/airflow/.local/lib/python3.12/site-packages/airflow/example_dags/example_python_decorator.py for tasks to queue
[2024-04-21T08:27:07.495+0000] {logging_mixin.py:188} INFO - [2024-04-21T08:27:07.495+0000] {dagbag.py:540} INFO - Filling up the DagBag from /home/airflow/.local/lib/python3.12/site-packages/airflow/example_dags/example_python_decorator.py
[2024-04-21T08:27:07.503+0000] {processor.py:840} INFO - DAG(s) 'example_python_decorator' retrieved from /home/airflow/.local/lib/python3.12/site-packages/airflow/example_dags/example_python_decorator.py
[2024-04-21T08:27:07.516+0000] {logging_mixin.py:188} INFO - [2024-04-21T08:27:07.515+0000] {dag.py:3096} INFO - Sync 1 DAGs
[2024-04-21T08:27:07.522+0000] {logging_mixin.py:188} INFO - [2024-04-21T08:27:07.522+0000] {dag.py:3954} INFO - Setting next_dagrun for example_python_decorator to None, run_after=None
[2024-04-21T08:27:07.533+0000] {processor.py:183} INFO - Processing /home/airflow/.local/lib/python3.12/site-packages/airflow/example_dags/example_python_decorator.py took 0.044 seconds
