[2024-04-21T06:45:03.446+0000] {processor.py:161} INFO - Started process (PID=72) to work on /home/airflow/.local/lib/python3.12/site-packages/airflow/example_dags/example_skip_dag.py
[2024-04-21T06:45:03.447+0000] {processor.py:830} INFO - Processing file /home/airflow/.local/lib/python3.12/site-packages/airflow/example_dags/example_skip_dag.py for tasks to queue
[2024-04-21T06:45:03.448+0000] {logging_mixin.py:188} INFO - [2024-04-21T06:45:03.448+0000] {dagbag.py:540} INFO - Filling up the DagBag from /home/airflow/.local/lib/python3.12/site-packages/airflow/example_dags/example_skip_dag.py
[2024-04-21T06:45:03.454+0000] {processor.py:840} INFO - DAG(s) 'example_skip_dag' retrieved from /home/airflow/.local/lib/python3.12/site-packages/airflow/example_dags/example_skip_dag.py
[2024-04-21T06:45:03.467+0000] {logging_mixin.py:188} INFO - [2024-04-21T06:45:03.467+0000] {dag.py:3096} INFO - Sync 1 DAGs
[2024-04-21T06:45:03.479+0000] {logging_mixin.py:188} INFO - [2024-04-21T06:45:03.479+0000] {dag.py:3954} INFO - Setting next_dagrun for example_skip_dag to 2024-04-20 00:00:00+00:00, run_after=2024-04-21 00:00:00+00:00
[2024-04-21T06:45:03.489+0000] {processor.py:183} INFO - Processing /home/airflow/.local/lib/python3.12/site-packages/airflow/example_dags/example_skip_dag.py took 0.046 seconds
[2024-04-21T06:45:33.895+0000] {processor.py:161} INFO - Started process (PID=133) to work on /home/airflow/.local/lib/python3.12/site-packages/airflow/example_dags/example_skip_dag.py
[2024-04-21T06:45:33.896+0000] {processor.py:830} INFO - Processing file /home/airflow/.local/lib/python3.12/site-packages/airflow/example_dags/example_skip_dag.py for tasks to queue
[2024-04-21T06:45:33.897+0000] {logging_mixin.py:188} INFO - [2024-04-21T06:45:33.897+0000] {dagbag.py:540} INFO - Filling up the DagBag from /home/airflow/.local/lib/python3.12/site-packages/airflow/example_dags/example_skip_dag.py
[2024-04-21T06:45:33.901+0000] {processor.py:840} INFO - DAG(s) 'example_skip_dag' retrieved from /home/airflow/.local/lib/python3.12/site-packages/airflow/example_dags/example_skip_dag.py
[2024-04-21T06:45:33.911+0000] {logging_mixin.py:188} INFO - [2024-04-21T06:45:33.911+0000] {dag.py:3096} INFO - Sync 1 DAGs
[2024-04-21T06:45:33.926+0000] {logging_mixin.py:188} INFO - [2024-04-21T06:45:33.926+0000] {dag.py:3954} INFO - Setting next_dagrun for example_skip_dag to 2024-04-20 00:00:00+00:00, run_after=2024-04-21 00:00:00+00:00
[2024-04-21T06:45:33.935+0000] {processor.py:183} INFO - Processing /home/airflow/.local/lib/python3.12/site-packages/airflow/example_dags/example_skip_dag.py took 0.042 seconds
[2024-04-21T07:09:06.931+0000] {processor.py:161} INFO - Started process (PID=71) to work on /home/airflow/.local/lib/python3.12/site-packages/airflow/example_dags/example_skip_dag.py
[2024-04-21T07:09:06.932+0000] {processor.py:830} INFO - Processing file /home/airflow/.local/lib/python3.12/site-packages/airflow/example_dags/example_skip_dag.py for tasks to queue
[2024-04-21T07:09:06.934+0000] {logging_mixin.py:188} INFO - [2024-04-21T07:09:06.933+0000] {dagbag.py:540} INFO - Filling up the DagBag from /home/airflow/.local/lib/python3.12/site-packages/airflow/example_dags/example_skip_dag.py
[2024-04-21T07:09:06.941+0000] {processor.py:840} INFO - DAG(s) 'example_skip_dag' retrieved from /home/airflow/.local/lib/python3.12/site-packages/airflow/example_dags/example_skip_dag.py
[2024-04-21T07:09:06.950+0000] {logging_mixin.py:188} INFO - [2024-04-21T07:09:06.950+0000] {dag.py:3096} INFO - Sync 1 DAGs
[2024-04-21T07:09:06.966+0000] {logging_mixin.py:188} INFO - [2024-04-21T07:09:06.966+0000] {dag.py:3954} INFO - Setting next_dagrun for example_skip_dag to 2024-04-20 00:00:00+00:00, run_after=2024-04-21 00:00:00+00:00
[2024-04-21T07:09:07.006+0000] {processor.py:183} INFO - Processing /home/airflow/.local/lib/python3.12/site-packages/airflow/example_dags/example_skip_dag.py took 0.080 seconds
[2024-04-21T07:58:38.241+0000] {processor.py:161} INFO - Started process (PID=72) to work on /home/airflow/.local/lib/python3.12/site-packages/airflow/example_dags/example_skip_dag.py
[2024-04-21T07:58:38.243+0000] {processor.py:830} INFO - Processing file /home/airflow/.local/lib/python3.12/site-packages/airflow/example_dags/example_skip_dag.py for tasks to queue
[2024-04-21T07:58:38.244+0000] {logging_mixin.py:188} INFO - [2024-04-21T07:58:38.244+0000] {dagbag.py:540} INFO - Filling up the DagBag from /home/airflow/.local/lib/python3.12/site-packages/airflow/example_dags/example_skip_dag.py
[2024-04-21T07:58:38.250+0000] {processor.py:840} INFO - DAG(s) 'example_skip_dag' retrieved from /home/airflow/.local/lib/python3.12/site-packages/airflow/example_dags/example_skip_dag.py
[2024-04-21T07:58:38.258+0000] {logging_mixin.py:188} INFO - [2024-04-21T07:58:38.258+0000] {dag.py:3096} INFO - Sync 1 DAGs
[2024-04-21T07:58:38.272+0000] {logging_mixin.py:188} INFO - [2024-04-21T07:58:38.271+0000] {dag.py:3954} INFO - Setting next_dagrun for example_skip_dag to 2024-04-20 00:00:00+00:00, run_after=2024-04-21 00:00:00+00:00
[2024-04-21T07:58:38.286+0000] {processor.py:183} INFO - Processing /home/airflow/.local/lib/python3.12/site-packages/airflow/example_dags/example_skip_dag.py took 0.050 seconds
[2024-04-21T07:59:08.682+0000] {processor.py:161} INFO - Started process (PID=133) to work on /home/airflow/.local/lib/python3.12/site-packages/airflow/example_dags/example_skip_dag.py
[2024-04-21T07:59:08.683+0000] {processor.py:830} INFO - Processing file /home/airflow/.local/lib/python3.12/site-packages/airflow/example_dags/example_skip_dag.py for tasks to queue
[2024-04-21T07:59:08.684+0000] {logging_mixin.py:188} INFO - [2024-04-21T07:59:08.684+0000] {dagbag.py:540} INFO - Filling up the DagBag from /home/airflow/.local/lib/python3.12/site-packages/airflow/example_dags/example_skip_dag.py
[2024-04-21T07:59:08.688+0000] {processor.py:840} INFO - DAG(s) 'example_skip_dag' retrieved from /home/airflow/.local/lib/python3.12/site-packages/airflow/example_dags/example_skip_dag.py
[2024-04-21T07:59:08.737+0000] {logging_mixin.py:188} INFO - [2024-04-21T07:59:08.737+0000] {dag.py:3096} INFO - Sync 1 DAGs
[2024-04-21T07:59:08.747+0000] {logging_mixin.py:188} INFO - [2024-04-21T07:59:08.747+0000] {dag.py:3954} INFO - Setting next_dagrun for example_skip_dag to 2024-04-20 00:00:00+00:00, run_after=2024-04-21 00:00:00+00:00
[2024-04-21T07:59:08.756+0000] {processor.py:183} INFO - Processing /home/airflow/.local/lib/python3.12/site-packages/airflow/example_dags/example_skip_dag.py took 0.076 seconds
[2024-04-21T07:59:39.338+0000] {processor.py:161} INFO - Started process (PID=195) to work on /home/airflow/.local/lib/python3.12/site-packages/airflow/example_dags/example_skip_dag.py
[2024-04-21T07:59:39.339+0000] {processor.py:830} INFO - Processing file /home/airflow/.local/lib/python3.12/site-packages/airflow/example_dags/example_skip_dag.py for tasks to queue
[2024-04-21T07:59:39.340+0000] {logging_mixin.py:188} INFO - [2024-04-21T07:59:39.340+0000] {dagbag.py:540} INFO - Filling up the DagBag from /home/airflow/.local/lib/python3.12/site-packages/airflow/example_dags/example_skip_dag.py
[2024-04-21T07:59:39.343+0000] {processor.py:840} INFO - DAG(s) 'example_skip_dag' retrieved from /home/airflow/.local/lib/python3.12/site-packages/airflow/example_dags/example_skip_dag.py
[2024-04-21T07:59:39.352+0000] {logging_mixin.py:188} INFO - [2024-04-21T07:59:39.352+0000] {dag.py:3096} INFO - Sync 1 DAGs
[2024-04-21T07:59:39.362+0000] {logging_mixin.py:188} INFO - [2024-04-21T07:59:39.362+0000] {dag.py:3954} INFO - Setting next_dagrun for example_skip_dag to 2024-04-20 00:00:00+00:00, run_after=2024-04-21 00:00:00+00:00
[2024-04-21T07:59:39.370+0000] {processor.py:183} INFO - Processing /home/airflow/.local/lib/python3.12/site-packages/airflow/example_dags/example_skip_dag.py took 0.035 seconds
[2024-04-21T08:00:10.234+0000] {processor.py:161} INFO - Started process (PID=256) to work on /home/airflow/.local/lib/python3.12/site-packages/airflow/example_dags/example_skip_dag.py
[2024-04-21T08:00:10.235+0000] {processor.py:830} INFO - Processing file /home/airflow/.local/lib/python3.12/site-packages/airflow/example_dags/example_skip_dag.py for tasks to queue
[2024-04-21T08:00:10.237+0000] {logging_mixin.py:188} INFO - [2024-04-21T08:00:10.236+0000] {dagbag.py:540} INFO - Filling up the DagBag from /home/airflow/.local/lib/python3.12/site-packages/airflow/example_dags/example_skip_dag.py
[2024-04-21T08:00:10.240+0000] {processor.py:840} INFO - DAG(s) 'example_skip_dag' retrieved from /home/airflow/.local/lib/python3.12/site-packages/airflow/example_dags/example_skip_dag.py
[2024-04-21T08:00:10.251+0000] {logging_mixin.py:188} INFO - [2024-04-21T08:00:10.251+0000] {dag.py:3096} INFO - Sync 1 DAGs
[2024-04-21T08:00:10.262+0000] {logging_mixin.py:188} INFO - [2024-04-21T08:00:10.262+0000] {dag.py:3954} INFO - Setting next_dagrun for example_skip_dag to 2024-04-20 00:00:00+00:00, run_after=2024-04-21 00:00:00+00:00
[2024-04-21T08:00:10.270+0000] {processor.py:183} INFO - Processing /home/airflow/.local/lib/python3.12/site-packages/airflow/example_dags/example_skip_dag.py took 0.039 seconds
[2024-04-21T08:00:40.782+0000] {processor.py:161} INFO - Started process (PID=320) to work on /home/airflow/.local/lib/python3.12/site-packages/airflow/example_dags/example_skip_dag.py
[2024-04-21T08:00:40.783+0000] {processor.py:830} INFO - Processing file /home/airflow/.local/lib/python3.12/site-packages/airflow/example_dags/example_skip_dag.py for tasks to queue
[2024-04-21T08:00:40.784+0000] {logging_mixin.py:188} INFO - [2024-04-21T08:00:40.784+0000] {dagbag.py:540} INFO - Filling up the DagBag from /home/airflow/.local/lib/python3.12/site-packages/airflow/example_dags/example_skip_dag.py
[2024-04-21T08:00:40.788+0000] {processor.py:840} INFO - DAG(s) 'example_skip_dag' retrieved from /home/airflow/.local/lib/python3.12/site-packages/airflow/example_dags/example_skip_dag.py
[2024-04-21T08:00:40.798+0000] {logging_mixin.py:188} INFO - [2024-04-21T08:00:40.798+0000] {dag.py:3096} INFO - Sync 1 DAGs
[2024-04-21T08:00:40.809+0000] {logging_mixin.py:188} INFO - [2024-04-21T08:00:40.809+0000] {dag.py:3954} INFO - Setting next_dagrun for example_skip_dag to 2024-04-20 00:00:00+00:00, run_after=2024-04-21 00:00:00+00:00
[2024-04-21T08:00:40.818+0000] {processor.py:183} INFO - Processing /home/airflow/.local/lib/python3.12/site-packages/airflow/example_dags/example_skip_dag.py took 0.039 seconds
[2024-04-21T08:01:11.652+0000] {processor.py:161} INFO - Started process (PID=382) to work on /home/airflow/.local/lib/python3.12/site-packages/airflow/example_dags/example_skip_dag.py
[2024-04-21T08:01:11.652+0000] {processor.py:830} INFO - Processing file /home/airflow/.local/lib/python3.12/site-packages/airflow/example_dags/example_skip_dag.py for tasks to queue
[2024-04-21T08:01:11.653+0000] {logging_mixin.py:188} INFO - [2024-04-21T08:01:11.653+0000] {dagbag.py:540} INFO - Filling up the DagBag from /home/airflow/.local/lib/python3.12/site-packages/airflow/example_dags/example_skip_dag.py
[2024-04-21T08:01:11.656+0000] {processor.py:840} INFO - DAG(s) 'example_skip_dag' retrieved from /home/airflow/.local/lib/python3.12/site-packages/airflow/example_dags/example_skip_dag.py
[2024-04-21T08:01:11.667+0000] {logging_mixin.py:188} INFO - [2024-04-21T08:01:11.667+0000] {dag.py:3096} INFO - Sync 1 DAGs
[2024-04-21T08:01:11.677+0000] {logging_mixin.py:188} INFO - [2024-04-21T08:01:11.677+0000] {dag.py:3954} INFO - Setting next_dagrun for example_skip_dag to 2024-04-20 00:00:00+00:00, run_after=2024-04-21 00:00:00+00:00
[2024-04-21T08:01:11.686+0000] {processor.py:183} INFO - Processing /home/airflow/.local/lib/python3.12/site-packages/airflow/example_dags/example_skip_dag.py took 0.038 seconds
[2024-04-21T08:05:55.508+0000] {processor.py:161} INFO - Started process (PID=438) to work on /home/airflow/.local/lib/python3.12/site-packages/airflow/example_dags/example_skip_dag.py
[2024-04-21T08:05:55.508+0000] {processor.py:830} INFO - Processing file /home/airflow/.local/lib/python3.12/site-packages/airflow/example_dags/example_skip_dag.py for tasks to queue
[2024-04-21T08:05:55.510+0000] {logging_mixin.py:188} INFO - [2024-04-21T08:05:55.510+0000] {dagbag.py:540} INFO - Filling up the DagBag from /home/airflow/.local/lib/python3.12/site-packages/airflow/example_dags/example_skip_dag.py
[2024-04-21T08:05:55.515+0000] {processor.py:840} INFO - DAG(s) 'example_skip_dag' retrieved from /home/airflow/.local/lib/python3.12/site-packages/airflow/example_dags/example_skip_dag.py
[2024-04-21T08:05:55.526+0000] {logging_mixin.py:188} INFO - [2024-04-21T08:05:55.526+0000] {dag.py:3096} INFO - Sync 1 DAGs
[2024-04-21T08:05:55.536+0000] {logging_mixin.py:188} INFO - [2024-04-21T08:05:55.536+0000] {dag.py:3954} INFO - Setting next_dagrun for example_skip_dag to 2024-04-20 00:00:00+00:00, run_after=2024-04-21 00:00:00+00:00
[2024-04-21T08:05:55.547+0000] {processor.py:183} INFO - Processing /home/airflow/.local/lib/python3.12/site-packages/airflow/example_dags/example_skip_dag.py took 0.042 seconds
[2024-04-21T08:19:27.053+0000] {processor.py:161} INFO - Started process (PID=72) to work on /home/airflow/.local/lib/python3.12/site-packages/airflow/example_dags/example_skip_dag.py
[2024-04-21T08:19:27.054+0000] {processor.py:830} INFO - Processing file /home/airflow/.local/lib/python3.12/site-packages/airflow/example_dags/example_skip_dag.py for tasks to queue
[2024-04-21T08:19:27.055+0000] {logging_mixin.py:188} INFO - [2024-04-21T08:19:27.055+0000] {dagbag.py:540} INFO - Filling up the DagBag from /home/airflow/.local/lib/python3.12/site-packages/airflow/example_dags/example_skip_dag.py
[2024-04-21T08:19:27.060+0000] {processor.py:840} INFO - DAG(s) 'example_skip_dag' retrieved from /home/airflow/.local/lib/python3.12/site-packages/airflow/example_dags/example_skip_dag.py
[2024-04-21T08:19:27.069+0000] {logging_mixin.py:188} INFO - [2024-04-21T08:19:27.069+0000] {dag.py:3096} INFO - Sync 1 DAGs
[2024-04-21T08:19:27.093+0000] {logging_mixin.py:188} INFO - [2024-04-21T08:19:27.093+0000] {dag.py:3954} INFO - Setting next_dagrun for example_skip_dag to 2024-04-20 00:00:00+00:00, run_after=2024-04-21 00:00:00+00:00
[2024-04-21T08:19:27.114+0000] {processor.py:183} INFO - Processing /home/airflow/.local/lib/python3.12/site-packages/airflow/example_dags/example_skip_dag.py took 0.065 seconds
[2024-04-21T08:19:57.645+0000] {processor.py:161} INFO - Started process (PID=134) to work on /home/airflow/.local/lib/python3.12/site-packages/airflow/example_dags/example_skip_dag.py
[2024-04-21T08:19:57.652+0000] {processor.py:830} INFO - Processing file /home/airflow/.local/lib/python3.12/site-packages/airflow/example_dags/example_skip_dag.py for tasks to queue
[2024-04-21T08:19:57.655+0000] {logging_mixin.py:188} INFO - [2024-04-21T08:19:57.654+0000] {dagbag.py:540} INFO - Filling up the DagBag from /home/airflow/.local/lib/python3.12/site-packages/airflow/example_dags/example_skip_dag.py
[2024-04-21T08:19:57.665+0000] {processor.py:840} INFO - DAG(s) 'example_skip_dag' retrieved from /home/airflow/.local/lib/python3.12/site-packages/airflow/example_dags/example_skip_dag.py
[2024-04-21T08:19:57.745+0000] {logging_mixin.py:188} INFO - [2024-04-21T08:19:57.744+0000] {dag.py:3096} INFO - Sync 1 DAGs
[2024-04-21T08:19:57.756+0000] {logging_mixin.py:188} INFO - [2024-04-21T08:19:57.756+0000] {dag.py:3954} INFO - Setting next_dagrun for example_skip_dag to 2024-04-20 00:00:00+00:00, run_after=2024-04-21 00:00:00+00:00
[2024-04-21T08:19:57.770+0000] {processor.py:183} INFO - Processing /home/airflow/.local/lib/python3.12/site-packages/airflow/example_dags/example_skip_dag.py took 0.130 seconds
[2024-04-21T08:20:28.072+0000] {processor.py:161} INFO - Started process (PID=196) to work on /home/airflow/.local/lib/python3.12/site-packages/airflow/example_dags/example_skip_dag.py
[2024-04-21T08:20:28.072+0000] {processor.py:830} INFO - Processing file /home/airflow/.local/lib/python3.12/site-packages/airflow/example_dags/example_skip_dag.py for tasks to queue
[2024-04-21T08:20:28.073+0000] {logging_mixin.py:188} INFO - [2024-04-21T08:20:28.073+0000] {dagbag.py:540} INFO - Filling up the DagBag from /home/airflow/.local/lib/python3.12/site-packages/airflow/example_dags/example_skip_dag.py
[2024-04-21T08:20:28.077+0000] {processor.py:840} INFO - DAG(s) 'example_skip_dag' retrieved from /home/airflow/.local/lib/python3.12/site-packages/airflow/example_dags/example_skip_dag.py
[2024-04-21T08:20:28.087+0000] {logging_mixin.py:188} INFO - [2024-04-21T08:20:28.087+0000] {dag.py:3096} INFO - Sync 1 DAGs
[2024-04-21T08:20:28.099+0000] {logging_mixin.py:188} INFO - [2024-04-21T08:20:28.099+0000] {dag.py:3954} INFO - Setting next_dagrun for example_skip_dag to 2024-04-20 00:00:00+00:00, run_after=2024-04-21 00:00:00+00:00
[2024-04-21T08:20:28.110+0000] {processor.py:183} INFO - Processing /home/airflow/.local/lib/python3.12/site-packages/airflow/example_dags/example_skip_dag.py took 0.041 seconds
[2024-04-21T08:20:59.134+0000] {processor.py:161} INFO - Started process (PID=258) to work on /home/airflow/.local/lib/python3.12/site-packages/airflow/example_dags/example_skip_dag.py
[2024-04-21T08:20:59.135+0000] {processor.py:830} INFO - Processing file /home/airflow/.local/lib/python3.12/site-packages/airflow/example_dags/example_skip_dag.py for tasks to queue
[2024-04-21T08:20:59.136+0000] {logging_mixin.py:188} INFO - [2024-04-21T08:20:59.135+0000] {dagbag.py:540} INFO - Filling up the DagBag from /home/airflow/.local/lib/python3.12/site-packages/airflow/example_dags/example_skip_dag.py
[2024-04-21T08:20:59.139+0000] {processor.py:840} INFO - DAG(s) 'example_skip_dag' retrieved from /home/airflow/.local/lib/python3.12/site-packages/airflow/example_dags/example_skip_dag.py
[2024-04-21T08:20:59.149+0000] {logging_mixin.py:188} INFO - [2024-04-21T08:20:59.149+0000] {dag.py:3096} INFO - Sync 1 DAGs
[2024-04-21T08:20:59.159+0000] {logging_mixin.py:188} INFO - [2024-04-21T08:20:59.159+0000] {dag.py:3954} INFO - Setting next_dagrun for example_skip_dag to 2024-04-20 00:00:00+00:00, run_after=2024-04-21 00:00:00+00:00
[2024-04-21T08:20:59.168+0000] {processor.py:183} INFO - Processing /home/airflow/.local/lib/python3.12/site-packages/airflow/example_dags/example_skip_dag.py took 0.036 seconds
[2024-04-21T08:21:29.593+0000] {processor.py:161} INFO - Started process (PID=322) to work on /home/airflow/.local/lib/python3.12/site-packages/airflow/example_dags/example_skip_dag.py
[2024-04-21T08:21:29.594+0000] {processor.py:830} INFO - Processing file /home/airflow/.local/lib/python3.12/site-packages/airflow/example_dags/example_skip_dag.py for tasks to queue
[2024-04-21T08:21:29.595+0000] {logging_mixin.py:188} INFO - [2024-04-21T08:21:29.595+0000] {dagbag.py:540} INFO - Filling up the DagBag from /home/airflow/.local/lib/python3.12/site-packages/airflow/example_dags/example_skip_dag.py
[2024-04-21T08:21:29.600+0000] {processor.py:840} INFO - DAG(s) 'example_skip_dag' retrieved from /home/airflow/.local/lib/python3.12/site-packages/airflow/example_dags/example_skip_dag.py
[2024-04-21T08:21:29.612+0000] {logging_mixin.py:188} INFO - [2024-04-21T08:21:29.612+0000] {dag.py:3096} INFO - Sync 1 DAGs
[2024-04-21T08:21:29.623+0000] {logging_mixin.py:188} INFO - [2024-04-21T08:21:29.623+0000] {dag.py:3954} INFO - Setting next_dagrun for example_skip_dag to 2024-04-20 00:00:00+00:00, run_after=2024-04-21 00:00:00+00:00
[2024-04-21T08:21:29.633+0000] {processor.py:183} INFO - Processing /home/airflow/.local/lib/python3.12/site-packages/airflow/example_dags/example_skip_dag.py took 0.043 seconds
[2024-04-21T08:22:00.370+0000] {processor.py:161} INFO - Started process (PID=383) to work on /home/airflow/.local/lib/python3.12/site-packages/airflow/example_dags/example_skip_dag.py
[2024-04-21T08:22:00.371+0000] {processor.py:830} INFO - Processing file /home/airflow/.local/lib/python3.12/site-packages/airflow/example_dags/example_skip_dag.py for tasks to queue
[2024-04-21T08:22:00.375+0000] {logging_mixin.py:188} INFO - [2024-04-21T08:22:00.374+0000] {dagbag.py:540} INFO - Filling up the DagBag from /home/airflow/.local/lib/python3.12/site-packages/airflow/example_dags/example_skip_dag.py
[2024-04-21T08:22:00.379+0000] {processor.py:840} INFO - DAG(s) 'example_skip_dag' retrieved from /home/airflow/.local/lib/python3.12/site-packages/airflow/example_dags/example_skip_dag.py
[2024-04-21T08:22:00.391+0000] {logging_mixin.py:188} INFO - [2024-04-21T08:22:00.391+0000] {dag.py:3096} INFO - Sync 1 DAGs
[2024-04-21T08:22:00.403+0000] {logging_mixin.py:188} INFO - [2024-04-21T08:22:00.403+0000] {dag.py:3954} INFO - Setting next_dagrun for example_skip_dag to 2024-04-20 00:00:00+00:00, run_after=2024-04-21 00:00:00+00:00
[2024-04-21T08:22:00.413+0000] {processor.py:183} INFO - Processing /home/airflow/.local/lib/python3.12/site-packages/airflow/example_dags/example_skip_dag.py took 0.047 seconds
[2024-04-21T08:22:31.159+0000] {processor.py:161} INFO - Started process (PID=445) to work on /home/airflow/.local/lib/python3.12/site-packages/airflow/example_dags/example_skip_dag.py
[2024-04-21T08:22:31.160+0000] {processor.py:830} INFO - Processing file /home/airflow/.local/lib/python3.12/site-packages/airflow/example_dags/example_skip_dag.py for tasks to queue
[2024-04-21T08:22:31.162+0000] {logging_mixin.py:188} INFO - [2024-04-21T08:22:31.161+0000] {dagbag.py:540} INFO - Filling up the DagBag from /home/airflow/.local/lib/python3.12/site-packages/airflow/example_dags/example_skip_dag.py
[2024-04-21T08:22:31.166+0000] {processor.py:840} INFO - DAG(s) 'example_skip_dag' retrieved from /home/airflow/.local/lib/python3.12/site-packages/airflow/example_dags/example_skip_dag.py
[2024-04-21T08:22:31.177+0000] {logging_mixin.py:188} INFO - [2024-04-21T08:22:31.177+0000] {dag.py:3096} INFO - Sync 1 DAGs
[2024-04-21T08:22:31.187+0000] {logging_mixin.py:188} INFO - [2024-04-21T08:22:31.187+0000] {dag.py:3954} INFO - Setting next_dagrun for example_skip_dag to 2024-04-20 00:00:00+00:00, run_after=2024-04-21 00:00:00+00:00
[2024-04-21T08:22:31.195+0000] {processor.py:183} INFO - Processing /home/airflow/.local/lib/python3.12/site-packages/airflow/example_dags/example_skip_dag.py took 0.039 seconds
[2024-04-21T08:23:01.892+0000] {processor.py:161} INFO - Started process (PID=507) to work on /home/airflow/.local/lib/python3.12/site-packages/airflow/example_dags/example_skip_dag.py
[2024-04-21T08:23:01.892+0000] {processor.py:830} INFO - Processing file /home/airflow/.local/lib/python3.12/site-packages/airflow/example_dags/example_skip_dag.py for tasks to queue
[2024-04-21T08:23:01.894+0000] {logging_mixin.py:188} INFO - [2024-04-21T08:23:01.894+0000] {dagbag.py:540} INFO - Filling up the DagBag from /home/airflow/.local/lib/python3.12/site-packages/airflow/example_dags/example_skip_dag.py
[2024-04-21T08:23:01.898+0000] {processor.py:840} INFO - DAG(s) 'example_skip_dag' retrieved from /home/airflow/.local/lib/python3.12/site-packages/airflow/example_dags/example_skip_dag.py
[2024-04-21T08:23:01.910+0000] {logging_mixin.py:188} INFO - [2024-04-21T08:23:01.910+0000] {dag.py:3096} INFO - Sync 1 DAGs
[2024-04-21T08:23:01.922+0000] {logging_mixin.py:188} INFO - [2024-04-21T08:23:01.922+0000] {dag.py:3954} INFO - Setting next_dagrun for example_skip_dag to 2024-04-20 00:00:00+00:00, run_after=2024-04-21 00:00:00+00:00
[2024-04-21T08:23:01.931+0000] {processor.py:183} INFO - Processing /home/airflow/.local/lib/python3.12/site-packages/airflow/example_dags/example_skip_dag.py took 0.043 seconds
[2024-04-21T08:23:33.309+0000] {processor.py:161} INFO - Started process (PID=569) to work on /home/airflow/.local/lib/python3.12/site-packages/airflow/example_dags/example_skip_dag.py
[2024-04-21T08:23:33.310+0000] {processor.py:830} INFO - Processing file /home/airflow/.local/lib/python3.12/site-packages/airflow/example_dags/example_skip_dag.py for tasks to queue
[2024-04-21T08:23:33.311+0000] {logging_mixin.py:188} INFO - [2024-04-21T08:23:33.311+0000] {dagbag.py:540} INFO - Filling up the DagBag from /home/airflow/.local/lib/python3.12/site-packages/airflow/example_dags/example_skip_dag.py
[2024-04-21T08:23:33.316+0000] {processor.py:840} INFO - DAG(s) 'example_skip_dag' retrieved from /home/airflow/.local/lib/python3.12/site-packages/airflow/example_dags/example_skip_dag.py
[2024-04-21T08:23:33.333+0000] {logging_mixin.py:188} INFO - [2024-04-21T08:23:33.332+0000] {dag.py:3096} INFO - Sync 1 DAGs
[2024-04-21T08:23:33.364+0000] {logging_mixin.py:188} INFO - [2024-04-21T08:23:33.364+0000] {dag.py:3954} INFO - Setting next_dagrun for example_skip_dag to 2024-04-20 00:00:00+00:00, run_after=2024-04-21 00:00:00+00:00
[2024-04-21T08:23:33.381+0000] {processor.py:183} INFO - Processing /home/airflow/.local/lib/python3.12/site-packages/airflow/example_dags/example_skip_dag.py took 0.077 seconds
[2024-04-21T08:24:04.367+0000] {processor.py:161} INFO - Started process (PID=631) to work on /home/airflow/.local/lib/python3.12/site-packages/airflow/example_dags/example_skip_dag.py
[2024-04-21T08:24:04.368+0000] {processor.py:830} INFO - Processing file /home/airflow/.local/lib/python3.12/site-packages/airflow/example_dags/example_skip_dag.py for tasks to queue
[2024-04-21T08:24:04.369+0000] {logging_mixin.py:188} INFO - [2024-04-21T08:24:04.369+0000] {dagbag.py:540} INFO - Filling up the DagBag from /home/airflow/.local/lib/python3.12/site-packages/airflow/example_dags/example_skip_dag.py
[2024-04-21T08:24:04.374+0000] {processor.py:840} INFO - DAG(s) 'example_skip_dag' retrieved from /home/airflow/.local/lib/python3.12/site-packages/airflow/example_dags/example_skip_dag.py
[2024-04-21T08:24:04.387+0000] {logging_mixin.py:188} INFO - [2024-04-21T08:24:04.387+0000] {dag.py:3096} INFO - Sync 1 DAGs
[2024-04-21T08:24:04.405+0000] {logging_mixin.py:188} INFO - [2024-04-21T08:24:04.405+0000] {dag.py:3954} INFO - Setting next_dagrun for example_skip_dag to 2024-04-20 00:00:00+00:00, run_after=2024-04-21 00:00:00+00:00
[2024-04-21T08:24:04.419+0000] {processor.py:183} INFO - Processing /home/airflow/.local/lib/python3.12/site-packages/airflow/example_dags/example_skip_dag.py took 0.055 seconds
[2024-04-21T08:24:34.763+0000] {processor.py:161} INFO - Started process (PID=693) to work on /home/airflow/.local/lib/python3.12/site-packages/airflow/example_dags/example_skip_dag.py
[2024-04-21T08:24:34.764+0000] {processor.py:830} INFO - Processing file /home/airflow/.local/lib/python3.12/site-packages/airflow/example_dags/example_skip_dag.py for tasks to queue
[2024-04-21T08:24:34.764+0000] {logging_mixin.py:188} INFO - [2024-04-21T08:24:34.764+0000] {dagbag.py:540} INFO - Filling up the DagBag from /home/airflow/.local/lib/python3.12/site-packages/airflow/example_dags/example_skip_dag.py
[2024-04-21T08:24:34.768+0000] {processor.py:840} INFO - DAG(s) 'example_skip_dag' retrieved from /home/airflow/.local/lib/python3.12/site-packages/airflow/example_dags/example_skip_dag.py
[2024-04-21T08:24:34.778+0000] {logging_mixin.py:188} INFO - [2024-04-21T08:24:34.778+0000] {dag.py:3096} INFO - Sync 1 DAGs
[2024-04-21T08:24:34.789+0000] {logging_mixin.py:188} INFO - [2024-04-21T08:24:34.789+0000] {dag.py:3954} INFO - Setting next_dagrun for example_skip_dag to 2024-04-20 00:00:00+00:00, run_after=2024-04-21 00:00:00+00:00
[2024-04-21T08:24:34.798+0000] {processor.py:183} INFO - Processing /home/airflow/.local/lib/python3.12/site-packages/airflow/example_dags/example_skip_dag.py took 0.038 seconds
[2024-04-21T08:25:04.977+0000] {processor.py:161} INFO - Started process (PID=754) to work on /home/airflow/.local/lib/python3.12/site-packages/airflow/example_dags/example_skip_dag.py
[2024-04-21T08:25:04.978+0000] {processor.py:830} INFO - Processing file /home/airflow/.local/lib/python3.12/site-packages/airflow/example_dags/example_skip_dag.py for tasks to queue
[2024-04-21T08:25:04.979+0000] {logging_mixin.py:188} INFO - [2024-04-21T08:25:04.979+0000] {dagbag.py:540} INFO - Filling up the DagBag from /home/airflow/.local/lib/python3.12/site-packages/airflow/example_dags/example_skip_dag.py
[2024-04-21T08:25:04.982+0000] {processor.py:840} INFO - DAG(s) 'example_skip_dag' retrieved from /home/airflow/.local/lib/python3.12/site-packages/airflow/example_dags/example_skip_dag.py
[2024-04-21T08:25:04.992+0000] {logging_mixin.py:188} INFO - [2024-04-21T08:25:04.992+0000] {dag.py:3096} INFO - Sync 1 DAGs
[2024-04-21T08:25:05.003+0000] {logging_mixin.py:188} INFO - [2024-04-21T08:25:05.003+0000] {dag.py:3954} INFO - Setting next_dagrun for example_skip_dag to 2024-04-20 00:00:00+00:00, run_after=2024-04-21 00:00:00+00:00
[2024-04-21T08:25:05.012+0000] {processor.py:183} INFO - Processing /home/airflow/.local/lib/python3.12/site-packages/airflow/example_dags/example_skip_dag.py took 0.037 seconds
[2024-04-21T08:25:36.215+0000] {processor.py:161} INFO - Started process (PID=816) to work on /home/airflow/.local/lib/python3.12/site-packages/airflow/example_dags/example_skip_dag.py
[2024-04-21T08:25:36.216+0000] {processor.py:830} INFO - Processing file /home/airflow/.local/lib/python3.12/site-packages/airflow/example_dags/example_skip_dag.py for tasks to queue
[2024-04-21T08:25:36.217+0000] {logging_mixin.py:188} INFO - [2024-04-21T08:25:36.217+0000] {dagbag.py:540} INFO - Filling up the DagBag from /home/airflow/.local/lib/python3.12/site-packages/airflow/example_dags/example_skip_dag.py
[2024-04-21T08:25:36.221+0000] {processor.py:840} INFO - DAG(s) 'example_skip_dag' retrieved from /home/airflow/.local/lib/python3.12/site-packages/airflow/example_dags/example_skip_dag.py
[2024-04-21T08:25:36.234+0000] {logging_mixin.py:188} INFO - [2024-04-21T08:25:36.233+0000] {dag.py:3096} INFO - Sync 1 DAGs
[2024-04-21T08:25:36.245+0000] {logging_mixin.py:188} INFO - [2024-04-21T08:25:36.245+0000] {dag.py:3954} INFO - Setting next_dagrun for example_skip_dag to 2024-04-20 00:00:00+00:00, run_after=2024-04-21 00:00:00+00:00
[2024-04-21T08:25:36.256+0000] {processor.py:183} INFO - Processing /home/airflow/.local/lib/python3.12/site-packages/airflow/example_dags/example_skip_dag.py took 0.045 seconds
[2024-04-21T08:26:06.995+0000] {processor.py:161} INFO - Started process (PID=878) to work on /home/airflow/.local/lib/python3.12/site-packages/airflow/example_dags/example_skip_dag.py
[2024-04-21T08:26:06.996+0000] {processor.py:830} INFO - Processing file /home/airflow/.local/lib/python3.12/site-packages/airflow/example_dags/example_skip_dag.py for tasks to queue
[2024-04-21T08:26:06.999+0000] {logging_mixin.py:188} INFO - [2024-04-21T08:26:06.998+0000] {dagbag.py:540} INFO - Filling up the DagBag from /home/airflow/.local/lib/python3.12/site-packages/airflow/example_dags/example_skip_dag.py
[2024-04-21T08:26:07.008+0000] {processor.py:840} INFO - DAG(s) 'example_skip_dag' retrieved from /home/airflow/.local/lib/python3.12/site-packages/airflow/example_dags/example_skip_dag.py
[2024-04-21T08:26:07.037+0000] {logging_mixin.py:188} INFO - [2024-04-21T08:26:07.037+0000] {dag.py:3096} INFO - Sync 1 DAGs
[2024-04-21T08:26:07.065+0000] {logging_mixin.py:188} INFO - [2024-04-21T08:26:07.065+0000] {dag.py:3954} INFO - Setting next_dagrun for example_skip_dag to 2024-04-20 00:00:00+00:00, run_after=2024-04-21 00:00:00+00:00
[2024-04-21T08:26:07.083+0000] {processor.py:183} INFO - Processing /home/airflow/.local/lib/python3.12/site-packages/airflow/example_dags/example_skip_dag.py took 0.095 seconds
[2024-04-21T08:26:37.994+0000] {processor.py:161} INFO - Started process (PID=940) to work on /home/airflow/.local/lib/python3.12/site-packages/airflow/example_dags/example_skip_dag.py
[2024-04-21T08:26:37.994+0000] {processor.py:830} INFO - Processing file /home/airflow/.local/lib/python3.12/site-packages/airflow/example_dags/example_skip_dag.py for tasks to queue
[2024-04-21T08:26:37.995+0000] {logging_mixin.py:188} INFO - [2024-04-21T08:26:37.995+0000] {dagbag.py:540} INFO - Filling up the DagBag from /home/airflow/.local/lib/python3.12/site-packages/airflow/example_dags/example_skip_dag.py
[2024-04-21T08:26:37.998+0000] {processor.py:840} INFO - DAG(s) 'example_skip_dag' retrieved from /home/airflow/.local/lib/python3.12/site-packages/airflow/example_dags/example_skip_dag.py
[2024-04-21T08:26:38.009+0000] {logging_mixin.py:188} INFO - [2024-04-21T08:26:38.009+0000] {dag.py:3096} INFO - Sync 1 DAGs
[2024-04-21T08:26:38.019+0000] {logging_mixin.py:188} INFO - [2024-04-21T08:26:38.019+0000] {dag.py:3954} INFO - Setting next_dagrun for example_skip_dag to 2024-04-20 00:00:00+00:00, run_after=2024-04-21 00:00:00+00:00
[2024-04-21T08:26:38.028+0000] {processor.py:183} INFO - Processing /home/airflow/.local/lib/python3.12/site-packages/airflow/example_dags/example_skip_dag.py took 0.037 seconds
[2024-04-21T08:27:08.631+0000] {processor.py:161} INFO - Started process (PID=1002) to work on /home/airflow/.local/lib/python3.12/site-packages/airflow/example_dags/example_skip_dag.py
[2024-04-21T08:27:08.632+0000] {processor.py:830} INFO - Processing file /home/airflow/.local/lib/python3.12/site-packages/airflow/example_dags/example_skip_dag.py for tasks to queue
[2024-04-21T08:27:08.633+0000] {logging_mixin.py:188} INFO - [2024-04-21T08:27:08.633+0000] {dagbag.py:540} INFO - Filling up the DagBag from /home/airflow/.local/lib/python3.12/site-packages/airflow/example_dags/example_skip_dag.py
[2024-04-21T08:27:08.636+0000] {processor.py:840} INFO - DAG(s) 'example_skip_dag' retrieved from /home/airflow/.local/lib/python3.12/site-packages/airflow/example_dags/example_skip_dag.py
[2024-04-21T08:27:08.648+0000] {logging_mixin.py:188} INFO - [2024-04-21T08:27:08.648+0000] {dag.py:3096} INFO - Sync 1 DAGs
[2024-04-21T08:27:08.660+0000] {logging_mixin.py:188} INFO - [2024-04-21T08:27:08.660+0000] {dag.py:3954} INFO - Setting next_dagrun for example_skip_dag to 2024-04-20 00:00:00+00:00, run_after=2024-04-21 00:00:00+00:00
[2024-04-21T08:27:08.672+0000] {processor.py:183} INFO - Processing /home/airflow/.local/lib/python3.12/site-packages/airflow/example_dags/example_skip_dag.py took 0.044 seconds
