[2024-04-21T06:45:02.550+0000] {processor.py:161} INFO - Started process (PID=56) to work on /home/airflow/.local/lib/python3.12/site-packages/airflow/example_dags/example_python_operator.py
[2024-04-21T06:45:02.552+0000] {processor.py:830} INFO - Processing file /home/airflow/.local/lib/python3.12/site-packages/airflow/example_dags/example_python_operator.py for tasks to queue
[2024-04-21T06:45:02.553+0000] {logging_mixin.py:188} INFO - [2024-04-21T06:45:02.553+0000] {dagbag.py:540} INFO - Filling up the DagBag from /home/airflow/.local/lib/python3.12/site-packages/airflow/example_dags/example_python_operator.py
[2024-04-21T06:45:02.561+0000] {processor.py:840} INFO - DAG(s) 'example_python_operator' retrieved from /home/airflow/.local/lib/python3.12/site-packages/airflow/example_dags/example_python_operator.py
[2024-04-21T06:45:02.657+0000] {logging_mixin.py:188} INFO - [2024-04-21T06:45:02.657+0000] {dag.py:3096} INFO - Sync 1 DAGs
[2024-04-21T06:45:02.678+0000] {logging_mixin.py:188} INFO - [2024-04-21T06:45:02.677+0000] {dag.py:3954} INFO - Setting next_dagrun for example_python_operator to None, run_after=None
[2024-04-21T06:45:02.727+0000] {processor.py:183} INFO - Processing /home/airflow/.local/lib/python3.12/site-packages/airflow/example_dags/example_python_operator.py took 0.180 seconds
[2024-04-21T06:45:33.494+0000] {processor.py:161} INFO - Started process (PID=117) to work on /home/airflow/.local/lib/python3.12/site-packages/airflow/example_dags/example_python_operator.py
[2024-04-21T06:45:33.495+0000] {processor.py:830} INFO - Processing file /home/airflow/.local/lib/python3.12/site-packages/airflow/example_dags/example_python_operator.py for tasks to queue
[2024-04-21T06:45:33.498+0000] {logging_mixin.py:188} INFO - [2024-04-21T06:45:33.498+0000] {dagbag.py:540} INFO - Filling up the DagBag from /home/airflow/.local/lib/python3.12/site-packages/airflow/example_dags/example_python_operator.py
[2024-04-21T06:45:33.515+0000] {processor.py:840} INFO - DAG(s) 'example_python_operator' retrieved from /home/airflow/.local/lib/python3.12/site-packages/airflow/example_dags/example_python_operator.py
[2024-04-21T06:45:33.527+0000] {logging_mixin.py:188} INFO - [2024-04-21T06:45:33.526+0000] {dag.py:3096} INFO - Sync 1 DAGs
[2024-04-21T06:45:33.537+0000] {logging_mixin.py:188} INFO - [2024-04-21T06:45:33.537+0000] {dag.py:3954} INFO - Setting next_dagrun for example_python_operator to None, run_after=None
[2024-04-21T06:45:33.549+0000] {processor.py:183} INFO - Processing /home/airflow/.local/lib/python3.12/site-packages/airflow/example_dags/example_python_operator.py took 0.064 seconds
[2024-04-21T07:09:06.248+0000] {processor.py:161} INFO - Started process (PID=55) to work on /home/airflow/.local/lib/python3.12/site-packages/airflow/example_dags/example_python_operator.py
[2024-04-21T07:09:06.249+0000] {processor.py:830} INFO - Processing file /home/airflow/.local/lib/python3.12/site-packages/airflow/example_dags/example_python_operator.py for tasks to queue
[2024-04-21T07:09:06.250+0000] {logging_mixin.py:188} INFO - [2024-04-21T07:09:06.250+0000] {dagbag.py:540} INFO - Filling up the DagBag from /home/airflow/.local/lib/python3.12/site-packages/airflow/example_dags/example_python_operator.py
[2024-04-21T07:09:06.258+0000] {processor.py:840} INFO - DAG(s) 'example_python_operator' retrieved from /home/airflow/.local/lib/python3.12/site-packages/airflow/example_dags/example_python_operator.py
[2024-04-21T07:09:06.266+0000] {logging_mixin.py:188} INFO - [2024-04-21T07:09:06.266+0000] {dag.py:3096} INFO - Sync 1 DAGs
[2024-04-21T07:09:06.273+0000] {logging_mixin.py:188} INFO - [2024-04-21T07:09:06.273+0000] {dag.py:3954} INFO - Setting next_dagrun for example_python_operator to None, run_after=None
[2024-04-21T07:09:06.282+0000] {processor.py:183} INFO - Processing /home/airflow/.local/lib/python3.12/site-packages/airflow/example_dags/example_python_operator.py took 0.038 seconds
[2024-04-21T07:58:37.316+0000] {processor.py:161} INFO - Started process (PID=56) to work on /home/airflow/.local/lib/python3.12/site-packages/airflow/example_dags/example_python_operator.py
[2024-04-21T07:58:37.318+0000] {processor.py:830} INFO - Processing file /home/airflow/.local/lib/python3.12/site-packages/airflow/example_dags/example_python_operator.py for tasks to queue
[2024-04-21T07:58:37.323+0000] {logging_mixin.py:188} INFO - [2024-04-21T07:58:37.321+0000] {dagbag.py:540} INFO - Filling up the DagBag from /home/airflow/.local/lib/python3.12/site-packages/airflow/example_dags/example_python_operator.py
[2024-04-21T07:58:37.344+0000] {processor.py:840} INFO - DAG(s) 'example_python_operator' retrieved from /home/airflow/.local/lib/python3.12/site-packages/airflow/example_dags/example_python_operator.py
[2024-04-21T07:58:37.361+0000] {logging_mixin.py:188} INFO - [2024-04-21T07:58:37.361+0000] {dag.py:3096} INFO - Sync 1 DAGs
[2024-04-21T07:58:37.375+0000] {logging_mixin.py:188} INFO - [2024-04-21T07:58:37.375+0000] {dag.py:3954} INFO - Setting next_dagrun for example_python_operator to None, run_after=None
[2024-04-21T07:58:37.420+0000] {processor.py:183} INFO - Processing /home/airflow/.local/lib/python3.12/site-packages/airflow/example_dags/example_python_operator.py took 0.108 seconds
[2024-04-21T07:59:07.673+0000] {processor.py:161} INFO - Started process (PID=117) to work on /home/airflow/.local/lib/python3.12/site-packages/airflow/example_dags/example_python_operator.py
[2024-04-21T07:59:07.674+0000] {processor.py:830} INFO - Processing file /home/airflow/.local/lib/python3.12/site-packages/airflow/example_dags/example_python_operator.py for tasks to queue
[2024-04-21T07:59:07.675+0000] {logging_mixin.py:188} INFO - [2024-04-21T07:59:07.675+0000] {dagbag.py:540} INFO - Filling up the DagBag from /home/airflow/.local/lib/python3.12/site-packages/airflow/example_dags/example_python_operator.py
[2024-04-21T07:59:07.682+0000] {processor.py:840} INFO - DAG(s) 'example_python_operator' retrieved from /home/airflow/.local/lib/python3.12/site-packages/airflow/example_dags/example_python_operator.py
[2024-04-21T07:59:07.737+0000] {logging_mixin.py:188} INFO - [2024-04-21T07:59:07.736+0000] {dag.py:3096} INFO - Sync 1 DAGs
[2024-04-21T07:59:07.742+0000] {logging_mixin.py:188} INFO - [2024-04-21T07:59:07.742+0000] {dag.py:3954} INFO - Setting next_dagrun for example_python_operator to None, run_after=None
[2024-04-21T07:59:07.755+0000] {processor.py:183} INFO - Processing /home/airflow/.local/lib/python3.12/site-packages/airflow/example_dags/example_python_operator.py took 0.086 seconds
[2024-04-21T07:59:37.818+0000] {processor.py:161} INFO - Started process (PID=179) to work on /home/airflow/.local/lib/python3.12/site-packages/airflow/example_dags/example_python_operator.py
[2024-04-21T07:59:37.819+0000] {processor.py:830} INFO - Processing file /home/airflow/.local/lib/python3.12/site-packages/airflow/example_dags/example_python_operator.py for tasks to queue
[2024-04-21T07:59:37.820+0000] {logging_mixin.py:188} INFO - [2024-04-21T07:59:37.820+0000] {dagbag.py:540} INFO - Filling up the DagBag from /home/airflow/.local/lib/python3.12/site-packages/airflow/example_dags/example_python_operator.py
[2024-04-21T07:59:37.828+0000] {processor.py:840} INFO - DAG(s) 'example_python_operator' retrieved from /home/airflow/.local/lib/python3.12/site-packages/airflow/example_dags/example_python_operator.py
[2024-04-21T07:59:37.843+0000] {logging_mixin.py:188} INFO - [2024-04-21T07:59:37.842+0000] {dag.py:3096} INFO - Sync 1 DAGs
[2024-04-21T07:59:37.850+0000] {logging_mixin.py:188} INFO - [2024-04-21T07:59:37.850+0000] {dag.py:3954} INFO - Setting next_dagrun for example_python_operator to None, run_after=None
[2024-04-21T07:59:37.860+0000] {processor.py:183} INFO - Processing /home/airflow/.local/lib/python3.12/site-packages/airflow/example_dags/example_python_operator.py took 0.047 seconds
[2024-04-21T08:00:08.363+0000] {processor.py:161} INFO - Started process (PID=239) to work on /home/airflow/.local/lib/python3.12/site-packages/airflow/example_dags/example_python_operator.py
[2024-04-21T08:00:08.364+0000] {processor.py:830} INFO - Processing file /home/airflow/.local/lib/python3.12/site-packages/airflow/example_dags/example_python_operator.py for tasks to queue
[2024-04-21T08:00:08.365+0000] {logging_mixin.py:188} INFO - [2024-04-21T08:00:08.365+0000] {dagbag.py:540} INFO - Filling up the DagBag from /home/airflow/.local/lib/python3.12/site-packages/airflow/example_dags/example_python_operator.py
[2024-04-21T08:00:08.371+0000] {processor.py:840} INFO - DAG(s) 'example_python_operator' retrieved from /home/airflow/.local/lib/python3.12/site-packages/airflow/example_dags/example_python_operator.py
[2024-04-21T08:00:08.382+0000] {logging_mixin.py:188} INFO - [2024-04-21T08:00:08.382+0000] {dag.py:3096} INFO - Sync 1 DAGs
[2024-04-21T08:00:08.388+0000] {logging_mixin.py:188} INFO - [2024-04-21T08:00:08.388+0000] {dag.py:3954} INFO - Setting next_dagrun for example_python_operator to None, run_after=None
[2024-04-21T08:00:08.396+0000] {processor.py:183} INFO - Processing /home/airflow/.local/lib/python3.12/site-packages/airflow/example_dags/example_python_operator.py took 0.036 seconds
[2024-04-21T08:00:40.073+0000] {processor.py:161} INFO - Started process (PID=304) to work on /home/airflow/.local/lib/python3.12/site-packages/airflow/example_dags/example_python_operator.py
[2024-04-21T08:00:40.076+0000] {processor.py:830} INFO - Processing file /home/airflow/.local/lib/python3.12/site-packages/airflow/example_dags/example_python_operator.py for tasks to queue
[2024-04-21T08:00:40.080+0000] {logging_mixin.py:188} INFO - [2024-04-21T08:00:40.079+0000] {dagbag.py:540} INFO - Filling up the DagBag from /home/airflow/.local/lib/python3.12/site-packages/airflow/example_dags/example_python_operator.py
[2024-04-21T08:00:40.089+0000] {processor.py:840} INFO - DAG(s) 'example_python_operator' retrieved from /home/airflow/.local/lib/python3.12/site-packages/airflow/example_dags/example_python_operator.py
[2024-04-21T08:00:40.133+0000] {logging_mixin.py:188} INFO - [2024-04-21T08:00:40.133+0000] {dag.py:3096} INFO - Sync 1 DAGs
[2024-04-21T08:00:40.155+0000] {logging_mixin.py:188} INFO - [2024-04-21T08:00:40.154+0000] {dag.py:3954} INFO - Setting next_dagrun for example_python_operator to None, run_after=None
[2024-04-21T08:00:40.211+0000] {processor.py:183} INFO - Processing /home/airflow/.local/lib/python3.12/site-packages/airflow/example_dags/example_python_operator.py took 0.142 seconds
[2024-04-21T08:01:11.133+0000] {processor.py:161} INFO - Started process (PID=366) to work on /home/airflow/.local/lib/python3.12/site-packages/airflow/example_dags/example_python_operator.py
[2024-04-21T08:01:11.134+0000] {processor.py:830} INFO - Processing file /home/airflow/.local/lib/python3.12/site-packages/airflow/example_dags/example_python_operator.py for tasks to queue
[2024-04-21T08:01:11.134+0000] {logging_mixin.py:188} INFO - [2024-04-21T08:01:11.134+0000] {dagbag.py:540} INFO - Filling up the DagBag from /home/airflow/.local/lib/python3.12/site-packages/airflow/example_dags/example_python_operator.py
[2024-04-21T08:01:11.140+0000] {processor.py:840} INFO - DAG(s) 'example_python_operator' retrieved from /home/airflow/.local/lib/python3.12/site-packages/airflow/example_dags/example_python_operator.py
[2024-04-21T08:01:11.151+0000] {logging_mixin.py:188} INFO - [2024-04-21T08:01:11.151+0000] {dag.py:3096} INFO - Sync 1 DAGs
[2024-04-21T08:01:11.159+0000] {logging_mixin.py:188} INFO - [2024-04-21T08:01:11.159+0000] {dag.py:3954} INFO - Setting next_dagrun for example_python_operator to None, run_after=None
[2024-04-21T08:01:11.169+0000] {processor.py:183} INFO - Processing /home/airflow/.local/lib/python3.12/site-packages/airflow/example_dags/example_python_operator.py took 0.039 seconds
[2024-04-21T08:05:54.932+0000] {processor.py:161} INFO - Started process (PID=422) to work on /home/airflow/.local/lib/python3.12/site-packages/airflow/example_dags/example_python_operator.py
[2024-04-21T08:05:54.933+0000] {processor.py:830} INFO - Processing file /home/airflow/.local/lib/python3.12/site-packages/airflow/example_dags/example_python_operator.py for tasks to queue
[2024-04-21T08:05:54.936+0000] {logging_mixin.py:188} INFO - [2024-04-21T08:05:54.936+0000] {dagbag.py:540} INFO - Filling up the DagBag from /home/airflow/.local/lib/python3.12/site-packages/airflow/example_dags/example_python_operator.py
[2024-04-21T08:05:54.946+0000] {processor.py:840} INFO - DAG(s) 'example_python_operator' retrieved from /home/airflow/.local/lib/python3.12/site-packages/airflow/example_dags/example_python_operator.py
[2024-04-21T08:05:54.965+0000] {logging_mixin.py:188} INFO - [2024-04-21T08:05:54.964+0000] {dag.py:3096} INFO - Sync 1 DAGs
[2024-04-21T08:05:54.974+0000] {logging_mixin.py:188} INFO - [2024-04-21T08:05:54.974+0000] {dag.py:3954} INFO - Setting next_dagrun for example_python_operator to None, run_after=None
[2024-04-21T08:05:54.986+0000] {processor.py:183} INFO - Processing /home/airflow/.local/lib/python3.12/site-packages/airflow/example_dags/example_python_operator.py took 0.063 seconds
[2024-04-21T08:19:26.337+0000] {processor.py:161} INFO - Started process (PID=56) to work on /home/airflow/.local/lib/python3.12/site-packages/airflow/example_dags/example_python_operator.py
[2024-04-21T08:19:26.339+0000] {processor.py:830} INFO - Processing file /home/airflow/.local/lib/python3.12/site-packages/airflow/example_dags/example_python_operator.py for tasks to queue
[2024-04-21T08:19:26.342+0000] {logging_mixin.py:188} INFO - [2024-04-21T08:19:26.341+0000] {dagbag.py:540} INFO - Filling up the DagBag from /home/airflow/.local/lib/python3.12/site-packages/airflow/example_dags/example_python_operator.py
[2024-04-21T08:19:26.354+0000] {processor.py:840} INFO - DAG(s) 'example_python_operator' retrieved from /home/airflow/.local/lib/python3.12/site-packages/airflow/example_dags/example_python_operator.py
[2024-04-21T08:19:26.372+0000] {logging_mixin.py:188} INFO - [2024-04-21T08:19:26.372+0000] {dag.py:3096} INFO - Sync 1 DAGs
[2024-04-21T08:19:26.382+0000] {logging_mixin.py:188} INFO - [2024-04-21T08:19:26.382+0000] {dag.py:3954} INFO - Setting next_dagrun for example_python_operator to None, run_after=None
[2024-04-21T08:19:26.399+0000] {processor.py:183} INFO - Processing /home/airflow/.local/lib/python3.12/site-packages/airflow/example_dags/example_python_operator.py took 0.067 seconds
[2024-04-21T08:19:56.663+0000] {processor.py:161} INFO - Started process (PID=118) to work on /home/airflow/.local/lib/python3.12/site-packages/airflow/example_dags/example_python_operator.py
[2024-04-21T08:19:56.664+0000] {processor.py:830} INFO - Processing file /home/airflow/.local/lib/python3.12/site-packages/airflow/example_dags/example_python_operator.py for tasks to queue
[2024-04-21T08:19:56.665+0000] {logging_mixin.py:188} INFO - [2024-04-21T08:19:56.665+0000] {dagbag.py:540} INFO - Filling up the DagBag from /home/airflow/.local/lib/python3.12/site-packages/airflow/example_dags/example_python_operator.py
[2024-04-21T08:19:56.672+0000] {processor.py:840} INFO - DAG(s) 'example_python_operator' retrieved from /home/airflow/.local/lib/python3.12/site-packages/airflow/example_dags/example_python_operator.py
[2024-04-21T08:19:56.767+0000] {logging_mixin.py:188} INFO - [2024-04-21T08:19:56.766+0000] {dag.py:3096} INFO - Sync 1 DAGs
[2024-04-21T08:19:56.776+0000] {logging_mixin.py:188} INFO - [2024-04-21T08:19:56.776+0000] {dag.py:3954} INFO - Setting next_dagrun for example_python_operator to None, run_after=None
[2024-04-21T08:19:56.791+0000] {processor.py:183} INFO - Processing /home/airflow/.local/lib/python3.12/site-packages/airflow/example_dags/example_python_operator.py took 0.131 seconds
[2024-04-21T08:20:27.580+0000] {processor.py:161} INFO - Started process (PID=180) to work on /home/airflow/.local/lib/python3.12/site-packages/airflow/example_dags/example_python_operator.py
[2024-04-21T08:20:27.581+0000] {processor.py:830} INFO - Processing file /home/airflow/.local/lib/python3.12/site-packages/airflow/example_dags/example_python_operator.py for tasks to queue
[2024-04-21T08:20:27.582+0000] {logging_mixin.py:188} INFO - [2024-04-21T08:20:27.582+0000] {dagbag.py:540} INFO - Filling up the DagBag from /home/airflow/.local/lib/python3.12/site-packages/airflow/example_dags/example_python_operator.py
[2024-04-21T08:20:27.591+0000] {processor.py:840} INFO - DAG(s) 'example_python_operator' retrieved from /home/airflow/.local/lib/python3.12/site-packages/airflow/example_dags/example_python_operator.py
[2024-04-21T08:20:27.617+0000] {logging_mixin.py:188} INFO - [2024-04-21T08:20:27.617+0000] {dag.py:3096} INFO - Sync 1 DAGs
[2024-04-21T08:20:27.627+0000] {logging_mixin.py:188} INFO - [2024-04-21T08:20:27.627+0000] {dag.py:3954} INFO - Setting next_dagrun for example_python_operator to None, run_after=None
[2024-04-21T08:20:27.639+0000] {processor.py:183} INFO - Processing /home/airflow/.local/lib/python3.12/site-packages/airflow/example_dags/example_python_operator.py took 0.062 seconds
[2024-04-21T08:20:58.614+0000] {processor.py:161} INFO - Started process (PID=242) to work on /home/airflow/.local/lib/python3.12/site-packages/airflow/example_dags/example_python_operator.py
[2024-04-21T08:20:58.614+0000] {processor.py:830} INFO - Processing file /home/airflow/.local/lib/python3.12/site-packages/airflow/example_dags/example_python_operator.py for tasks to queue
[2024-04-21T08:20:58.615+0000] {logging_mixin.py:188} INFO - [2024-04-21T08:20:58.615+0000] {dagbag.py:540} INFO - Filling up the DagBag from /home/airflow/.local/lib/python3.12/site-packages/airflow/example_dags/example_python_operator.py
[2024-04-21T08:20:58.621+0000] {processor.py:840} INFO - DAG(s) 'example_python_operator' retrieved from /home/airflow/.local/lib/python3.12/site-packages/airflow/example_dags/example_python_operator.py
[2024-04-21T08:20:58.633+0000] {logging_mixin.py:188} INFO - [2024-04-21T08:20:58.633+0000] {dag.py:3096} INFO - Sync 1 DAGs
[2024-04-21T08:20:58.641+0000] {logging_mixin.py:188} INFO - [2024-04-21T08:20:58.641+0000] {dag.py:3954} INFO - Setting next_dagrun for example_python_operator to None, run_after=None
[2024-04-21T08:20:58.657+0000] {processor.py:183} INFO - Processing /home/airflow/.local/lib/python3.12/site-packages/airflow/example_dags/example_python_operator.py took 0.047 seconds
[2024-04-21T08:21:28.947+0000] {processor.py:161} INFO - Started process (PID=306) to work on /home/airflow/.local/lib/python3.12/site-packages/airflow/example_dags/example_python_operator.py
[2024-04-21T08:21:28.947+0000] {processor.py:830} INFO - Processing file /home/airflow/.local/lib/python3.12/site-packages/airflow/example_dags/example_python_operator.py for tasks to queue
[2024-04-21T08:21:28.948+0000] {logging_mixin.py:188} INFO - [2024-04-21T08:21:28.948+0000] {dagbag.py:540} INFO - Filling up the DagBag from /home/airflow/.local/lib/python3.12/site-packages/airflow/example_dags/example_python_operator.py
[2024-04-21T08:21:28.954+0000] {processor.py:840} INFO - DAG(s) 'example_python_operator' retrieved from /home/airflow/.local/lib/python3.12/site-packages/airflow/example_dags/example_python_operator.py
[2024-04-21T08:21:28.975+0000] {logging_mixin.py:188} INFO - [2024-04-21T08:21:28.974+0000] {dag.py:3096} INFO - Sync 1 DAGs
[2024-04-21T08:21:28.986+0000] {logging_mixin.py:188} INFO - [2024-04-21T08:21:28.986+0000] {dag.py:3954} INFO - Setting next_dagrun for example_python_operator to None, run_after=None
[2024-04-21T08:21:29.044+0000] {processor.py:183} INFO - Processing /home/airflow/.local/lib/python3.12/site-packages/airflow/example_dags/example_python_operator.py took 0.100 seconds
[2024-04-21T08:21:59.661+0000] {processor.py:161} INFO - Started process (PID=367) to work on /home/airflow/.local/lib/python3.12/site-packages/airflow/example_dags/example_python_operator.py
[2024-04-21T08:21:59.662+0000] {processor.py:830} INFO - Processing file /home/airflow/.local/lib/python3.12/site-packages/airflow/example_dags/example_python_operator.py for tasks to queue
[2024-04-21T08:21:59.663+0000] {logging_mixin.py:188} INFO - [2024-04-21T08:21:59.663+0000] {dagbag.py:540} INFO - Filling up the DagBag from /home/airflow/.local/lib/python3.12/site-packages/airflow/example_dags/example_python_operator.py
[2024-04-21T08:21:59.669+0000] {processor.py:840} INFO - DAG(s) 'example_python_operator' retrieved from /home/airflow/.local/lib/python3.12/site-packages/airflow/example_dags/example_python_operator.py
[2024-04-21T08:21:59.681+0000] {logging_mixin.py:188} INFO - [2024-04-21T08:21:59.681+0000] {dag.py:3096} INFO - Sync 1 DAGs
[2024-04-21T08:21:59.688+0000] {logging_mixin.py:188} INFO - [2024-04-21T08:21:59.687+0000] {dag.py:3954} INFO - Setting next_dagrun for example_python_operator to None, run_after=None
[2024-04-21T08:21:59.697+0000] {processor.py:183} INFO - Processing /home/airflow/.local/lib/python3.12/site-packages/airflow/example_dags/example_python_operator.py took 0.039 seconds
[2024-04-21T08:22:30.638+0000] {processor.py:161} INFO - Started process (PID=429) to work on /home/airflow/.local/lib/python3.12/site-packages/airflow/example_dags/example_python_operator.py
[2024-04-21T08:22:30.638+0000] {processor.py:830} INFO - Processing file /home/airflow/.local/lib/python3.12/site-packages/airflow/example_dags/example_python_operator.py for tasks to queue
[2024-04-21T08:22:30.640+0000] {logging_mixin.py:188} INFO - [2024-04-21T08:22:30.639+0000] {dagbag.py:540} INFO - Filling up the DagBag from /home/airflow/.local/lib/python3.12/site-packages/airflow/example_dags/example_python_operator.py
[2024-04-21T08:22:30.646+0000] {processor.py:840} INFO - DAG(s) 'example_python_operator' retrieved from /home/airflow/.local/lib/python3.12/site-packages/airflow/example_dags/example_python_operator.py
[2024-04-21T08:22:30.658+0000] {logging_mixin.py:188} INFO - [2024-04-21T08:22:30.658+0000] {dag.py:3096} INFO - Sync 1 DAGs
[2024-04-21T08:22:30.668+0000] {logging_mixin.py:188} INFO - [2024-04-21T08:22:30.667+0000] {dag.py:3954} INFO - Setting next_dagrun for example_python_operator to None, run_after=None
[2024-04-21T08:22:30.680+0000] {processor.py:183} INFO - Processing /home/airflow/.local/lib/python3.12/site-packages/airflow/example_dags/example_python_operator.py took 0.045 seconds
[2024-04-21T08:23:01.103+0000] {processor.py:161} INFO - Started process (PID=491) to work on /home/airflow/.local/lib/python3.12/site-packages/airflow/example_dags/example_python_operator.py
[2024-04-21T08:23:01.107+0000] {processor.py:830} INFO - Processing file /home/airflow/.local/lib/python3.12/site-packages/airflow/example_dags/example_python_operator.py for tasks to queue
[2024-04-21T08:23:01.113+0000] {logging_mixin.py:188} INFO - [2024-04-21T08:23:01.112+0000] {dagbag.py:540} INFO - Filling up the DagBag from /home/airflow/.local/lib/python3.12/site-packages/airflow/example_dags/example_python_operator.py
[2024-04-21T08:23:01.136+0000] {processor.py:840} INFO - DAG(s) 'example_python_operator' retrieved from /home/airflow/.local/lib/python3.12/site-packages/airflow/example_dags/example_python_operator.py
[2024-04-21T08:23:01.184+0000] {logging_mixin.py:188} INFO - [2024-04-21T08:23:01.183+0000] {dag.py:3096} INFO - Sync 1 DAGs
[2024-04-21T08:23:01.201+0000] {logging_mixin.py:188} INFO - [2024-04-21T08:23:01.201+0000] {dag.py:3954} INFO - Setting next_dagrun for example_python_operator to None, run_after=None
[2024-04-21T08:23:01.223+0000] {processor.py:183} INFO - Processing /home/airflow/.local/lib/python3.12/site-packages/airflow/example_dags/example_python_operator.py took 0.126 seconds
[2024-04-21T08:23:32.232+0000] {processor.py:161} INFO - Started process (PID=553) to work on /home/airflow/.local/lib/python3.12/site-packages/airflow/example_dags/example_python_operator.py
[2024-04-21T08:23:32.233+0000] {processor.py:830} INFO - Processing file /home/airflow/.local/lib/python3.12/site-packages/airflow/example_dags/example_python_operator.py for tasks to queue
[2024-04-21T08:23:32.235+0000] {logging_mixin.py:188} INFO - [2024-04-21T08:23:32.235+0000] {dagbag.py:540} INFO - Filling up the DagBag from /home/airflow/.local/lib/python3.12/site-packages/airflow/example_dags/example_python_operator.py
[2024-04-21T08:23:32.246+0000] {processor.py:840} INFO - DAG(s) 'example_python_operator' retrieved from /home/airflow/.local/lib/python3.12/site-packages/airflow/example_dags/example_python_operator.py
[2024-04-21T08:23:32.267+0000] {logging_mixin.py:188} INFO - [2024-04-21T08:23:32.267+0000] {dag.py:3096} INFO - Sync 1 DAGs
[2024-04-21T08:23:32.278+0000] {logging_mixin.py:188} INFO - [2024-04-21T08:23:32.278+0000] {dag.py:3954} INFO - Setting next_dagrun for example_python_operator to None, run_after=None
[2024-04-21T08:23:32.295+0000] {processor.py:183} INFO - Processing /home/airflow/.local/lib/python3.12/site-packages/airflow/example_dags/example_python_operator.py took 0.070 seconds
[2024-04-21T08:24:02.784+0000] {processor.py:161} INFO - Started process (PID=615) to work on /home/airflow/.local/lib/python3.12/site-packages/airflow/example_dags/example_python_operator.py
[2024-04-21T08:24:02.785+0000] {processor.py:830} INFO - Processing file /home/airflow/.local/lib/python3.12/site-packages/airflow/example_dags/example_python_operator.py for tasks to queue
[2024-04-21T08:24:02.788+0000] {logging_mixin.py:188} INFO - [2024-04-21T08:24:02.787+0000] {dagbag.py:540} INFO - Filling up the DagBag from /home/airflow/.local/lib/python3.12/site-packages/airflow/example_dags/example_python_operator.py
[2024-04-21T08:24:02.796+0000] {processor.py:840} INFO - DAG(s) 'example_python_operator' retrieved from /home/airflow/.local/lib/python3.12/site-packages/airflow/example_dags/example_python_operator.py
[2024-04-21T08:24:02.810+0000] {logging_mixin.py:188} INFO - [2024-04-21T08:24:02.810+0000] {dag.py:3096} INFO - Sync 1 DAGs
[2024-04-21T08:24:02.818+0000] {logging_mixin.py:188} INFO - [2024-04-21T08:24:02.818+0000] {dag.py:3954} INFO - Setting next_dagrun for example_python_operator to None, run_after=None
[2024-04-21T08:24:02.829+0000] {processor.py:183} INFO - Processing /home/airflow/.local/lib/python3.12/site-packages/airflow/example_dags/example_python_operator.py took 0.052 seconds
[2024-04-21T08:24:33.311+0000] {processor.py:161} INFO - Started process (PID=677) to work on /home/airflow/.local/lib/python3.12/site-packages/airflow/example_dags/example_python_operator.py
[2024-04-21T08:24:33.312+0000] {processor.py:830} INFO - Processing file /home/airflow/.local/lib/python3.12/site-packages/airflow/example_dags/example_python_operator.py for tasks to queue
[2024-04-21T08:24:33.313+0000] {logging_mixin.py:188} INFO - [2024-04-21T08:24:33.313+0000] {dagbag.py:540} INFO - Filling up the DagBag from /home/airflow/.local/lib/python3.12/site-packages/airflow/example_dags/example_python_operator.py
[2024-04-21T08:24:33.322+0000] {processor.py:840} INFO - DAG(s) 'example_python_operator' retrieved from /home/airflow/.local/lib/python3.12/site-packages/airflow/example_dags/example_python_operator.py
[2024-04-21T08:24:33.335+0000] {logging_mixin.py:188} INFO - [2024-04-21T08:24:33.335+0000] {dag.py:3096} INFO - Sync 1 DAGs
[2024-04-21T08:24:33.342+0000] {logging_mixin.py:188} INFO - [2024-04-21T08:24:33.342+0000] {dag.py:3954} INFO - Setting next_dagrun for example_python_operator to None, run_after=None
[2024-04-21T08:24:33.351+0000] {processor.py:183} INFO - Processing /home/airflow/.local/lib/python3.12/site-packages/airflow/example_dags/example_python_operator.py took 0.044 seconds
[2024-04-21T08:25:04.539+0000] {processor.py:161} INFO - Started process (PID=738) to work on /home/airflow/.local/lib/python3.12/site-packages/airflow/example_dags/example_python_operator.py
[2024-04-21T08:25:04.540+0000] {processor.py:830} INFO - Processing file /home/airflow/.local/lib/python3.12/site-packages/airflow/example_dags/example_python_operator.py for tasks to queue
[2024-04-21T08:25:04.542+0000] {logging_mixin.py:188} INFO - [2024-04-21T08:25:04.542+0000] {dagbag.py:540} INFO - Filling up the DagBag from /home/airflow/.local/lib/python3.12/site-packages/airflow/example_dags/example_python_operator.py
[2024-04-21T08:25:04.548+0000] {processor.py:840} INFO - DAG(s) 'example_python_operator' retrieved from /home/airflow/.local/lib/python3.12/site-packages/airflow/example_dags/example_python_operator.py
[2024-04-21T08:25:04.561+0000] {logging_mixin.py:188} INFO - [2024-04-21T08:25:04.561+0000] {dag.py:3096} INFO - Sync 1 DAGs
[2024-04-21T08:25:04.568+0000] {logging_mixin.py:188} INFO - [2024-04-21T08:25:04.568+0000] {dag.py:3954} INFO - Setting next_dagrun for example_python_operator to None, run_after=None
[2024-04-21T08:25:04.578+0000] {processor.py:183} INFO - Processing /home/airflow/.local/lib/python3.12/site-packages/airflow/example_dags/example_python_operator.py took 0.042 seconds
[2024-04-21T08:25:35.656+0000] {processor.py:161} INFO - Started process (PID=800) to work on /home/airflow/.local/lib/python3.12/site-packages/airflow/example_dags/example_python_operator.py
[2024-04-21T08:25:35.658+0000] {processor.py:830} INFO - Processing file /home/airflow/.local/lib/python3.12/site-packages/airflow/example_dags/example_python_operator.py for tasks to queue
[2024-04-21T08:25:35.660+0000] {logging_mixin.py:188} INFO - [2024-04-21T08:25:35.659+0000] {dagbag.py:540} INFO - Filling up the DagBag from /home/airflow/.local/lib/python3.12/site-packages/airflow/example_dags/example_python_operator.py
[2024-04-21T08:25:35.668+0000] {processor.py:840} INFO - DAG(s) 'example_python_operator' retrieved from /home/airflow/.local/lib/python3.12/site-packages/airflow/example_dags/example_python_operator.py
[2024-04-21T08:25:35.681+0000] {logging_mixin.py:188} INFO - [2024-04-21T08:25:35.681+0000] {dag.py:3096} INFO - Sync 1 DAGs
[2024-04-21T08:25:35.688+0000] {logging_mixin.py:188} INFO - [2024-04-21T08:25:35.688+0000] {dag.py:3954} INFO - Setting next_dagrun for example_python_operator to None, run_after=None
[2024-04-21T08:25:35.698+0000] {processor.py:183} INFO - Processing /home/airflow/.local/lib/python3.12/site-packages/airflow/example_dags/example_python_operator.py took 0.048 seconds
[2024-04-21T08:26:06.230+0000] {processor.py:161} INFO - Started process (PID=862) to work on /home/airflow/.local/lib/python3.12/site-packages/airflow/example_dags/example_python_operator.py
[2024-04-21T08:26:06.231+0000] {processor.py:830} INFO - Processing file /home/airflow/.local/lib/python3.12/site-packages/airflow/example_dags/example_python_operator.py for tasks to queue
[2024-04-21T08:26:06.233+0000] {logging_mixin.py:188} INFO - [2024-04-21T08:26:06.233+0000] {dagbag.py:540} INFO - Filling up the DagBag from /home/airflow/.local/lib/python3.12/site-packages/airflow/example_dags/example_python_operator.py
[2024-04-21T08:26:06.243+0000] {processor.py:840} INFO - DAG(s) 'example_python_operator' retrieved from /home/airflow/.local/lib/python3.12/site-packages/airflow/example_dags/example_python_operator.py
[2024-04-21T08:26:06.263+0000] {logging_mixin.py:188} INFO - [2024-04-21T08:26:06.263+0000] {dag.py:3096} INFO - Sync 1 DAGs
[2024-04-21T08:26:06.273+0000] {logging_mixin.py:188} INFO - [2024-04-21T08:26:06.273+0000] {dag.py:3954} INFO - Setting next_dagrun for example_python_operator to None, run_after=None
[2024-04-21T08:26:06.289+0000] {processor.py:183} INFO - Processing /home/airflow/.local/lib/python3.12/site-packages/airflow/example_dags/example_python_operator.py took 0.064 seconds
[2024-04-21T08:26:36.522+0000] {processor.py:161} INFO - Started process (PID=924) to work on /home/airflow/.local/lib/python3.12/site-packages/airflow/example_dags/example_python_operator.py
[2024-04-21T08:26:36.523+0000] {processor.py:830} INFO - Processing file /home/airflow/.local/lib/python3.12/site-packages/airflow/example_dags/example_python_operator.py for tasks to queue
[2024-04-21T08:26:36.526+0000] {logging_mixin.py:188} INFO - [2024-04-21T08:26:36.525+0000] {dagbag.py:540} INFO - Filling up the DagBag from /home/airflow/.local/lib/python3.12/site-packages/airflow/example_dags/example_python_operator.py
[2024-04-21T08:26:36.535+0000] {processor.py:840} INFO - DAG(s) 'example_python_operator' retrieved from /home/airflow/.local/lib/python3.12/site-packages/airflow/example_dags/example_python_operator.py
[2024-04-21T08:26:36.549+0000] {logging_mixin.py:188} INFO - [2024-04-21T08:26:36.548+0000] {dag.py:3096} INFO - Sync 1 DAGs
[2024-04-21T08:26:36.556+0000] {logging_mixin.py:188} INFO - [2024-04-21T08:26:36.556+0000] {dag.py:3954} INFO - Setting next_dagrun for example_python_operator to None, run_after=None
[2024-04-21T08:26:36.567+0000] {processor.py:183} INFO - Processing /home/airflow/.local/lib/python3.12/site-packages/airflow/example_dags/example_python_operator.py took 0.049 seconds
[2024-04-21T08:27:07.154+0000] {processor.py:161} INFO - Started process (PID=986) to work on /home/airflow/.local/lib/python3.12/site-packages/airflow/example_dags/example_python_operator.py
[2024-04-21T08:27:07.156+0000] {processor.py:830} INFO - Processing file /home/airflow/.local/lib/python3.12/site-packages/airflow/example_dags/example_python_operator.py for tasks to queue
[2024-04-21T08:27:07.158+0000] {logging_mixin.py:188} INFO - [2024-04-21T08:27:07.158+0000] {dagbag.py:540} INFO - Filling up the DagBag from /home/airflow/.local/lib/python3.12/site-packages/airflow/example_dags/example_python_operator.py
[2024-04-21T08:27:07.166+0000] {processor.py:840} INFO - DAG(s) 'example_python_operator' retrieved from /home/airflow/.local/lib/python3.12/site-packages/airflow/example_dags/example_python_operator.py
[2024-04-21T08:27:07.180+0000] {logging_mixin.py:188} INFO - [2024-04-21T08:27:07.180+0000] {dag.py:3096} INFO - Sync 1 DAGs
[2024-04-21T08:27:07.187+0000] {logging_mixin.py:188} INFO - [2024-04-21T08:27:07.187+0000] {dag.py:3954} INFO - Setting next_dagrun for example_python_operator to None, run_after=None
[2024-04-21T08:27:07.198+0000] {processor.py:183} INFO - Processing /home/airflow/.local/lib/python3.12/site-packages/airflow/example_dags/example_python_operator.py took 0.049 seconds
