[2024-04-21T06:45:01.333+0000] {processor.py:161} INFO - Started process (PID=48) to work on /home/airflow/.local/lib/python3.12/site-packages/airflow/example_dags/example_sla_dag.py
[2024-04-21T06:45:01.334+0000] {processor.py:830} INFO - Processing file /home/airflow/.local/lib/python3.12/site-packages/airflow/example_dags/example_sla_dag.py for tasks to queue
[2024-04-21T06:45:01.338+0000] {logging_mixin.py:188} INFO - [2024-04-21T06:45:01.337+0000] {dagbag.py:540} INFO - Filling up the DagBag from /home/airflow/.local/lib/python3.12/site-packages/airflow/example_dags/example_sla_dag.py
[2024-04-21T06:45:01.361+0000] {processor.py:840} INFO - DAG(s) 'example_sla_dag' retrieved from /home/airflow/.local/lib/python3.12/site-packages/airflow/example_dags/example_sla_dag.py
[2024-04-21T06:45:01.409+0000] {logging_mixin.py:188} INFO - [2024-04-21T06:45:01.408+0000] {dag.py:3096} INFO - Sync 1 DAGs
[2024-04-21T06:45:01.484+0000] {logging_mixin.py:188} INFO - [2024-04-21T06:45:01.484+0000] {dag.py:3954} INFO - Setting next_dagrun for example_sla_dag to 2024-04-21 06:42:00+00:00, run_after=2024-04-21 06:44:00+00:00
[2024-04-21T06:45:01.541+0000] {processor.py:183} INFO - Processing /home/airflow/.local/lib/python3.12/site-packages/airflow/example_dags/example_sla_dag.py took 0.216 seconds
[2024-04-21T06:45:32.278+0000] {processor.py:161} INFO - Started process (PID=109) to work on /home/airflow/.local/lib/python3.12/site-packages/airflow/example_dags/example_sla_dag.py
[2024-04-21T06:45:32.279+0000] {processor.py:830} INFO - Processing file /home/airflow/.local/lib/python3.12/site-packages/airflow/example_dags/example_sla_dag.py for tasks to queue
[2024-04-21T06:45:32.280+0000] {logging_mixin.py:188} INFO - [2024-04-21T06:45:32.280+0000] {dagbag.py:540} INFO - Filling up the DagBag from /home/airflow/.local/lib/python3.12/site-packages/airflow/example_dags/example_sla_dag.py
[2024-04-21T06:45:32.286+0000] {processor.py:840} INFO - DAG(s) 'example_sla_dag' retrieved from /home/airflow/.local/lib/python3.12/site-packages/airflow/example_dags/example_sla_dag.py
[2024-04-21T06:45:32.292+0000] {logging_mixin.py:188} INFO - [2024-04-21T06:45:32.292+0000] {dag.py:3096} INFO - Sync 1 DAGs
[2024-04-21T06:45:32.306+0000] {logging_mixin.py:188} INFO - [2024-04-21T06:45:32.306+0000] {dag.py:3954} INFO - Setting next_dagrun for example_sla_dag to 2024-04-21 06:42:00+00:00, run_after=2024-04-21 06:44:00+00:00
[2024-04-21T06:45:32.316+0000] {processor.py:183} INFO - Processing /home/airflow/.local/lib/python3.12/site-packages/airflow/example_dags/example_sla_dag.py took 0.044 seconds
[2024-04-21T07:09:05.598+0000] {processor.py:161} INFO - Started process (PID=47) to work on /home/airflow/.local/lib/python3.12/site-packages/airflow/example_dags/example_sla_dag.py
[2024-04-21T07:09:05.603+0000] {processor.py:830} INFO - Processing file /home/airflow/.local/lib/python3.12/site-packages/airflow/example_dags/example_sla_dag.py for tasks to queue
[2024-04-21T07:09:05.606+0000] {logging_mixin.py:188} INFO - [2024-04-21T07:09:05.605+0000] {dagbag.py:540} INFO - Filling up the DagBag from /home/airflow/.local/lib/python3.12/site-packages/airflow/example_dags/example_sla_dag.py
[2024-04-21T07:09:05.617+0000] {processor.py:840} INFO - DAG(s) 'example_sla_dag' retrieved from /home/airflow/.local/lib/python3.12/site-packages/airflow/example_dags/example_sla_dag.py
[2024-04-21T07:09:05.654+0000] {logging_mixin.py:188} INFO - [2024-04-21T07:09:05.654+0000] {dag.py:3096} INFO - Sync 1 DAGs
[2024-04-21T07:09:05.701+0000] {logging_mixin.py:188} INFO - [2024-04-21T07:09:05.697+0000] {dag.py:3954} INFO - Setting next_dagrun for example_sla_dag to 2024-04-21 07:06:00+00:00, run_after=2024-04-21 07:08:00+00:00
[2024-04-21T07:09:05.721+0000] {processor.py:183} INFO - Processing /home/airflow/.local/lib/python3.12/site-packages/airflow/example_dags/example_sla_dag.py took 0.129 seconds
[2024-04-21T07:58:36.523+0000] {processor.py:161} INFO - Started process (PID=48) to work on /home/airflow/.local/lib/python3.12/site-packages/airflow/example_dags/example_sla_dag.py
[2024-04-21T07:58:36.528+0000] {processor.py:830} INFO - Processing file /home/airflow/.local/lib/python3.12/site-packages/airflow/example_dags/example_sla_dag.py for tasks to queue
[2024-04-21T07:58:36.535+0000] {logging_mixin.py:188} INFO - [2024-04-21T07:58:36.533+0000] {dagbag.py:540} INFO - Filling up the DagBag from /home/airflow/.local/lib/python3.12/site-packages/airflow/example_dags/example_sla_dag.py
[2024-04-21T07:58:36.566+0000] {processor.py:840} INFO - DAG(s) 'example_sla_dag' retrieved from /home/airflow/.local/lib/python3.12/site-packages/airflow/example_dags/example_sla_dag.py
[2024-04-21T07:58:36.591+0000] {logging_mixin.py:188} INFO - [2024-04-21T07:58:36.590+0000] {dag.py:3096} INFO - Sync 1 DAGs
[2024-04-21T07:58:36.657+0000] {logging_mixin.py:188} INFO - [2024-04-21T07:58:36.656+0000] {dag.py:3954} INFO - Setting next_dagrun for example_sla_dag to 2024-04-21 07:56:00+00:00, run_after=2024-04-21 07:58:00+00:00
[2024-04-21T07:58:36.681+0000] {processor.py:183} INFO - Processing /home/airflow/.local/lib/python3.12/site-packages/airflow/example_dags/example_sla_dag.py took 0.172 seconds
[2024-04-21T07:59:06.911+0000] {processor.py:161} INFO - Started process (PID=109) to work on /home/airflow/.local/lib/python3.12/site-packages/airflow/example_dags/example_sla_dag.py
[2024-04-21T07:59:06.911+0000] {processor.py:830} INFO - Processing file /home/airflow/.local/lib/python3.12/site-packages/airflow/example_dags/example_sla_dag.py for tasks to queue
[2024-04-21T07:59:06.913+0000] {logging_mixin.py:188} INFO - [2024-04-21T07:59:06.913+0000] {dagbag.py:540} INFO - Filling up the DagBag from /home/airflow/.local/lib/python3.12/site-packages/airflow/example_dags/example_sla_dag.py
[2024-04-21T07:59:06.919+0000] {processor.py:840} INFO - DAG(s) 'example_sla_dag' retrieved from /home/airflow/.local/lib/python3.12/site-packages/airflow/example_dags/example_sla_dag.py
[2024-04-21T07:59:06.979+0000] {logging_mixin.py:188} INFO - [2024-04-21T07:59:06.979+0000] {dag.py:3096} INFO - Sync 1 DAGs
[2024-04-21T07:59:06.992+0000] {logging_mixin.py:188} INFO - [2024-04-21T07:59:06.991+0000] {dag.py:3954} INFO - Setting next_dagrun for example_sla_dag to 2024-04-21 07:56:00+00:00, run_after=2024-04-21 07:58:00+00:00
[2024-04-21T07:59:07.004+0000] {processor.py:183} INFO - Processing /home/airflow/.local/lib/python3.12/site-packages/airflow/example_dags/example_sla_dag.py took 0.096 seconds
[2024-04-21T07:59:37.530+0000] {processor.py:161} INFO - Started process (PID=171) to work on /home/airflow/.local/lib/python3.12/site-packages/airflow/example_dags/example_sla_dag.py
[2024-04-21T07:59:37.531+0000] {processor.py:830} INFO - Processing file /home/airflow/.local/lib/python3.12/site-packages/airflow/example_dags/example_sla_dag.py for tasks to queue
[2024-04-21T07:59:37.533+0000] {logging_mixin.py:188} INFO - [2024-04-21T07:59:37.533+0000] {dagbag.py:540} INFO - Filling up the DagBag from /home/airflow/.local/lib/python3.12/site-packages/airflow/example_dags/example_sla_dag.py
[2024-04-21T07:59:37.538+0000] {processor.py:840} INFO - DAG(s) 'example_sla_dag' retrieved from /home/airflow/.local/lib/python3.12/site-packages/airflow/example_dags/example_sla_dag.py
[2024-04-21T07:59:37.549+0000] {logging_mixin.py:188} INFO - [2024-04-21T07:59:37.549+0000] {dag.py:3096} INFO - Sync 1 DAGs
[2024-04-21T07:59:37.561+0000] {logging_mixin.py:188} INFO - [2024-04-21T07:59:37.561+0000] {dag.py:3954} INFO - Setting next_dagrun for example_sla_dag to 2024-04-21 07:56:00+00:00, run_after=2024-04-21 07:58:00+00:00
[2024-04-21T07:59:37.569+0000] {processor.py:183} INFO - Processing /home/airflow/.local/lib/python3.12/site-packages/airflow/example_dags/example_sla_dag.py took 0.043 seconds
[2024-04-21T08:00:08.193+0000] {processor.py:161} INFO - Started process (PID=232) to work on /home/airflow/.local/lib/python3.12/site-packages/airflow/example_dags/example_sla_dag.py
[2024-04-21T08:00:08.193+0000] {processor.py:830} INFO - Processing file /home/airflow/.local/lib/python3.12/site-packages/airflow/example_dags/example_sla_dag.py for tasks to queue
[2024-04-21T08:00:08.195+0000] {logging_mixin.py:188} INFO - [2024-04-21T08:00:08.194+0000] {dagbag.py:540} INFO - Filling up the DagBag from /home/airflow/.local/lib/python3.12/site-packages/airflow/example_dags/example_sla_dag.py
[2024-04-21T08:00:08.199+0000] {processor.py:840} INFO - DAG(s) 'example_sla_dag' retrieved from /home/airflow/.local/lib/python3.12/site-packages/airflow/example_dags/example_sla_dag.py
[2024-04-21T08:00:08.211+0000] {logging_mixin.py:188} INFO - [2024-04-21T08:00:08.211+0000] {dag.py:3096} INFO - Sync 1 DAGs
[2024-04-21T08:00:08.228+0000] {logging_mixin.py:188} INFO - [2024-04-21T08:00:08.227+0000] {dag.py:3954} INFO - Setting next_dagrun for example_sla_dag to 2024-04-21 07:58:00+00:00, run_after=2024-04-21 08:00:00+00:00
[2024-04-21T08:00:08.238+0000] {processor.py:183} INFO - Processing /home/airflow/.local/lib/python3.12/site-packages/airflow/example_dags/example_sla_dag.py took 0.048 seconds
[2024-04-21T08:00:39.621+0000] {processor.py:161} INFO - Started process (PID=296) to work on /home/airflow/.local/lib/python3.12/site-packages/airflow/example_dags/example_sla_dag.py
[2024-04-21T08:00:39.622+0000] {processor.py:830} INFO - Processing file /home/airflow/.local/lib/python3.12/site-packages/airflow/example_dags/example_sla_dag.py for tasks to queue
[2024-04-21T08:00:39.623+0000] {logging_mixin.py:188} INFO - [2024-04-21T08:00:39.623+0000] {dagbag.py:540} INFO - Filling up the DagBag from /home/airflow/.local/lib/python3.12/site-packages/airflow/example_dags/example_sla_dag.py
[2024-04-21T08:00:39.628+0000] {processor.py:840} INFO - DAG(s) 'example_sla_dag' retrieved from /home/airflow/.local/lib/python3.12/site-packages/airflow/example_dags/example_sla_dag.py
[2024-04-21T08:00:39.640+0000] {logging_mixin.py:188} INFO - [2024-04-21T08:00:39.639+0000] {dag.py:3096} INFO - Sync 1 DAGs
[2024-04-21T08:00:39.652+0000] {logging_mixin.py:188} INFO - [2024-04-21T08:00:39.652+0000] {dag.py:3954} INFO - Setting next_dagrun for example_sla_dag to 2024-04-21 07:58:00+00:00, run_after=2024-04-21 08:00:00+00:00
[2024-04-21T08:00:39.662+0000] {processor.py:183} INFO - Processing /home/airflow/.local/lib/python3.12/site-packages/airflow/example_dags/example_sla_dag.py took 0.044 seconds
[2024-04-21T08:01:09.951+0000] {processor.py:161} INFO - Started process (PID=358) to work on /home/airflow/.local/lib/python3.12/site-packages/airflow/example_dags/example_sla_dag.py
[2024-04-21T08:01:09.951+0000] {processor.py:830} INFO - Processing file /home/airflow/.local/lib/python3.12/site-packages/airflow/example_dags/example_sla_dag.py for tasks to queue
[2024-04-21T08:01:09.953+0000] {logging_mixin.py:188} INFO - [2024-04-21T08:01:09.952+0000] {dagbag.py:540} INFO - Filling up the DagBag from /home/airflow/.local/lib/python3.12/site-packages/airflow/example_dags/example_sla_dag.py
[2024-04-21T08:01:09.957+0000] {processor.py:840} INFO - DAG(s) 'example_sla_dag' retrieved from /home/airflow/.local/lib/python3.12/site-packages/airflow/example_dags/example_sla_dag.py
[2024-04-21T08:01:09.966+0000] {logging_mixin.py:188} INFO - [2024-04-21T08:01:09.966+0000] {dag.py:3096} INFO - Sync 1 DAGs
[2024-04-21T08:01:09.977+0000] {logging_mixin.py:188} INFO - [2024-04-21T08:01:09.977+0000] {dag.py:3954} INFO - Setting next_dagrun for example_sla_dag to 2024-04-21 07:58:00+00:00, run_after=2024-04-21 08:00:00+00:00
[2024-04-21T08:01:09.986+0000] {processor.py:183} INFO - Processing /home/airflow/.local/lib/python3.12/site-packages/airflow/example_dags/example_sla_dag.py took 0.038 seconds
[2024-04-21T08:05:54.587+0000] {processor.py:161} INFO - Started process (PID=414) to work on /home/airflow/.local/lib/python3.12/site-packages/airflow/example_dags/example_sla_dag.py
[2024-04-21T08:05:54.588+0000] {processor.py:830} INFO - Processing file /home/airflow/.local/lib/python3.12/site-packages/airflow/example_dags/example_sla_dag.py for tasks to queue
[2024-04-21T08:05:54.589+0000] {logging_mixin.py:188} INFO - [2024-04-21T08:05:54.589+0000] {dagbag.py:540} INFO - Filling up the DagBag from /home/airflow/.local/lib/python3.12/site-packages/airflow/example_dags/example_sla_dag.py
[2024-04-21T08:05:54.595+0000] {processor.py:840} INFO - DAG(s) 'example_sla_dag' retrieved from /home/airflow/.local/lib/python3.12/site-packages/airflow/example_dags/example_sla_dag.py
[2024-04-21T08:05:54.608+0000] {logging_mixin.py:188} INFO - [2024-04-21T08:05:54.607+0000] {dag.py:3096} INFO - Sync 1 DAGs
[2024-04-21T08:05:54.621+0000] {logging_mixin.py:188} INFO - [2024-04-21T08:05:54.621+0000] {dag.py:3954} INFO - Setting next_dagrun for example_sla_dag to 2024-04-21 08:02:00+00:00, run_after=2024-04-21 08:04:00+00:00
[2024-04-21T08:05:54.643+0000] {processor.py:183} INFO - Processing /home/airflow/.local/lib/python3.12/site-packages/airflow/example_dags/example_sla_dag.py took 0.060 seconds
[2024-04-21T08:19:25.539+0000] {processor.py:161} INFO - Started process (PID=48) to work on /home/airflow/.local/lib/python3.12/site-packages/airflow/example_dags/example_sla_dag.py
[2024-04-21T08:19:25.542+0000] {processor.py:830} INFO - Processing file /home/airflow/.local/lib/python3.12/site-packages/airflow/example_dags/example_sla_dag.py for tasks to queue
[2024-04-21T08:19:25.546+0000] {logging_mixin.py:188} INFO - [2024-04-21T08:19:25.546+0000] {dagbag.py:540} INFO - Filling up the DagBag from /home/airflow/.local/lib/python3.12/site-packages/airflow/example_dags/example_sla_dag.py
[2024-04-21T08:19:25.568+0000] {processor.py:840} INFO - DAG(s) 'example_sla_dag' retrieved from /home/airflow/.local/lib/python3.12/site-packages/airflow/example_dags/example_sla_dag.py
[2024-04-21T08:19:25.586+0000] {logging_mixin.py:188} INFO - [2024-04-21T08:19:25.585+0000] {dag.py:3096} INFO - Sync 1 DAGs
[2024-04-21T08:19:25.623+0000] {logging_mixin.py:188} INFO - [2024-04-21T08:19:25.623+0000] {dag.py:3954} INFO - Setting next_dagrun for example_sla_dag to 2024-04-21 08:16:00+00:00, run_after=2024-04-21 08:18:00+00:00
[2024-04-21T08:19:25.638+0000] {processor.py:183} INFO - Processing /home/airflow/.local/lib/python3.12/site-packages/airflow/example_dags/example_sla_dag.py took 0.119 seconds
[2024-04-21T08:19:56.097+0000] {processor.py:161} INFO - Started process (PID=110) to work on /home/airflow/.local/lib/python3.12/site-packages/airflow/example_dags/example_sla_dag.py
[2024-04-21T08:19:56.098+0000] {processor.py:830} INFO - Processing file /home/airflow/.local/lib/python3.12/site-packages/airflow/example_dags/example_sla_dag.py for tasks to queue
[2024-04-21T08:19:56.100+0000] {logging_mixin.py:188} INFO - [2024-04-21T08:19:56.099+0000] {dagbag.py:540} INFO - Filling up the DagBag from /home/airflow/.local/lib/python3.12/site-packages/airflow/example_dags/example_sla_dag.py
[2024-04-21T08:19:56.105+0000] {processor.py:840} INFO - DAG(s) 'example_sla_dag' retrieved from /home/airflow/.local/lib/python3.12/site-packages/airflow/example_dags/example_sla_dag.py
[2024-04-21T08:19:56.168+0000] {logging_mixin.py:188} INFO - [2024-04-21T08:19:56.168+0000] {dag.py:3096} INFO - Sync 1 DAGs
[2024-04-21T08:19:56.179+0000] {logging_mixin.py:188} INFO - [2024-04-21T08:19:56.179+0000] {dag.py:3954} INFO - Setting next_dagrun for example_sla_dag to 2024-04-21 08:16:00+00:00, run_after=2024-04-21 08:18:00+00:00
[2024-04-21T08:19:56.189+0000] {processor.py:183} INFO - Processing /home/airflow/.local/lib/python3.12/site-packages/airflow/example_dags/example_sla_dag.py took 0.097 seconds
[2024-04-21T08:20:26.326+0000] {processor.py:161} INFO - Started process (PID=172) to work on /home/airflow/.local/lib/python3.12/site-packages/airflow/example_dags/example_sla_dag.py
[2024-04-21T08:20:26.327+0000] {processor.py:830} INFO - Processing file /home/airflow/.local/lib/python3.12/site-packages/airflow/example_dags/example_sla_dag.py for tasks to queue
[2024-04-21T08:20:26.328+0000] {logging_mixin.py:188} INFO - [2024-04-21T08:20:26.328+0000] {dagbag.py:540} INFO - Filling up the DagBag from /home/airflow/.local/lib/python3.12/site-packages/airflow/example_dags/example_sla_dag.py
[2024-04-21T08:20:26.333+0000] {processor.py:840} INFO - DAG(s) 'example_sla_dag' retrieved from /home/airflow/.local/lib/python3.12/site-packages/airflow/example_dags/example_sla_dag.py
[2024-04-21T08:20:26.342+0000] {logging_mixin.py:188} INFO - [2024-04-21T08:20:26.342+0000] {dag.py:3096} INFO - Sync 1 DAGs
[2024-04-21T08:20:26.354+0000] {logging_mixin.py:188} INFO - [2024-04-21T08:20:26.354+0000] {dag.py:3954} INFO - Setting next_dagrun for example_sla_dag to 2024-04-21 08:18:00+00:00, run_after=2024-04-21 08:20:00+00:00
[2024-04-21T08:20:26.363+0000] {processor.py:183} INFO - Processing /home/airflow/.local/lib/python3.12/site-packages/airflow/example_dags/example_sla_dag.py took 0.039 seconds
[2024-04-21T08:20:57.387+0000] {processor.py:161} INFO - Started process (PID=234) to work on /home/airflow/.local/lib/python3.12/site-packages/airflow/example_dags/example_sla_dag.py
[2024-04-21T08:20:57.388+0000] {processor.py:830} INFO - Processing file /home/airflow/.local/lib/python3.12/site-packages/airflow/example_dags/example_sla_dag.py for tasks to queue
[2024-04-21T08:20:57.389+0000] {logging_mixin.py:188} INFO - [2024-04-21T08:20:57.389+0000] {dagbag.py:540} INFO - Filling up the DagBag from /home/airflow/.local/lib/python3.12/site-packages/airflow/example_dags/example_sla_dag.py
[2024-04-21T08:20:57.396+0000] {processor.py:840} INFO - DAG(s) 'example_sla_dag' retrieved from /home/airflow/.local/lib/python3.12/site-packages/airflow/example_dags/example_sla_dag.py
[2024-04-21T08:20:57.410+0000] {logging_mixin.py:188} INFO - [2024-04-21T08:20:57.410+0000] {dag.py:3096} INFO - Sync 1 DAGs
[2024-04-21T08:20:57.425+0000] {logging_mixin.py:188} INFO - [2024-04-21T08:20:57.424+0000] {dag.py:3954} INFO - Setting next_dagrun for example_sla_dag to 2024-04-21 08:18:00+00:00, run_after=2024-04-21 08:20:00+00:00
[2024-04-21T08:20:57.438+0000] {processor.py:183} INFO - Processing /home/airflow/.local/lib/python3.12/site-packages/airflow/example_dags/example_sla_dag.py took 0.054 seconds
[2024-04-21T08:21:27.737+0000] {processor.py:161} INFO - Started process (PID=298) to work on /home/airflow/.local/lib/python3.12/site-packages/airflow/example_dags/example_sla_dag.py
[2024-04-21T08:21:27.737+0000] {processor.py:830} INFO - Processing file /home/airflow/.local/lib/python3.12/site-packages/airflow/example_dags/example_sla_dag.py for tasks to queue
[2024-04-21T08:21:27.738+0000] {logging_mixin.py:188} INFO - [2024-04-21T08:21:27.738+0000] {dagbag.py:540} INFO - Filling up the DagBag from /home/airflow/.local/lib/python3.12/site-packages/airflow/example_dags/example_sla_dag.py
[2024-04-21T08:21:27.743+0000] {processor.py:840} INFO - DAG(s) 'example_sla_dag' retrieved from /home/airflow/.local/lib/python3.12/site-packages/airflow/example_dags/example_sla_dag.py
[2024-04-21T08:21:27.752+0000] {logging_mixin.py:188} INFO - [2024-04-21T08:21:27.752+0000] {dag.py:3096} INFO - Sync 1 DAGs
[2024-04-21T08:21:27.763+0000] {logging_mixin.py:188} INFO - [2024-04-21T08:21:27.763+0000] {dag.py:3954} INFO - Setting next_dagrun for example_sla_dag to 2024-04-21 08:18:00+00:00, run_after=2024-04-21 08:20:00+00:00
[2024-04-21T08:21:27.771+0000] {processor.py:183} INFO - Processing /home/airflow/.local/lib/python3.12/site-packages/airflow/example_dags/example_sla_dag.py took 0.037 seconds
[2024-04-21T08:21:58.393+0000] {processor.py:161} INFO - Started process (PID=359) to work on /home/airflow/.local/lib/python3.12/site-packages/airflow/example_dags/example_sla_dag.py
[2024-04-21T08:21:58.394+0000] {processor.py:830} INFO - Processing file /home/airflow/.local/lib/python3.12/site-packages/airflow/example_dags/example_sla_dag.py for tasks to queue
[2024-04-21T08:21:58.395+0000] {logging_mixin.py:188} INFO - [2024-04-21T08:21:58.394+0000] {dagbag.py:540} INFO - Filling up the DagBag from /home/airflow/.local/lib/python3.12/site-packages/airflow/example_dags/example_sla_dag.py
[2024-04-21T08:21:58.399+0000] {processor.py:840} INFO - DAG(s) 'example_sla_dag' retrieved from /home/airflow/.local/lib/python3.12/site-packages/airflow/example_dags/example_sla_dag.py
[2024-04-21T08:21:58.410+0000] {logging_mixin.py:188} INFO - [2024-04-21T08:21:58.410+0000] {dag.py:3096} INFO - Sync 1 DAGs
[2024-04-21T08:21:58.423+0000] {logging_mixin.py:188} INFO - [2024-04-21T08:21:58.423+0000] {dag.py:3954} INFO - Setting next_dagrun for example_sla_dag to 2024-04-21 08:18:00+00:00, run_after=2024-04-21 08:20:00+00:00
[2024-04-21T08:21:58.442+0000] {processor.py:183} INFO - Processing /home/airflow/.local/lib/python3.12/site-packages/airflow/example_dags/example_sla_dag.py took 0.052 seconds
[2024-04-21T08:22:29.401+0000] {processor.py:161} INFO - Started process (PID=421) to work on /home/airflow/.local/lib/python3.12/site-packages/airflow/example_dags/example_sla_dag.py
[2024-04-21T08:22:29.402+0000] {processor.py:830} INFO - Processing file /home/airflow/.local/lib/python3.12/site-packages/airflow/example_dags/example_sla_dag.py for tasks to queue
[2024-04-21T08:22:29.403+0000] {logging_mixin.py:188} INFO - [2024-04-21T08:22:29.403+0000] {dagbag.py:540} INFO - Filling up the DagBag from /home/airflow/.local/lib/python3.12/site-packages/airflow/example_dags/example_sla_dag.py
[2024-04-21T08:22:29.407+0000] {processor.py:840} INFO - DAG(s) 'example_sla_dag' retrieved from /home/airflow/.local/lib/python3.12/site-packages/airflow/example_dags/example_sla_dag.py
[2024-04-21T08:22:29.417+0000] {logging_mixin.py:188} INFO - [2024-04-21T08:22:29.416+0000] {dag.py:3096} INFO - Sync 1 DAGs
[2024-04-21T08:22:29.426+0000] {logging_mixin.py:188} INFO - [2024-04-21T08:22:29.426+0000] {dag.py:3954} INFO - Setting next_dagrun for example_sla_dag to 2024-04-21 08:20:00+00:00, run_after=2024-04-21 08:22:00+00:00
[2024-04-21T08:22:29.434+0000] {processor.py:183} INFO - Processing /home/airflow/.local/lib/python3.12/site-packages/airflow/example_dags/example_sla_dag.py took 0.035 seconds
[2024-04-21T08:23:00.709+0000] {processor.py:161} INFO - Started process (PID=483) to work on /home/airflow/.local/lib/python3.12/site-packages/airflow/example_dags/example_sla_dag.py
[2024-04-21T08:23:00.710+0000] {processor.py:830} INFO - Processing file /home/airflow/.local/lib/python3.12/site-packages/airflow/example_dags/example_sla_dag.py for tasks to queue
[2024-04-21T08:23:00.711+0000] {logging_mixin.py:188} INFO - [2024-04-21T08:23:00.711+0000] {dagbag.py:540} INFO - Filling up the DagBag from /home/airflow/.local/lib/python3.12/site-packages/airflow/example_dags/example_sla_dag.py
[2024-04-21T08:23:00.715+0000] {processor.py:840} INFO - DAG(s) 'example_sla_dag' retrieved from /home/airflow/.local/lib/python3.12/site-packages/airflow/example_dags/example_sla_dag.py
[2024-04-21T08:23:00.726+0000] {logging_mixin.py:188} INFO - [2024-04-21T08:23:00.726+0000] {dag.py:3096} INFO - Sync 1 DAGs
[2024-04-21T08:23:00.737+0000] {logging_mixin.py:188} INFO - [2024-04-21T08:23:00.737+0000] {dag.py:3954} INFO - Setting next_dagrun for example_sla_dag to 2024-04-21 08:20:00+00:00, run_after=2024-04-21 08:22:00+00:00
[2024-04-21T08:23:00.746+0000] {processor.py:183} INFO - Processing /home/airflow/.local/lib/python3.12/site-packages/airflow/example_dags/example_sla_dag.py took 0.040 seconds
[2024-04-21T08:23:31.770+0000] {processor.py:161} INFO - Started process (PID=545) to work on /home/airflow/.local/lib/python3.12/site-packages/airflow/example_dags/example_sla_dag.py
[2024-04-21T08:23:31.773+0000] {processor.py:830} INFO - Processing file /home/airflow/.local/lib/python3.12/site-packages/airflow/example_dags/example_sla_dag.py for tasks to queue
[2024-04-21T08:23:31.776+0000] {logging_mixin.py:188} INFO - [2024-04-21T08:23:31.776+0000] {dagbag.py:540} INFO - Filling up the DagBag from /home/airflow/.local/lib/python3.12/site-packages/airflow/example_dags/example_sla_dag.py
[2024-04-21T08:23:31.783+0000] {processor.py:840} INFO - DAG(s) 'example_sla_dag' retrieved from /home/airflow/.local/lib/python3.12/site-packages/airflow/example_dags/example_sla_dag.py
[2024-04-21T08:23:31.809+0000] {logging_mixin.py:188} INFO - [2024-04-21T08:23:31.808+0000] {dag.py:3096} INFO - Sync 1 DAGs
[2024-04-21T08:23:31.833+0000] {logging_mixin.py:188} INFO - [2024-04-21T08:23:31.833+0000] {dag.py:3954} INFO - Setting next_dagrun for example_sla_dag to 2024-04-21 08:20:00+00:00, run_after=2024-04-21 08:22:00+00:00
[2024-04-21T08:23:31.849+0000] {processor.py:183} INFO - Processing /home/airflow/.local/lib/python3.12/site-packages/airflow/example_dags/example_sla_dag.py took 0.085 seconds
[2024-04-21T08:24:02.551+0000] {processor.py:161} INFO - Started process (PID=607) to work on /home/airflow/.local/lib/python3.12/site-packages/airflow/example_dags/example_sla_dag.py
[2024-04-21T08:24:02.552+0000] {processor.py:830} INFO - Processing file /home/airflow/.local/lib/python3.12/site-packages/airflow/example_dags/example_sla_dag.py for tasks to queue
[2024-04-21T08:24:02.553+0000] {logging_mixin.py:188} INFO - [2024-04-21T08:24:02.553+0000] {dagbag.py:540} INFO - Filling up the DagBag from /home/airflow/.local/lib/python3.12/site-packages/airflow/example_dags/example_sla_dag.py
[2024-04-21T08:24:02.558+0000] {processor.py:840} INFO - DAG(s) 'example_sla_dag' retrieved from /home/airflow/.local/lib/python3.12/site-packages/airflow/example_dags/example_sla_dag.py
[2024-04-21T08:24:02.574+0000] {logging_mixin.py:188} INFO - [2024-04-21T08:24:02.573+0000] {dag.py:3096} INFO - Sync 1 DAGs
[2024-04-21T08:24:02.586+0000] {logging_mixin.py:188} INFO - [2024-04-21T08:24:02.586+0000] {dag.py:3954} INFO - Setting next_dagrun for example_sla_dag to 2024-04-21 08:22:00+00:00, run_after=2024-04-21 08:24:00+00:00
[2024-04-21T08:24:02.595+0000] {processor.py:183} INFO - Processing /home/airflow/.local/lib/python3.12/site-packages/airflow/example_dags/example_sla_dag.py took 0.047 seconds
[2024-04-21T08:24:33.010+0000] {processor.py:161} INFO - Started process (PID=669) to work on /home/airflow/.local/lib/python3.12/site-packages/airflow/example_dags/example_sla_dag.py
[2024-04-21T08:24:33.011+0000] {processor.py:830} INFO - Processing file /home/airflow/.local/lib/python3.12/site-packages/airflow/example_dags/example_sla_dag.py for tasks to queue
[2024-04-21T08:24:33.012+0000] {logging_mixin.py:188} INFO - [2024-04-21T08:24:33.012+0000] {dagbag.py:540} INFO - Filling up the DagBag from /home/airflow/.local/lib/python3.12/site-packages/airflow/example_dags/example_sla_dag.py
[2024-04-21T08:24:33.016+0000] {processor.py:840} INFO - DAG(s) 'example_sla_dag' retrieved from /home/airflow/.local/lib/python3.12/site-packages/airflow/example_dags/example_sla_dag.py
[2024-04-21T08:24:33.026+0000] {logging_mixin.py:188} INFO - [2024-04-21T08:24:33.025+0000] {dag.py:3096} INFO - Sync 1 DAGs
[2024-04-21T08:24:33.036+0000] {logging_mixin.py:188} INFO - [2024-04-21T08:24:33.036+0000] {dag.py:3954} INFO - Setting next_dagrun for example_sla_dag to 2024-04-21 08:22:00+00:00, run_after=2024-04-21 08:24:00+00:00
[2024-04-21T08:24:33.045+0000] {processor.py:183} INFO - Processing /home/airflow/.local/lib/python3.12/site-packages/airflow/example_dags/example_sla_dag.py took 0.037 seconds
[2024-04-21T08:25:04.147+0000] {processor.py:161} INFO - Started process (PID=730) to work on /home/airflow/.local/lib/python3.12/site-packages/airflow/example_dags/example_sla_dag.py
[2024-04-21T08:25:04.148+0000] {processor.py:830} INFO - Processing file /home/airflow/.local/lib/python3.12/site-packages/airflow/example_dags/example_sla_dag.py for tasks to queue
[2024-04-21T08:25:04.150+0000] {logging_mixin.py:188} INFO - [2024-04-21T08:25:04.150+0000] {dagbag.py:540} INFO - Filling up the DagBag from /home/airflow/.local/lib/python3.12/site-packages/airflow/example_dags/example_sla_dag.py
[2024-04-21T08:25:04.158+0000] {processor.py:840} INFO - DAG(s) 'example_sla_dag' retrieved from /home/airflow/.local/lib/python3.12/site-packages/airflow/example_dags/example_sla_dag.py
[2024-04-21T08:25:04.172+0000] {logging_mixin.py:188} INFO - [2024-04-21T08:25:04.172+0000] {dag.py:3096} INFO - Sync 1 DAGs
[2024-04-21T08:25:04.187+0000] {logging_mixin.py:188} INFO - [2024-04-21T08:25:04.187+0000] {dag.py:3954} INFO - Setting next_dagrun for example_sla_dag to 2024-04-21 08:22:00+00:00, run_after=2024-04-21 08:24:00+00:00
[2024-04-21T08:25:04.200+0000] {processor.py:183} INFO - Processing /home/airflow/.local/lib/python3.12/site-packages/airflow/example_dags/example_sla_dag.py took 0.062 seconds
[2024-04-21T08:25:35.180+0000] {processor.py:161} INFO - Started process (PID=792) to work on /home/airflow/.local/lib/python3.12/site-packages/airflow/example_dags/example_sla_dag.py
[2024-04-21T08:25:35.181+0000] {processor.py:830} INFO - Processing file /home/airflow/.local/lib/python3.12/site-packages/airflow/example_dags/example_sla_dag.py for tasks to queue
[2024-04-21T08:25:35.183+0000] {logging_mixin.py:188} INFO - [2024-04-21T08:25:35.183+0000] {dagbag.py:540} INFO - Filling up the DagBag from /home/airflow/.local/lib/python3.12/site-packages/airflow/example_dags/example_sla_dag.py
[2024-04-21T08:25:35.191+0000] {processor.py:840} INFO - DAG(s) 'example_sla_dag' retrieved from /home/airflow/.local/lib/python3.12/site-packages/airflow/example_dags/example_sla_dag.py
[2024-04-21T08:25:35.216+0000] {logging_mixin.py:188} INFO - [2024-04-21T08:25:35.216+0000] {dag.py:3096} INFO - Sync 1 DAGs
[2024-04-21T08:25:35.241+0000] {logging_mixin.py:188} INFO - [2024-04-21T08:25:35.241+0000] {dag.py:3954} INFO - Setting next_dagrun for example_sla_dag to 2024-04-21 08:22:00+00:00, run_after=2024-04-21 08:24:00+00:00
[2024-04-21T08:25:35.256+0000] {processor.py:183} INFO - Processing /home/airflow/.local/lib/python3.12/site-packages/airflow/example_dags/example_sla_dag.py took 0.080 seconds
[2024-04-21T08:26:05.643+0000] {processor.py:161} INFO - Started process (PID=854) to work on /home/airflow/.local/lib/python3.12/site-packages/airflow/example_dags/example_sla_dag.py
[2024-04-21T08:26:05.644+0000] {processor.py:830} INFO - Processing file /home/airflow/.local/lib/python3.12/site-packages/airflow/example_dags/example_sla_dag.py for tasks to queue
[2024-04-21T08:26:05.646+0000] {logging_mixin.py:188} INFO - [2024-04-21T08:26:05.645+0000] {dagbag.py:540} INFO - Filling up the DagBag from /home/airflow/.local/lib/python3.12/site-packages/airflow/example_dags/example_sla_dag.py
[2024-04-21T08:26:05.654+0000] {processor.py:840} INFO - DAG(s) 'example_sla_dag' retrieved from /home/airflow/.local/lib/python3.12/site-packages/airflow/example_dags/example_sla_dag.py
[2024-04-21T08:26:05.679+0000] {logging_mixin.py:188} INFO - [2024-04-21T08:26:05.678+0000] {dag.py:3096} INFO - Sync 1 DAGs
[2024-04-21T08:26:05.715+0000] {logging_mixin.py:188} INFO - [2024-04-21T08:26:05.714+0000] {dag.py:3954} INFO - Setting next_dagrun for example_sla_dag to 2024-04-21 08:24:00+00:00, run_after=2024-04-21 08:26:00+00:00
[2024-04-21T08:26:05.731+0000] {processor.py:183} INFO - Processing /home/airflow/.local/lib/python3.12/site-packages/airflow/example_dags/example_sla_dag.py took 0.092 seconds
[2024-04-21T08:26:36.117+0000] {processor.py:161} INFO - Started process (PID=916) to work on /home/airflow/.local/lib/python3.12/site-packages/airflow/example_dags/example_sla_dag.py
[2024-04-21T08:26:36.118+0000] {processor.py:830} INFO - Processing file /home/airflow/.local/lib/python3.12/site-packages/airflow/example_dags/example_sla_dag.py for tasks to queue
[2024-04-21T08:26:36.119+0000] {logging_mixin.py:188} INFO - [2024-04-21T08:26:36.119+0000] {dagbag.py:540} INFO - Filling up the DagBag from /home/airflow/.local/lib/python3.12/site-packages/airflow/example_dags/example_sla_dag.py
[2024-04-21T08:26:36.124+0000] {processor.py:840} INFO - DAG(s) 'example_sla_dag' retrieved from /home/airflow/.local/lib/python3.12/site-packages/airflow/example_dags/example_sla_dag.py
[2024-04-21T08:26:36.135+0000] {logging_mixin.py:188} INFO - [2024-04-21T08:26:36.135+0000] {dag.py:3096} INFO - Sync 1 DAGs
[2024-04-21T08:26:36.147+0000] {logging_mixin.py:188} INFO - [2024-04-21T08:26:36.147+0000] {dag.py:3954} INFO - Setting next_dagrun for example_sla_dag to 2024-04-21 08:24:00+00:00, run_after=2024-04-21 08:26:00+00:00
[2024-04-21T08:26:36.157+0000] {processor.py:183} INFO - Processing /home/airflow/.local/lib/python3.12/site-packages/airflow/example_dags/example_sla_dag.py took 0.044 seconds
[2024-04-21T08:27:06.764+0000] {processor.py:161} INFO - Started process (PID=978) to work on /home/airflow/.local/lib/python3.12/site-packages/airflow/example_dags/example_sla_dag.py
[2024-04-21T08:27:06.765+0000] {processor.py:830} INFO - Processing file /home/airflow/.local/lib/python3.12/site-packages/airflow/example_dags/example_sla_dag.py for tasks to queue
[2024-04-21T08:27:06.767+0000] {logging_mixin.py:188} INFO - [2024-04-21T08:27:06.766+0000] {dagbag.py:540} INFO - Filling up the DagBag from /home/airflow/.local/lib/python3.12/site-packages/airflow/example_dags/example_sla_dag.py
[2024-04-21T08:27:06.775+0000] {processor.py:840} INFO - DAG(s) 'example_sla_dag' retrieved from /home/airflow/.local/lib/python3.12/site-packages/airflow/example_dags/example_sla_dag.py
[2024-04-21T08:27:06.787+0000] {logging_mixin.py:188} INFO - [2024-04-21T08:27:06.787+0000] {dag.py:3096} INFO - Sync 1 DAGs
[2024-04-21T08:27:06.800+0000] {logging_mixin.py:188} INFO - [2024-04-21T08:27:06.800+0000] {dag.py:3954} INFO - Setting next_dagrun for example_sla_dag to 2024-04-21 08:24:00+00:00, run_after=2024-04-21 08:26:00+00:00
[2024-04-21T08:27:06.810+0000] {processor.py:183} INFO - Processing /home/airflow/.local/lib/python3.12/site-packages/airflow/example_dags/example_sla_dag.py took 0.049 seconds
