[2024-04-21T06:45:03.507+0000] {processor.py:161} INFO - Started process (PID=74) to work on /home/airflow/.local/lib/python3.12/site-packages/airflow/example_dags/example_display_name.py
[2024-04-21T06:45:03.508+0000] {processor.py:830} INFO - Processing file /home/airflow/.local/lib/python3.12/site-packages/airflow/example_dags/example_display_name.py for tasks to queue
[2024-04-21T06:45:03.509+0000] {logging_mixin.py:188} INFO - [2024-04-21T06:45:03.509+0000] {dagbag.py:540} INFO - Filling up the DagBag from /home/airflow/.local/lib/python3.12/site-packages/airflow/example_dags/example_display_name.py
[2024-04-21T06:45:03.515+0000] {processor.py:840} INFO - DAG(s) 'example_display_name' retrieved from /home/airflow/.local/lib/python3.12/site-packages/airflow/example_dags/example_display_name.py
[2024-04-21T06:45:03.526+0000] {logging_mixin.py:188} INFO - [2024-04-21T06:45:03.526+0000] {dag.py:3096} INFO - Sync 1 DAGs
[2024-04-21T06:45:03.534+0000] {logging_mixin.py:188} INFO - [2024-04-21T06:45:03.534+0000] {dag.py:3954} INFO - Setting next_dagrun for example_display_name to None, run_after=None
[2024-04-21T06:45:03.544+0000] {processor.py:183} INFO - Processing /home/airflow/.local/lib/python3.12/site-packages/airflow/example_dags/example_display_name.py took 0.041 seconds
[2024-04-21T06:45:33.948+0000] {processor.py:161} INFO - Started process (PID=135) to work on /home/airflow/.local/lib/python3.12/site-packages/airflow/example_dags/example_display_name.py
[2024-04-21T06:45:33.949+0000] {processor.py:830} INFO - Processing file /home/airflow/.local/lib/python3.12/site-packages/airflow/example_dags/example_display_name.py for tasks to queue
[2024-04-21T06:45:33.950+0000] {logging_mixin.py:188} INFO - [2024-04-21T06:45:33.950+0000] {dagbag.py:540} INFO - Filling up the DagBag from /home/airflow/.local/lib/python3.12/site-packages/airflow/example_dags/example_display_name.py
[2024-04-21T06:45:33.954+0000] {processor.py:840} INFO - DAG(s) 'example_display_name' retrieved from /home/airflow/.local/lib/python3.12/site-packages/airflow/example_dags/example_display_name.py
[2024-04-21T06:45:33.959+0000] {logging_mixin.py:188} INFO - [2024-04-21T06:45:33.959+0000] {dag.py:3096} INFO - Sync 1 DAGs
[2024-04-21T06:45:33.966+0000] {logging_mixin.py:188} INFO - [2024-04-21T06:45:33.965+0000] {dag.py:3954} INFO - Setting next_dagrun for example_display_name to None, run_after=None
[2024-04-21T06:45:33.974+0000] {processor.py:183} INFO - Processing /home/airflow/.local/lib/python3.12/site-packages/airflow/example_dags/example_display_name.py took 0.029 seconds
[2024-04-21T07:09:07.030+0000] {processor.py:161} INFO - Started process (PID=73) to work on /home/airflow/.local/lib/python3.12/site-packages/airflow/example_dags/example_display_name.py
[2024-04-21T07:09:07.031+0000] {processor.py:830} INFO - Processing file /home/airflow/.local/lib/python3.12/site-packages/airflow/example_dags/example_display_name.py for tasks to queue
[2024-04-21T07:09:07.033+0000] {logging_mixin.py:188} INFO - [2024-04-21T07:09:07.032+0000] {dagbag.py:540} INFO - Filling up the DagBag from /home/airflow/.local/lib/python3.12/site-packages/airflow/example_dags/example_display_name.py
[2024-04-21T07:09:07.039+0000] {processor.py:840} INFO - DAG(s) 'example_display_name' retrieved from /home/airflow/.local/lib/python3.12/site-packages/airflow/example_dags/example_display_name.py
[2024-04-21T07:09:07.053+0000] {logging_mixin.py:188} INFO - [2024-04-21T07:09:07.053+0000] {dag.py:3096} INFO - Sync 1 DAGs
[2024-04-21T07:09:07.060+0000] {logging_mixin.py:188} INFO - [2024-04-21T07:09:07.060+0000] {dag.py:3954} INFO - Setting next_dagrun for example_display_name to None, run_after=None
[2024-04-21T07:09:07.073+0000] {processor.py:183} INFO - Processing /home/airflow/.local/lib/python3.12/site-packages/airflow/example_dags/example_display_name.py took 0.046 seconds
[2024-04-21T07:58:38.306+0000] {processor.py:161} INFO - Started process (PID=74) to work on /home/airflow/.local/lib/python3.12/site-packages/airflow/example_dags/example_display_name.py
[2024-04-21T07:58:38.308+0000] {processor.py:830} INFO - Processing file /home/airflow/.local/lib/python3.12/site-packages/airflow/example_dags/example_display_name.py for tasks to queue
[2024-04-21T07:58:38.310+0000] {logging_mixin.py:188} INFO - [2024-04-21T07:58:38.309+0000] {dagbag.py:540} INFO - Filling up the DagBag from /home/airflow/.local/lib/python3.12/site-packages/airflow/example_dags/example_display_name.py
[2024-04-21T07:58:38.315+0000] {processor.py:840} INFO - DAG(s) 'example_display_name' retrieved from /home/airflow/.local/lib/python3.12/site-packages/airflow/example_dags/example_display_name.py
[2024-04-21T07:58:38.325+0000] {logging_mixin.py:188} INFO - [2024-04-21T07:58:38.325+0000] {dag.py:3096} INFO - Sync 1 DAGs
[2024-04-21T07:58:38.334+0000] {logging_mixin.py:188} INFO - [2024-04-21T07:58:38.334+0000] {dag.py:3954} INFO - Setting next_dagrun for example_display_name to None, run_after=None
[2024-04-21T07:58:38.351+0000] {processor.py:183} INFO - Processing /home/airflow/.local/lib/python3.12/site-packages/airflow/example_dags/example_display_name.py took 0.048 seconds
[2024-04-21T07:59:08.770+0000] {processor.py:161} INFO - Started process (PID=135) to work on /home/airflow/.local/lib/python3.12/site-packages/airflow/example_dags/example_display_name.py
[2024-04-21T07:59:08.771+0000] {processor.py:830} INFO - Processing file /home/airflow/.local/lib/python3.12/site-packages/airflow/example_dags/example_display_name.py for tasks to queue
[2024-04-21T07:59:08.773+0000] {logging_mixin.py:188} INFO - [2024-04-21T07:59:08.772+0000] {dagbag.py:540} INFO - Filling up the DagBag from /home/airflow/.local/lib/python3.12/site-packages/airflow/example_dags/example_display_name.py
[2024-04-21T07:59:08.776+0000] {processor.py:840} INFO - DAG(s) 'example_display_name' retrieved from /home/airflow/.local/lib/python3.12/site-packages/airflow/example_dags/example_display_name.py
[2024-04-21T07:59:08.854+0000] {logging_mixin.py:188} INFO - [2024-04-21T07:59:08.854+0000] {dag.py:3096} INFO - Sync 1 DAGs
[2024-04-21T07:59:08.862+0000] {logging_mixin.py:188} INFO - [2024-04-21T07:59:08.862+0000] {dag.py:3954} INFO - Setting next_dagrun for example_display_name to None, run_after=None
[2024-04-21T07:59:08.877+0000] {processor.py:183} INFO - Processing /home/airflow/.local/lib/python3.12/site-packages/airflow/example_dags/example_display_name.py took 0.110 seconds
[2024-04-21T07:59:39.387+0000] {processor.py:161} INFO - Started process (PID=197) to work on /home/airflow/.local/lib/python3.12/site-packages/airflow/example_dags/example_display_name.py
[2024-04-21T07:59:39.388+0000] {processor.py:830} INFO - Processing file /home/airflow/.local/lib/python3.12/site-packages/airflow/example_dags/example_display_name.py for tasks to queue
[2024-04-21T07:59:39.389+0000] {logging_mixin.py:188} INFO - [2024-04-21T07:59:39.389+0000] {dagbag.py:540} INFO - Filling up the DagBag from /home/airflow/.local/lib/python3.12/site-packages/airflow/example_dags/example_display_name.py
[2024-04-21T07:59:39.393+0000] {processor.py:840} INFO - DAG(s) 'example_display_name' retrieved from /home/airflow/.local/lib/python3.12/site-packages/airflow/example_dags/example_display_name.py
[2024-04-21T07:59:39.402+0000] {logging_mixin.py:188} INFO - [2024-04-21T07:59:39.402+0000] {dag.py:3096} INFO - Sync 1 DAGs
[2024-04-21T07:59:39.408+0000] {logging_mixin.py:188} INFO - [2024-04-21T07:59:39.408+0000] {dag.py:3954} INFO - Setting next_dagrun for example_display_name to None, run_after=None
[2024-04-21T07:59:39.417+0000] {processor.py:183} INFO - Processing /home/airflow/.local/lib/python3.12/site-packages/airflow/example_dags/example_display_name.py took 0.033 seconds
[2024-04-21T08:00:10.282+0000] {processor.py:161} INFO - Started process (PID=258) to work on /home/airflow/.local/lib/python3.12/site-packages/airflow/example_dags/example_display_name.py
[2024-04-21T08:00:10.283+0000] {processor.py:830} INFO - Processing file /home/airflow/.local/lib/python3.12/site-packages/airflow/example_dags/example_display_name.py for tasks to queue
[2024-04-21T08:00:10.284+0000] {logging_mixin.py:188} INFO - [2024-04-21T08:00:10.283+0000] {dagbag.py:540} INFO - Filling up the DagBag from /home/airflow/.local/lib/python3.12/site-packages/airflow/example_dags/example_display_name.py
[2024-04-21T08:00:10.287+0000] {processor.py:840} INFO - DAG(s) 'example_display_name' retrieved from /home/airflow/.local/lib/python3.12/site-packages/airflow/example_dags/example_display_name.py
[2024-04-21T08:00:10.297+0000] {logging_mixin.py:188} INFO - [2024-04-21T08:00:10.297+0000] {dag.py:3096} INFO - Sync 1 DAGs
[2024-04-21T08:00:10.304+0000] {logging_mixin.py:188} INFO - [2024-04-21T08:00:10.304+0000] {dag.py:3954} INFO - Setting next_dagrun for example_display_name to None, run_after=None
[2024-04-21T08:00:10.312+0000] {processor.py:183} INFO - Processing /home/airflow/.local/lib/python3.12/site-packages/airflow/example_dags/example_display_name.py took 0.033 seconds
[2024-04-21T08:00:40.831+0000] {processor.py:161} INFO - Started process (PID=322) to work on /home/airflow/.local/lib/python3.12/site-packages/airflow/example_dags/example_display_name.py
[2024-04-21T08:00:40.831+0000] {processor.py:830} INFO - Processing file /home/airflow/.local/lib/python3.12/site-packages/airflow/example_dags/example_display_name.py for tasks to queue
[2024-04-21T08:00:40.832+0000] {logging_mixin.py:188} INFO - [2024-04-21T08:00:40.832+0000] {dagbag.py:540} INFO - Filling up the DagBag from /home/airflow/.local/lib/python3.12/site-packages/airflow/example_dags/example_display_name.py
[2024-04-21T08:00:40.836+0000] {processor.py:840} INFO - DAG(s) 'example_display_name' retrieved from /home/airflow/.local/lib/python3.12/site-packages/airflow/example_dags/example_display_name.py
[2024-04-21T08:00:40.845+0000] {logging_mixin.py:188} INFO - [2024-04-21T08:00:40.845+0000] {dag.py:3096} INFO - Sync 1 DAGs
[2024-04-21T08:00:40.852+0000] {logging_mixin.py:188} INFO - [2024-04-21T08:00:40.852+0000] {dag.py:3954} INFO - Setting next_dagrun for example_display_name to None, run_after=None
[2024-04-21T08:00:40.861+0000] {processor.py:183} INFO - Processing /home/airflow/.local/lib/python3.12/site-packages/airflow/example_dags/example_display_name.py took 0.033 seconds
[2024-04-21T08:01:11.708+0000] {processor.py:161} INFO - Started process (PID=384) to work on /home/airflow/.local/lib/python3.12/site-packages/airflow/example_dags/example_display_name.py
[2024-04-21T08:01:11.709+0000] {processor.py:830} INFO - Processing file /home/airflow/.local/lib/python3.12/site-packages/airflow/example_dags/example_display_name.py for tasks to queue
[2024-04-21T08:01:11.710+0000] {logging_mixin.py:188} INFO - [2024-04-21T08:01:11.710+0000] {dagbag.py:540} INFO - Filling up the DagBag from /home/airflow/.local/lib/python3.12/site-packages/airflow/example_dags/example_display_name.py
[2024-04-21T08:01:11.714+0000] {processor.py:840} INFO - DAG(s) 'example_display_name' retrieved from /home/airflow/.local/lib/python3.12/site-packages/airflow/example_dags/example_display_name.py
[2024-04-21T08:01:11.725+0000] {logging_mixin.py:188} INFO - [2024-04-21T08:01:11.725+0000] {dag.py:3096} INFO - Sync 1 DAGs
[2024-04-21T08:01:11.732+0000] {logging_mixin.py:188} INFO - [2024-04-21T08:01:11.732+0000] {dag.py:3954} INFO - Setting next_dagrun for example_display_name to None, run_after=None
[2024-04-21T08:01:11.741+0000] {processor.py:183} INFO - Processing /home/airflow/.local/lib/python3.12/site-packages/airflow/example_dags/example_display_name.py took 0.037 seconds
[2024-04-21T08:05:55.563+0000] {processor.py:161} INFO - Started process (PID=440) to work on /home/airflow/.local/lib/python3.12/site-packages/airflow/example_dags/example_display_name.py
[2024-04-21T08:05:55.566+0000] {processor.py:830} INFO - Processing file /home/airflow/.local/lib/python3.12/site-packages/airflow/example_dags/example_display_name.py for tasks to queue
[2024-04-21T08:05:55.567+0000] {logging_mixin.py:188} INFO - [2024-04-21T08:05:55.567+0000] {dagbag.py:540} INFO - Filling up the DagBag from /home/airflow/.local/lib/python3.12/site-packages/airflow/example_dags/example_display_name.py
[2024-04-21T08:05:55.570+0000] {processor.py:840} INFO - DAG(s) 'example_display_name' retrieved from /home/airflow/.local/lib/python3.12/site-packages/airflow/example_dags/example_display_name.py
[2024-04-21T08:05:55.583+0000] {logging_mixin.py:188} INFO - [2024-04-21T08:05:55.583+0000] {dag.py:3096} INFO - Sync 1 DAGs
[2024-04-21T08:05:55.591+0000] {logging_mixin.py:188} INFO - [2024-04-21T08:05:55.591+0000] {dag.py:3954} INFO - Setting next_dagrun for example_display_name to None, run_after=None
[2024-04-21T08:05:55.611+0000] {processor.py:183} INFO - Processing /home/airflow/.local/lib/python3.12/site-packages/airflow/example_dags/example_display_name.py took 0.051 seconds
[2024-04-21T08:19:27.138+0000] {processor.py:161} INFO - Started process (PID=74) to work on /home/airflow/.local/lib/python3.12/site-packages/airflow/example_dags/example_display_name.py
[2024-04-21T08:19:27.140+0000] {processor.py:830} INFO - Processing file /home/airflow/.local/lib/python3.12/site-packages/airflow/example_dags/example_display_name.py for tasks to queue
[2024-04-21T08:19:27.144+0000] {logging_mixin.py:188} INFO - [2024-04-21T08:19:27.143+0000] {dagbag.py:540} INFO - Filling up the DagBag from /home/airflow/.local/lib/python3.12/site-packages/airflow/example_dags/example_display_name.py
[2024-04-21T08:19:27.157+0000] {processor.py:840} INFO - DAG(s) 'example_display_name' retrieved from /home/airflow/.local/lib/python3.12/site-packages/airflow/example_dags/example_display_name.py
[2024-04-21T08:19:27.172+0000] {logging_mixin.py:188} INFO - [2024-04-21T08:19:27.172+0000] {dag.py:3096} INFO - Sync 1 DAGs
[2024-04-21T08:19:27.185+0000] {logging_mixin.py:188} INFO - [2024-04-21T08:19:27.185+0000] {dag.py:3954} INFO - Setting next_dagrun for example_display_name to None, run_after=None
[2024-04-21T08:19:27.217+0000] {processor.py:183} INFO - Processing /home/airflow/.local/lib/python3.12/site-packages/airflow/example_dags/example_display_name.py took 0.082 seconds
[2024-04-21T08:19:57.789+0000] {processor.py:161} INFO - Started process (PID=136) to work on /home/airflow/.local/lib/python3.12/site-packages/airflow/example_dags/example_display_name.py
[2024-04-21T08:19:57.790+0000] {processor.py:830} INFO - Processing file /home/airflow/.local/lib/python3.12/site-packages/airflow/example_dags/example_display_name.py for tasks to queue
[2024-04-21T08:19:57.791+0000] {logging_mixin.py:188} INFO - [2024-04-21T08:19:57.791+0000] {dagbag.py:540} INFO - Filling up the DagBag from /home/airflow/.local/lib/python3.12/site-packages/airflow/example_dags/example_display_name.py
[2024-04-21T08:19:57.795+0000] {processor.py:840} INFO - DAG(s) 'example_display_name' retrieved from /home/airflow/.local/lib/python3.12/site-packages/airflow/example_dags/example_display_name.py
[2024-04-21T08:19:57.860+0000] {logging_mixin.py:188} INFO - [2024-04-21T08:19:57.860+0000] {dag.py:3096} INFO - Sync 1 DAGs
[2024-04-21T08:19:57.867+0000] {logging_mixin.py:188} INFO - [2024-04-21T08:19:57.867+0000] {dag.py:3954} INFO - Setting next_dagrun for example_display_name to None, run_after=None
[2024-04-21T08:19:57.879+0000] {processor.py:183} INFO - Processing /home/airflow/.local/lib/python3.12/site-packages/airflow/example_dags/example_display_name.py took 0.095 seconds
[2024-04-21T08:20:28.129+0000] {processor.py:161} INFO - Started process (PID=198) to work on /home/airflow/.local/lib/python3.12/site-packages/airflow/example_dags/example_display_name.py
[2024-04-21T08:20:28.130+0000] {processor.py:830} INFO - Processing file /home/airflow/.local/lib/python3.12/site-packages/airflow/example_dags/example_display_name.py for tasks to queue
[2024-04-21T08:20:28.133+0000] {logging_mixin.py:188} INFO - [2024-04-21T08:20:28.132+0000] {dagbag.py:540} INFO - Filling up the DagBag from /home/airflow/.local/lib/python3.12/site-packages/airflow/example_dags/example_display_name.py
[2024-04-21T08:20:28.137+0000] {processor.py:840} INFO - DAG(s) 'example_display_name' retrieved from /home/airflow/.local/lib/python3.12/site-packages/airflow/example_dags/example_display_name.py
[2024-04-21T08:20:28.149+0000] {logging_mixin.py:188} INFO - [2024-04-21T08:20:28.149+0000] {dag.py:3096} INFO - Sync 1 DAGs
[2024-04-21T08:20:28.155+0000] {logging_mixin.py:188} INFO - [2024-04-21T08:20:28.155+0000] {dag.py:3954} INFO - Setting next_dagrun for example_display_name to None, run_after=None
[2024-04-21T08:20:28.164+0000] {processor.py:183} INFO - Processing /home/airflow/.local/lib/python3.12/site-packages/airflow/example_dags/example_display_name.py took 0.040 seconds
[2024-04-21T08:20:59.179+0000] {processor.py:161} INFO - Started process (PID=260) to work on /home/airflow/.local/lib/python3.12/site-packages/airflow/example_dags/example_display_name.py
[2024-04-21T08:20:59.180+0000] {processor.py:830} INFO - Processing file /home/airflow/.local/lib/python3.12/site-packages/airflow/example_dags/example_display_name.py for tasks to queue
[2024-04-21T08:20:59.181+0000] {logging_mixin.py:188} INFO - [2024-04-21T08:20:59.180+0000] {dagbag.py:540} INFO - Filling up the DagBag from /home/airflow/.local/lib/python3.12/site-packages/airflow/example_dags/example_display_name.py
[2024-04-21T08:20:59.184+0000] {processor.py:840} INFO - DAG(s) 'example_display_name' retrieved from /home/airflow/.local/lib/python3.12/site-packages/airflow/example_dags/example_display_name.py
[2024-04-21T08:20:59.193+0000] {logging_mixin.py:188} INFO - [2024-04-21T08:20:59.193+0000] {dag.py:3096} INFO - Sync 1 DAGs
[2024-04-21T08:20:59.199+0000] {logging_mixin.py:188} INFO - [2024-04-21T08:20:59.199+0000] {dag.py:3954} INFO - Setting next_dagrun for example_display_name to None, run_after=None
[2024-04-21T08:20:59.207+0000] {processor.py:183} INFO - Processing /home/airflow/.local/lib/python3.12/site-packages/airflow/example_dags/example_display_name.py took 0.031 seconds
[2024-04-21T08:21:29.646+0000] {processor.py:161} INFO - Started process (PID=324) to work on /home/airflow/.local/lib/python3.12/site-packages/airflow/example_dags/example_display_name.py
[2024-04-21T08:21:29.646+0000] {processor.py:830} INFO - Processing file /home/airflow/.local/lib/python3.12/site-packages/airflow/example_dags/example_display_name.py for tasks to queue
[2024-04-21T08:21:29.647+0000] {logging_mixin.py:188} INFO - [2024-04-21T08:21:29.647+0000] {dagbag.py:540} INFO - Filling up the DagBag from /home/airflow/.local/lib/python3.12/site-packages/airflow/example_dags/example_display_name.py
[2024-04-21T08:21:29.651+0000] {processor.py:840} INFO - DAG(s) 'example_display_name' retrieved from /home/airflow/.local/lib/python3.12/site-packages/airflow/example_dags/example_display_name.py
[2024-04-21T08:21:29.660+0000] {logging_mixin.py:188} INFO - [2024-04-21T08:21:29.660+0000] {dag.py:3096} INFO - Sync 1 DAGs
[2024-04-21T08:21:29.667+0000] {logging_mixin.py:188} INFO - [2024-04-21T08:21:29.667+0000] {dag.py:3954} INFO - Setting next_dagrun for example_display_name to None, run_after=None
[2024-04-21T08:21:29.677+0000] {processor.py:183} INFO - Processing /home/airflow/.local/lib/python3.12/site-packages/airflow/example_dags/example_display_name.py took 0.034 seconds
[2024-04-21T08:22:00.429+0000] {processor.py:161} INFO - Started process (PID=385) to work on /home/airflow/.local/lib/python3.12/site-packages/airflow/example_dags/example_display_name.py
[2024-04-21T08:22:00.433+0000] {processor.py:830} INFO - Processing file /home/airflow/.local/lib/python3.12/site-packages/airflow/example_dags/example_display_name.py for tasks to queue
[2024-04-21T08:22:00.434+0000] {logging_mixin.py:188} INFO - [2024-04-21T08:22:00.434+0000] {dagbag.py:540} INFO - Filling up the DagBag from /home/airflow/.local/lib/python3.12/site-packages/airflow/example_dags/example_display_name.py
[2024-04-21T08:22:00.437+0000] {processor.py:840} INFO - DAG(s) 'example_display_name' retrieved from /home/airflow/.local/lib/python3.12/site-packages/airflow/example_dags/example_display_name.py
[2024-04-21T08:22:00.448+0000] {logging_mixin.py:188} INFO - [2024-04-21T08:22:00.448+0000] {dag.py:3096} INFO - Sync 1 DAGs
[2024-04-21T08:22:00.455+0000] {logging_mixin.py:188} INFO - [2024-04-21T08:22:00.455+0000] {dag.py:3954} INFO - Setting next_dagrun for example_display_name to None, run_after=None
[2024-04-21T08:22:00.466+0000] {processor.py:183} INFO - Processing /home/airflow/.local/lib/python3.12/site-packages/airflow/example_dags/example_display_name.py took 0.041 seconds
[2024-04-21T08:22:31.207+0000] {processor.py:161} INFO - Started process (PID=447) to work on /home/airflow/.local/lib/python3.12/site-packages/airflow/example_dags/example_display_name.py
[2024-04-21T08:22:31.207+0000] {processor.py:830} INFO - Processing file /home/airflow/.local/lib/python3.12/site-packages/airflow/example_dags/example_display_name.py for tasks to queue
[2024-04-21T08:22:31.208+0000] {logging_mixin.py:188} INFO - [2024-04-21T08:22:31.208+0000] {dagbag.py:540} INFO - Filling up the DagBag from /home/airflow/.local/lib/python3.12/site-packages/airflow/example_dags/example_display_name.py
[2024-04-21T08:22:31.212+0000] {processor.py:840} INFO - DAG(s) 'example_display_name' retrieved from /home/airflow/.local/lib/python3.12/site-packages/airflow/example_dags/example_display_name.py
[2024-04-21T08:22:31.222+0000] {logging_mixin.py:188} INFO - [2024-04-21T08:22:31.222+0000] {dag.py:3096} INFO - Sync 1 DAGs
[2024-04-21T08:22:31.228+0000] {logging_mixin.py:188} INFO - [2024-04-21T08:22:31.228+0000] {dag.py:3954} INFO - Setting next_dagrun for example_display_name to None, run_after=None
[2024-04-21T08:22:31.236+0000] {processor.py:183} INFO - Processing /home/airflow/.local/lib/python3.12/site-packages/airflow/example_dags/example_display_name.py took 0.032 seconds
[2024-04-21T08:23:01.945+0000] {processor.py:161} INFO - Started process (PID=509) to work on /home/airflow/.local/lib/python3.12/site-packages/airflow/example_dags/example_display_name.py
[2024-04-21T08:23:01.945+0000] {processor.py:830} INFO - Processing file /home/airflow/.local/lib/python3.12/site-packages/airflow/example_dags/example_display_name.py for tasks to queue
[2024-04-21T08:23:01.947+0000] {logging_mixin.py:188} INFO - [2024-04-21T08:23:01.947+0000] {dagbag.py:540} INFO - Filling up the DagBag from /home/airflow/.local/lib/python3.12/site-packages/airflow/example_dags/example_display_name.py
[2024-04-21T08:23:01.951+0000] {processor.py:840} INFO - DAG(s) 'example_display_name' retrieved from /home/airflow/.local/lib/python3.12/site-packages/airflow/example_dags/example_display_name.py
[2024-04-21T08:23:01.963+0000] {logging_mixin.py:188} INFO - [2024-04-21T08:23:01.963+0000] {dag.py:3096} INFO - Sync 1 DAGs
[2024-04-21T08:23:01.970+0000] {logging_mixin.py:188} INFO - [2024-04-21T08:23:01.970+0000] {dag.py:3954} INFO - Setting next_dagrun for example_display_name to None, run_after=None
[2024-04-21T08:23:01.979+0000] {processor.py:183} INFO - Processing /home/airflow/.local/lib/python3.12/site-packages/airflow/example_dags/example_display_name.py took 0.038 seconds
[2024-04-21T08:23:33.400+0000] {processor.py:161} INFO - Started process (PID=571) to work on /home/airflow/.local/lib/python3.12/site-packages/airflow/example_dags/example_display_name.py
[2024-04-21T08:23:33.401+0000] {processor.py:830} INFO - Processing file /home/airflow/.local/lib/python3.12/site-packages/airflow/example_dags/example_display_name.py for tasks to queue
[2024-04-21T08:23:33.402+0000] {logging_mixin.py:188} INFO - [2024-04-21T08:23:33.402+0000] {dagbag.py:540} INFO - Filling up the DagBag from /home/airflow/.local/lib/python3.12/site-packages/airflow/example_dags/example_display_name.py
[2024-04-21T08:23:33.406+0000] {processor.py:840} INFO - DAG(s) 'example_display_name' retrieved from /home/airflow/.local/lib/python3.12/site-packages/airflow/example_dags/example_display_name.py
[2024-04-21T08:23:33.420+0000] {logging_mixin.py:188} INFO - [2024-04-21T08:23:33.419+0000] {dag.py:3096} INFO - Sync 1 DAGs
[2024-04-21T08:23:33.427+0000] {logging_mixin.py:188} INFO - [2024-04-21T08:23:33.427+0000] {dag.py:3954} INFO - Setting next_dagrun for example_display_name to None, run_after=None
[2024-04-21T08:23:33.440+0000] {processor.py:183} INFO - Processing /home/airflow/.local/lib/python3.12/site-packages/airflow/example_dags/example_display_name.py took 0.044 seconds
[2024-04-21T08:24:04.435+0000] {processor.py:161} INFO - Started process (PID=633) to work on /home/airflow/.local/lib/python3.12/site-packages/airflow/example_dags/example_display_name.py
[2024-04-21T08:24:04.437+0000] {processor.py:830} INFO - Processing file /home/airflow/.local/lib/python3.12/site-packages/airflow/example_dags/example_display_name.py for tasks to queue
[2024-04-21T08:24:04.438+0000] {logging_mixin.py:188} INFO - [2024-04-21T08:24:04.438+0000] {dagbag.py:540} INFO - Filling up the DagBag from /home/airflow/.local/lib/python3.12/site-packages/airflow/example_dags/example_display_name.py
[2024-04-21T08:24:04.444+0000] {processor.py:840} INFO - DAG(s) 'example_display_name' retrieved from /home/airflow/.local/lib/python3.12/site-packages/airflow/example_dags/example_display_name.py
[2024-04-21T08:24:04.468+0000] {logging_mixin.py:188} INFO - [2024-04-21T08:24:04.468+0000] {dag.py:3096} INFO - Sync 1 DAGs
[2024-04-21T08:24:04.479+0000] {logging_mixin.py:188} INFO - [2024-04-21T08:24:04.479+0000] {dag.py:3954} INFO - Setting next_dagrun for example_display_name to None, run_after=None
[2024-04-21T08:24:04.495+0000] {processor.py:183} INFO - Processing /home/airflow/.local/lib/python3.12/site-packages/airflow/example_dags/example_display_name.py took 0.064 seconds
[2024-04-21T08:24:34.810+0000] {processor.py:161} INFO - Started process (PID=695) to work on /home/airflow/.local/lib/python3.12/site-packages/airflow/example_dags/example_display_name.py
[2024-04-21T08:24:34.810+0000] {processor.py:830} INFO - Processing file /home/airflow/.local/lib/python3.12/site-packages/airflow/example_dags/example_display_name.py for tasks to queue
[2024-04-21T08:24:34.811+0000] {logging_mixin.py:188} INFO - [2024-04-21T08:24:34.811+0000] {dagbag.py:540} INFO - Filling up the DagBag from /home/airflow/.local/lib/python3.12/site-packages/airflow/example_dags/example_display_name.py
[2024-04-21T08:24:34.815+0000] {processor.py:840} INFO - DAG(s) 'example_display_name' retrieved from /home/airflow/.local/lib/python3.12/site-packages/airflow/example_dags/example_display_name.py
[2024-04-21T08:24:34.824+0000] {logging_mixin.py:188} INFO - [2024-04-21T08:24:34.824+0000] {dag.py:3096} INFO - Sync 1 DAGs
[2024-04-21T08:24:34.830+0000] {logging_mixin.py:188} INFO - [2024-04-21T08:24:34.830+0000] {dag.py:3954} INFO - Setting next_dagrun for example_display_name to None, run_after=None
[2024-04-21T08:24:34.839+0000] {processor.py:183} INFO - Processing /home/airflow/.local/lib/python3.12/site-packages/airflow/example_dags/example_display_name.py took 0.032 seconds
[2024-04-21T08:25:05.024+0000] {processor.py:161} INFO - Started process (PID=756) to work on /home/airflow/.local/lib/python3.12/site-packages/airflow/example_dags/example_display_name.py
[2024-04-21T08:25:05.025+0000] {processor.py:830} INFO - Processing file /home/airflow/.local/lib/python3.12/site-packages/airflow/example_dags/example_display_name.py for tasks to queue
[2024-04-21T08:25:05.025+0000] {logging_mixin.py:188} INFO - [2024-04-21T08:25:05.025+0000] {dagbag.py:540} INFO - Filling up the DagBag from /home/airflow/.local/lib/python3.12/site-packages/airflow/example_dags/example_display_name.py
[2024-04-21T08:25:05.029+0000] {processor.py:840} INFO - DAG(s) 'example_display_name' retrieved from /home/airflow/.local/lib/python3.12/site-packages/airflow/example_dags/example_display_name.py
[2024-04-21T08:25:05.038+0000] {logging_mixin.py:188} INFO - [2024-04-21T08:25:05.038+0000] {dag.py:3096} INFO - Sync 1 DAGs
[2024-04-21T08:25:05.043+0000] {logging_mixin.py:188} INFO - [2024-04-21T08:25:05.043+0000] {dag.py:3954} INFO - Setting next_dagrun for example_display_name to None, run_after=None
[2024-04-21T08:25:05.052+0000] {processor.py:183} INFO - Processing /home/airflow/.local/lib/python3.12/site-packages/airflow/example_dags/example_display_name.py took 0.031 seconds
[2024-04-21T08:25:36.295+0000] {processor.py:161} INFO - Started process (PID=818) to work on /home/airflow/.local/lib/python3.12/site-packages/airflow/example_dags/example_display_name.py
[2024-04-21T08:25:36.296+0000] {processor.py:830} INFO - Processing file /home/airflow/.local/lib/python3.12/site-packages/airflow/example_dags/example_display_name.py for tasks to queue
[2024-04-21T08:25:36.297+0000] {logging_mixin.py:188} INFO - [2024-04-21T08:25:36.297+0000] {dagbag.py:540} INFO - Filling up the DagBag from /home/airflow/.local/lib/python3.12/site-packages/airflow/example_dags/example_display_name.py
[2024-04-21T08:25:36.301+0000] {processor.py:840} INFO - DAG(s) 'example_display_name' retrieved from /home/airflow/.local/lib/python3.12/site-packages/airflow/example_dags/example_display_name.py
[2024-04-21T08:25:36.313+0000] {logging_mixin.py:188} INFO - [2024-04-21T08:25:36.313+0000] {dag.py:3096} INFO - Sync 1 DAGs
[2024-04-21T08:25:36.320+0000] {logging_mixin.py:188} INFO - [2024-04-21T08:25:36.320+0000] {dag.py:3954} INFO - Setting next_dagrun for example_display_name to None, run_after=None
[2024-04-21T08:25:36.331+0000] {processor.py:183} INFO - Processing /home/airflow/.local/lib/python3.12/site-packages/airflow/example_dags/example_display_name.py took 0.039 seconds
[2024-04-21T08:26:07.129+0000] {processor.py:161} INFO - Started process (PID=880) to work on /home/airflow/.local/lib/python3.12/site-packages/airflow/example_dags/example_display_name.py
[2024-04-21T08:26:07.130+0000] {processor.py:830} INFO - Processing file /home/airflow/.local/lib/python3.12/site-packages/airflow/example_dags/example_display_name.py for tasks to queue
[2024-04-21T08:26:07.133+0000] {logging_mixin.py:188} INFO - [2024-04-21T08:26:07.133+0000] {dagbag.py:540} INFO - Filling up the DagBag from /home/airflow/.local/lib/python3.12/site-packages/airflow/example_dags/example_display_name.py
[2024-04-21T08:26:07.139+0000] {processor.py:840} INFO - DAG(s) 'example_display_name' retrieved from /home/airflow/.local/lib/python3.12/site-packages/airflow/example_dags/example_display_name.py
[2024-04-21T08:26:07.171+0000] {logging_mixin.py:188} INFO - [2024-04-21T08:26:07.170+0000] {dag.py:3096} INFO - Sync 1 DAGs
[2024-04-21T08:26:07.188+0000] {logging_mixin.py:188} INFO - [2024-04-21T08:26:07.188+0000] {dag.py:3954} INFO - Setting next_dagrun for example_display_name to None, run_after=None
[2024-04-21T08:26:07.207+0000] {processor.py:183} INFO - Processing /home/airflow/.local/lib/python3.12/site-packages/airflow/example_dags/example_display_name.py took 0.085 seconds
[2024-04-21T08:26:38.169+0000] {processor.py:161} INFO - Started process (PID=942) to work on /home/airflow/.local/lib/python3.12/site-packages/airflow/example_dags/example_display_name.py
[2024-04-21T08:26:38.170+0000] {processor.py:830} INFO - Processing file /home/airflow/.local/lib/python3.12/site-packages/airflow/example_dags/example_display_name.py for tasks to queue
[2024-04-21T08:26:38.171+0000] {logging_mixin.py:188} INFO - [2024-04-21T08:26:38.171+0000] {dagbag.py:540} INFO - Filling up the DagBag from /home/airflow/.local/lib/python3.12/site-packages/airflow/example_dags/example_display_name.py
[2024-04-21T08:26:38.175+0000] {processor.py:840} INFO - DAG(s) 'example_display_name' retrieved from /home/airflow/.local/lib/python3.12/site-packages/airflow/example_dags/example_display_name.py
[2024-04-21T08:26:38.187+0000] {logging_mixin.py:188} INFO - [2024-04-21T08:26:38.186+0000] {dag.py:3096} INFO - Sync 1 DAGs
[2024-04-21T08:26:38.193+0000] {logging_mixin.py:188} INFO - [2024-04-21T08:26:38.193+0000] {dag.py:3954} INFO - Setting next_dagrun for example_display_name to None, run_after=None
[2024-04-21T08:26:38.204+0000] {processor.py:183} INFO - Processing /home/airflow/.local/lib/python3.12/site-packages/airflow/example_dags/example_display_name.py took 0.038 seconds
[2024-04-21T08:27:08.711+0000] {processor.py:161} INFO - Started process (PID=1004) to work on /home/airflow/.local/lib/python3.12/site-packages/airflow/example_dags/example_display_name.py
[2024-04-21T08:27:08.713+0000] {processor.py:830} INFO - Processing file /home/airflow/.local/lib/python3.12/site-packages/airflow/example_dags/example_display_name.py for tasks to queue
[2024-04-21T08:27:08.714+0000] {logging_mixin.py:188} INFO - [2024-04-21T08:27:08.714+0000] {dagbag.py:540} INFO - Filling up the DagBag from /home/airflow/.local/lib/python3.12/site-packages/airflow/example_dags/example_display_name.py
[2024-04-21T08:27:08.718+0000] {processor.py:840} INFO - DAG(s) 'example_display_name' retrieved from /home/airflow/.local/lib/python3.12/site-packages/airflow/example_dags/example_display_name.py
[2024-04-21T08:27:08.729+0000] {logging_mixin.py:188} INFO - [2024-04-21T08:27:08.729+0000] {dag.py:3096} INFO - Sync 1 DAGs
[2024-04-21T08:27:08.736+0000] {logging_mixin.py:188} INFO - [2024-04-21T08:27:08.736+0000] {dag.py:3954} INFO - Setting next_dagrun for example_display_name to None, run_after=None
[2024-04-21T08:27:08.745+0000] {processor.py:183} INFO - Processing /home/airflow/.local/lib/python3.12/site-packages/airflow/example_dags/example_display_name.py took 0.038 seconds
