[2024-04-21T06:44:59.653+0000] {processor.py:161} INFO - Started process (PID=38) to work on /home/airflow/.local/lib/python3.12/site-packages/airflow/example_dags/example_latest_only_with_trigger.py
[2024-04-21T06:44:59.655+0000] {processor.py:830} INFO - Processing file /home/airflow/.local/lib/python3.12/site-packages/airflow/example_dags/example_latest_only_with_trigger.py for tasks to queue
[2024-04-21T06:44:59.658+0000] {logging_mixin.py:188} INFO - [2024-04-21T06:44:59.658+0000] {dagbag.py:540} INFO - Filling up the DagBag from /home/airflow/.local/lib/python3.12/site-packages/airflow/example_dags/example_latest_only_with_trigger.py
[2024-04-21T06:44:59.667+0000] {processor.py:840} INFO - DAG(s) 'latest_only_with_trigger' retrieved from /home/airflow/.local/lib/python3.12/site-packages/airflow/example_dags/example_latest_only_with_trigger.py
[2024-04-21T06:44:59.701+0000] {logging_mixin.py:188} INFO - [2024-04-21T06:44:59.700+0000] {dag.py:3096} INFO - Sync 1 DAGs
[2024-04-21T06:44:59.727+0000] {logging_mixin.py:188} INFO - [2024-04-21T06:44:59.727+0000] {dag.py:3954} INFO - Setting next_dagrun for latest_only_with_trigger to 2024-04-21 00:00:00+00:00, run_after=2024-04-21 04:00:00+00:00
[2024-04-21T06:44:59.769+0000] {processor.py:183} INFO - Processing /home/airflow/.local/lib/python3.12/site-packages/airflow/example_dags/example_latest_only_with_trigger.py took 0.127 seconds
[2024-04-21T06:45:29.953+0000] {processor.py:161} INFO - Started process (PID=99) to work on /home/airflow/.local/lib/python3.12/site-packages/airflow/example_dags/example_latest_only_with_trigger.py
[2024-04-21T06:45:29.954+0000] {processor.py:830} INFO - Processing file /home/airflow/.local/lib/python3.12/site-packages/airflow/example_dags/example_latest_only_with_trigger.py for tasks to queue
[2024-04-21T06:45:29.955+0000] {logging_mixin.py:188} INFO - [2024-04-21T06:45:29.955+0000] {dagbag.py:540} INFO - Filling up the DagBag from /home/airflow/.local/lib/python3.12/site-packages/airflow/example_dags/example_latest_only_with_trigger.py
[2024-04-21T06:45:29.959+0000] {processor.py:840} INFO - DAG(s) 'latest_only_with_trigger' retrieved from /home/airflow/.local/lib/python3.12/site-packages/airflow/example_dags/example_latest_only_with_trigger.py
[2024-04-21T06:45:29.965+0000] {logging_mixin.py:188} INFO - [2024-04-21T06:45:29.964+0000] {dag.py:3096} INFO - Sync 1 DAGs
[2024-04-21T06:45:29.977+0000] {logging_mixin.py:188} INFO - [2024-04-21T06:45:29.977+0000] {dag.py:3954} INFO - Setting next_dagrun for latest_only_with_trigger to 2024-04-21 00:00:00+00:00, run_after=2024-04-21 04:00:00+00:00
[2024-04-21T06:45:29.985+0000] {processor.py:183} INFO - Processing /home/airflow/.local/lib/python3.12/site-packages/airflow/example_dags/example_latest_only_with_trigger.py took 0.036 seconds
[2024-04-21T07:09:04.378+0000] {processor.py:161} INFO - Started process (PID=37) to work on /home/airflow/.local/lib/python3.12/site-packages/airflow/example_dags/example_latest_only_with_trigger.py
[2024-04-21T07:09:04.382+0000] {processor.py:830} INFO - Processing file /home/airflow/.local/lib/python3.12/site-packages/airflow/example_dags/example_latest_only_with_trigger.py for tasks to queue
[2024-04-21T07:09:04.387+0000] {logging_mixin.py:188} INFO - [2024-04-21T07:09:04.386+0000] {dagbag.py:540} INFO - Filling up the DagBag from /home/airflow/.local/lib/python3.12/site-packages/airflow/example_dags/example_latest_only_with_trigger.py
[2024-04-21T07:09:04.406+0000] {processor.py:840} INFO - DAG(s) 'latest_only_with_trigger' retrieved from /home/airflow/.local/lib/python3.12/site-packages/airflow/example_dags/example_latest_only_with_trigger.py
[2024-04-21T07:09:04.471+0000] {logging_mixin.py:188} INFO - [2024-04-21T07:09:04.469+0000] {dag.py:3096} INFO - Sync 1 DAGs
[2024-04-21T07:09:04.543+0000] {logging_mixin.py:188} INFO - [2024-04-21T07:09:04.543+0000] {dag.py:3954} INFO - Setting next_dagrun for latest_only_with_trigger to 2024-04-21 00:00:00+00:00, run_after=2024-04-21 04:00:00+00:00
[2024-04-21T07:09:04.567+0000] {processor.py:183} INFO - Processing /home/airflow/.local/lib/python3.12/site-packages/airflow/example_dags/example_latest_only_with_trigger.py took 0.199 seconds
[2024-04-21T07:58:35.370+0000] {processor.py:161} INFO - Started process (PID=38) to work on /home/airflow/.local/lib/python3.12/site-packages/airflow/example_dags/example_latest_only_with_trigger.py
[2024-04-21T07:58:35.374+0000] {processor.py:830} INFO - Processing file /home/airflow/.local/lib/python3.12/site-packages/airflow/example_dags/example_latest_only_with_trigger.py for tasks to queue
[2024-04-21T07:58:35.380+0000] {logging_mixin.py:188} INFO - [2024-04-21T07:58:35.380+0000] {dagbag.py:540} INFO - Filling up the DagBag from /home/airflow/.local/lib/python3.12/site-packages/airflow/example_dags/example_latest_only_with_trigger.py
[2024-04-21T07:58:35.390+0000] {processor.py:840} INFO - DAG(s) 'latest_only_with_trigger' retrieved from /home/airflow/.local/lib/python3.12/site-packages/airflow/example_dags/example_latest_only_with_trigger.py
[2024-04-21T07:58:35.415+0000] {logging_mixin.py:188} INFO - [2024-04-21T07:58:35.415+0000] {dag.py:3096} INFO - Sync 1 DAGs
[2024-04-21T07:58:35.455+0000] {logging_mixin.py:188} INFO - [2024-04-21T07:58:35.455+0000] {dag.py:3954} INFO - Setting next_dagrun for latest_only_with_trigger to 2024-04-21 00:00:00+00:00, run_after=2024-04-21 04:00:00+00:00
[2024-04-21T07:58:35.480+0000] {processor.py:183} INFO - Processing /home/airflow/.local/lib/python3.12/site-packages/airflow/example_dags/example_latest_only_with_trigger.py took 0.118 seconds
[2024-04-21T07:59:06.282+0000] {processor.py:161} INFO - Started process (PID=99) to work on /home/airflow/.local/lib/python3.12/site-packages/airflow/example_dags/example_latest_only_with_trigger.py
[2024-04-21T07:59:06.282+0000] {processor.py:830} INFO - Processing file /home/airflow/.local/lib/python3.12/site-packages/airflow/example_dags/example_latest_only_with_trigger.py for tasks to queue
[2024-04-21T07:59:06.283+0000] {logging_mixin.py:188} INFO - [2024-04-21T07:59:06.283+0000] {dagbag.py:540} INFO - Filling up the DagBag from /home/airflow/.local/lib/python3.12/site-packages/airflow/example_dags/example_latest_only_with_trigger.py
[2024-04-21T07:59:06.286+0000] {processor.py:840} INFO - DAG(s) 'latest_only_with_trigger' retrieved from /home/airflow/.local/lib/python3.12/site-packages/airflow/example_dags/example_latest_only_with_trigger.py
[2024-04-21T07:59:06.341+0000] {logging_mixin.py:188} INFO - [2024-04-21T07:59:06.341+0000] {dag.py:3096} INFO - Sync 1 DAGs
[2024-04-21T07:59:06.350+0000] {logging_mixin.py:188} INFO - [2024-04-21T07:59:06.350+0000] {dag.py:3954} INFO - Setting next_dagrun for latest_only_with_trigger to 2024-04-21 00:00:00+00:00, run_after=2024-04-21 04:00:00+00:00
[2024-04-21T07:59:06.359+0000] {processor.py:183} INFO - Processing /home/airflow/.local/lib/python3.12/site-packages/airflow/example_dags/example_latest_only_with_trigger.py took 0.080 seconds
[2024-04-21T07:59:37.162+0000] {processor.py:161} INFO - Started process (PID=161) to work on /home/airflow/.local/lib/python3.12/site-packages/airflow/example_dags/example_latest_only_with_trigger.py
[2024-04-21T07:59:37.163+0000] {processor.py:830} INFO - Processing file /home/airflow/.local/lib/python3.12/site-packages/airflow/example_dags/example_latest_only_with_trigger.py for tasks to queue
[2024-04-21T07:59:37.168+0000] {logging_mixin.py:188} INFO - [2024-04-21T07:59:37.167+0000] {dagbag.py:540} INFO - Filling up the DagBag from /home/airflow/.local/lib/python3.12/site-packages/airflow/example_dags/example_latest_only_with_trigger.py
[2024-04-21T07:59:37.177+0000] {processor.py:840} INFO - DAG(s) 'latest_only_with_trigger' retrieved from /home/airflow/.local/lib/python3.12/site-packages/airflow/example_dags/example_latest_only_with_trigger.py
[2024-04-21T07:59:37.195+0000] {logging_mixin.py:188} INFO - [2024-04-21T07:59:37.194+0000] {dag.py:3096} INFO - Sync 1 DAGs
[2024-04-21T07:59:37.210+0000] {logging_mixin.py:188} INFO - [2024-04-21T07:59:37.210+0000] {dag.py:3954} INFO - Setting next_dagrun for latest_only_with_trigger to 2024-04-21 00:00:00+00:00, run_after=2024-04-21 04:00:00+00:00
[2024-04-21T07:59:37.219+0000] {processor.py:183} INFO - Processing /home/airflow/.local/lib/python3.12/site-packages/airflow/example_dags/example_latest_only_with_trigger.py took 0.064 seconds
[2024-04-21T08:00:07.922+0000] {processor.py:161} INFO - Started process (PID=222) to work on /home/airflow/.local/lib/python3.12/site-packages/airflow/example_dags/example_latest_only_with_trigger.py
[2024-04-21T08:00:07.923+0000] {processor.py:830} INFO - Processing file /home/airflow/.local/lib/python3.12/site-packages/airflow/example_dags/example_latest_only_with_trigger.py for tasks to queue
[2024-04-21T08:00:07.923+0000] {logging_mixin.py:188} INFO - [2024-04-21T08:00:07.923+0000] {dagbag.py:540} INFO - Filling up the DagBag from /home/airflow/.local/lib/python3.12/site-packages/airflow/example_dags/example_latest_only_with_trigger.py
[2024-04-21T08:00:07.927+0000] {processor.py:840} INFO - DAG(s) 'latest_only_with_trigger' retrieved from /home/airflow/.local/lib/python3.12/site-packages/airflow/example_dags/example_latest_only_with_trigger.py
[2024-04-21T08:00:07.937+0000] {logging_mixin.py:188} INFO - [2024-04-21T08:00:07.937+0000] {dag.py:3096} INFO - Sync 1 DAGs
[2024-04-21T08:00:07.951+0000] {logging_mixin.py:188} INFO - [2024-04-21T08:00:07.951+0000] {dag.py:3954} INFO - Setting next_dagrun for latest_only_with_trigger to 2024-04-21 04:00:00+00:00, run_after=2024-04-21 08:00:00+00:00
[2024-04-21T08:00:07.964+0000] {processor.py:183} INFO - Processing /home/airflow/.local/lib/python3.12/site-packages/airflow/example_dags/example_latest_only_with_trigger.py took 0.045 seconds
[2024-04-21T08:00:39.208+0000] {processor.py:161} INFO - Started process (PID=286) to work on /home/airflow/.local/lib/python3.12/site-packages/airflow/example_dags/example_latest_only_with_trigger.py
[2024-04-21T08:00:39.209+0000] {processor.py:830} INFO - Processing file /home/airflow/.local/lib/python3.12/site-packages/airflow/example_dags/example_latest_only_with_trigger.py for tasks to queue
[2024-04-21T08:00:39.210+0000] {logging_mixin.py:188} INFO - [2024-04-21T08:00:39.210+0000] {dagbag.py:540} INFO - Filling up the DagBag from /home/airflow/.local/lib/python3.12/site-packages/airflow/example_dags/example_latest_only_with_trigger.py
[2024-04-21T08:00:39.213+0000] {processor.py:840} INFO - DAG(s) 'latest_only_with_trigger' retrieved from /home/airflow/.local/lib/python3.12/site-packages/airflow/example_dags/example_latest_only_with_trigger.py
[2024-04-21T08:00:39.228+0000] {logging_mixin.py:188} INFO - [2024-04-21T08:00:39.228+0000] {dag.py:3096} INFO - Sync 1 DAGs
[2024-04-21T08:00:39.241+0000] {logging_mixin.py:188} INFO - [2024-04-21T08:00:39.241+0000] {dag.py:3954} INFO - Setting next_dagrun for latest_only_with_trigger to 2024-04-21 04:00:00+00:00, run_after=2024-04-21 08:00:00+00:00
[2024-04-21T08:00:39.255+0000] {processor.py:183} INFO - Processing /home/airflow/.local/lib/python3.12/site-packages/airflow/example_dags/example_latest_only_with_trigger.py took 0.051 seconds
[2024-04-21T08:01:09.443+0000] {processor.py:161} INFO - Started process (PID=347) to work on /home/airflow/.local/lib/python3.12/site-packages/airflow/example_dags/example_latest_only_with_trigger.py
[2024-04-21T08:01:09.443+0000] {processor.py:830} INFO - Processing file /home/airflow/.local/lib/python3.12/site-packages/airflow/example_dags/example_latest_only_with_trigger.py for tasks to queue
[2024-04-21T08:01:09.444+0000] {logging_mixin.py:188} INFO - [2024-04-21T08:01:09.444+0000] {dagbag.py:540} INFO - Filling up the DagBag from /home/airflow/.local/lib/python3.12/site-packages/airflow/example_dags/example_latest_only_with_trigger.py
[2024-04-21T08:01:09.448+0000] {processor.py:840} INFO - DAG(s) 'latest_only_with_trigger' retrieved from /home/airflow/.local/lib/python3.12/site-packages/airflow/example_dags/example_latest_only_with_trigger.py
[2024-04-21T08:01:09.459+0000] {logging_mixin.py:188} INFO - [2024-04-21T08:01:09.458+0000] {dag.py:3096} INFO - Sync 1 DAGs
[2024-04-21T08:01:09.470+0000] {logging_mixin.py:188} INFO - [2024-04-21T08:01:09.470+0000] {dag.py:3954} INFO - Setting next_dagrun for latest_only_with_trigger to 2024-04-21 04:00:00+00:00, run_after=2024-04-21 08:00:00+00:00
[2024-04-21T08:01:09.480+0000] {processor.py:183} INFO - Processing /home/airflow/.local/lib/python3.12/site-packages/airflow/example_dags/example_latest_only_with_trigger.py took 0.040 seconds
[2024-04-21T08:05:53.211+0000] {processor.py:161} INFO - Started process (PID=404) to work on /home/airflow/.local/lib/python3.12/site-packages/airflow/example_dags/example_latest_only_with_trigger.py
[2024-04-21T08:05:53.212+0000] {processor.py:830} INFO - Processing file /home/airflow/.local/lib/python3.12/site-packages/airflow/example_dags/example_latest_only_with_trigger.py for tasks to queue
[2024-04-21T08:05:53.214+0000] {logging_mixin.py:188} INFO - [2024-04-21T08:05:53.213+0000] {dagbag.py:540} INFO - Filling up the DagBag from /home/airflow/.local/lib/python3.12/site-packages/airflow/example_dags/example_latest_only_with_trigger.py
[2024-04-21T08:05:53.217+0000] {processor.py:840} INFO - DAG(s) 'latest_only_with_trigger' retrieved from /home/airflow/.local/lib/python3.12/site-packages/airflow/example_dags/example_latest_only_with_trigger.py
[2024-04-21T08:05:53.227+0000] {logging_mixin.py:188} INFO - [2024-04-21T08:05:53.227+0000] {dag.py:3096} INFO - Sync 1 DAGs
[2024-04-21T08:05:53.238+0000] {logging_mixin.py:188} INFO - [2024-04-21T08:05:53.238+0000] {dag.py:3954} INFO - Setting next_dagrun for latest_only_with_trigger to 2024-04-21 04:00:00+00:00, run_after=2024-04-21 08:00:00+00:00
[2024-04-21T08:05:53.247+0000] {processor.py:183} INFO - Processing /home/airflow/.local/lib/python3.12/site-packages/airflow/example_dags/example_latest_only_with_trigger.py took 0.038 seconds
[2024-04-21T08:19:24.625+0000] {processor.py:161} INFO - Started process (PID=38) to work on /home/airflow/.local/lib/python3.12/site-packages/airflow/example_dags/example_latest_only_with_trigger.py
[2024-04-21T08:19:24.626+0000] {processor.py:830} INFO - Processing file /home/airflow/.local/lib/python3.12/site-packages/airflow/example_dags/example_latest_only_with_trigger.py for tasks to queue
[2024-04-21T08:19:24.628+0000] {logging_mixin.py:188} INFO - [2024-04-21T08:19:24.627+0000] {dagbag.py:540} INFO - Filling up the DagBag from /home/airflow/.local/lib/python3.12/site-packages/airflow/example_dags/example_latest_only_with_trigger.py
[2024-04-21T08:19:24.637+0000] {processor.py:840} INFO - DAG(s) 'latest_only_with_trigger' retrieved from /home/airflow/.local/lib/python3.12/site-packages/airflow/example_dags/example_latest_only_with_trigger.py
[2024-04-21T08:19:24.648+0000] {logging_mixin.py:188} INFO - [2024-04-21T08:19:24.648+0000] {dag.py:3096} INFO - Sync 1 DAGs
[2024-04-21T08:19:24.670+0000] {logging_mixin.py:188} INFO - [2024-04-21T08:19:24.670+0000] {dag.py:3954} INFO - Setting next_dagrun for latest_only_with_trigger to 2024-04-21 04:00:00+00:00, run_after=2024-04-21 08:00:00+00:00
[2024-04-21T08:19:24.700+0000] {processor.py:183} INFO - Processing /home/airflow/.local/lib/python3.12/site-packages/airflow/example_dags/example_latest_only_with_trigger.py took 0.079 seconds
[2024-04-21T08:19:55.358+0000] {processor.py:161} INFO - Started process (PID=100) to work on /home/airflow/.local/lib/python3.12/site-packages/airflow/example_dags/example_latest_only_with_trigger.py
[2024-04-21T08:19:55.359+0000] {processor.py:830} INFO - Processing file /home/airflow/.local/lib/python3.12/site-packages/airflow/example_dags/example_latest_only_with_trigger.py for tasks to queue
[2024-04-21T08:19:55.361+0000] {logging_mixin.py:188} INFO - [2024-04-21T08:19:55.361+0000] {dagbag.py:540} INFO - Filling up the DagBag from /home/airflow/.local/lib/python3.12/site-packages/airflow/example_dags/example_latest_only_with_trigger.py
[2024-04-21T08:19:55.366+0000] {processor.py:840} INFO - DAG(s) 'latest_only_with_trigger' retrieved from /home/airflow/.local/lib/python3.12/site-packages/airflow/example_dags/example_latest_only_with_trigger.py
[2024-04-21T08:19:55.426+0000] {logging_mixin.py:188} INFO - [2024-04-21T08:19:55.426+0000] {dag.py:3096} INFO - Sync 1 DAGs
[2024-04-21T08:19:55.437+0000] {logging_mixin.py:188} INFO - [2024-04-21T08:19:55.437+0000] {dag.py:3954} INFO - Setting next_dagrun for latest_only_with_trigger to 2024-04-21 04:00:00+00:00, run_after=2024-04-21 08:00:00+00:00
[2024-04-21T08:19:55.448+0000] {processor.py:183} INFO - Processing /home/airflow/.local/lib/python3.12/site-packages/airflow/example_dags/example_latest_only_with_trigger.py took 0.095 seconds
[2024-04-21T08:20:26.008+0000] {processor.py:161} INFO - Started process (PID=162) to work on /home/airflow/.local/lib/python3.12/site-packages/airflow/example_dags/example_latest_only_with_trigger.py
[2024-04-21T08:20:26.010+0000] {processor.py:830} INFO - Processing file /home/airflow/.local/lib/python3.12/site-packages/airflow/example_dags/example_latest_only_with_trigger.py for tasks to queue
[2024-04-21T08:20:26.012+0000] {logging_mixin.py:188} INFO - [2024-04-21T08:20:26.012+0000] {dagbag.py:540} INFO - Filling up the DagBag from /home/airflow/.local/lib/python3.12/site-packages/airflow/example_dags/example_latest_only_with_trigger.py
[2024-04-21T08:20:26.018+0000] {processor.py:840} INFO - DAG(s) 'latest_only_with_trigger' retrieved from /home/airflow/.local/lib/python3.12/site-packages/airflow/example_dags/example_latest_only_with_trigger.py
[2024-04-21T08:20:26.041+0000] {logging_mixin.py:188} INFO - [2024-04-21T08:20:26.041+0000] {dag.py:3096} INFO - Sync 1 DAGs
[2024-04-21T08:20:26.060+0000] {logging_mixin.py:188} INFO - [2024-04-21T08:20:26.059+0000] {dag.py:3954} INFO - Setting next_dagrun for latest_only_with_trigger to 2024-04-21 04:00:00+00:00, run_after=2024-04-21 08:00:00+00:00
[2024-04-21T08:20:26.069+0000] {processor.py:183} INFO - Processing /home/airflow/.local/lib/python3.12/site-packages/airflow/example_dags/example_latest_only_with_trigger.py took 0.066 seconds
[2024-04-21T08:20:57.099+0000] {processor.py:161} INFO - Started process (PID=224) to work on /home/airflow/.local/lib/python3.12/site-packages/airflow/example_dags/example_latest_only_with_trigger.py
[2024-04-21T08:20:57.100+0000] {processor.py:830} INFO - Processing file /home/airflow/.local/lib/python3.12/site-packages/airflow/example_dags/example_latest_only_with_trigger.py for tasks to queue
[2024-04-21T08:20:57.101+0000] {logging_mixin.py:188} INFO - [2024-04-21T08:20:57.101+0000] {dagbag.py:540} INFO - Filling up the DagBag from /home/airflow/.local/lib/python3.12/site-packages/airflow/example_dags/example_latest_only_with_trigger.py
[2024-04-21T08:20:57.104+0000] {processor.py:840} INFO - DAG(s) 'latest_only_with_trigger' retrieved from /home/airflow/.local/lib/python3.12/site-packages/airflow/example_dags/example_latest_only_with_trigger.py
[2024-04-21T08:20:57.114+0000] {logging_mixin.py:188} INFO - [2024-04-21T08:20:57.114+0000] {dag.py:3096} INFO - Sync 1 DAGs
[2024-04-21T08:20:57.125+0000] {logging_mixin.py:188} INFO - [2024-04-21T08:20:57.125+0000] {dag.py:3954} INFO - Setting next_dagrun for latest_only_with_trigger to 2024-04-21 04:00:00+00:00, run_after=2024-04-21 08:00:00+00:00
[2024-04-21T08:20:57.137+0000] {processor.py:183} INFO - Processing /home/airflow/.local/lib/python3.12/site-packages/airflow/example_dags/example_latest_only_with_trigger.py took 0.040 seconds
[2024-04-21T08:21:27.470+0000] {processor.py:161} INFO - Started process (PID=288) to work on /home/airflow/.local/lib/python3.12/site-packages/airflow/example_dags/example_latest_only_with_trigger.py
[2024-04-21T08:21:27.471+0000] {processor.py:830} INFO - Processing file /home/airflow/.local/lib/python3.12/site-packages/airflow/example_dags/example_latest_only_with_trigger.py for tasks to queue
[2024-04-21T08:21:27.472+0000] {logging_mixin.py:188} INFO - [2024-04-21T08:21:27.472+0000] {dagbag.py:540} INFO - Filling up the DagBag from /home/airflow/.local/lib/python3.12/site-packages/airflow/example_dags/example_latest_only_with_trigger.py
[2024-04-21T08:21:27.477+0000] {processor.py:840} INFO - DAG(s) 'latest_only_with_trigger' retrieved from /home/airflow/.local/lib/python3.12/site-packages/airflow/example_dags/example_latest_only_with_trigger.py
[2024-04-21T08:21:27.488+0000] {logging_mixin.py:188} INFO - [2024-04-21T08:21:27.488+0000] {dag.py:3096} INFO - Sync 1 DAGs
[2024-04-21T08:21:27.499+0000] {logging_mixin.py:188} INFO - [2024-04-21T08:21:27.499+0000] {dag.py:3954} INFO - Setting next_dagrun for latest_only_with_trigger to 2024-04-21 04:00:00+00:00, run_after=2024-04-21 08:00:00+00:00
[2024-04-21T08:21:27.510+0000] {processor.py:183} INFO - Processing /home/airflow/.local/lib/python3.12/site-packages/airflow/example_dags/example_latest_only_with_trigger.py took 0.043 seconds
[2024-04-21T08:21:58.063+0000] {processor.py:161} INFO - Started process (PID=349) to work on /home/airflow/.local/lib/python3.12/site-packages/airflow/example_dags/example_latest_only_with_trigger.py
[2024-04-21T08:21:58.064+0000] {processor.py:830} INFO - Processing file /home/airflow/.local/lib/python3.12/site-packages/airflow/example_dags/example_latest_only_with_trigger.py for tasks to queue
[2024-04-21T08:21:58.065+0000] {logging_mixin.py:188} INFO - [2024-04-21T08:21:58.065+0000] {dagbag.py:540} INFO - Filling up the DagBag from /home/airflow/.local/lib/python3.12/site-packages/airflow/example_dags/example_latest_only_with_trigger.py
[2024-04-21T08:21:58.068+0000] {processor.py:840} INFO - DAG(s) 'latest_only_with_trigger' retrieved from /home/airflow/.local/lib/python3.12/site-packages/airflow/example_dags/example_latest_only_with_trigger.py
[2024-04-21T08:21:58.078+0000] {logging_mixin.py:188} INFO - [2024-04-21T08:21:58.078+0000] {dag.py:3096} INFO - Sync 1 DAGs
[2024-04-21T08:21:58.094+0000] {logging_mixin.py:188} INFO - [2024-04-21T08:21:58.094+0000] {dag.py:3954} INFO - Setting next_dagrun for latest_only_with_trigger to 2024-04-21 04:00:00+00:00, run_after=2024-04-21 08:00:00+00:00
[2024-04-21T08:21:58.103+0000] {processor.py:183} INFO - Processing /home/airflow/.local/lib/python3.12/site-packages/airflow/example_dags/example_latest_only_with_trigger.py took 0.042 seconds
[2024-04-21T08:22:28.893+0000] {processor.py:161} INFO - Started process (PID=411) to work on /home/airflow/.local/lib/python3.12/site-packages/airflow/example_dags/example_latest_only_with_trigger.py
[2024-04-21T08:22:28.895+0000] {processor.py:830} INFO - Processing file /home/airflow/.local/lib/python3.12/site-packages/airflow/example_dags/example_latest_only_with_trigger.py for tasks to queue
[2024-04-21T08:22:28.899+0000] {logging_mixin.py:188} INFO - [2024-04-21T08:22:28.899+0000] {dagbag.py:540} INFO - Filling up the DagBag from /home/airflow/.local/lib/python3.12/site-packages/airflow/example_dags/example_latest_only_with_trigger.py
[2024-04-21T08:22:28.907+0000] {processor.py:840} INFO - DAG(s) 'latest_only_with_trigger' retrieved from /home/airflow/.local/lib/python3.12/site-packages/airflow/example_dags/example_latest_only_with_trigger.py
[2024-04-21T08:22:28.923+0000] {logging_mixin.py:188} INFO - [2024-04-21T08:22:28.923+0000] {dag.py:3096} INFO - Sync 1 DAGs
[2024-04-21T08:22:28.959+0000] {logging_mixin.py:188} INFO - [2024-04-21T08:22:28.959+0000] {dag.py:3954} INFO - Setting next_dagrun for latest_only_with_trigger to 2024-04-21 04:00:00+00:00, run_after=2024-04-21 08:00:00+00:00
[2024-04-21T08:22:28.973+0000] {processor.py:183} INFO - Processing /home/airflow/.local/lib/python3.12/site-packages/airflow/example_dags/example_latest_only_with_trigger.py took 0.083 seconds
[2024-04-21T08:22:59.492+0000] {processor.py:161} INFO - Started process (PID=471) to work on /home/airflow/.local/lib/python3.12/site-packages/airflow/example_dags/example_latest_only_with_trigger.py
[2024-04-21T08:22:59.497+0000] {processor.py:830} INFO - Processing file /home/airflow/.local/lib/python3.12/site-packages/airflow/example_dags/example_latest_only_with_trigger.py for tasks to queue
[2024-04-21T08:22:59.502+0000] {logging_mixin.py:188} INFO - [2024-04-21T08:22:59.502+0000] {dagbag.py:540} INFO - Filling up the DagBag from /home/airflow/.local/lib/python3.12/site-packages/airflow/example_dags/example_latest_only_with_trigger.py
[2024-04-21T08:22:59.514+0000] {processor.py:840} INFO - DAG(s) 'latest_only_with_trigger' retrieved from /home/airflow/.local/lib/python3.12/site-packages/airflow/example_dags/example_latest_only_with_trigger.py
[2024-04-21T08:22:59.533+0000] {logging_mixin.py:188} INFO - [2024-04-21T08:22:59.533+0000] {dag.py:3096} INFO - Sync 1 DAGs
[2024-04-21T08:22:59.546+0000] {logging_mixin.py:188} INFO - [2024-04-21T08:22:59.546+0000] {dag.py:3954} INFO - Setting next_dagrun for latest_only_with_trigger to 2024-04-21 04:00:00+00:00, run_after=2024-04-21 08:00:00+00:00
[2024-04-21T08:22:59.559+0000] {processor.py:183} INFO - Processing /home/airflow/.local/lib/python3.12/site-packages/airflow/example_dags/example_latest_only_with_trigger.py took 0.087 seconds
[2024-04-21T08:23:29.740+0000] {processor.py:161} INFO - Started process (PID=533) to work on /home/airflow/.local/lib/python3.12/site-packages/airflow/example_dags/example_latest_only_with_trigger.py
[2024-04-21T08:23:29.742+0000] {processor.py:830} INFO - Processing file /home/airflow/.local/lib/python3.12/site-packages/airflow/example_dags/example_latest_only_with_trigger.py for tasks to queue
[2024-04-21T08:23:29.744+0000] {logging_mixin.py:188} INFO - [2024-04-21T08:23:29.744+0000] {dagbag.py:540} INFO - Filling up the DagBag from /home/airflow/.local/lib/python3.12/site-packages/airflow/example_dags/example_latest_only_with_trigger.py
[2024-04-21T08:23:29.753+0000] {processor.py:840} INFO - DAG(s) 'latest_only_with_trigger' retrieved from /home/airflow/.local/lib/python3.12/site-packages/airflow/example_dags/example_latest_only_with_trigger.py
[2024-04-21T08:23:29.770+0000] {logging_mixin.py:188} INFO - [2024-04-21T08:23:29.770+0000] {dag.py:3096} INFO - Sync 1 DAGs
[2024-04-21T08:23:29.786+0000] {logging_mixin.py:188} INFO - [2024-04-21T08:23:29.786+0000] {dag.py:3954} INFO - Setting next_dagrun for latest_only_with_trigger to 2024-04-21 04:00:00+00:00, run_after=2024-04-21 08:00:00+00:00
[2024-04-21T08:23:29.799+0000] {processor.py:183} INFO - Processing /home/airflow/.local/lib/python3.12/site-packages/airflow/example_dags/example_latest_only_with_trigger.py took 0.066 seconds
[2024-04-21T08:24:00.048+0000] {processor.py:161} INFO - Started process (PID=595) to work on /home/airflow/.local/lib/python3.12/site-packages/airflow/example_dags/example_latest_only_with_trigger.py
[2024-04-21T08:24:00.049+0000] {processor.py:830} INFO - Processing file /home/airflow/.local/lib/python3.12/site-packages/airflow/example_dags/example_latest_only_with_trigger.py for tasks to queue
[2024-04-21T08:24:00.051+0000] {logging_mixin.py:188} INFO - [2024-04-21T08:24:00.051+0000] {dagbag.py:540} INFO - Filling up the DagBag from /home/airflow/.local/lib/python3.12/site-packages/airflow/example_dags/example_latest_only_with_trigger.py
[2024-04-21T08:24:00.057+0000] {processor.py:840} INFO - DAG(s) 'latest_only_with_trigger' retrieved from /home/airflow/.local/lib/python3.12/site-packages/airflow/example_dags/example_latest_only_with_trigger.py
[2024-04-21T08:24:00.072+0000] {logging_mixin.py:188} INFO - [2024-04-21T08:24:00.072+0000] {dag.py:3096} INFO - Sync 1 DAGs
[2024-04-21T08:24:00.084+0000] {logging_mixin.py:188} INFO - [2024-04-21T08:24:00.084+0000] {dag.py:3954} INFO - Setting next_dagrun for latest_only_with_trigger to 2024-04-21 04:00:00+00:00, run_after=2024-04-21 08:00:00+00:00
[2024-04-21T08:24:00.095+0000] {processor.py:183} INFO - Processing /home/airflow/.local/lib/python3.12/site-packages/airflow/example_dags/example_latest_only_with_trigger.py took 0.051 seconds
[2024-04-21T08:24:30.336+0000] {processor.py:161} INFO - Started process (PID=657) to work on /home/airflow/.local/lib/python3.12/site-packages/airflow/example_dags/example_latest_only_with_trigger.py
[2024-04-21T08:24:30.336+0000] {processor.py:830} INFO - Processing file /home/airflow/.local/lib/python3.12/site-packages/airflow/example_dags/example_latest_only_with_trigger.py for tasks to queue
[2024-04-21T08:24:30.337+0000] {logging_mixin.py:188} INFO - [2024-04-21T08:24:30.337+0000] {dagbag.py:540} INFO - Filling up the DagBag from /home/airflow/.local/lib/python3.12/site-packages/airflow/example_dags/example_latest_only_with_trigger.py
[2024-04-21T08:24:30.340+0000] {processor.py:840} INFO - DAG(s) 'latest_only_with_trigger' retrieved from /home/airflow/.local/lib/python3.12/site-packages/airflow/example_dags/example_latest_only_with_trigger.py
[2024-04-21T08:24:30.350+0000] {logging_mixin.py:188} INFO - [2024-04-21T08:24:30.350+0000] {dag.py:3096} INFO - Sync 1 DAGs
[2024-04-21T08:24:30.359+0000] {logging_mixin.py:188} INFO - [2024-04-21T08:24:30.359+0000] {dag.py:3954} INFO - Setting next_dagrun for latest_only_with_trigger to 2024-04-21 04:00:00+00:00, run_after=2024-04-21 08:00:00+00:00
[2024-04-21T08:24:30.367+0000] {processor.py:183} INFO - Processing /home/airflow/.local/lib/python3.12/site-packages/airflow/example_dags/example_latest_only_with_trigger.py took 0.034 seconds
[2024-04-21T08:25:00.590+0000] {processor.py:161} INFO - Started process (PID=718) to work on /home/airflow/.local/lib/python3.12/site-packages/airflow/example_dags/example_latest_only_with_trigger.py
[2024-04-21T08:25:00.590+0000] {processor.py:830} INFO - Processing file /home/airflow/.local/lib/python3.12/site-packages/airflow/example_dags/example_latest_only_with_trigger.py for tasks to queue
[2024-04-21T08:25:00.591+0000] {logging_mixin.py:188} INFO - [2024-04-21T08:25:00.591+0000] {dagbag.py:540} INFO - Filling up the DagBag from /home/airflow/.local/lib/python3.12/site-packages/airflow/example_dags/example_latest_only_with_trigger.py
[2024-04-21T08:25:00.594+0000] {processor.py:840} INFO - DAG(s) 'latest_only_with_trigger' retrieved from /home/airflow/.local/lib/python3.12/site-packages/airflow/example_dags/example_latest_only_with_trigger.py
[2024-04-21T08:25:00.604+0000] {logging_mixin.py:188} INFO - [2024-04-21T08:25:00.604+0000] {dag.py:3096} INFO - Sync 1 DAGs
[2024-04-21T08:25:00.613+0000] {logging_mixin.py:188} INFO - [2024-04-21T08:25:00.613+0000] {dag.py:3954} INFO - Setting next_dagrun for latest_only_with_trigger to 2024-04-21 04:00:00+00:00, run_after=2024-04-21 08:00:00+00:00
[2024-04-21T08:25:00.621+0000] {processor.py:183} INFO - Processing /home/airflow/.local/lib/python3.12/site-packages/airflow/example_dags/example_latest_only_with_trigger.py took 0.034 seconds
[2024-04-21T08:25:30.732+0000] {processor.py:161} INFO - Started process (PID=780) to work on /home/airflow/.local/lib/python3.12/site-packages/airflow/example_dags/example_latest_only_with_trigger.py
[2024-04-21T08:25:30.733+0000] {processor.py:830} INFO - Processing file /home/airflow/.local/lib/python3.12/site-packages/airflow/example_dags/example_latest_only_with_trigger.py for tasks to queue
[2024-04-21T08:25:30.734+0000] {logging_mixin.py:188} INFO - [2024-04-21T08:25:30.734+0000] {dagbag.py:540} INFO - Filling up the DagBag from /home/airflow/.local/lib/python3.12/site-packages/airflow/example_dags/example_latest_only_with_trigger.py
[2024-04-21T08:25:30.737+0000] {processor.py:840} INFO - DAG(s) 'latest_only_with_trigger' retrieved from /home/airflow/.local/lib/python3.12/site-packages/airflow/example_dags/example_latest_only_with_trigger.py
[2024-04-21T08:25:30.747+0000] {logging_mixin.py:188} INFO - [2024-04-21T08:25:30.747+0000] {dag.py:3096} INFO - Sync 1 DAGs
[2024-04-21T08:25:30.757+0000] {logging_mixin.py:188} INFO - [2024-04-21T08:25:30.757+0000] {dag.py:3954} INFO - Setting next_dagrun for latest_only_with_trigger to 2024-04-21 04:00:00+00:00, run_after=2024-04-21 08:00:00+00:00
[2024-04-21T08:25:30.766+0000] {processor.py:183} INFO - Processing /home/airflow/.local/lib/python3.12/site-packages/airflow/example_dags/example_latest_only_with_trigger.py took 0.036 seconds
[2024-04-21T08:26:01.323+0000] {processor.py:161} INFO - Started process (PID=842) to work on /home/airflow/.local/lib/python3.12/site-packages/airflow/example_dags/example_latest_only_with_trigger.py
[2024-04-21T08:26:01.324+0000] {processor.py:830} INFO - Processing file /home/airflow/.local/lib/python3.12/site-packages/airflow/example_dags/example_latest_only_with_trigger.py for tasks to queue
[2024-04-21T08:26:01.325+0000] {logging_mixin.py:188} INFO - [2024-04-21T08:26:01.325+0000] {dagbag.py:540} INFO - Filling up the DagBag from /home/airflow/.local/lib/python3.12/site-packages/airflow/example_dags/example_latest_only_with_trigger.py
[2024-04-21T08:26:01.328+0000] {processor.py:840} INFO - DAG(s) 'latest_only_with_trigger' retrieved from /home/airflow/.local/lib/python3.12/site-packages/airflow/example_dags/example_latest_only_with_trigger.py
[2024-04-21T08:26:01.339+0000] {logging_mixin.py:188} INFO - [2024-04-21T08:26:01.339+0000] {dag.py:3096} INFO - Sync 1 DAGs
[2024-04-21T08:26:01.349+0000] {logging_mixin.py:188} INFO - [2024-04-21T08:26:01.349+0000] {dag.py:3954} INFO - Setting next_dagrun for latest_only_with_trigger to 2024-04-21 04:00:00+00:00, run_after=2024-04-21 08:00:00+00:00
[2024-04-21T08:26:01.358+0000] {processor.py:183} INFO - Processing /home/airflow/.local/lib/python3.12/site-packages/airflow/example_dags/example_latest_only_with_trigger.py took 0.038 seconds
[2024-04-21T08:26:31.844+0000] {processor.py:161} INFO - Started process (PID=904) to work on /home/airflow/.local/lib/python3.12/site-packages/airflow/example_dags/example_latest_only_with_trigger.py
[2024-04-21T08:26:31.845+0000] {processor.py:830} INFO - Processing file /home/airflow/.local/lib/python3.12/site-packages/airflow/example_dags/example_latest_only_with_trigger.py for tasks to queue
[2024-04-21T08:26:31.846+0000] {logging_mixin.py:188} INFO - [2024-04-21T08:26:31.846+0000] {dagbag.py:540} INFO - Filling up the DagBag from /home/airflow/.local/lib/python3.12/site-packages/airflow/example_dags/example_latest_only_with_trigger.py
[2024-04-21T08:26:31.850+0000] {processor.py:840} INFO - DAG(s) 'latest_only_with_trigger' retrieved from /home/airflow/.local/lib/python3.12/site-packages/airflow/example_dags/example_latest_only_with_trigger.py
[2024-04-21T08:26:31.860+0000] {logging_mixin.py:188} INFO - [2024-04-21T08:26:31.860+0000] {dag.py:3096} INFO - Sync 1 DAGs
[2024-04-21T08:26:31.870+0000] {logging_mixin.py:188} INFO - [2024-04-21T08:26:31.870+0000] {dag.py:3954} INFO - Setting next_dagrun for latest_only_with_trigger to 2024-04-21 04:00:00+00:00, run_after=2024-04-21 08:00:00+00:00
[2024-04-21T08:26:31.878+0000] {processor.py:183} INFO - Processing /home/airflow/.local/lib/python3.12/site-packages/airflow/example_dags/example_latest_only_with_trigger.py took 0.036 seconds
[2024-04-21T08:27:02.031+0000] {processor.py:161} INFO - Started process (PID=966) to work on /home/airflow/.local/lib/python3.12/site-packages/airflow/example_dags/example_latest_only_with_trigger.py
[2024-04-21T08:27:02.031+0000] {processor.py:830} INFO - Processing file /home/airflow/.local/lib/python3.12/site-packages/airflow/example_dags/example_latest_only_with_trigger.py for tasks to queue
[2024-04-21T08:27:02.033+0000] {logging_mixin.py:188} INFO - [2024-04-21T08:27:02.033+0000] {dagbag.py:540} INFO - Filling up the DagBag from /home/airflow/.local/lib/python3.12/site-packages/airflow/example_dags/example_latest_only_with_trigger.py
[2024-04-21T08:27:02.035+0000] {processor.py:840} INFO - DAG(s) 'latest_only_with_trigger' retrieved from /home/airflow/.local/lib/python3.12/site-packages/airflow/example_dags/example_latest_only_with_trigger.py
[2024-04-21T08:27:02.045+0000] {logging_mixin.py:188} INFO - [2024-04-21T08:27:02.045+0000] {dag.py:3096} INFO - Sync 1 DAGs
[2024-04-21T08:27:02.055+0000] {logging_mixin.py:188} INFO - [2024-04-21T08:27:02.054+0000] {dag.py:3954} INFO - Setting next_dagrun for latest_only_with_trigger to 2024-04-21 04:00:00+00:00, run_after=2024-04-21 08:00:00+00:00
[2024-04-21T08:27:02.137+0000] {processor.py:183} INFO - Processing /home/airflow/.local/lib/python3.12/site-packages/airflow/example_dags/example_latest_only_with_trigger.py took 0.109 seconds
