[2024-04-21T06:45:00.004+0000] {processor.py:161} INFO - Started process (PID=41) to work on /home/airflow/.local/lib/python3.12/site-packages/airflow/example_dags/example_branch_python_dop_operator_3.py
[2024-04-21T06:45:00.007+0000] {processor.py:830} INFO - Processing file /home/airflow/.local/lib/python3.12/site-packages/airflow/example_dags/example_branch_python_dop_operator_3.py for tasks to queue
[2024-04-21T06:45:00.015+0000] {logging_mixin.py:188} INFO - [2024-04-21T06:45:00.014+0000] {dagbag.py:540} INFO - Filling up the DagBag from /home/airflow/.local/lib/python3.12/site-packages/airflow/example_dags/example_branch_python_dop_operator_3.py
[2024-04-21T06:45:00.056+0000] {processor.py:840} INFO - DAG(s) 'example_branch_dop_operator_v3' retrieved from /home/airflow/.local/lib/python3.12/site-packages/airflow/example_dags/example_branch_python_dop_operator_3.py
[2024-04-21T06:45:00.131+0000] {logging_mixin.py:188} INFO - [2024-04-21T06:45:00.131+0000] {dag.py:3096} INFO - Sync 1 DAGs
[2024-04-21T06:45:00.188+0000] {logging_mixin.py:188} INFO - [2024-04-21T06:45:00.188+0000] {dag.py:3954} INFO - Setting next_dagrun for example_branch_dop_operator_v3 to 2024-04-21 06:44:00+00:00, run_after=2024-04-21 06:45:00+00:00
[2024-04-21T06:45:00.260+0000] {processor.py:183} INFO - Processing /home/airflow/.local/lib/python3.12/site-packages/airflow/example_dags/example_branch_python_dop_operator_3.py took 0.260 seconds
[2024-04-21T06:45:31.070+0000] {processor.py:161} INFO - Started process (PID=102) to work on /home/airflow/.local/lib/python3.12/site-packages/airflow/example_dags/example_branch_python_dop_operator_3.py
[2024-04-21T06:45:31.072+0000] {processor.py:830} INFO - Processing file /home/airflow/.local/lib/python3.12/site-packages/airflow/example_dags/example_branch_python_dop_operator_3.py for tasks to queue
[2024-04-21T06:45:31.075+0000] {logging_mixin.py:188} INFO - [2024-04-21T06:45:31.074+0000] {dagbag.py:540} INFO - Filling up the DagBag from /home/airflow/.local/lib/python3.12/site-packages/airflow/example_dags/example_branch_python_dop_operator_3.py
[2024-04-21T06:45:31.086+0000] {processor.py:840} INFO - DAG(s) 'example_branch_dop_operator_v3' retrieved from /home/airflow/.local/lib/python3.12/site-packages/airflow/example_dags/example_branch_python_dop_operator_3.py
[2024-04-21T06:45:31.097+0000] {logging_mixin.py:188} INFO - [2024-04-21T06:45:31.096+0000] {dag.py:3096} INFO - Sync 1 DAGs
[2024-04-21T06:45:31.115+0000] {logging_mixin.py:188} INFO - [2024-04-21T06:45:31.115+0000] {dag.py:3954} INFO - Setting next_dagrun for example_branch_dop_operator_v3 to 2024-04-21 06:44:00+00:00, run_after=2024-04-21 06:45:00+00:00
[2024-04-21T06:45:31.125+0000] {processor.py:183} INFO - Processing /home/airflow/.local/lib/python3.12/site-packages/airflow/example_dags/example_branch_python_dop_operator_3.py took 0.066 seconds
[2024-04-21T07:09:04.783+0000] {processor.py:161} INFO - Started process (PID=40) to work on /home/airflow/.local/lib/python3.12/site-packages/airflow/example_dags/example_branch_python_dop_operator_3.py
[2024-04-21T07:09:04.785+0000] {processor.py:830} INFO - Processing file /home/airflow/.local/lib/python3.12/site-packages/airflow/example_dags/example_branch_python_dop_operator_3.py for tasks to queue
[2024-04-21T07:09:04.788+0000] {logging_mixin.py:188} INFO - [2024-04-21T07:09:04.787+0000] {dagbag.py:540} INFO - Filling up the DagBag from /home/airflow/.local/lib/python3.12/site-packages/airflow/example_dags/example_branch_python_dop_operator_3.py
[2024-04-21T07:09:04.805+0000] {processor.py:840} INFO - DAG(s) 'example_branch_dop_operator_v3' retrieved from /home/airflow/.local/lib/python3.12/site-packages/airflow/example_dags/example_branch_python_dop_operator_3.py
[2024-04-21T07:09:04.842+0000] {logging_mixin.py:188} INFO - [2024-04-21T07:09:04.842+0000] {dag.py:3096} INFO - Sync 1 DAGs
[2024-04-21T07:09:04.911+0000] {logging_mixin.py:188} INFO - [2024-04-21T07:09:04.911+0000] {dag.py:3954} INFO - Setting next_dagrun for example_branch_dop_operator_v3 to 2024-04-21 07:08:00+00:00, run_after=2024-04-21 07:09:00+00:00
[2024-04-21T07:09:04.951+0000] {processor.py:183} INFO - Processing /home/airflow/.local/lib/python3.12/site-packages/airflow/example_dags/example_branch_python_dop_operator_3.py took 0.175 seconds
[2024-04-21T07:58:35.711+0000] {processor.py:161} INFO - Started process (PID=41) to work on /home/airflow/.local/lib/python3.12/site-packages/airflow/example_dags/example_branch_python_dop_operator_3.py
[2024-04-21T07:58:35.712+0000] {processor.py:830} INFO - Processing file /home/airflow/.local/lib/python3.12/site-packages/airflow/example_dags/example_branch_python_dop_operator_3.py for tasks to queue
[2024-04-21T07:58:35.716+0000] {logging_mixin.py:188} INFO - [2024-04-21T07:58:35.715+0000] {dagbag.py:540} INFO - Filling up the DagBag from /home/airflow/.local/lib/python3.12/site-packages/airflow/example_dags/example_branch_python_dop_operator_3.py
[2024-04-21T07:58:35.731+0000] {processor.py:840} INFO - DAG(s) 'example_branch_dop_operator_v3' retrieved from /home/airflow/.local/lib/python3.12/site-packages/airflow/example_dags/example_branch_python_dop_operator_3.py
[2024-04-21T07:58:35.761+0000] {logging_mixin.py:188} INFO - [2024-04-21T07:58:35.760+0000] {dag.py:3096} INFO - Sync 1 DAGs
[2024-04-21T07:58:35.813+0000] {logging_mixin.py:188} INFO - [2024-04-21T07:58:35.812+0000] {dag.py:3954} INFO - Setting next_dagrun for example_branch_dop_operator_v3 to 2024-04-21 07:57:00+00:00, run_after=2024-04-21 07:58:00+00:00
[2024-04-21T07:58:35.848+0000] {processor.py:183} INFO - Processing /home/airflow/.local/lib/python3.12/site-packages/airflow/example_dags/example_branch_python_dop_operator_3.py took 0.143 seconds
[2024-04-21T07:59:06.455+0000] {processor.py:161} INFO - Started process (PID=102) to work on /home/airflow/.local/lib/python3.12/site-packages/airflow/example_dags/example_branch_python_dop_operator_3.py
[2024-04-21T07:59:06.455+0000] {processor.py:830} INFO - Processing file /home/airflow/.local/lib/python3.12/site-packages/airflow/example_dags/example_branch_python_dop_operator_3.py for tasks to queue
[2024-04-21T07:59:06.456+0000] {logging_mixin.py:188} INFO - [2024-04-21T07:59:06.456+0000] {dagbag.py:540} INFO - Filling up the DagBag from /home/airflow/.local/lib/python3.12/site-packages/airflow/example_dags/example_branch_python_dop_operator_3.py
[2024-04-21T07:59:06.460+0000] {processor.py:840} INFO - DAG(s) 'example_branch_dop_operator_v3' retrieved from /home/airflow/.local/lib/python3.12/site-packages/airflow/example_dags/example_branch_python_dop_operator_3.py
[2024-04-21T07:59:06.514+0000] {logging_mixin.py:188} INFO - [2024-04-21T07:59:06.513+0000] {dag.py:3096} INFO - Sync 1 DAGs
[2024-04-21T07:59:06.524+0000] {logging_mixin.py:188} INFO - [2024-04-21T07:59:06.524+0000] {dag.py:3954} INFO - Setting next_dagrun for example_branch_dop_operator_v3 to 2024-04-21 07:58:00+00:00, run_after=2024-04-21 07:59:00+00:00
[2024-04-21T07:59:06.533+0000] {processor.py:183} INFO - Processing /home/airflow/.local/lib/python3.12/site-packages/airflow/example_dags/example_branch_python_dop_operator_3.py took 0.082 seconds
[2024-04-21T07:59:37.256+0000] {processor.py:161} INFO - Started process (PID=164) to work on /home/airflow/.local/lib/python3.12/site-packages/airflow/example_dags/example_branch_python_dop_operator_3.py
[2024-04-21T07:59:37.257+0000] {processor.py:830} INFO - Processing file /home/airflow/.local/lib/python3.12/site-packages/airflow/example_dags/example_branch_python_dop_operator_3.py for tasks to queue
[2024-04-21T07:59:37.258+0000] {logging_mixin.py:188} INFO - [2024-04-21T07:59:37.258+0000] {dagbag.py:540} INFO - Filling up the DagBag from /home/airflow/.local/lib/python3.12/site-packages/airflow/example_dags/example_branch_python_dop_operator_3.py
[2024-04-21T07:59:37.263+0000] {processor.py:840} INFO - DAG(s) 'example_branch_dop_operator_v3' retrieved from /home/airflow/.local/lib/python3.12/site-packages/airflow/example_dags/example_branch_python_dop_operator_3.py
[2024-04-21T07:59:37.274+0000] {logging_mixin.py:188} INFO - [2024-04-21T07:59:37.274+0000] {dag.py:3096} INFO - Sync 1 DAGs
[2024-04-21T07:59:37.287+0000] {logging_mixin.py:188} INFO - [2024-04-21T07:59:37.287+0000] {dag.py:3954} INFO - Setting next_dagrun for example_branch_dop_operator_v3 to 2024-04-21 07:58:00+00:00, run_after=2024-04-21 07:59:00+00:00
[2024-04-21T07:59:37.298+0000] {processor.py:183} INFO - Processing /home/airflow/.local/lib/python3.12/site-packages/airflow/example_dags/example_branch_python_dop_operator_3.py took 0.046 seconds
[2024-04-21T08:00:08.000+0000] {processor.py:161} INFO - Started process (PID=225) to work on /home/airflow/.local/lib/python3.12/site-packages/airflow/example_dags/example_branch_python_dop_operator_3.py
[2024-04-21T08:00:08.001+0000] {processor.py:830} INFO - Processing file /home/airflow/.local/lib/python3.12/site-packages/airflow/example_dags/example_branch_python_dop_operator_3.py for tasks to queue
[2024-04-21T08:00:08.002+0000] {logging_mixin.py:188} INFO - [2024-04-21T08:00:08.001+0000] {dagbag.py:540} INFO - Filling up the DagBag from /home/airflow/.local/lib/python3.12/site-packages/airflow/example_dags/example_branch_python_dop_operator_3.py
[2024-04-21T08:00:08.006+0000] {processor.py:840} INFO - DAG(s) 'example_branch_dop_operator_v3' retrieved from /home/airflow/.local/lib/python3.12/site-packages/airflow/example_dags/example_branch_python_dop_operator_3.py
[2024-04-21T08:00:08.016+0000] {logging_mixin.py:188} INFO - [2024-04-21T08:00:08.016+0000] {dag.py:3096} INFO - Sync 1 DAGs
[2024-04-21T08:00:08.028+0000] {logging_mixin.py:188} INFO - [2024-04-21T08:00:08.028+0000] {dag.py:3954} INFO - Setting next_dagrun for example_branch_dop_operator_v3 to 2024-04-21 07:59:00+00:00, run_after=2024-04-21 08:00:00+00:00
[2024-04-21T08:00:08.037+0000] {processor.py:183} INFO - Processing /home/airflow/.local/lib/python3.12/site-packages/airflow/example_dags/example_branch_python_dop_operator_3.py took 0.040 seconds
[2024-04-21T08:00:39.337+0000] {processor.py:161} INFO - Started process (PID=289) to work on /home/airflow/.local/lib/python3.12/site-packages/airflow/example_dags/example_branch_python_dop_operator_3.py
[2024-04-21T08:00:39.338+0000] {processor.py:830} INFO - Processing file /home/airflow/.local/lib/python3.12/site-packages/airflow/example_dags/example_branch_python_dop_operator_3.py for tasks to queue
[2024-04-21T08:00:39.339+0000] {logging_mixin.py:188} INFO - [2024-04-21T08:00:39.339+0000] {dagbag.py:540} INFO - Filling up the DagBag from /home/airflow/.local/lib/python3.12/site-packages/airflow/example_dags/example_branch_python_dop_operator_3.py
[2024-04-21T08:00:39.343+0000] {processor.py:840} INFO - DAG(s) 'example_branch_dop_operator_v3' retrieved from /home/airflow/.local/lib/python3.12/site-packages/airflow/example_dags/example_branch_python_dop_operator_3.py
[2024-04-21T08:00:39.355+0000] {logging_mixin.py:188} INFO - [2024-04-21T08:00:39.355+0000] {dag.py:3096} INFO - Sync 1 DAGs
[2024-04-21T08:00:39.369+0000] {logging_mixin.py:188} INFO - [2024-04-21T08:00:39.369+0000] {dag.py:3954} INFO - Setting next_dagrun for example_branch_dop_operator_v3 to 2024-04-21 07:59:00+00:00, run_after=2024-04-21 08:00:00+00:00
[2024-04-21T08:00:39.380+0000] {processor.py:183} INFO - Processing /home/airflow/.local/lib/python3.12/site-packages/airflow/example_dags/example_branch_python_dop_operator_3.py took 0.047 seconds
[2024-04-21T08:01:09.606+0000] {processor.py:161} INFO - Started process (PID=351) to work on /home/airflow/.local/lib/python3.12/site-packages/airflow/example_dags/example_branch_python_dop_operator_3.py
[2024-04-21T08:01:09.607+0000] {processor.py:830} INFO - Processing file /home/airflow/.local/lib/python3.12/site-packages/airflow/example_dags/example_branch_python_dop_operator_3.py for tasks to queue
[2024-04-21T08:01:09.608+0000] {logging_mixin.py:188} INFO - [2024-04-21T08:01:09.608+0000] {dagbag.py:540} INFO - Filling up the DagBag from /home/airflow/.local/lib/python3.12/site-packages/airflow/example_dags/example_branch_python_dop_operator_3.py
[2024-04-21T08:01:09.614+0000] {processor.py:840} INFO - DAG(s) 'example_branch_dop_operator_v3' retrieved from /home/airflow/.local/lib/python3.12/site-packages/airflow/example_dags/example_branch_python_dop_operator_3.py
[2024-04-21T08:01:09.634+0000] {logging_mixin.py:188} INFO - [2024-04-21T08:01:09.634+0000] {dag.py:3096} INFO - Sync 1 DAGs
[2024-04-21T08:01:09.656+0000] {logging_mixin.py:188} INFO - [2024-04-21T08:01:09.656+0000] {dag.py:3954} INFO - Setting next_dagrun for example_branch_dop_operator_v3 to 2024-04-21 08:00:00+00:00, run_after=2024-04-21 08:01:00+00:00
[2024-04-21T08:01:09.678+0000] {processor.py:183} INFO - Processing /home/airflow/.local/lib/python3.12/site-packages/airflow/example_dags/example_branch_python_dop_operator_3.py took 0.075 seconds
[2024-04-21T08:05:53.314+0000] {processor.py:161} INFO - Started process (PID=407) to work on /home/airflow/.local/lib/python3.12/site-packages/airflow/example_dags/example_branch_python_dop_operator_3.py
[2024-04-21T08:05:53.321+0000] {processor.py:830} INFO - Processing file /home/airflow/.local/lib/python3.12/site-packages/airflow/example_dags/example_branch_python_dop_operator_3.py for tasks to queue
[2024-04-21T08:05:53.327+0000] {logging_mixin.py:188} INFO - [2024-04-21T08:05:53.326+0000] {dagbag.py:540} INFO - Filling up the DagBag from /home/airflow/.local/lib/python3.12/site-packages/airflow/example_dags/example_branch_python_dop_operator_3.py
[2024-04-21T08:05:53.340+0000] {processor.py:840} INFO - DAG(s) 'example_branch_dop_operator_v3' retrieved from /home/airflow/.local/lib/python3.12/site-packages/airflow/example_dags/example_branch_python_dop_operator_3.py
[2024-04-21T08:05:53.389+0000] {logging_mixin.py:188} INFO - [2024-04-21T08:05:53.389+0000] {dag.py:3096} INFO - Sync 1 DAGs
[2024-04-21T08:05:53.449+0000] {logging_mixin.py:188} INFO - [2024-04-21T08:05:53.449+0000] {dag.py:3954} INFO - Setting next_dagrun for example_branch_dop_operator_v3 to 2024-04-21 08:04:00+00:00, run_after=2024-04-21 08:05:00+00:00
[2024-04-21T08:05:53.497+0000] {processor.py:183} INFO - Processing /home/airflow/.local/lib/python3.12/site-packages/airflow/example_dags/example_branch_python_dop_operator_3.py took 0.197 seconds
[2024-04-21T08:19:24.918+0000] {processor.py:161} INFO - Started process (PID=41) to work on /home/airflow/.local/lib/python3.12/site-packages/airflow/example_dags/example_branch_python_dop_operator_3.py
[2024-04-21T08:19:24.920+0000] {processor.py:830} INFO - Processing file /home/airflow/.local/lib/python3.12/site-packages/airflow/example_dags/example_branch_python_dop_operator_3.py for tasks to queue
[2024-04-21T08:19:24.923+0000] {logging_mixin.py:188} INFO - [2024-04-21T08:19:24.922+0000] {dagbag.py:540} INFO - Filling up the DagBag from /home/airflow/.local/lib/python3.12/site-packages/airflow/example_dags/example_branch_python_dop_operator_3.py
[2024-04-21T08:19:24.933+0000] {processor.py:840} INFO - DAG(s) 'example_branch_dop_operator_v3' retrieved from /home/airflow/.local/lib/python3.12/site-packages/airflow/example_dags/example_branch_python_dop_operator_3.py
[2024-04-21T08:19:24.963+0000] {logging_mixin.py:188} INFO - [2024-04-21T08:19:24.962+0000] {dag.py:3096} INFO - Sync 1 DAGs
[2024-04-21T08:19:25.010+0000] {logging_mixin.py:188} INFO - [2024-04-21T08:19:25.010+0000] {dag.py:3954} INFO - Setting next_dagrun for example_branch_dop_operator_v3 to 2024-04-21 08:18:00+00:00, run_after=2024-04-21 08:19:00+00:00
[2024-04-21T08:19:25.038+0000] {processor.py:183} INFO - Processing /home/airflow/.local/lib/python3.12/site-packages/airflow/example_dags/example_branch_python_dop_operator_3.py took 0.125 seconds
[2024-04-21T08:19:55.490+0000] {processor.py:161} INFO - Started process (PID=103) to work on /home/airflow/.local/lib/python3.12/site-packages/airflow/example_dags/example_branch_python_dop_operator_3.py
[2024-04-21T08:19:55.491+0000] {processor.py:830} INFO - Processing file /home/airflow/.local/lib/python3.12/site-packages/airflow/example_dags/example_branch_python_dop_operator_3.py for tasks to queue
[2024-04-21T08:19:55.493+0000] {logging_mixin.py:188} INFO - [2024-04-21T08:19:55.492+0000] {dagbag.py:540} INFO - Filling up the DagBag from /home/airflow/.local/lib/python3.12/site-packages/airflow/example_dags/example_branch_python_dop_operator_3.py
[2024-04-21T08:19:55.498+0000] {processor.py:840} INFO - DAG(s) 'example_branch_dop_operator_v3' retrieved from /home/airflow/.local/lib/python3.12/site-packages/airflow/example_dags/example_branch_python_dop_operator_3.py
[2024-04-21T08:19:55.554+0000] {logging_mixin.py:188} INFO - [2024-04-21T08:19:55.554+0000] {dag.py:3096} INFO - Sync 1 DAGs
[2024-04-21T08:19:55.568+0000] {logging_mixin.py:188} INFO - [2024-04-21T08:19:55.568+0000] {dag.py:3954} INFO - Setting next_dagrun for example_branch_dop_operator_v3 to 2024-04-21 08:18:00+00:00, run_after=2024-04-21 08:19:00+00:00
[2024-04-21T08:19:55.580+0000] {processor.py:183} INFO - Processing /home/airflow/.local/lib/python3.12/site-packages/airflow/example_dags/example_branch_python_dop_operator_3.py took 0.093 seconds
[2024-04-21T08:20:26.126+0000] {processor.py:161} INFO - Started process (PID=165) to work on /home/airflow/.local/lib/python3.12/site-packages/airflow/example_dags/example_branch_python_dop_operator_3.py
[2024-04-21T08:20:26.127+0000] {processor.py:830} INFO - Processing file /home/airflow/.local/lib/python3.12/site-packages/airflow/example_dags/example_branch_python_dop_operator_3.py for tasks to queue
[2024-04-21T08:20:26.128+0000] {logging_mixin.py:188} INFO - [2024-04-21T08:20:26.128+0000] {dagbag.py:540} INFO - Filling up the DagBag from /home/airflow/.local/lib/python3.12/site-packages/airflow/example_dags/example_branch_python_dop_operator_3.py
[2024-04-21T08:20:26.135+0000] {processor.py:840} INFO - DAG(s) 'example_branch_dop_operator_v3' retrieved from /home/airflow/.local/lib/python3.12/site-packages/airflow/example_dags/example_branch_python_dop_operator_3.py
[2024-04-21T08:20:26.160+0000] {logging_mixin.py:188} INFO - [2024-04-21T08:20:26.160+0000] {dag.py:3096} INFO - Sync 1 DAGs
[2024-04-21T08:20:26.176+0000] {logging_mixin.py:188} INFO - [2024-04-21T08:20:26.176+0000] {dag.py:3954} INFO - Setting next_dagrun for example_branch_dop_operator_v3 to 2024-04-21 08:19:00+00:00, run_after=2024-04-21 08:20:00+00:00
[2024-04-21T08:20:26.189+0000] {processor.py:183} INFO - Processing /home/airflow/.local/lib/python3.12/site-packages/airflow/example_dags/example_branch_python_dop_operator_3.py took 0.066 seconds
[2024-04-21T08:20:57.168+0000] {processor.py:161} INFO - Started process (PID=227) to work on /home/airflow/.local/lib/python3.12/site-packages/airflow/example_dags/example_branch_python_dop_operator_3.py
[2024-04-21T08:20:57.169+0000] {processor.py:830} INFO - Processing file /home/airflow/.local/lib/python3.12/site-packages/airflow/example_dags/example_branch_python_dop_operator_3.py for tasks to queue
[2024-04-21T08:20:57.170+0000] {logging_mixin.py:188} INFO - [2024-04-21T08:20:57.170+0000] {dagbag.py:540} INFO - Filling up the DagBag from /home/airflow/.local/lib/python3.12/site-packages/airflow/example_dags/example_branch_python_dop_operator_3.py
[2024-04-21T08:20:57.174+0000] {processor.py:840} INFO - DAG(s) 'example_branch_dop_operator_v3' retrieved from /home/airflow/.local/lib/python3.12/site-packages/airflow/example_dags/example_branch_python_dop_operator_3.py
[2024-04-21T08:20:57.184+0000] {logging_mixin.py:188} INFO - [2024-04-21T08:20:57.184+0000] {dag.py:3096} INFO - Sync 1 DAGs
[2024-04-21T08:20:57.196+0000] {logging_mixin.py:188} INFO - [2024-04-21T08:20:57.196+0000] {dag.py:3954} INFO - Setting next_dagrun for example_branch_dop_operator_v3 to 2024-04-21 08:19:00+00:00, run_after=2024-04-21 08:20:00+00:00
[2024-04-21T08:20:57.205+0000] {processor.py:183} INFO - Processing /home/airflow/.local/lib/python3.12/site-packages/airflow/example_dags/example_branch_python_dop_operator_3.py took 0.039 seconds
[2024-04-21T08:21:27.541+0000] {processor.py:161} INFO - Started process (PID=291) to work on /home/airflow/.local/lib/python3.12/site-packages/airflow/example_dags/example_branch_python_dop_operator_3.py
[2024-04-21T08:21:27.542+0000] {processor.py:830} INFO - Processing file /home/airflow/.local/lib/python3.12/site-packages/airflow/example_dags/example_branch_python_dop_operator_3.py for tasks to queue
[2024-04-21T08:21:27.543+0000] {logging_mixin.py:188} INFO - [2024-04-21T08:21:27.543+0000] {dagbag.py:540} INFO - Filling up the DagBag from /home/airflow/.local/lib/python3.12/site-packages/airflow/example_dags/example_branch_python_dop_operator_3.py
[2024-04-21T08:21:27.547+0000] {processor.py:840} INFO - DAG(s) 'example_branch_dop_operator_v3' retrieved from /home/airflow/.local/lib/python3.12/site-packages/airflow/example_dags/example_branch_python_dop_operator_3.py
[2024-04-21T08:21:27.557+0000] {logging_mixin.py:188} INFO - [2024-04-21T08:21:27.557+0000] {dag.py:3096} INFO - Sync 1 DAGs
[2024-04-21T08:21:27.569+0000] {logging_mixin.py:188} INFO - [2024-04-21T08:21:27.569+0000] {dag.py:3954} INFO - Setting next_dagrun for example_branch_dop_operator_v3 to 2024-04-21 08:20:00+00:00, run_after=2024-04-21 08:21:00+00:00
[2024-04-21T08:21:27.579+0000] {processor.py:183} INFO - Processing /home/airflow/.local/lib/python3.12/site-packages/airflow/example_dags/example_branch_python_dop_operator_3.py took 0.041 seconds
[2024-04-21T08:21:58.169+0000] {processor.py:161} INFO - Started process (PID=352) to work on /home/airflow/.local/lib/python3.12/site-packages/airflow/example_dags/example_branch_python_dop_operator_3.py
[2024-04-21T08:21:58.170+0000] {processor.py:830} INFO - Processing file /home/airflow/.local/lib/python3.12/site-packages/airflow/example_dags/example_branch_python_dop_operator_3.py for tasks to queue
[2024-04-21T08:21:58.171+0000] {logging_mixin.py:188} INFO - [2024-04-21T08:21:58.171+0000] {dagbag.py:540} INFO - Filling up the DagBag from /home/airflow/.local/lib/python3.12/site-packages/airflow/example_dags/example_branch_python_dop_operator_3.py
[2024-04-21T08:21:58.177+0000] {processor.py:840} INFO - DAG(s) 'example_branch_dop_operator_v3' retrieved from /home/airflow/.local/lib/python3.12/site-packages/airflow/example_dags/example_branch_python_dop_operator_3.py
[2024-04-21T08:21:58.188+0000] {logging_mixin.py:188} INFO - [2024-04-21T08:21:58.188+0000] {dag.py:3096} INFO - Sync 1 DAGs
[2024-04-21T08:21:58.200+0000] {logging_mixin.py:188} INFO - [2024-04-21T08:21:58.199+0000] {dag.py:3954} INFO - Setting next_dagrun for example_branch_dop_operator_v3 to 2024-04-21 08:20:00+00:00, run_after=2024-04-21 08:21:00+00:00
[2024-04-21T08:21:58.211+0000] {processor.py:183} INFO - Processing /home/airflow/.local/lib/python3.12/site-packages/airflow/example_dags/example_branch_python_dop_operator_3.py took 0.047 seconds
[2024-04-21T08:22:29.165+0000] {processor.py:161} INFO - Started process (PID=414) to work on /home/airflow/.local/lib/python3.12/site-packages/airflow/example_dags/example_branch_python_dop_operator_3.py
[2024-04-21T08:22:29.165+0000] {processor.py:830} INFO - Processing file /home/airflow/.local/lib/python3.12/site-packages/airflow/example_dags/example_branch_python_dop_operator_3.py for tasks to queue
[2024-04-21T08:22:29.166+0000] {logging_mixin.py:188} INFO - [2024-04-21T08:22:29.166+0000] {dagbag.py:540} INFO - Filling up the DagBag from /home/airflow/.local/lib/python3.12/site-packages/airflow/example_dags/example_branch_python_dop_operator_3.py
[2024-04-21T08:22:29.171+0000] {processor.py:840} INFO - DAG(s) 'example_branch_dop_operator_v3' retrieved from /home/airflow/.local/lib/python3.12/site-packages/airflow/example_dags/example_branch_python_dop_operator_3.py
[2024-04-21T08:22:29.193+0000] {logging_mixin.py:188} INFO - [2024-04-21T08:22:29.193+0000] {dag.py:3096} INFO - Sync 1 DAGs
[2024-04-21T08:22:29.206+0000] {logging_mixin.py:188} INFO - [2024-04-21T08:22:29.206+0000] {dag.py:3954} INFO - Setting next_dagrun for example_branch_dop_operator_v3 to 2024-04-21 08:21:00+00:00, run_after=2024-04-21 08:22:00+00:00
[2024-04-21T08:22:29.217+0000] {processor.py:183} INFO - Processing /home/airflow/.local/lib/python3.12/site-packages/airflow/example_dags/example_branch_python_dop_operator_3.py took 0.056 seconds
[2024-04-21T08:23:00.446+0000] {processor.py:161} INFO - Started process (PID=476) to work on /home/airflow/.local/lib/python3.12/site-packages/airflow/example_dags/example_branch_python_dop_operator_3.py
[2024-04-21T08:23:00.447+0000] {processor.py:830} INFO - Processing file /home/airflow/.local/lib/python3.12/site-packages/airflow/example_dags/example_branch_python_dop_operator_3.py for tasks to queue
[2024-04-21T08:23:00.449+0000] {logging_mixin.py:188} INFO - [2024-04-21T08:23:00.449+0000] {dagbag.py:540} INFO - Filling up the DagBag from /home/airflow/.local/lib/python3.12/site-packages/airflow/example_dags/example_branch_python_dop_operator_3.py
[2024-04-21T08:23:00.459+0000] {processor.py:840} INFO - DAG(s) 'example_branch_dop_operator_v3' retrieved from /home/airflow/.local/lib/python3.12/site-packages/airflow/example_dags/example_branch_python_dop_operator_3.py
[2024-04-21T08:23:00.476+0000] {logging_mixin.py:188} INFO - [2024-04-21T08:23:00.476+0000] {dag.py:3096} INFO - Sync 1 DAGs
[2024-04-21T08:23:00.493+0000] {logging_mixin.py:188} INFO - [2024-04-21T08:23:00.493+0000] {dag.py:3954} INFO - Setting next_dagrun for example_branch_dop_operator_v3 to 2024-04-21 08:22:00+00:00, run_after=2024-04-21 08:23:00+00:00
[2024-04-21T08:23:00.504+0000] {processor.py:183} INFO - Processing /home/airflow/.local/lib/python3.12/site-packages/airflow/example_dags/example_branch_python_dop_operator_3.py took 0.065 seconds
[2024-04-21T08:23:31.041+0000] {processor.py:161} INFO - Started process (PID=537) to work on /home/airflow/.local/lib/python3.12/site-packages/airflow/example_dags/example_branch_python_dop_operator_3.py
[2024-04-21T08:23:31.043+0000] {processor.py:830} INFO - Processing file /home/airflow/.local/lib/python3.12/site-packages/airflow/example_dags/example_branch_python_dop_operator_3.py for tasks to queue
[2024-04-21T08:23:31.045+0000] {logging_mixin.py:188} INFO - [2024-04-21T08:23:31.045+0000] {dagbag.py:540} INFO - Filling up the DagBag from /home/airflow/.local/lib/python3.12/site-packages/airflow/example_dags/example_branch_python_dop_operator_3.py
[2024-04-21T08:23:31.059+0000] {processor.py:840} INFO - DAG(s) 'example_branch_dop_operator_v3' retrieved from /home/airflow/.local/lib/python3.12/site-packages/airflow/example_dags/example_branch_python_dop_operator_3.py
[2024-04-21T08:23:31.119+0000] {logging_mixin.py:188} INFO - [2024-04-21T08:23:31.118+0000] {dag.py:3096} INFO - Sync 1 DAGs
[2024-04-21T08:23:31.172+0000] {logging_mixin.py:188} INFO - [2024-04-21T08:23:31.172+0000] {dag.py:3954} INFO - Setting next_dagrun for example_branch_dop_operator_v3 to 2024-04-21 08:22:00+00:00, run_after=2024-04-21 08:23:00+00:00
[2024-04-21T08:23:31.197+0000] {processor.py:183} INFO - Processing /home/airflow/.local/lib/python3.12/site-packages/airflow/example_dags/example_branch_python_dop_operator_3.py took 0.167 seconds
[2024-04-21T08:24:02.133+0000] {processor.py:161} INFO - Started process (PID=599) to work on /home/airflow/.local/lib/python3.12/site-packages/airflow/example_dags/example_branch_python_dop_operator_3.py
[2024-04-21T08:24:02.134+0000] {processor.py:830} INFO - Processing file /home/airflow/.local/lib/python3.12/site-packages/airflow/example_dags/example_branch_python_dop_operator_3.py for tasks to queue
[2024-04-21T08:24:02.135+0000] {logging_mixin.py:188} INFO - [2024-04-21T08:24:02.135+0000] {dagbag.py:540} INFO - Filling up the DagBag from /home/airflow/.local/lib/python3.12/site-packages/airflow/example_dags/example_branch_python_dop_operator_3.py
[2024-04-21T08:24:02.140+0000] {processor.py:840} INFO - DAG(s) 'example_branch_dop_operator_v3' retrieved from /home/airflow/.local/lib/python3.12/site-packages/airflow/example_dags/example_branch_python_dop_operator_3.py
[2024-04-21T08:24:02.153+0000] {logging_mixin.py:188} INFO - [2024-04-21T08:24:02.153+0000] {dag.py:3096} INFO - Sync 1 DAGs
[2024-04-21T08:24:02.166+0000] {logging_mixin.py:188} INFO - [2024-04-21T08:24:02.166+0000] {dag.py:3954} INFO - Setting next_dagrun for example_branch_dop_operator_v3 to 2024-04-21 08:23:00+00:00, run_after=2024-04-21 08:24:00+00:00
[2024-04-21T08:24:02.176+0000] {processor.py:183} INFO - Processing /home/airflow/.local/lib/python3.12/site-packages/airflow/example_dags/example_branch_python_dop_operator_3.py took 0.046 seconds
[2024-04-21T08:24:32.440+0000] {processor.py:161} INFO - Started process (PID=660) to work on /home/airflow/.local/lib/python3.12/site-packages/airflow/example_dags/example_branch_python_dop_operator_3.py
[2024-04-21T08:24:32.441+0000] {processor.py:830} INFO - Processing file /home/airflow/.local/lib/python3.12/site-packages/airflow/example_dags/example_branch_python_dop_operator_3.py for tasks to queue
[2024-04-21T08:24:32.443+0000] {logging_mixin.py:188} INFO - [2024-04-21T08:24:32.443+0000] {dagbag.py:540} INFO - Filling up the DagBag from /home/airflow/.local/lib/python3.12/site-packages/airflow/example_dags/example_branch_python_dop_operator_3.py
[2024-04-21T08:24:32.452+0000] {processor.py:840} INFO - DAG(s) 'example_branch_dop_operator_v3' retrieved from /home/airflow/.local/lib/python3.12/site-packages/airflow/example_dags/example_branch_python_dop_operator_3.py
[2024-04-21T08:24:32.473+0000] {logging_mixin.py:188} INFO - [2024-04-21T08:24:32.473+0000] {dag.py:3096} INFO - Sync 1 DAGs
[2024-04-21T08:24:32.494+0000] {logging_mixin.py:188} INFO - [2024-04-21T08:24:32.494+0000] {dag.py:3954} INFO - Setting next_dagrun for example_branch_dop_operator_v3 to 2024-04-21 08:23:00+00:00, run_after=2024-04-21 08:24:00+00:00
[2024-04-21T08:24:32.515+0000] {processor.py:183} INFO - Processing /home/airflow/.local/lib/python3.12/site-packages/airflow/example_dags/example_branch_python_dop_operator_3.py took 0.081 seconds
[2024-04-21T08:25:02.697+0000] {processor.py:161} INFO - Started process (PID=721) to work on /home/airflow/.local/lib/python3.12/site-packages/airflow/example_dags/example_branch_python_dop_operator_3.py
[2024-04-21T08:25:02.698+0000] {processor.py:830} INFO - Processing file /home/airflow/.local/lib/python3.12/site-packages/airflow/example_dags/example_branch_python_dop_operator_3.py for tasks to queue
[2024-04-21T08:25:02.699+0000] {logging_mixin.py:188} INFO - [2024-04-21T08:25:02.699+0000] {dagbag.py:540} INFO - Filling up the DagBag from /home/airflow/.local/lib/python3.12/site-packages/airflow/example_dags/example_branch_python_dop_operator_3.py
[2024-04-21T08:25:02.704+0000] {processor.py:840} INFO - DAG(s) 'example_branch_dop_operator_v3' retrieved from /home/airflow/.local/lib/python3.12/site-packages/airflow/example_dags/example_branch_python_dop_operator_3.py
[2024-04-21T08:25:02.716+0000] {logging_mixin.py:188} INFO - [2024-04-21T08:25:02.716+0000] {dag.py:3096} INFO - Sync 1 DAGs
[2024-04-21T08:25:02.729+0000] {logging_mixin.py:188} INFO - [2024-04-21T08:25:02.729+0000] {dag.py:3954} INFO - Setting next_dagrun for example_branch_dop_operator_v3 to 2024-04-21 08:24:00+00:00, run_after=2024-04-21 08:25:00+00:00
[2024-04-21T08:25:02.738+0000] {processor.py:183} INFO - Processing /home/airflow/.local/lib/python3.12/site-packages/airflow/example_dags/example_branch_python_dop_operator_3.py took 0.045 seconds
[2024-04-21T08:25:32.848+0000] {processor.py:161} INFO - Started process (PID=783) to work on /home/airflow/.local/lib/python3.12/site-packages/airflow/example_dags/example_branch_python_dop_operator_3.py
[2024-04-21T08:25:32.850+0000] {processor.py:830} INFO - Processing file /home/airflow/.local/lib/python3.12/site-packages/airflow/example_dags/example_branch_python_dop_operator_3.py for tasks to queue
[2024-04-21T08:25:32.851+0000] {logging_mixin.py:188} INFO - [2024-04-21T08:25:32.851+0000] {dagbag.py:540} INFO - Filling up the DagBag from /home/airflow/.local/lib/python3.12/site-packages/airflow/example_dags/example_branch_python_dop_operator_3.py
[2024-04-21T08:25:32.856+0000] {processor.py:840} INFO - DAG(s) 'example_branch_dop_operator_v3' retrieved from /home/airflow/.local/lib/python3.12/site-packages/airflow/example_dags/example_branch_python_dop_operator_3.py
[2024-04-21T08:25:32.867+0000] {logging_mixin.py:188} INFO - [2024-04-21T08:25:32.867+0000] {dag.py:3096} INFO - Sync 1 DAGs
[2024-04-21T08:25:32.879+0000] {logging_mixin.py:188} INFO - [2024-04-21T08:25:32.879+0000] {dag.py:3954} INFO - Setting next_dagrun for example_branch_dop_operator_v3 to 2024-04-21 08:24:00+00:00, run_after=2024-04-21 08:25:00+00:00
[2024-04-21T08:25:32.889+0000] {processor.py:183} INFO - Processing /home/airflow/.local/lib/python3.12/site-packages/airflow/example_dags/example_branch_python_dop_operator_3.py took 0.045 seconds
[2024-04-21T08:26:03.395+0000] {processor.py:161} INFO - Started process (PID=845) to work on /home/airflow/.local/lib/python3.12/site-packages/airflow/example_dags/example_branch_python_dop_operator_3.py
[2024-04-21T08:26:03.396+0000] {processor.py:830} INFO - Processing file /home/airflow/.local/lib/python3.12/site-packages/airflow/example_dags/example_branch_python_dop_operator_3.py for tasks to queue
[2024-04-21T08:26:03.397+0000] {logging_mixin.py:188} INFO - [2024-04-21T08:26:03.397+0000] {dagbag.py:540} INFO - Filling up the DagBag from /home/airflow/.local/lib/python3.12/site-packages/airflow/example_dags/example_branch_python_dop_operator_3.py
[2024-04-21T08:26:03.402+0000] {processor.py:840} INFO - DAG(s) 'example_branch_dop_operator_v3' retrieved from /home/airflow/.local/lib/python3.12/site-packages/airflow/example_dags/example_branch_python_dop_operator_3.py
[2024-04-21T08:26:03.415+0000] {logging_mixin.py:188} INFO - [2024-04-21T08:26:03.415+0000] {dag.py:3096} INFO - Sync 1 DAGs
[2024-04-21T08:26:03.428+0000] {logging_mixin.py:188} INFO - [2024-04-21T08:26:03.428+0000] {dag.py:3954} INFO - Setting next_dagrun for example_branch_dop_operator_v3 to 2024-04-21 08:25:00+00:00, run_after=2024-04-21 08:26:00+00:00
[2024-04-21T08:26:03.440+0000] {processor.py:183} INFO - Processing /home/airflow/.local/lib/python3.12/site-packages/airflow/example_dags/example_branch_python_dop_operator_3.py took 0.048 seconds
[2024-04-21T08:26:33.910+0000] {processor.py:161} INFO - Started process (PID=907) to work on /home/airflow/.local/lib/python3.12/site-packages/airflow/example_dags/example_branch_python_dop_operator_3.py
[2024-04-21T08:26:33.911+0000] {processor.py:830} INFO - Processing file /home/airflow/.local/lib/python3.12/site-packages/airflow/example_dags/example_branch_python_dop_operator_3.py for tasks to queue
[2024-04-21T08:26:33.912+0000] {logging_mixin.py:188} INFO - [2024-04-21T08:26:33.912+0000] {dagbag.py:540} INFO - Filling up the DagBag from /home/airflow/.local/lib/python3.12/site-packages/airflow/example_dags/example_branch_python_dop_operator_3.py
[2024-04-21T08:26:33.917+0000] {processor.py:840} INFO - DAG(s) 'example_branch_dop_operator_v3' retrieved from /home/airflow/.local/lib/python3.12/site-packages/airflow/example_dags/example_branch_python_dop_operator_3.py
[2024-04-21T08:26:33.928+0000] {logging_mixin.py:188} INFO - [2024-04-21T08:26:33.928+0000] {dag.py:3096} INFO - Sync 1 DAGs
[2024-04-21T08:26:33.941+0000] {logging_mixin.py:188} INFO - [2024-04-21T08:26:33.941+0000] {dag.py:3954} INFO - Setting next_dagrun for example_branch_dop_operator_v3 to 2024-04-21 08:25:00+00:00, run_after=2024-04-21 08:26:00+00:00
[2024-04-21T08:26:33.951+0000] {processor.py:183} INFO - Processing /home/airflow/.local/lib/python3.12/site-packages/airflow/example_dags/example_branch_python_dop_operator_3.py took 0.045 seconds
[2024-04-21T08:27:04.335+0000] {processor.py:161} INFO - Started process (PID=969) to work on /home/airflow/.local/lib/python3.12/site-packages/airflow/example_dags/example_branch_python_dop_operator_3.py
[2024-04-21T08:27:04.336+0000] {processor.py:830} INFO - Processing file /home/airflow/.local/lib/python3.12/site-packages/airflow/example_dags/example_branch_python_dop_operator_3.py for tasks to queue
[2024-04-21T08:27:04.338+0000] {logging_mixin.py:188} INFO - [2024-04-21T08:27:04.338+0000] {dagbag.py:540} INFO - Filling up the DagBag from /home/airflow/.local/lib/python3.12/site-packages/airflow/example_dags/example_branch_python_dop_operator_3.py
[2024-04-21T08:27:04.346+0000] {processor.py:840} INFO - DAG(s) 'example_branch_dop_operator_v3' retrieved from /home/airflow/.local/lib/python3.12/site-packages/airflow/example_dags/example_branch_python_dop_operator_3.py
[2024-04-21T08:27:04.366+0000] {logging_mixin.py:188} INFO - [2024-04-21T08:27:04.365+0000] {dag.py:3096} INFO - Sync 1 DAGs
[2024-04-21T08:27:04.503+0000] {logging_mixin.py:188} INFO - [2024-04-21T08:27:04.502+0000] {dag.py:3954} INFO - Setting next_dagrun for example_branch_dop_operator_v3 to 2024-04-21 08:26:00+00:00, run_after=2024-04-21 08:27:00+00:00
[2024-04-21T08:27:04.512+0000] {processor.py:183} INFO - Processing /home/airflow/.local/lib/python3.12/site-packages/airflow/example_dags/example_branch_python_dop_operator_3.py took 0.185 seconds
