[2024-04-21T06:45:02.919+0000] {processor.py:161} INFO - Started process (PID=62) to work on /home/airflow/.local/lib/python3.12/site-packages/airflow/example_dags/example_xcomargs.py
[2024-04-21T06:45:02.920+0000] {processor.py:830} INFO - Processing file /home/airflow/.local/lib/python3.12/site-packages/airflow/example_dags/example_xcomargs.py for tasks to queue
[2024-04-21T06:45:02.921+0000] {logging_mixin.py:188} INFO - [2024-04-21T06:45:02.921+0000] {dagbag.py:540} INFO - Filling up the DagBag from /home/airflow/.local/lib/python3.12/site-packages/airflow/example_dags/example_xcomargs.py
[2024-04-21T06:45:02.927+0000] {processor.py:840} INFO - DAG(s) 'example_xcom_args_with_operators', 'example_xcom_args' retrieved from /home/airflow/.local/lib/python3.12/site-packages/airflow/example_dags/example_xcomargs.py
[2024-04-21T06:45:02.941+0000] {logging_mixin.py:188} INFO - [2024-04-21T06:45:02.941+0000] {dag.py:3096} INFO - Sync 2 DAGs
[2024-04-21T06:45:02.948+0000] {logging_mixin.py:188} INFO - [2024-04-21T06:45:02.948+0000] {dag.py:3954} INFO - Setting next_dagrun for example_xcom_args to None, run_after=None
[2024-04-21T06:45:02.951+0000] {logging_mixin.py:188} INFO - [2024-04-21T06:45:02.951+0000] {dag.py:3954} INFO - Setting next_dagrun for example_xcom_args_with_operators to None, run_after=None
[2024-04-21T06:45:02.961+0000] {processor.py:183} INFO - Processing /home/airflow/.local/lib/python3.12/site-packages/airflow/example_dags/example_xcomargs.py took 0.047 seconds
[2024-04-21T06:45:33.655+0000] {processor.py:161} INFO - Started process (PID=123) to work on /home/airflow/.local/lib/python3.12/site-packages/airflow/example_dags/example_xcomargs.py
[2024-04-21T06:45:33.656+0000] {processor.py:830} INFO - Processing file /home/airflow/.local/lib/python3.12/site-packages/airflow/example_dags/example_xcomargs.py for tasks to queue
[2024-04-21T06:45:33.657+0000] {logging_mixin.py:188} INFO - [2024-04-21T06:45:33.657+0000] {dagbag.py:540} INFO - Filling up the DagBag from /home/airflow/.local/lib/python3.12/site-packages/airflow/example_dags/example_xcomargs.py
[2024-04-21T06:45:33.661+0000] {processor.py:840} INFO - DAG(s) 'example_xcom_args_with_operators', 'example_xcom_args' retrieved from /home/airflow/.local/lib/python3.12/site-packages/airflow/example_dags/example_xcomargs.py
[2024-04-21T06:45:33.667+0000] {logging_mixin.py:188} INFO - [2024-04-21T06:45:33.667+0000] {dag.py:3096} INFO - Sync 2 DAGs
[2024-04-21T06:45:33.673+0000] {logging_mixin.py:188} INFO - [2024-04-21T06:45:33.673+0000] {dag.py:3954} INFO - Setting next_dagrun for example_xcom_args to None, run_after=None
[2024-04-21T06:45:33.675+0000] {logging_mixin.py:188} INFO - [2024-04-21T06:45:33.675+0000] {dag.py:3954} INFO - Setting next_dagrun for example_xcom_args_with_operators to None, run_after=None
[2024-04-21T06:45:33.681+0000] {processor.py:183} INFO - Processing /home/airflow/.local/lib/python3.12/site-packages/airflow/example_dags/example_xcomargs.py took 0.029 seconds
[2024-04-21T07:09:06.414+0000] {processor.py:161} INFO - Started process (PID=61) to work on /home/airflow/.local/lib/python3.12/site-packages/airflow/example_dags/example_xcomargs.py
[2024-04-21T07:09:06.415+0000] {processor.py:830} INFO - Processing file /home/airflow/.local/lib/python3.12/site-packages/airflow/example_dags/example_xcomargs.py for tasks to queue
[2024-04-21T07:09:06.421+0000] {logging_mixin.py:188} INFO - [2024-04-21T07:09:06.420+0000] {dagbag.py:540} INFO - Filling up the DagBag from /home/airflow/.local/lib/python3.12/site-packages/airflow/example_dags/example_xcomargs.py
[2024-04-21T07:09:06.429+0000] {processor.py:840} INFO - DAG(s) 'example_xcom_args_with_operators', 'example_xcom_args' retrieved from /home/airflow/.local/lib/python3.12/site-packages/airflow/example_dags/example_xcomargs.py
[2024-04-21T07:09:06.441+0000] {logging_mixin.py:188} INFO - [2024-04-21T07:09:06.441+0000] {dag.py:3096} INFO - Sync 2 DAGs
[2024-04-21T07:09:06.449+0000] {logging_mixin.py:188} INFO - [2024-04-21T07:09:06.449+0000] {dag.py:3954} INFO - Setting next_dagrun for example_xcom_args to None, run_after=None
[2024-04-21T07:09:06.452+0000] {logging_mixin.py:188} INFO - [2024-04-21T07:09:06.451+0000] {dag.py:3954} INFO - Setting next_dagrun for example_xcom_args_with_operators to None, run_after=None
[2024-04-21T07:09:06.461+0000] {processor.py:183} INFO - Processing /home/airflow/.local/lib/python3.12/site-packages/airflow/example_dags/example_xcomargs.py took 0.053 seconds
[2024-04-21T07:58:37.738+0000] {processor.py:161} INFO - Started process (PID=62) to work on /home/airflow/.local/lib/python3.12/site-packages/airflow/example_dags/example_xcomargs.py
[2024-04-21T07:58:37.739+0000] {processor.py:830} INFO - Processing file /home/airflow/.local/lib/python3.12/site-packages/airflow/example_dags/example_xcomargs.py for tasks to queue
[2024-04-21T07:58:37.741+0000] {logging_mixin.py:188} INFO - [2024-04-21T07:58:37.741+0000] {dagbag.py:540} INFO - Filling up the DagBag from /home/airflow/.local/lib/python3.12/site-packages/airflow/example_dags/example_xcomargs.py
[2024-04-21T07:58:37.749+0000] {processor.py:840} INFO - DAG(s) 'example_xcom_args_with_operators', 'example_xcom_args' retrieved from /home/airflow/.local/lib/python3.12/site-packages/airflow/example_dags/example_xcomargs.py
[2024-04-21T07:58:37.761+0000] {logging_mixin.py:188} INFO - [2024-04-21T07:58:37.761+0000] {dag.py:3096} INFO - Sync 2 DAGs
[2024-04-21T07:58:37.773+0000] {logging_mixin.py:188} INFO - [2024-04-21T07:58:37.773+0000] {dag.py:3954} INFO - Setting next_dagrun for example_xcom_args to None, run_after=None
[2024-04-21T07:58:37.777+0000] {logging_mixin.py:188} INFO - [2024-04-21T07:58:37.777+0000] {dag.py:3954} INFO - Setting next_dagrun for example_xcom_args_with_operators to None, run_after=None
[2024-04-21T07:58:37.797+0000] {processor.py:183} INFO - Processing /home/airflow/.local/lib/python3.12/site-packages/airflow/example_dags/example_xcomargs.py took 0.063 seconds
[2024-04-21T07:59:08.005+0000] {processor.py:161} INFO - Started process (PID=123) to work on /home/airflow/.local/lib/python3.12/site-packages/airflow/example_dags/example_xcomargs.py
[2024-04-21T07:59:08.006+0000] {processor.py:830} INFO - Processing file /home/airflow/.local/lib/python3.12/site-packages/airflow/example_dags/example_xcomargs.py for tasks to queue
[2024-04-21T07:59:08.007+0000] {logging_mixin.py:188} INFO - [2024-04-21T07:59:08.007+0000] {dagbag.py:540} INFO - Filling up the DagBag from /home/airflow/.local/lib/python3.12/site-packages/airflow/example_dags/example_xcomargs.py
[2024-04-21T07:59:08.013+0000] {processor.py:840} INFO - DAG(s) 'example_xcom_args_with_operators', 'example_xcom_args' retrieved from /home/airflow/.local/lib/python3.12/site-packages/airflow/example_dags/example_xcomargs.py
[2024-04-21T07:59:08.079+0000] {logging_mixin.py:188} INFO - [2024-04-21T07:59:08.079+0000] {dag.py:3096} INFO - Sync 2 DAGs
[2024-04-21T07:59:08.086+0000] {logging_mixin.py:188} INFO - [2024-04-21T07:59:08.085+0000] {dag.py:3954} INFO - Setting next_dagrun for example_xcom_args to None, run_after=None
[2024-04-21T07:59:08.088+0000] {logging_mixin.py:188} INFO - [2024-04-21T07:59:08.088+0000] {dag.py:3954} INFO - Setting next_dagrun for example_xcom_args_with_operators to None, run_after=None
[2024-04-21T07:59:08.099+0000] {processor.py:183} INFO - Processing /home/airflow/.local/lib/python3.12/site-packages/airflow/example_dags/example_xcomargs.py took 0.098 seconds
[2024-04-21T07:59:39.000+0000] {processor.py:161} INFO - Started process (PID=185) to work on /home/airflow/.local/lib/python3.12/site-packages/airflow/example_dags/example_xcomargs.py
[2024-04-21T07:59:39.000+0000] {processor.py:830} INFO - Processing file /home/airflow/.local/lib/python3.12/site-packages/airflow/example_dags/example_xcomargs.py for tasks to queue
[2024-04-21T07:59:39.002+0000] {logging_mixin.py:188} INFO - [2024-04-21T07:59:39.002+0000] {dagbag.py:540} INFO - Filling up the DagBag from /home/airflow/.local/lib/python3.12/site-packages/airflow/example_dags/example_xcomargs.py
[2024-04-21T07:59:39.006+0000] {processor.py:840} INFO - DAG(s) 'example_xcom_args_with_operators', 'example_xcom_args' retrieved from /home/airflow/.local/lib/python3.12/site-packages/airflow/example_dags/example_xcomargs.py
[2024-04-21T07:59:39.022+0000] {logging_mixin.py:188} INFO - [2024-04-21T07:59:39.021+0000] {dag.py:3096} INFO - Sync 2 DAGs
[2024-04-21T07:59:39.033+0000] {logging_mixin.py:188} INFO - [2024-04-21T07:59:39.032+0000] {dag.py:3954} INFO - Setting next_dagrun for example_xcom_args to None, run_after=None
[2024-04-21T07:59:39.035+0000] {logging_mixin.py:188} INFO - [2024-04-21T07:59:39.035+0000] {dag.py:3954} INFO - Setting next_dagrun for example_xcom_args_with_operators to None, run_after=None
[2024-04-21T07:59:39.044+0000] {processor.py:183} INFO - Processing /home/airflow/.local/lib/python3.12/site-packages/airflow/example_dags/example_xcomargs.py took 0.047 seconds
[2024-04-21T08:00:09.879+0000] {processor.py:161} INFO - Started process (PID=246) to work on /home/airflow/.local/lib/python3.12/site-packages/airflow/example_dags/example_xcomargs.py
[2024-04-21T08:00:09.881+0000] {processor.py:830} INFO - Processing file /home/airflow/.local/lib/python3.12/site-packages/airflow/example_dags/example_xcomargs.py for tasks to queue
[2024-04-21T08:00:09.882+0000] {logging_mixin.py:188} INFO - [2024-04-21T08:00:09.882+0000] {dagbag.py:540} INFO - Filling up the DagBag from /home/airflow/.local/lib/python3.12/site-packages/airflow/example_dags/example_xcomargs.py
[2024-04-21T08:00:09.887+0000] {processor.py:840} INFO - DAG(s) 'example_xcom_args_with_operators', 'example_xcom_args' retrieved from /home/airflow/.local/lib/python3.12/site-packages/airflow/example_dags/example_xcomargs.py
[2024-04-21T08:00:09.909+0000] {logging_mixin.py:188} INFO - [2024-04-21T08:00:09.908+0000] {dag.py:3096} INFO - Sync 2 DAGs
[2024-04-21T08:00:09.917+0000] {logging_mixin.py:188} INFO - [2024-04-21T08:00:09.917+0000] {dag.py:3954} INFO - Setting next_dagrun for example_xcom_args to None, run_after=None
[2024-04-21T08:00:09.919+0000] {logging_mixin.py:188} INFO - [2024-04-21T08:00:09.919+0000] {dag.py:3954} INFO - Setting next_dagrun for example_xcom_args_with_operators to None, run_after=None
[2024-04-21T08:00:09.928+0000] {processor.py:183} INFO - Processing /home/airflow/.local/lib/python3.12/site-packages/airflow/example_dags/example_xcomargs.py took 0.052 seconds
[2024-04-21T08:00:40.345+0000] {processor.py:161} INFO - Started process (PID=310) to work on /home/airflow/.local/lib/python3.12/site-packages/airflow/example_dags/example_xcomargs.py
[2024-04-21T08:00:40.345+0000] {processor.py:830} INFO - Processing file /home/airflow/.local/lib/python3.12/site-packages/airflow/example_dags/example_xcomargs.py for tasks to queue
[2024-04-21T08:00:40.346+0000] {logging_mixin.py:188} INFO - [2024-04-21T08:00:40.346+0000] {dagbag.py:540} INFO - Filling up the DagBag from /home/airflow/.local/lib/python3.12/site-packages/airflow/example_dags/example_xcomargs.py
[2024-04-21T08:00:40.351+0000] {processor.py:840} INFO - DAG(s) 'example_xcom_args', 'example_xcom_args_with_operators' retrieved from /home/airflow/.local/lib/python3.12/site-packages/airflow/example_dags/example_xcomargs.py
[2024-04-21T08:00:40.363+0000] {logging_mixin.py:188} INFO - [2024-04-21T08:00:40.363+0000] {dag.py:3096} INFO - Sync 2 DAGs
[2024-04-21T08:00:40.375+0000] {logging_mixin.py:188} INFO - [2024-04-21T08:00:40.375+0000] {dag.py:3954} INFO - Setting next_dagrun for example_xcom_args to None, run_after=None
[2024-04-21T08:00:40.378+0000] {logging_mixin.py:188} INFO - [2024-04-21T08:00:40.378+0000] {dag.py:3954} INFO - Setting next_dagrun for example_xcom_args_with_operators to None, run_after=None
[2024-04-21T08:00:40.390+0000] {processor.py:183} INFO - Processing /home/airflow/.local/lib/python3.12/site-packages/airflow/example_dags/example_xcomargs.py took 0.048 seconds
[2024-04-21T08:01:11.388+0000] {processor.py:161} INFO - Started process (PID=372) to work on /home/airflow/.local/lib/python3.12/site-packages/airflow/example_dags/example_xcomargs.py
[2024-04-21T08:01:11.389+0000] {processor.py:830} INFO - Processing file /home/airflow/.local/lib/python3.12/site-packages/airflow/example_dags/example_xcomargs.py for tasks to queue
[2024-04-21T08:01:11.390+0000] {logging_mixin.py:188} INFO - [2024-04-21T08:01:11.390+0000] {dagbag.py:540} INFO - Filling up the DagBag from /home/airflow/.local/lib/python3.12/site-packages/airflow/example_dags/example_xcomargs.py
[2024-04-21T08:01:11.395+0000] {processor.py:840} INFO - DAG(s) 'example_xcom_args', 'example_xcom_args_with_operators' retrieved from /home/airflow/.local/lib/python3.12/site-packages/airflow/example_dags/example_xcomargs.py
[2024-04-21T08:01:11.409+0000] {logging_mixin.py:188} INFO - [2024-04-21T08:01:11.409+0000] {dag.py:3096} INFO - Sync 2 DAGs
[2024-04-21T08:01:11.416+0000] {logging_mixin.py:188} INFO - [2024-04-21T08:01:11.415+0000] {dag.py:3954} INFO - Setting next_dagrun for example_xcom_args to None, run_after=None
[2024-04-21T08:01:11.418+0000] {logging_mixin.py:188} INFO - [2024-04-21T08:01:11.417+0000] {dag.py:3954} INFO - Setting next_dagrun for example_xcom_args_with_operators to None, run_after=None
[2024-04-21T08:01:11.425+0000] {processor.py:183} INFO - Processing /home/airflow/.local/lib/python3.12/site-packages/airflow/example_dags/example_xcomargs.py took 0.040 seconds
[2024-04-21T08:05:55.183+0000] {processor.py:161} INFO - Started process (PID=428) to work on /home/airflow/.local/lib/python3.12/site-packages/airflow/example_dags/example_xcomargs.py
[2024-04-21T08:05:55.184+0000] {processor.py:830} INFO - Processing file /home/airflow/.local/lib/python3.12/site-packages/airflow/example_dags/example_xcomargs.py for tasks to queue
[2024-04-21T08:05:55.185+0000] {logging_mixin.py:188} INFO - [2024-04-21T08:05:55.185+0000] {dagbag.py:540} INFO - Filling up the DagBag from /home/airflow/.local/lib/python3.12/site-packages/airflow/example_dags/example_xcomargs.py
[2024-04-21T08:05:55.192+0000] {processor.py:840} INFO - DAG(s) 'example_xcom_args', 'example_xcom_args_with_operators' retrieved from /home/airflow/.local/lib/python3.12/site-packages/airflow/example_dags/example_xcomargs.py
[2024-04-21T08:05:55.207+0000] {logging_mixin.py:188} INFO - [2024-04-21T08:05:55.207+0000] {dag.py:3096} INFO - Sync 2 DAGs
[2024-04-21T08:05:55.215+0000] {logging_mixin.py:188} INFO - [2024-04-21T08:05:55.214+0000] {dag.py:3954} INFO - Setting next_dagrun for example_xcom_args to None, run_after=None
[2024-04-21T08:05:55.217+0000] {logging_mixin.py:188} INFO - [2024-04-21T08:05:55.217+0000] {dag.py:3954} INFO - Setting next_dagrun for example_xcom_args_with_operators to None, run_after=None
[2024-04-21T08:05:55.225+0000] {processor.py:183} INFO - Processing /home/airflow/.local/lib/python3.12/site-packages/airflow/example_dags/example_xcomargs.py took 0.044 seconds
[2024-04-21T08:19:26.609+0000] {processor.py:161} INFO - Started process (PID=62) to work on /home/airflow/.local/lib/python3.12/site-packages/airflow/example_dags/example_xcomargs.py
[2024-04-21T08:19:26.610+0000] {processor.py:830} INFO - Processing file /home/airflow/.local/lib/python3.12/site-packages/airflow/example_dags/example_xcomargs.py for tasks to queue
[2024-04-21T08:19:26.611+0000] {logging_mixin.py:188} INFO - [2024-04-21T08:19:26.611+0000] {dagbag.py:540} INFO - Filling up the DagBag from /home/airflow/.local/lib/python3.12/site-packages/airflow/example_dags/example_xcomargs.py
[2024-04-21T08:19:26.617+0000] {processor.py:840} INFO - DAG(s) 'example_xcom_args_with_operators', 'example_xcom_args' retrieved from /home/airflow/.local/lib/python3.12/site-packages/airflow/example_dags/example_xcomargs.py
[2024-04-21T08:19:26.629+0000] {logging_mixin.py:188} INFO - [2024-04-21T08:19:26.629+0000] {dag.py:3096} INFO - Sync 2 DAGs
[2024-04-21T08:19:26.646+0000] {logging_mixin.py:188} INFO - [2024-04-21T08:19:26.646+0000] {dag.py:3954} INFO - Setting next_dagrun for example_xcom_args to None, run_after=None
[2024-04-21T08:19:26.658+0000] {logging_mixin.py:188} INFO - [2024-04-21T08:19:26.658+0000] {dag.py:3954} INFO - Setting next_dagrun for example_xcom_args_with_operators to None, run_after=None
[2024-04-21T08:19:26.677+0000] {processor.py:183} INFO - Processing /home/airflow/.local/lib/python3.12/site-packages/airflow/example_dags/example_xcomargs.py took 0.072 seconds
[2024-04-21T08:19:57.024+0000] {processor.py:161} INFO - Started process (PID=124) to work on /home/airflow/.local/lib/python3.12/site-packages/airflow/example_dags/example_xcomargs.py
[2024-04-21T08:19:57.024+0000] {processor.py:830} INFO - Processing file /home/airflow/.local/lib/python3.12/site-packages/airflow/example_dags/example_xcomargs.py for tasks to queue
[2024-04-21T08:19:57.026+0000] {logging_mixin.py:188} INFO - [2024-04-21T08:19:57.026+0000] {dagbag.py:540} INFO - Filling up the DagBag from /home/airflow/.local/lib/python3.12/site-packages/airflow/example_dags/example_xcomargs.py
[2024-04-21T08:19:57.031+0000] {processor.py:840} INFO - DAG(s) 'example_xcom_args', 'example_xcom_args_with_operators' retrieved from /home/airflow/.local/lib/python3.12/site-packages/airflow/example_dags/example_xcomargs.py
[2024-04-21T08:19:57.091+0000] {logging_mixin.py:188} INFO - [2024-04-21T08:19:57.091+0000] {dag.py:3096} INFO - Sync 2 DAGs
[2024-04-21T08:19:57.097+0000] {logging_mixin.py:188} INFO - [2024-04-21T08:19:57.097+0000] {dag.py:3954} INFO - Setting next_dagrun for example_xcom_args to None, run_after=None
[2024-04-21T08:19:57.099+0000] {logging_mixin.py:188} INFO - [2024-04-21T08:19:57.099+0000] {dag.py:3954} INFO - Setting next_dagrun for example_xcom_args_with_operators to None, run_after=None
[2024-04-21T08:19:57.108+0000] {processor.py:183} INFO - Processing /home/airflow/.local/lib/python3.12/site-packages/airflow/example_dags/example_xcomargs.py took 0.089 seconds
[2024-04-21T08:20:27.795+0000] {processor.py:161} INFO - Started process (PID=186) to work on /home/airflow/.local/lib/python3.12/site-packages/airflow/example_dags/example_xcomargs.py
[2024-04-21T08:20:27.796+0000] {processor.py:830} INFO - Processing file /home/airflow/.local/lib/python3.12/site-packages/airflow/example_dags/example_xcomargs.py for tasks to queue
[2024-04-21T08:20:27.797+0000] {logging_mixin.py:188} INFO - [2024-04-21T08:20:27.797+0000] {dagbag.py:540} INFO - Filling up the DagBag from /home/airflow/.local/lib/python3.12/site-packages/airflow/example_dags/example_xcomargs.py
[2024-04-21T08:20:27.801+0000] {processor.py:840} INFO - DAG(s) 'example_xcom_args', 'example_xcom_args_with_operators' retrieved from /home/airflow/.local/lib/python3.12/site-packages/airflow/example_dags/example_xcomargs.py
[2024-04-21T08:20:27.812+0000] {logging_mixin.py:188} INFO - [2024-04-21T08:20:27.812+0000] {dag.py:3096} INFO - Sync 2 DAGs
[2024-04-21T08:20:27.818+0000] {logging_mixin.py:188} INFO - [2024-04-21T08:20:27.817+0000] {dag.py:3954} INFO - Setting next_dagrun for example_xcom_args to None, run_after=None
[2024-04-21T08:20:27.819+0000] {logging_mixin.py:188} INFO - [2024-04-21T08:20:27.819+0000] {dag.py:3954} INFO - Setting next_dagrun for example_xcom_args_with_operators to None, run_after=None
[2024-04-21T08:20:27.826+0000] {processor.py:183} INFO - Processing /home/airflow/.local/lib/python3.12/site-packages/airflow/example_dags/example_xcomargs.py took 0.033 seconds
[2024-04-21T08:20:58.834+0000] {processor.py:161} INFO - Started process (PID=248) to work on /home/airflow/.local/lib/python3.12/site-packages/airflow/example_dags/example_xcomargs.py
[2024-04-21T08:20:58.835+0000] {processor.py:830} INFO - Processing file /home/airflow/.local/lib/python3.12/site-packages/airflow/example_dags/example_xcomargs.py for tasks to queue
[2024-04-21T08:20:58.836+0000] {logging_mixin.py:188} INFO - [2024-04-21T08:20:58.836+0000] {dagbag.py:540} INFO - Filling up the DagBag from /home/airflow/.local/lib/python3.12/site-packages/airflow/example_dags/example_xcomargs.py
[2024-04-21T08:20:58.840+0000] {processor.py:840} INFO - DAG(s) 'example_xcom_args', 'example_xcom_args_with_operators' retrieved from /home/airflow/.local/lib/python3.12/site-packages/airflow/example_dags/example_xcomargs.py
[2024-04-21T08:20:58.851+0000] {logging_mixin.py:188} INFO - [2024-04-21T08:20:58.851+0000] {dag.py:3096} INFO - Sync 2 DAGs
[2024-04-21T08:20:58.857+0000] {logging_mixin.py:188} INFO - [2024-04-21T08:20:58.856+0000] {dag.py:3954} INFO - Setting next_dagrun for example_xcom_args to None, run_after=None
[2024-04-21T08:20:58.858+0000] {logging_mixin.py:188} INFO - [2024-04-21T08:20:58.858+0000] {dag.py:3954} INFO - Setting next_dagrun for example_xcom_args_with_operators to None, run_after=None
[2024-04-21T08:20:58.865+0000] {processor.py:183} INFO - Processing /home/airflow/.local/lib/python3.12/site-packages/airflow/example_dags/example_xcomargs.py took 0.034 seconds
[2024-04-21T08:21:29.267+0000] {processor.py:161} INFO - Started process (PID=311) to work on /home/airflow/.local/lib/python3.12/site-packages/airflow/example_dags/example_xcomargs.py
[2024-04-21T08:21:29.268+0000] {processor.py:830} INFO - Processing file /home/airflow/.local/lib/python3.12/site-packages/airflow/example_dags/example_xcomargs.py for tasks to queue
[2024-04-21T08:21:29.269+0000] {logging_mixin.py:188} INFO - [2024-04-21T08:21:29.269+0000] {dagbag.py:540} INFO - Filling up the DagBag from /home/airflow/.local/lib/python3.12/site-packages/airflow/example_dags/example_xcomargs.py
[2024-04-21T08:21:29.275+0000] {processor.py:840} INFO - DAG(s) 'example_xcom_args', 'example_xcom_args_with_operators' retrieved from /home/airflow/.local/lib/python3.12/site-packages/airflow/example_dags/example_xcomargs.py
[2024-04-21T08:21:29.289+0000] {logging_mixin.py:188} INFO - [2024-04-21T08:21:29.289+0000] {dag.py:3096} INFO - Sync 2 DAGs
[2024-04-21T08:21:29.296+0000] {logging_mixin.py:188} INFO - [2024-04-21T08:21:29.295+0000] {dag.py:3954} INFO - Setting next_dagrun for example_xcom_args to None, run_after=None
[2024-04-21T08:21:29.297+0000] {logging_mixin.py:188} INFO - [2024-04-21T08:21:29.297+0000] {dag.py:3954} INFO - Setting next_dagrun for example_xcom_args_with_operators to None, run_after=None
[2024-04-21T08:21:29.304+0000] {processor.py:183} INFO - Processing /home/airflow/.local/lib/python3.12/site-packages/airflow/example_dags/example_xcomargs.py took 0.041 seconds
[2024-04-21T08:22:00.059+0000] {processor.py:161} INFO - Started process (PID=373) to work on /home/airflow/.local/lib/python3.12/site-packages/airflow/example_dags/example_xcomargs.py
[2024-04-21T08:22:00.061+0000] {processor.py:830} INFO - Processing file /home/airflow/.local/lib/python3.12/site-packages/airflow/example_dags/example_xcomargs.py for tasks to queue
[2024-04-21T08:22:00.065+0000] {logging_mixin.py:188} INFO - [2024-04-21T08:22:00.064+0000] {dagbag.py:540} INFO - Filling up the DagBag from /home/airflow/.local/lib/python3.12/site-packages/airflow/example_dags/example_xcomargs.py
[2024-04-21T08:22:00.074+0000] {processor.py:840} INFO - DAG(s) 'example_xcom_args_with_operators', 'example_xcom_args' retrieved from /home/airflow/.local/lib/python3.12/site-packages/airflow/example_dags/example_xcomargs.py
[2024-04-21T08:22:00.089+0000] {logging_mixin.py:188} INFO - [2024-04-21T08:22:00.089+0000] {dag.py:3096} INFO - Sync 2 DAGs
[2024-04-21T08:22:00.096+0000] {logging_mixin.py:188} INFO - [2024-04-21T08:22:00.096+0000] {dag.py:3954} INFO - Setting next_dagrun for example_xcom_args to None, run_after=None
[2024-04-21T08:22:00.098+0000] {logging_mixin.py:188} INFO - [2024-04-21T08:22:00.098+0000] {dag.py:3954} INFO - Setting next_dagrun for example_xcom_args_with_operators to None, run_after=None
[2024-04-21T08:22:00.107+0000] {processor.py:183} INFO - Processing /home/airflow/.local/lib/python3.12/site-packages/airflow/example_dags/example_xcomargs.py took 0.056 seconds
[2024-04-21T08:22:30.899+0000] {processor.py:161} INFO - Started process (PID=435) to work on /home/airflow/.local/lib/python3.12/site-packages/airflow/example_dags/example_xcomargs.py
[2024-04-21T08:22:30.899+0000] {processor.py:830} INFO - Processing file /home/airflow/.local/lib/python3.12/site-packages/airflow/example_dags/example_xcomargs.py for tasks to queue
[2024-04-21T08:22:30.900+0000] {logging_mixin.py:188} INFO - [2024-04-21T08:22:30.900+0000] {dagbag.py:540} INFO - Filling up the DagBag from /home/airflow/.local/lib/python3.12/site-packages/airflow/example_dags/example_xcomargs.py
[2024-04-21T08:22:30.905+0000] {processor.py:840} INFO - DAG(s) 'example_xcom_args', 'example_xcom_args_with_operators' retrieved from /home/airflow/.local/lib/python3.12/site-packages/airflow/example_dags/example_xcomargs.py
[2024-04-21T08:22:30.916+0000] {logging_mixin.py:188} INFO - [2024-04-21T08:22:30.916+0000] {dag.py:3096} INFO - Sync 2 DAGs
[2024-04-21T08:22:30.922+0000] {logging_mixin.py:188} INFO - [2024-04-21T08:22:30.922+0000] {dag.py:3954} INFO - Setting next_dagrun for example_xcom_args to None, run_after=None
[2024-04-21T08:22:30.924+0000] {logging_mixin.py:188} INFO - [2024-04-21T08:22:30.924+0000] {dag.py:3954} INFO - Setting next_dagrun for example_xcom_args_with_operators to None, run_after=None
[2024-04-21T08:22:30.933+0000] {processor.py:183} INFO - Processing /home/airflow/.local/lib/python3.12/site-packages/airflow/example_dags/example_xcomargs.py took 0.037 seconds
[2024-04-21T08:23:01.559+0000] {processor.py:161} INFO - Started process (PID=497) to work on /home/airflow/.local/lib/python3.12/site-packages/airflow/example_dags/example_xcomargs.py
[2024-04-21T08:23:01.560+0000] {processor.py:830} INFO - Processing file /home/airflow/.local/lib/python3.12/site-packages/airflow/example_dags/example_xcomargs.py for tasks to queue
[2024-04-21T08:23:01.562+0000] {logging_mixin.py:188} INFO - [2024-04-21T08:23:01.562+0000] {dagbag.py:540} INFO - Filling up the DagBag from /home/airflow/.local/lib/python3.12/site-packages/airflow/example_dags/example_xcomargs.py
[2024-04-21T08:23:01.568+0000] {processor.py:840} INFO - DAG(s) 'example_xcom_args_with_operators', 'example_xcom_args' retrieved from /home/airflow/.local/lib/python3.12/site-packages/airflow/example_dags/example_xcomargs.py
[2024-04-21T08:23:01.584+0000] {logging_mixin.py:188} INFO - [2024-04-21T08:23:01.584+0000] {dag.py:3096} INFO - Sync 2 DAGs
[2024-04-21T08:23:01.591+0000] {logging_mixin.py:188} INFO - [2024-04-21T08:23:01.591+0000] {dag.py:3954} INFO - Setting next_dagrun for example_xcom_args to None, run_after=None
[2024-04-21T08:23:01.593+0000] {logging_mixin.py:188} INFO - [2024-04-21T08:23:01.593+0000] {dag.py:3954} INFO - Setting next_dagrun for example_xcom_args_with_operators to None, run_after=None
[2024-04-21T08:23:01.603+0000] {processor.py:183} INFO - Processing /home/airflow/.local/lib/python3.12/site-packages/airflow/example_dags/example_xcomargs.py took 0.048 seconds
[2024-04-21T08:23:32.823+0000] {processor.py:161} INFO - Started process (PID=559) to work on /home/airflow/.local/lib/python3.12/site-packages/airflow/example_dags/example_xcomargs.py
[2024-04-21T08:23:32.826+0000] {processor.py:830} INFO - Processing file /home/airflow/.local/lib/python3.12/site-packages/airflow/example_dags/example_xcomargs.py for tasks to queue
[2024-04-21T08:23:32.828+0000] {logging_mixin.py:188} INFO - [2024-04-21T08:23:32.827+0000] {dagbag.py:540} INFO - Filling up the DagBag from /home/airflow/.local/lib/python3.12/site-packages/airflow/example_dags/example_xcomargs.py
[2024-04-21T08:23:32.834+0000] {processor.py:840} INFO - DAG(s) 'example_xcom_args', 'example_xcom_args_with_operators' retrieved from /home/airflow/.local/lib/python3.12/site-packages/airflow/example_dags/example_xcomargs.py
[2024-04-21T08:23:32.857+0000] {logging_mixin.py:188} INFO - [2024-04-21T08:23:32.857+0000] {dag.py:3096} INFO - Sync 2 DAGs
[2024-04-21T08:23:32.867+0000] {logging_mixin.py:188} INFO - [2024-04-21T08:23:32.867+0000] {dag.py:3954} INFO - Setting next_dagrun for example_xcom_args to None, run_after=None
[2024-04-21T08:23:32.871+0000] {logging_mixin.py:188} INFO - [2024-04-21T08:23:32.871+0000] {dag.py:3954} INFO - Setting next_dagrun for example_xcom_args_with_operators to None, run_after=None
[2024-04-21T08:23:32.885+0000] {processor.py:183} INFO - Processing /home/airflow/.local/lib/python3.12/site-packages/airflow/example_dags/example_xcomargs.py took 0.066 seconds
[2024-04-21T08:24:03.051+0000] {processor.py:161} INFO - Started process (PID=621) to work on /home/airflow/.local/lib/python3.12/site-packages/airflow/example_dags/example_xcomargs.py
[2024-04-21T08:24:03.052+0000] {processor.py:830} INFO - Processing file /home/airflow/.local/lib/python3.12/site-packages/airflow/example_dags/example_xcomargs.py for tasks to queue
[2024-04-21T08:24:03.053+0000] {logging_mixin.py:188} INFO - [2024-04-21T08:24:03.053+0000] {dagbag.py:540} INFO - Filling up the DagBag from /home/airflow/.local/lib/python3.12/site-packages/airflow/example_dags/example_xcomargs.py
[2024-04-21T08:24:03.057+0000] {processor.py:840} INFO - DAG(s) 'example_xcom_args_with_operators', 'example_xcom_args' retrieved from /home/airflow/.local/lib/python3.12/site-packages/airflow/example_dags/example_xcomargs.py
[2024-04-21T08:24:03.069+0000] {logging_mixin.py:188} INFO - [2024-04-21T08:24:03.069+0000] {dag.py:3096} INFO - Sync 2 DAGs
[2024-04-21T08:24:03.075+0000] {logging_mixin.py:188} INFO - [2024-04-21T08:24:03.075+0000] {dag.py:3954} INFO - Setting next_dagrun for example_xcom_args to None, run_after=None
[2024-04-21T08:24:03.078+0000] {logging_mixin.py:188} INFO - [2024-04-21T08:24:03.077+0000] {dag.py:3954} INFO - Setting next_dagrun for example_xcom_args_with_operators to None, run_after=None
[2024-04-21T08:24:03.086+0000] {processor.py:183} INFO - Processing /home/airflow/.local/lib/python3.12/site-packages/airflow/example_dags/example_xcomargs.py took 0.038 seconds
[2024-04-21T08:24:33.472+0000] {processor.py:161} INFO - Started process (PID=683) to work on /home/airflow/.local/lib/python3.12/site-packages/airflow/example_dags/example_xcomargs.py
[2024-04-21T08:24:33.472+0000] {processor.py:830} INFO - Processing file /home/airflow/.local/lib/python3.12/site-packages/airflow/example_dags/example_xcomargs.py for tasks to queue
[2024-04-21T08:24:33.473+0000] {logging_mixin.py:188} INFO - [2024-04-21T08:24:33.473+0000] {dagbag.py:540} INFO - Filling up the DagBag from /home/airflow/.local/lib/python3.12/site-packages/airflow/example_dags/example_xcomargs.py
[2024-04-21T08:24:33.478+0000] {processor.py:840} INFO - DAG(s) 'example_xcom_args', 'example_xcom_args_with_operators' retrieved from /home/airflow/.local/lib/python3.12/site-packages/airflow/example_dags/example_xcomargs.py
[2024-04-21T08:24:33.489+0000] {logging_mixin.py:188} INFO - [2024-04-21T08:24:33.489+0000] {dag.py:3096} INFO - Sync 2 DAGs
[2024-04-21T08:24:33.496+0000] {logging_mixin.py:188} INFO - [2024-04-21T08:24:33.496+0000] {dag.py:3954} INFO - Setting next_dagrun for example_xcom_args to None, run_after=None
[2024-04-21T08:24:33.498+0000] {logging_mixin.py:188} INFO - [2024-04-21T08:24:33.498+0000] {dag.py:3954} INFO - Setting next_dagrun for example_xcom_args_with_operators to None, run_after=None
[2024-04-21T08:24:33.505+0000] {processor.py:183} INFO - Processing /home/airflow/.local/lib/python3.12/site-packages/airflow/example_dags/example_xcomargs.py took 0.036 seconds
[2024-04-21T08:25:04.707+0000] {processor.py:161} INFO - Started process (PID=744) to work on /home/airflow/.local/lib/python3.12/site-packages/airflow/example_dags/example_xcomargs.py
[2024-04-21T08:25:04.708+0000] {processor.py:830} INFO - Processing file /home/airflow/.local/lib/python3.12/site-packages/airflow/example_dags/example_xcomargs.py for tasks to queue
[2024-04-21T08:25:04.709+0000] {logging_mixin.py:188} INFO - [2024-04-21T08:25:04.709+0000] {dagbag.py:540} INFO - Filling up the DagBag from /home/airflow/.local/lib/python3.12/site-packages/airflow/example_dags/example_xcomargs.py
[2024-04-21T08:25:04.713+0000] {processor.py:840} INFO - DAG(s) 'example_xcom_args', 'example_xcom_args_with_operators' retrieved from /home/airflow/.local/lib/python3.12/site-packages/airflow/example_dags/example_xcomargs.py
[2024-04-21T08:25:04.724+0000] {logging_mixin.py:188} INFO - [2024-04-21T08:25:04.724+0000] {dag.py:3096} INFO - Sync 2 DAGs
[2024-04-21T08:25:04.730+0000] {logging_mixin.py:188} INFO - [2024-04-21T08:25:04.730+0000] {dag.py:3954} INFO - Setting next_dagrun for example_xcom_args to None, run_after=None
[2024-04-21T08:25:04.733+0000] {logging_mixin.py:188} INFO - [2024-04-21T08:25:04.733+0000] {dag.py:3954} INFO - Setting next_dagrun for example_xcom_args_with_operators to None, run_after=None
[2024-04-21T08:25:04.740+0000] {processor.py:183} INFO - Processing /home/airflow/.local/lib/python3.12/site-packages/airflow/example_dags/example_xcomargs.py took 0.036 seconds
[2024-04-21T08:25:35.871+0000] {processor.py:161} INFO - Started process (PID=806) to work on /home/airflow/.local/lib/python3.12/site-packages/airflow/example_dags/example_xcomargs.py
[2024-04-21T08:25:35.872+0000] {processor.py:830} INFO - Processing file /home/airflow/.local/lib/python3.12/site-packages/airflow/example_dags/example_xcomargs.py for tasks to queue
[2024-04-21T08:25:35.874+0000] {logging_mixin.py:188} INFO - [2024-04-21T08:25:35.873+0000] {dagbag.py:540} INFO - Filling up the DagBag from /home/airflow/.local/lib/python3.12/site-packages/airflow/example_dags/example_xcomargs.py
[2024-04-21T08:25:35.878+0000] {processor.py:840} INFO - DAG(s) 'example_xcom_args_with_operators', 'example_xcom_args' retrieved from /home/airflow/.local/lib/python3.12/site-packages/airflow/example_dags/example_xcomargs.py
[2024-04-21T08:25:35.895+0000] {logging_mixin.py:188} INFO - [2024-04-21T08:25:35.894+0000] {dag.py:3096} INFO - Sync 2 DAGs
[2024-04-21T08:25:35.902+0000] {logging_mixin.py:188} INFO - [2024-04-21T08:25:35.902+0000] {dag.py:3954} INFO - Setting next_dagrun for example_xcom_args to None, run_after=None
[2024-04-21T08:25:35.905+0000] {logging_mixin.py:188} INFO - [2024-04-21T08:25:35.905+0000] {dag.py:3954} INFO - Setting next_dagrun for example_xcom_args_with_operators to None, run_after=None
[2024-04-21T08:25:35.916+0000] {processor.py:183} INFO - Processing /home/airflow/.local/lib/python3.12/site-packages/airflow/example_dags/example_xcomargs.py took 0.048 seconds
[2024-04-21T08:26:06.538+0000] {processor.py:161} INFO - Started process (PID=868) to work on /home/airflow/.local/lib/python3.12/site-packages/airflow/example_dags/example_xcomargs.py
[2024-04-21T08:26:06.539+0000] {processor.py:830} INFO - Processing file /home/airflow/.local/lib/python3.12/site-packages/airflow/example_dags/example_xcomargs.py for tasks to queue
[2024-04-21T08:26:06.540+0000] {logging_mixin.py:188} INFO - [2024-04-21T08:26:06.540+0000] {dagbag.py:540} INFO - Filling up the DagBag from /home/airflow/.local/lib/python3.12/site-packages/airflow/example_dags/example_xcomargs.py
[2024-04-21T08:26:06.547+0000] {processor.py:840} INFO - DAG(s) 'example_xcom_args_with_operators', 'example_xcom_args' retrieved from /home/airflow/.local/lib/python3.12/site-packages/airflow/example_dags/example_xcomargs.py
[2024-04-21T08:26:06.569+0000] {logging_mixin.py:188} INFO - [2024-04-21T08:26:06.569+0000] {dag.py:3096} INFO - Sync 2 DAGs
[2024-04-21T08:26:06.578+0000] {logging_mixin.py:188} INFO - [2024-04-21T08:26:06.578+0000] {dag.py:3954} INFO - Setting next_dagrun for example_xcom_args to None, run_after=None
[2024-04-21T08:26:06.580+0000] {logging_mixin.py:188} INFO - [2024-04-21T08:26:06.580+0000] {dag.py:3954} INFO - Setting next_dagrun for example_xcom_args_with_operators to None, run_after=None
[2024-04-21T08:26:06.597+0000] {processor.py:183} INFO - Processing /home/airflow/.local/lib/python3.12/site-packages/airflow/example_dags/example_xcomargs.py took 0.064 seconds
[2024-04-21T08:26:36.720+0000] {processor.py:161} INFO - Started process (PID=930) to work on /home/airflow/.local/lib/python3.12/site-packages/airflow/example_dags/example_xcomargs.py
[2024-04-21T08:26:36.721+0000] {processor.py:830} INFO - Processing file /home/airflow/.local/lib/python3.12/site-packages/airflow/example_dags/example_xcomargs.py for tasks to queue
[2024-04-21T08:26:36.722+0000] {logging_mixin.py:188} INFO - [2024-04-21T08:26:36.722+0000] {dagbag.py:540} INFO - Filling up the DagBag from /home/airflow/.local/lib/python3.12/site-packages/airflow/example_dags/example_xcomargs.py
[2024-04-21T08:26:36.727+0000] {processor.py:840} INFO - DAG(s) 'example_xcom_args_with_operators', 'example_xcom_args' retrieved from /home/airflow/.local/lib/python3.12/site-packages/airflow/example_dags/example_xcomargs.py
[2024-04-21T08:26:36.741+0000] {logging_mixin.py:188} INFO - [2024-04-21T08:26:36.741+0000] {dag.py:3096} INFO - Sync 2 DAGs
[2024-04-21T08:26:36.749+0000] {logging_mixin.py:188} INFO - [2024-04-21T08:26:36.749+0000] {dag.py:3954} INFO - Setting next_dagrun for example_xcom_args to None, run_after=None
[2024-04-21T08:26:36.751+0000] {logging_mixin.py:188} INFO - [2024-04-21T08:26:36.751+0000] {dag.py:3954} INFO - Setting next_dagrun for example_xcom_args_with_operators to None, run_after=None
[2024-04-21T08:26:36.761+0000] {processor.py:183} INFO - Processing /home/airflow/.local/lib/python3.12/site-packages/airflow/example_dags/example_xcomargs.py took 0.044 seconds
[2024-04-21T08:27:07.345+0000] {processor.py:161} INFO - Started process (PID=992) to work on /home/airflow/.local/lib/python3.12/site-packages/airflow/example_dags/example_xcomargs.py
[2024-04-21T08:27:07.346+0000] {processor.py:830} INFO - Processing file /home/airflow/.local/lib/python3.12/site-packages/airflow/example_dags/example_xcomargs.py for tasks to queue
[2024-04-21T08:27:07.347+0000] {logging_mixin.py:188} INFO - [2024-04-21T08:27:07.347+0000] {dagbag.py:540} INFO - Filling up the DagBag from /home/airflow/.local/lib/python3.12/site-packages/airflow/example_dags/example_xcomargs.py
[2024-04-21T08:27:07.352+0000] {processor.py:840} INFO - DAG(s) 'example_xcom_args_with_operators', 'example_xcom_args' retrieved from /home/airflow/.local/lib/python3.12/site-packages/airflow/example_dags/example_xcomargs.py
[2024-04-21T08:27:07.366+0000] {logging_mixin.py:188} INFO - [2024-04-21T08:27:07.366+0000] {dag.py:3096} INFO - Sync 2 DAGs
[2024-04-21T08:27:07.373+0000] {logging_mixin.py:188} INFO - [2024-04-21T08:27:07.373+0000] {dag.py:3954} INFO - Setting next_dagrun for example_xcom_args to None, run_after=None
[2024-04-21T08:27:07.375+0000] {logging_mixin.py:188} INFO - [2024-04-21T08:27:07.375+0000] {dag.py:3954} INFO - Setting next_dagrun for example_xcom_args_with_operators to None, run_after=None
[2024-04-21T08:27:07.384+0000] {processor.py:183} INFO - Processing /home/airflow/.local/lib/python3.12/site-packages/airflow/example_dags/example_xcomargs.py took 0.042 seconds
