[2024-04-21T06:45:03.364+0000] {processor.py:161} INFO - Started process (PID=70) to work on /home/airflow/.local/lib/python3.12/site-packages/airflow/example_dags/example_datasets.py
[2024-04-21T06:45:03.365+0000] {processor.py:830} INFO - Processing file /home/airflow/.local/lib/python3.12/site-packages/airflow/example_dags/example_datasets.py for tasks to queue
[2024-04-21T06:45:03.366+0000] {logging_mixin.py:188} INFO - [2024-04-21T06:45:03.366+0000] {dagbag.py:540} INFO - Filling up the DagBag from /home/airflow/.local/lib/python3.12/site-packages/airflow/example_dags/example_datasets.py
[2024-04-21T06:45:03.382+0000] {processor.py:840} INFO - DAG(s) 'dataset_consumes_unknown_never_scheduled', 'dataset_produces_2', 'dataset_produces_1', 'dataset_consumes_1_and_2', 'consume_1_and_2_with_dataset_expressions', 'dataset_consumes_1', 'consume_1_or_2_with_dataset_expressions', 'consume_1_or_both_2_and_3_with_dataset_expressions', 'dataset_consumes_1_never_scheduled', 'conditional_dataset_and_time_based_timetable' retrieved from /home/airflow/.local/lib/python3.12/site-packages/airflow/example_dags/example_datasets.py
[2024-04-21T06:45:03.408+0000] {logging_mixin.py:188} INFO - [2024-04-21T06:45:03.408+0000] {dag.py:3096} INFO - Sync 10 DAGs
[2024-04-21T06:45:03.424+0000] {logging_mixin.py:188} INFO - [2024-04-21T06:45:03.424+0000] {dag.py:3954} INFO - Setting next_dagrun for conditional_dataset_and_time_based_timetable to 2024-04-17 01:00:00+00:00, run_after=2024-04-17 01:00:00+00:00
[2024-04-21T06:45:03.426+0000] {logging_mixin.py:188} INFO - [2024-04-21T06:45:03.426+0000] {dag.py:3954} INFO - Setting next_dagrun for consume_1_and_2_with_dataset_expressions to None, run_after=None
[2024-04-21T06:45:03.427+0000] {logging_mixin.py:188} INFO - [2024-04-21T06:45:03.427+0000] {dag.py:3954} INFO - Setting next_dagrun for consume_1_or_2_with_dataset_expressions to None, run_after=None
[2024-04-21T06:45:03.427+0000] {logging_mixin.py:188} INFO - [2024-04-21T06:45:03.427+0000] {dag.py:3954} INFO - Setting next_dagrun for consume_1_or_both_2_and_3_with_dataset_expressions to None, run_after=None
[2024-04-21T06:45:03.428+0000] {logging_mixin.py:188} INFO - [2024-04-21T06:45:03.428+0000] {dag.py:3954} INFO - Setting next_dagrun for dataset_consumes_1 to None, run_after=None
[2024-04-21T06:45:03.428+0000] {logging_mixin.py:188} INFO - [2024-04-21T06:45:03.428+0000] {dag.py:3954} INFO - Setting next_dagrun for dataset_consumes_1_and_2 to None, run_after=None
[2024-04-21T06:45:03.429+0000] {logging_mixin.py:188} INFO - [2024-04-21T06:45:03.429+0000] {dag.py:3954} INFO - Setting next_dagrun for dataset_consumes_1_never_scheduled to None, run_after=None
[2024-04-21T06:45:03.429+0000] {logging_mixin.py:188} INFO - [2024-04-21T06:45:03.429+0000] {dag.py:3954} INFO - Setting next_dagrun for dataset_consumes_unknown_never_scheduled to None, run_after=None
[2024-04-21T06:45:03.430+0000] {logging_mixin.py:188} INFO - [2024-04-21T06:45:03.430+0000] {dag.py:3954} INFO - Setting next_dagrun for dataset_produces_1 to 2024-04-20 00:00:00+00:00, run_after=2024-04-21 00:00:00+00:00
[2024-04-21T06:45:03.431+0000] {logging_mixin.py:188} INFO - [2024-04-21T06:45:03.431+0000] {dag.py:3954} INFO - Setting next_dagrun for dataset_produces_2 to None, run_after=None
[2024-04-21T06:45:03.451+0000] {processor.py:183} INFO - Processing /home/airflow/.local/lib/python3.12/site-packages/airflow/example_dags/example_datasets.py took 0.091 seconds
[2024-04-21T06:45:33.848+0000] {processor.py:161} INFO - Started process (PID=131) to work on /home/airflow/.local/lib/python3.12/site-packages/airflow/example_dags/example_datasets.py
[2024-04-21T06:45:33.848+0000] {processor.py:830} INFO - Processing file /home/airflow/.local/lib/python3.12/site-packages/airflow/example_dags/example_datasets.py for tasks to queue
[2024-04-21T06:45:33.849+0000] {logging_mixin.py:188} INFO - [2024-04-21T06:45:33.849+0000] {dagbag.py:540} INFO - Filling up the DagBag from /home/airflow/.local/lib/python3.12/site-packages/airflow/example_dags/example_datasets.py
[2024-04-21T06:45:33.858+0000] {processor.py:840} INFO - DAG(s) 'dataset_produces_2', 'consume_1_or_both_2_and_3_with_dataset_expressions', 'conditional_dataset_and_time_based_timetable', 'dataset_consumes_1', 'dataset_consumes_unknown_never_scheduled', 'consume_1_or_2_with_dataset_expressions', 'dataset_consumes_1_and_2', 'consume_1_and_2_with_dataset_expressions', 'dataset_consumes_1_never_scheduled', 'dataset_produces_1' retrieved from /home/airflow/.local/lib/python3.12/site-packages/airflow/example_dags/example_datasets.py
[2024-04-21T06:45:33.866+0000] {logging_mixin.py:188} INFO - [2024-04-21T06:45:33.866+0000] {dag.py:3096} INFO - Sync 10 DAGs
[2024-04-21T06:45:33.877+0000] {logging_mixin.py:188} INFO - [2024-04-21T06:45:33.877+0000] {dag.py:3954} INFO - Setting next_dagrun for conditional_dataset_and_time_based_timetable to 2024-04-17 01:00:00+00:00, run_after=2024-04-17 01:00:00+00:00
[2024-04-21T06:45:33.879+0000] {logging_mixin.py:188} INFO - [2024-04-21T06:45:33.879+0000] {dag.py:3954} INFO - Setting next_dagrun for consume_1_and_2_with_dataset_expressions to None, run_after=None
[2024-04-21T06:45:33.879+0000] {logging_mixin.py:188} INFO - [2024-04-21T06:45:33.879+0000] {dag.py:3954} INFO - Setting next_dagrun for consume_1_or_2_with_dataset_expressions to None, run_after=None
[2024-04-21T06:45:33.880+0000] {logging_mixin.py:188} INFO - [2024-04-21T06:45:33.880+0000] {dag.py:3954} INFO - Setting next_dagrun for consume_1_or_both_2_and_3_with_dataset_expressions to None, run_after=None
[2024-04-21T06:45:33.881+0000] {logging_mixin.py:188} INFO - [2024-04-21T06:45:33.881+0000] {dag.py:3954} INFO - Setting next_dagrun for dataset_consumes_1 to None, run_after=None
[2024-04-21T06:45:33.881+0000] {logging_mixin.py:188} INFO - [2024-04-21T06:45:33.881+0000] {dag.py:3954} INFO - Setting next_dagrun for dataset_consumes_1_and_2 to None, run_after=None
[2024-04-21T06:45:33.882+0000] {logging_mixin.py:188} INFO - [2024-04-21T06:45:33.882+0000] {dag.py:3954} INFO - Setting next_dagrun for dataset_consumes_1_never_scheduled to None, run_after=None
[2024-04-21T06:45:33.882+0000] {logging_mixin.py:188} INFO - [2024-04-21T06:45:33.882+0000] {dag.py:3954} INFO - Setting next_dagrun for dataset_consumes_unknown_never_scheduled to None, run_after=None
[2024-04-21T06:45:33.883+0000] {logging_mixin.py:188} INFO - [2024-04-21T06:45:33.883+0000] {dag.py:3954} INFO - Setting next_dagrun for dataset_produces_1 to 2024-04-20 00:00:00+00:00, run_after=2024-04-21 00:00:00+00:00
[2024-04-21T06:45:33.884+0000] {logging_mixin.py:188} INFO - [2024-04-21T06:45:33.884+0000] {dag.py:3954} INFO - Setting next_dagrun for dataset_produces_2 to None, run_after=None
[2024-04-21T06:45:33.899+0000] {processor.py:183} INFO - Processing /home/airflow/.local/lib/python3.12/site-packages/airflow/example_dags/example_datasets.py took 0.054 seconds
[2024-04-21T07:09:06.821+0000] {processor.py:161} INFO - Started process (PID=69) to work on /home/airflow/.local/lib/python3.12/site-packages/airflow/example_dags/example_datasets.py
[2024-04-21T07:09:06.823+0000] {processor.py:830} INFO - Processing file /home/airflow/.local/lib/python3.12/site-packages/airflow/example_dags/example_datasets.py for tasks to queue
[2024-04-21T07:09:06.825+0000] {logging_mixin.py:188} INFO - [2024-04-21T07:09:06.824+0000] {dagbag.py:540} INFO - Filling up the DagBag from /home/airflow/.local/lib/python3.12/site-packages/airflow/example_dags/example_datasets.py
[2024-04-21T07:09:06.841+0000] {processor.py:840} INFO - DAG(s) 'dataset_produces_1', 'consume_1_or_2_with_dataset_expressions', 'dataset_produces_2', 'dataset_consumes_1_and_2', 'conditional_dataset_and_time_based_timetable', 'dataset_consumes_unknown_never_scheduled', 'dataset_consumes_1', 'consume_1_and_2_with_dataset_expressions', 'consume_1_or_both_2_and_3_with_dataset_expressions', 'dataset_consumes_1_never_scheduled' retrieved from /home/airflow/.local/lib/python3.12/site-packages/airflow/example_dags/example_datasets.py
[2024-04-21T07:09:06.853+0000] {logging_mixin.py:188} INFO - [2024-04-21T07:09:06.853+0000] {dag.py:3096} INFO - Sync 10 DAGs
[2024-04-21T07:09:06.870+0000] {logging_mixin.py:188} INFO - [2024-04-21T07:09:06.870+0000] {dag.py:3954} INFO - Setting next_dagrun for conditional_dataset_and_time_based_timetable to 2024-04-17 01:00:00+00:00, run_after=2024-04-17 01:00:00+00:00
[2024-04-21T07:09:06.873+0000] {logging_mixin.py:188} INFO - [2024-04-21T07:09:06.873+0000] {dag.py:3954} INFO - Setting next_dagrun for consume_1_and_2_with_dataset_expressions to None, run_after=None
[2024-04-21T07:09:06.874+0000] {logging_mixin.py:188} INFO - [2024-04-21T07:09:06.874+0000] {dag.py:3954} INFO - Setting next_dagrun for consume_1_or_2_with_dataset_expressions to None, run_after=None
[2024-04-21T07:09:06.875+0000] {logging_mixin.py:188} INFO - [2024-04-21T07:09:06.875+0000] {dag.py:3954} INFO - Setting next_dagrun for consume_1_or_both_2_and_3_with_dataset_expressions to None, run_after=None
[2024-04-21T07:09:06.876+0000] {logging_mixin.py:188} INFO - [2024-04-21T07:09:06.876+0000] {dag.py:3954} INFO - Setting next_dagrun for dataset_consumes_1 to None, run_after=None
[2024-04-21T07:09:06.876+0000] {logging_mixin.py:188} INFO - [2024-04-21T07:09:06.876+0000] {dag.py:3954} INFO - Setting next_dagrun for dataset_consumes_1_and_2 to None, run_after=None
[2024-04-21T07:09:06.877+0000] {logging_mixin.py:188} INFO - [2024-04-21T07:09:06.877+0000] {dag.py:3954} INFO - Setting next_dagrun for dataset_consumes_1_never_scheduled to None, run_after=None
[2024-04-21T07:09:06.878+0000] {logging_mixin.py:188} INFO - [2024-04-21T07:09:06.878+0000] {dag.py:3954} INFO - Setting next_dagrun for dataset_consumes_unknown_never_scheduled to None, run_after=None
[2024-04-21T07:09:06.880+0000] {logging_mixin.py:188} INFO - [2024-04-21T07:09:06.880+0000] {dag.py:3954} INFO - Setting next_dagrun for dataset_produces_1 to 2024-04-20 00:00:00+00:00, run_after=2024-04-21 00:00:00+00:00
[2024-04-21T07:09:06.881+0000] {logging_mixin.py:188} INFO - [2024-04-21T07:09:06.881+0000] {dag.py:3954} INFO - Setting next_dagrun for dataset_produces_2 to None, run_after=None
[2024-04-21T07:09:06.911+0000] {processor.py:183} INFO - Processing /home/airflow/.local/lib/python3.12/site-packages/airflow/example_dags/example_datasets.py took 0.094 seconds
[2024-04-21T07:58:38.110+0000] {processor.py:161} INFO - Started process (PID=70) to work on /home/airflow/.local/lib/python3.12/site-packages/airflow/example_dags/example_datasets.py
[2024-04-21T07:58:38.112+0000] {processor.py:830} INFO - Processing file /home/airflow/.local/lib/python3.12/site-packages/airflow/example_dags/example_datasets.py for tasks to queue
[2024-04-21T07:58:38.113+0000] {logging_mixin.py:188} INFO - [2024-04-21T07:58:38.113+0000] {dagbag.py:540} INFO - Filling up the DagBag from /home/airflow/.local/lib/python3.12/site-packages/airflow/example_dags/example_datasets.py
[2024-04-21T07:58:38.129+0000] {processor.py:840} INFO - DAG(s) 'consume_1_or_both_2_and_3_with_dataset_expressions', 'consume_1_and_2_with_dataset_expressions', 'dataset_consumes_unknown_never_scheduled', 'conditional_dataset_and_time_based_timetable', 'consume_1_or_2_with_dataset_expressions', 'dataset_consumes_1_never_scheduled', 'dataset_consumes_1', 'dataset_produces_1', 'dataset_produces_2', 'dataset_consumes_1_and_2' retrieved from /home/airflow/.local/lib/python3.12/site-packages/airflow/example_dags/example_datasets.py
[2024-04-21T07:58:38.149+0000] {logging_mixin.py:188} INFO - [2024-04-21T07:58:38.149+0000] {dag.py:3096} INFO - Sync 10 DAGs
[2024-04-21T07:58:38.168+0000] {logging_mixin.py:188} INFO - [2024-04-21T07:58:38.168+0000] {dag.py:3954} INFO - Setting next_dagrun for conditional_dataset_and_time_based_timetable to 2024-04-17 01:00:00+00:00, run_after=2024-04-17 01:00:00+00:00
[2024-04-21T07:58:38.173+0000] {logging_mixin.py:188} INFO - [2024-04-21T07:58:38.173+0000] {dag.py:3954} INFO - Setting next_dagrun for consume_1_and_2_with_dataset_expressions to None, run_after=None
[2024-04-21T07:58:38.175+0000] {logging_mixin.py:188} INFO - [2024-04-21T07:58:38.175+0000] {dag.py:3954} INFO - Setting next_dagrun for consume_1_or_2_with_dataset_expressions to None, run_after=None
[2024-04-21T07:58:38.178+0000] {logging_mixin.py:188} INFO - [2024-04-21T07:58:38.178+0000] {dag.py:3954} INFO - Setting next_dagrun for consume_1_or_both_2_and_3_with_dataset_expressions to None, run_after=None
[2024-04-21T07:58:38.180+0000] {logging_mixin.py:188} INFO - [2024-04-21T07:58:38.180+0000] {dag.py:3954} INFO - Setting next_dagrun for dataset_consumes_1 to None, run_after=None
[2024-04-21T07:58:38.183+0000] {logging_mixin.py:188} INFO - [2024-04-21T07:58:38.183+0000] {dag.py:3954} INFO - Setting next_dagrun for dataset_consumes_1_and_2 to None, run_after=None
[2024-04-21T07:58:38.187+0000] {logging_mixin.py:188} INFO - [2024-04-21T07:58:38.187+0000] {dag.py:3954} INFO - Setting next_dagrun for dataset_consumes_1_never_scheduled to None, run_after=None
[2024-04-21T07:58:38.190+0000] {logging_mixin.py:188} INFO - [2024-04-21T07:58:38.190+0000] {dag.py:3954} INFO - Setting next_dagrun for dataset_consumes_unknown_never_scheduled to None, run_after=None
[2024-04-21T07:58:38.193+0000] {logging_mixin.py:188} INFO - [2024-04-21T07:58:38.193+0000] {dag.py:3954} INFO - Setting next_dagrun for dataset_produces_1 to 2024-04-20 00:00:00+00:00, run_after=2024-04-21 00:00:00+00:00
[2024-04-21T07:58:38.196+0000] {logging_mixin.py:188} INFO - [2024-04-21T07:58:38.196+0000] {dag.py:3954} INFO - Setting next_dagrun for dataset_produces_2 to None, run_after=None
[2024-04-21T07:58:38.232+0000] {processor.py:183} INFO - Processing /home/airflow/.local/lib/python3.12/site-packages/airflow/example_dags/example_datasets.py took 0.126 seconds
[2024-04-21T07:59:08.524+0000] {processor.py:161} INFO - Started process (PID=131) to work on /home/airflow/.local/lib/python3.12/site-packages/airflow/example_dags/example_datasets.py
[2024-04-21T07:59:08.525+0000] {processor.py:830} INFO - Processing file /home/airflow/.local/lib/python3.12/site-packages/airflow/example_dags/example_datasets.py for tasks to queue
[2024-04-21T07:59:08.526+0000] {logging_mixin.py:188} INFO - [2024-04-21T07:59:08.526+0000] {dagbag.py:540} INFO - Filling up the DagBag from /home/airflow/.local/lib/python3.12/site-packages/airflow/example_dags/example_datasets.py
[2024-04-21T07:59:08.534+0000] {processor.py:840} INFO - DAG(s) 'consume_1_or_both_2_and_3_with_dataset_expressions', 'dataset_consumes_1_never_scheduled', 'consume_1_and_2_with_dataset_expressions', 'dataset_consumes_unknown_never_scheduled', 'dataset_produces_2', 'consume_1_or_2_with_dataset_expressions', 'dataset_produces_1', 'dataset_consumes_1_and_2', 'dataset_consumes_1', 'conditional_dataset_and_time_based_timetable' retrieved from /home/airflow/.local/lib/python3.12/site-packages/airflow/example_dags/example_datasets.py
[2024-04-21T07:59:08.633+0000] {logging_mixin.py:188} INFO - [2024-04-21T07:59:08.633+0000] {dag.py:3096} INFO - Sync 10 DAGs
[2024-04-21T07:59:08.644+0000] {logging_mixin.py:188} INFO - [2024-04-21T07:59:08.644+0000] {dag.py:3954} INFO - Setting next_dagrun for conditional_dataset_and_time_based_timetable to 2024-04-17 01:00:00+00:00, run_after=2024-04-17 01:00:00+00:00
[2024-04-21T07:59:08.646+0000] {logging_mixin.py:188} INFO - [2024-04-21T07:59:08.646+0000] {dag.py:3954} INFO - Setting next_dagrun for consume_1_and_2_with_dataset_expressions to None, run_after=None
[2024-04-21T07:59:08.647+0000] {logging_mixin.py:188} INFO - [2024-04-21T07:59:08.647+0000] {dag.py:3954} INFO - Setting next_dagrun for consume_1_or_2_with_dataset_expressions to None, run_after=None
[2024-04-21T07:59:08.647+0000] {logging_mixin.py:188} INFO - [2024-04-21T07:59:08.647+0000] {dag.py:3954} INFO - Setting next_dagrun for consume_1_or_both_2_and_3_with_dataset_expressions to None, run_after=None
[2024-04-21T07:59:08.648+0000] {logging_mixin.py:188} INFO - [2024-04-21T07:59:08.648+0000] {dag.py:3954} INFO - Setting next_dagrun for dataset_consumes_1 to None, run_after=None
[2024-04-21T07:59:08.648+0000] {logging_mixin.py:188} INFO - [2024-04-21T07:59:08.648+0000] {dag.py:3954} INFO - Setting next_dagrun for dataset_consumes_1_and_2 to None, run_after=None
[2024-04-21T07:59:08.649+0000] {logging_mixin.py:188} INFO - [2024-04-21T07:59:08.649+0000] {dag.py:3954} INFO - Setting next_dagrun for dataset_consumes_1_never_scheduled to None, run_after=None
[2024-04-21T07:59:08.650+0000] {logging_mixin.py:188} INFO - [2024-04-21T07:59:08.650+0000] {dag.py:3954} INFO - Setting next_dagrun for dataset_consumes_unknown_never_scheduled to None, run_after=None
[2024-04-21T07:59:08.651+0000] {logging_mixin.py:188} INFO - [2024-04-21T07:59:08.651+0000] {dag.py:3954} INFO - Setting next_dagrun for dataset_produces_1 to 2024-04-20 00:00:00+00:00, run_after=2024-04-21 00:00:00+00:00
[2024-04-21T07:59:08.651+0000] {logging_mixin.py:188} INFO - [2024-04-21T07:59:08.651+0000] {dag.py:3954} INFO - Setting next_dagrun for dataset_produces_2 to None, run_after=None
[2024-04-21T07:59:08.669+0000] {processor.py:183} INFO - Processing /home/airflow/.local/lib/python3.12/site-packages/airflow/example_dags/example_datasets.py took 0.148 seconds
[2024-04-21T07:59:39.268+0000] {processor.py:161} INFO - Started process (PID=193) to work on /home/airflow/.local/lib/python3.12/site-packages/airflow/example_dags/example_datasets.py
[2024-04-21T07:59:39.269+0000] {processor.py:830} INFO - Processing file /home/airflow/.local/lib/python3.12/site-packages/airflow/example_dags/example_datasets.py for tasks to queue
[2024-04-21T07:59:39.269+0000] {logging_mixin.py:188} INFO - [2024-04-21T07:59:39.269+0000] {dagbag.py:540} INFO - Filling up the DagBag from /home/airflow/.local/lib/python3.12/site-packages/airflow/example_dags/example_datasets.py
[2024-04-21T07:59:39.276+0000] {processor.py:840} INFO - DAG(s) 'consume_1_or_both_2_and_3_with_dataset_expressions', 'consume_1_or_2_with_dataset_expressions', 'dataset_consumes_1_never_scheduled', 'consume_1_and_2_with_dataset_expressions', 'dataset_produces_1', 'dataset_consumes_unknown_never_scheduled', 'conditional_dataset_and_time_based_timetable', 'dataset_produces_2', 'dataset_consumes_1_and_2', 'dataset_consumes_1' retrieved from /home/airflow/.local/lib/python3.12/site-packages/airflow/example_dags/example_datasets.py
[2024-04-21T07:59:39.295+0000] {logging_mixin.py:188} INFO - [2024-04-21T07:59:39.295+0000] {dag.py:3096} INFO - Sync 10 DAGs
[2024-04-21T07:59:39.306+0000] {logging_mixin.py:188} INFO - [2024-04-21T07:59:39.305+0000] {dag.py:3954} INFO - Setting next_dagrun for conditional_dataset_and_time_based_timetable to 2024-04-17 01:00:00+00:00, run_after=2024-04-17 01:00:00+00:00
[2024-04-21T07:59:39.307+0000] {logging_mixin.py:188} INFO - [2024-04-21T07:59:39.307+0000] {dag.py:3954} INFO - Setting next_dagrun for consume_1_and_2_with_dataset_expressions to None, run_after=None
[2024-04-21T07:59:39.308+0000] {logging_mixin.py:188} INFO - [2024-04-21T07:59:39.308+0000] {dag.py:3954} INFO - Setting next_dagrun for consume_1_or_2_with_dataset_expressions to None, run_after=None
[2024-04-21T07:59:39.309+0000] {logging_mixin.py:188} INFO - [2024-04-21T07:59:39.309+0000] {dag.py:3954} INFO - Setting next_dagrun for consume_1_or_both_2_and_3_with_dataset_expressions to None, run_after=None
[2024-04-21T07:59:39.309+0000] {logging_mixin.py:188} INFO - [2024-04-21T07:59:39.309+0000] {dag.py:3954} INFO - Setting next_dagrun for dataset_consumes_1 to None, run_after=None
[2024-04-21T07:59:39.310+0000] {logging_mixin.py:188} INFO - [2024-04-21T07:59:39.310+0000] {dag.py:3954} INFO - Setting next_dagrun for dataset_consumes_1_and_2 to None, run_after=None
[2024-04-21T07:59:39.310+0000] {logging_mixin.py:188} INFO - [2024-04-21T07:59:39.310+0000] {dag.py:3954} INFO - Setting next_dagrun for dataset_consumes_1_never_scheduled to None, run_after=None
[2024-04-21T07:59:39.311+0000] {logging_mixin.py:188} INFO - [2024-04-21T07:59:39.311+0000] {dag.py:3954} INFO - Setting next_dagrun for dataset_consumes_unknown_never_scheduled to None, run_after=None
[2024-04-21T07:59:39.312+0000] {logging_mixin.py:188} INFO - [2024-04-21T07:59:39.312+0000] {dag.py:3954} INFO - Setting next_dagrun for dataset_produces_1 to 2024-04-20 00:00:00+00:00, run_after=2024-04-21 00:00:00+00:00
[2024-04-21T07:59:39.312+0000] {logging_mixin.py:188} INFO - [2024-04-21T07:59:39.312+0000] {dag.py:3954} INFO - Setting next_dagrun for dataset_produces_2 to None, run_after=None
[2024-04-21T07:59:39.325+0000] {processor.py:183} INFO - Processing /home/airflow/.local/lib/python3.12/site-packages/airflow/example_dags/example_datasets.py took 0.060 seconds
[2024-04-21T08:00:10.152+0000] {processor.py:161} INFO - Started process (PID=254) to work on /home/airflow/.local/lib/python3.12/site-packages/airflow/example_dags/example_datasets.py
[2024-04-21T08:00:10.153+0000] {processor.py:830} INFO - Processing file /home/airflow/.local/lib/python3.12/site-packages/airflow/example_dags/example_datasets.py for tasks to queue
[2024-04-21T08:00:10.154+0000] {logging_mixin.py:188} INFO - [2024-04-21T08:00:10.154+0000] {dagbag.py:540} INFO - Filling up the DagBag from /home/airflow/.local/lib/python3.12/site-packages/airflow/example_dags/example_datasets.py
[2024-04-21T08:00:10.163+0000] {processor.py:840} INFO - DAG(s) 'consume_1_or_both_2_and_3_with_dataset_expressions', 'dataset_produces_2', 'dataset_produces_1', 'dataset_consumes_unknown_never_scheduled', 'dataset_consumes_1_and_2', 'conditional_dataset_and_time_based_timetable', 'dataset_consumes_1_never_scheduled', 'consume_1_or_2_with_dataset_expressions', 'dataset_consumes_1', 'consume_1_and_2_with_dataset_expressions' retrieved from /home/airflow/.local/lib/python3.12/site-packages/airflow/example_dags/example_datasets.py
[2024-04-21T08:00:10.204+0000] {logging_mixin.py:188} INFO - [2024-04-21T08:00:10.203+0000] {dag.py:3096} INFO - Sync 10 DAGs
[2024-04-21T08:00:10.218+0000] {logging_mixin.py:188} INFO - [2024-04-21T08:00:10.218+0000] {dag.py:3954} INFO - Setting next_dagrun for conditional_dataset_and_time_based_timetable to 2024-04-17 01:00:00+00:00, run_after=2024-04-17 01:00:00+00:00
[2024-04-21T08:00:10.220+0000] {logging_mixin.py:188} INFO - [2024-04-21T08:00:10.220+0000] {dag.py:3954} INFO - Setting next_dagrun for consume_1_and_2_with_dataset_expressions to None, run_after=None
[2024-04-21T08:00:10.221+0000] {logging_mixin.py:188} INFO - [2024-04-21T08:00:10.221+0000] {dag.py:3954} INFO - Setting next_dagrun for consume_1_or_2_with_dataset_expressions to None, run_after=None
[2024-04-21T08:00:10.221+0000] {logging_mixin.py:188} INFO - [2024-04-21T08:00:10.221+0000] {dag.py:3954} INFO - Setting next_dagrun for consume_1_or_both_2_and_3_with_dataset_expressions to None, run_after=None
[2024-04-21T08:00:10.222+0000] {logging_mixin.py:188} INFO - [2024-04-21T08:00:10.222+0000] {dag.py:3954} INFO - Setting next_dagrun for dataset_consumes_1 to None, run_after=None
[2024-04-21T08:00:10.223+0000] {logging_mixin.py:188} INFO - [2024-04-21T08:00:10.223+0000] {dag.py:3954} INFO - Setting next_dagrun for dataset_consumes_1_and_2 to None, run_after=None
[2024-04-21T08:00:10.223+0000] {logging_mixin.py:188} INFO - [2024-04-21T08:00:10.223+0000] {dag.py:3954} INFO - Setting next_dagrun for dataset_consumes_1_never_scheduled to None, run_after=None
[2024-04-21T08:00:10.224+0000] {logging_mixin.py:188} INFO - [2024-04-21T08:00:10.224+0000] {dag.py:3954} INFO - Setting next_dagrun for dataset_consumes_unknown_never_scheduled to None, run_after=None
[2024-04-21T08:00:10.225+0000] {logging_mixin.py:188} INFO - [2024-04-21T08:00:10.225+0000] {dag.py:3954} INFO - Setting next_dagrun for dataset_produces_1 to 2024-04-20 00:00:00+00:00, run_after=2024-04-21 00:00:00+00:00
[2024-04-21T08:00:10.226+0000] {logging_mixin.py:188} INFO - [2024-04-21T08:00:10.226+0000] {dag.py:3954} INFO - Setting next_dagrun for dataset_produces_2 to None, run_after=None
[2024-04-21T08:00:10.243+0000] {processor.py:183} INFO - Processing /home/airflow/.local/lib/python3.12/site-packages/airflow/example_dags/example_datasets.py took 0.095 seconds
[2024-04-21T08:00:40.718+0000] {processor.py:161} INFO - Started process (PID=318) to work on /home/airflow/.local/lib/python3.12/site-packages/airflow/example_dags/example_datasets.py
[2024-04-21T08:00:40.722+0000] {processor.py:830} INFO - Processing file /home/airflow/.local/lib/python3.12/site-packages/airflow/example_dags/example_datasets.py for tasks to queue
[2024-04-21T08:00:40.723+0000] {logging_mixin.py:188} INFO - [2024-04-21T08:00:40.723+0000] {dagbag.py:540} INFO - Filling up the DagBag from /home/airflow/.local/lib/python3.12/site-packages/airflow/example_dags/example_datasets.py
[2024-04-21T08:00:40.730+0000] {processor.py:840} INFO - DAG(s) 'dataset_consumes_unknown_never_scheduled', 'dataset_produces_2', 'dataset_consumes_1_and_2', 'dataset_consumes_1_never_scheduled', 'dataset_produces_1', 'conditional_dataset_and_time_based_timetable', 'consume_1_or_both_2_and_3_with_dataset_expressions', 'consume_1_or_2_with_dataset_expressions', 'dataset_consumes_1', 'consume_1_and_2_with_dataset_expressions' retrieved from /home/airflow/.local/lib/python3.12/site-packages/airflow/example_dags/example_datasets.py
[2024-04-21T08:00:40.757+0000] {logging_mixin.py:188} INFO - [2024-04-21T08:00:40.757+0000] {dag.py:3096} INFO - Sync 10 DAGs
[2024-04-21T08:00:40.770+0000] {logging_mixin.py:188} INFO - [2024-04-21T08:00:40.770+0000] {dag.py:3954} INFO - Setting next_dagrun for conditional_dataset_and_time_based_timetable to 2024-04-17 01:00:00+00:00, run_after=2024-04-17 01:00:00+00:00
[2024-04-21T08:00:40.773+0000] {logging_mixin.py:188} INFO - [2024-04-21T08:00:40.773+0000] {dag.py:3954} INFO - Setting next_dagrun for consume_1_and_2_with_dataset_expressions to None, run_after=None
[2024-04-21T08:00:40.774+0000] {logging_mixin.py:188} INFO - [2024-04-21T08:00:40.774+0000] {dag.py:3954} INFO - Setting next_dagrun for consume_1_or_2_with_dataset_expressions to None, run_after=None
[2024-04-21T08:00:40.774+0000] {logging_mixin.py:188} INFO - [2024-04-21T08:00:40.774+0000] {dag.py:3954} INFO - Setting next_dagrun for consume_1_or_both_2_and_3_with_dataset_expressions to None, run_after=None
[2024-04-21T08:00:40.775+0000] {logging_mixin.py:188} INFO - [2024-04-21T08:00:40.775+0000] {dag.py:3954} INFO - Setting next_dagrun for dataset_consumes_1 to None, run_after=None
[2024-04-21T08:00:40.776+0000] {logging_mixin.py:188} INFO - [2024-04-21T08:00:40.776+0000] {dag.py:3954} INFO - Setting next_dagrun for dataset_consumes_1_and_2 to None, run_after=None
[2024-04-21T08:00:40.776+0000] {logging_mixin.py:188} INFO - [2024-04-21T08:00:40.776+0000] {dag.py:3954} INFO - Setting next_dagrun for dataset_consumes_1_never_scheduled to None, run_after=None
[2024-04-21T08:00:40.778+0000] {logging_mixin.py:188} INFO - [2024-04-21T08:00:40.777+0000] {dag.py:3954} INFO - Setting next_dagrun for dataset_consumes_unknown_never_scheduled to None, run_after=None
[2024-04-21T08:00:40.779+0000] {logging_mixin.py:188} INFO - [2024-04-21T08:00:40.779+0000] {dag.py:3954} INFO - Setting next_dagrun for dataset_produces_1 to 2024-04-20 00:00:00+00:00, run_after=2024-04-21 00:00:00+00:00
[2024-04-21T08:00:40.779+0000] {logging_mixin.py:188} INFO - [2024-04-21T08:00:40.779+0000] {dag.py:3954} INFO - Setting next_dagrun for dataset_produces_2 to None, run_after=None
[2024-04-21T08:00:40.795+0000] {processor.py:183} INFO - Processing /home/airflow/.local/lib/python3.12/site-packages/airflow/example_dags/example_datasets.py took 0.080 seconds
[2024-04-21T08:01:11.577+0000] {processor.py:161} INFO - Started process (PID=380) to work on /home/airflow/.local/lib/python3.12/site-packages/airflow/example_dags/example_datasets.py
[2024-04-21T08:01:11.578+0000] {processor.py:830} INFO - Processing file /home/airflow/.local/lib/python3.12/site-packages/airflow/example_dags/example_datasets.py for tasks to queue
[2024-04-21T08:01:11.579+0000] {logging_mixin.py:188} INFO - [2024-04-21T08:01:11.579+0000] {dagbag.py:540} INFO - Filling up the DagBag from /home/airflow/.local/lib/python3.12/site-packages/airflow/example_dags/example_datasets.py
[2024-04-21T08:01:11.586+0000] {processor.py:840} INFO - DAG(s) 'dataset_consumes_1', 'consume_1_and_2_with_dataset_expressions', 'dataset_consumes_1_never_scheduled', 'dataset_consumes_unknown_never_scheduled', 'dataset_produces_1', 'dataset_produces_2', 'consume_1_or_2_with_dataset_expressions', 'consume_1_or_both_2_and_3_with_dataset_expressions', 'conditional_dataset_and_time_based_timetable', 'dataset_consumes_1_and_2' retrieved from /home/airflow/.local/lib/python3.12/site-packages/airflow/example_dags/example_datasets.py
[2024-04-21T08:01:11.606+0000] {logging_mixin.py:188} INFO - [2024-04-21T08:01:11.606+0000] {dag.py:3096} INFO - Sync 10 DAGs
[2024-04-21T08:01:11.619+0000] {logging_mixin.py:188} INFO - [2024-04-21T08:01:11.619+0000] {dag.py:3954} INFO - Setting next_dagrun for conditional_dataset_and_time_based_timetable to 2024-04-17 01:00:00+00:00, run_after=2024-04-17 01:00:00+00:00
[2024-04-21T08:01:11.621+0000] {logging_mixin.py:188} INFO - [2024-04-21T08:01:11.621+0000] {dag.py:3954} INFO - Setting next_dagrun for consume_1_and_2_with_dataset_expressions to None, run_after=None
[2024-04-21T08:01:11.621+0000] {logging_mixin.py:188} INFO - [2024-04-21T08:01:11.621+0000] {dag.py:3954} INFO - Setting next_dagrun for consume_1_or_2_with_dataset_expressions to None, run_after=None
[2024-04-21T08:01:11.622+0000] {logging_mixin.py:188} INFO - [2024-04-21T08:01:11.622+0000] {dag.py:3954} INFO - Setting next_dagrun for consume_1_or_both_2_and_3_with_dataset_expressions to None, run_after=None
[2024-04-21T08:01:11.623+0000] {logging_mixin.py:188} INFO - [2024-04-21T08:01:11.623+0000] {dag.py:3954} INFO - Setting next_dagrun for dataset_consumes_1 to None, run_after=None
[2024-04-21T08:01:11.623+0000] {logging_mixin.py:188} INFO - [2024-04-21T08:01:11.623+0000] {dag.py:3954} INFO - Setting next_dagrun for dataset_consumes_1_and_2 to None, run_after=None
[2024-04-21T08:01:11.624+0000] {logging_mixin.py:188} INFO - [2024-04-21T08:01:11.624+0000] {dag.py:3954} INFO - Setting next_dagrun for dataset_consumes_1_never_scheduled to None, run_after=None
[2024-04-21T08:01:11.624+0000] {logging_mixin.py:188} INFO - [2024-04-21T08:01:11.624+0000] {dag.py:3954} INFO - Setting next_dagrun for dataset_consumes_unknown_never_scheduled to None, run_after=None
[2024-04-21T08:01:11.626+0000] {logging_mixin.py:188} INFO - [2024-04-21T08:01:11.625+0000] {dag.py:3954} INFO - Setting next_dagrun for dataset_produces_1 to 2024-04-20 00:00:00+00:00, run_after=2024-04-21 00:00:00+00:00
[2024-04-21T08:01:11.626+0000] {logging_mixin.py:188} INFO - [2024-04-21T08:01:11.626+0000] {dag.py:3954} INFO - Setting next_dagrun for dataset_produces_2 to None, run_after=None
[2024-04-21T08:01:11.640+0000] {processor.py:183} INFO - Processing /home/airflow/.local/lib/python3.12/site-packages/airflow/example_dags/example_datasets.py took 0.066 seconds
[2024-04-21T08:05:55.455+0000] {processor.py:161} INFO - Started process (PID=436) to work on /home/airflow/.local/lib/python3.12/site-packages/airflow/example_dags/example_datasets.py
[2024-04-21T08:05:55.456+0000] {processor.py:830} INFO - Processing file /home/airflow/.local/lib/python3.12/site-packages/airflow/example_dags/example_datasets.py for tasks to queue
[2024-04-21T08:05:55.457+0000] {logging_mixin.py:188} INFO - [2024-04-21T08:05:55.457+0000] {dagbag.py:540} INFO - Filling up the DagBag from /home/airflow/.local/lib/python3.12/site-packages/airflow/example_dags/example_datasets.py
[2024-04-21T08:05:55.464+0000] {processor.py:840} INFO - DAG(s) 'dataset_consumes_unknown_never_scheduled', 'consume_1_or_2_with_dataset_expressions', 'dataset_consumes_1_never_scheduled', 'dataset_produces_2', 'consume_1_and_2_with_dataset_expressions', 'dataset_consumes_1_and_2', 'conditional_dataset_and_time_based_timetable', 'dataset_consumes_1', 'consume_1_or_both_2_and_3_with_dataset_expressions', 'dataset_produces_1' retrieved from /home/airflow/.local/lib/python3.12/site-packages/airflow/example_dags/example_datasets.py
[2024-04-21T08:05:55.483+0000] {logging_mixin.py:188} INFO - [2024-04-21T08:05:55.483+0000] {dag.py:3096} INFO - Sync 10 DAGs
[2024-04-21T08:05:55.500+0000] {logging_mixin.py:188} INFO - [2024-04-21T08:05:55.500+0000] {dag.py:3954} INFO - Setting next_dagrun for conditional_dataset_and_time_based_timetable to 2024-04-17 01:00:00+00:00, run_after=2024-04-17 01:00:00+00:00
[2024-04-21T08:05:55.505+0000] {logging_mixin.py:188} INFO - [2024-04-21T08:05:55.505+0000] {dag.py:3954} INFO - Setting next_dagrun for consume_1_and_2_with_dataset_expressions to None, run_after=None
[2024-04-21T08:05:55.506+0000] {logging_mixin.py:188} INFO - [2024-04-21T08:05:55.506+0000] {dag.py:3954} INFO - Setting next_dagrun for consume_1_or_2_with_dataset_expressions to None, run_after=None
[2024-04-21T08:05:55.506+0000] {logging_mixin.py:188} INFO - [2024-04-21T08:05:55.506+0000] {dag.py:3954} INFO - Setting next_dagrun for consume_1_or_both_2_and_3_with_dataset_expressions to None, run_after=None
[2024-04-21T08:05:55.507+0000] {logging_mixin.py:188} INFO - [2024-04-21T08:05:55.507+0000] {dag.py:3954} INFO - Setting next_dagrun for dataset_consumes_1 to None, run_after=None
[2024-04-21T08:05:55.507+0000] {logging_mixin.py:188} INFO - [2024-04-21T08:05:55.507+0000] {dag.py:3954} INFO - Setting next_dagrun for dataset_consumes_1_and_2 to None, run_after=None
[2024-04-21T08:05:55.508+0000] {logging_mixin.py:188} INFO - [2024-04-21T08:05:55.508+0000] {dag.py:3954} INFO - Setting next_dagrun for dataset_consumes_1_never_scheduled to None, run_after=None
[2024-04-21T08:05:55.509+0000] {logging_mixin.py:188} INFO - [2024-04-21T08:05:55.509+0000] {dag.py:3954} INFO - Setting next_dagrun for dataset_consumes_unknown_never_scheduled to None, run_after=None
[2024-04-21T08:05:55.510+0000] {logging_mixin.py:188} INFO - [2024-04-21T08:05:55.510+0000] {dag.py:3954} INFO - Setting next_dagrun for dataset_produces_1 to 2024-04-20 00:00:00+00:00, run_after=2024-04-21 00:00:00+00:00
[2024-04-21T08:05:55.511+0000] {logging_mixin.py:188} INFO - [2024-04-21T08:05:55.511+0000] {dag.py:3954} INFO - Setting next_dagrun for dataset_produces_2 to None, run_after=None
[2024-04-21T08:05:55.528+0000] {processor.py:183} INFO - Processing /home/airflow/.local/lib/python3.12/site-packages/airflow/example_dags/example_datasets.py took 0.076 seconds
[2024-04-21T08:19:26.965+0000] {processor.py:161} INFO - Started process (PID=70) to work on /home/airflow/.local/lib/python3.12/site-packages/airflow/example_dags/example_datasets.py
[2024-04-21T08:19:26.967+0000] {processor.py:830} INFO - Processing file /home/airflow/.local/lib/python3.12/site-packages/airflow/example_dags/example_datasets.py for tasks to queue
[2024-04-21T08:19:26.968+0000] {logging_mixin.py:188} INFO - [2024-04-21T08:19:26.968+0000] {dagbag.py:540} INFO - Filling up the DagBag from /home/airflow/.local/lib/python3.12/site-packages/airflow/example_dags/example_datasets.py
[2024-04-21T08:19:26.984+0000] {processor.py:840} INFO - DAG(s) 'conditional_dataset_and_time_based_timetable', 'consume_1_or_2_with_dataset_expressions', 'consume_1_and_2_with_dataset_expressions', 'dataset_produces_1', 'dataset_consumes_1_never_scheduled', 'dataset_consumes_1', 'consume_1_or_both_2_and_3_with_dataset_expressions', 'dataset_consumes_unknown_never_scheduled', 'dataset_consumes_1_and_2', 'dataset_produces_2' retrieved from /home/airflow/.local/lib/python3.12/site-packages/airflow/example_dags/example_datasets.py
[2024-04-21T08:19:27.002+0000] {logging_mixin.py:188} INFO - [2024-04-21T08:19:27.001+0000] {dag.py:3096} INFO - Sync 10 DAGs
[2024-04-21T08:19:27.017+0000] {logging_mixin.py:188} INFO - [2024-04-21T08:19:27.017+0000] {dag.py:3954} INFO - Setting next_dagrun for conditional_dataset_and_time_based_timetable to 2024-04-17 01:00:00+00:00, run_after=2024-04-17 01:00:00+00:00
[2024-04-21T08:19:27.021+0000] {logging_mixin.py:188} INFO - [2024-04-21T08:19:27.021+0000] {dag.py:3954} INFO - Setting next_dagrun for consume_1_and_2_with_dataset_expressions to None, run_after=None
[2024-04-21T08:19:27.022+0000] {logging_mixin.py:188} INFO - [2024-04-21T08:19:27.022+0000] {dag.py:3954} INFO - Setting next_dagrun for consume_1_or_2_with_dataset_expressions to None, run_after=None
[2024-04-21T08:19:27.023+0000] {logging_mixin.py:188} INFO - [2024-04-21T08:19:27.023+0000] {dag.py:3954} INFO - Setting next_dagrun for consume_1_or_both_2_and_3_with_dataset_expressions to None, run_after=None
[2024-04-21T08:19:27.024+0000] {logging_mixin.py:188} INFO - [2024-04-21T08:19:27.024+0000] {dag.py:3954} INFO - Setting next_dagrun for dataset_consumes_1 to None, run_after=None
[2024-04-21T08:19:27.024+0000] {logging_mixin.py:188} INFO - [2024-04-21T08:19:27.024+0000] {dag.py:3954} INFO - Setting next_dagrun for dataset_consumes_1_and_2 to None, run_after=None
[2024-04-21T08:19:27.025+0000] {logging_mixin.py:188} INFO - [2024-04-21T08:19:27.025+0000] {dag.py:3954} INFO - Setting next_dagrun for dataset_consumes_1_never_scheduled to None, run_after=None
[2024-04-21T08:19:27.026+0000] {logging_mixin.py:188} INFO - [2024-04-21T08:19:27.026+0000] {dag.py:3954} INFO - Setting next_dagrun for dataset_consumes_unknown_never_scheduled to None, run_after=None
[2024-04-21T08:19:27.027+0000] {logging_mixin.py:188} INFO - [2024-04-21T08:19:27.027+0000] {dag.py:3954} INFO - Setting next_dagrun for dataset_produces_1 to 2024-04-20 00:00:00+00:00, run_after=2024-04-21 00:00:00+00:00
[2024-04-21T08:19:27.029+0000] {logging_mixin.py:188} INFO - [2024-04-21T08:19:27.029+0000] {dag.py:3954} INFO - Setting next_dagrun for dataset_produces_2 to None, run_after=None
[2024-04-21T08:19:27.050+0000] {processor.py:183} INFO - Processing /home/airflow/.local/lib/python3.12/site-packages/airflow/example_dags/example_datasets.py took 0.088 seconds
[2024-04-21T08:19:57.396+0000] {processor.py:161} INFO - Started process (PID=132) to work on /home/airflow/.local/lib/python3.12/site-packages/airflow/example_dags/example_datasets.py
[2024-04-21T08:19:57.397+0000] {processor.py:830} INFO - Processing file /home/airflow/.local/lib/python3.12/site-packages/airflow/example_dags/example_datasets.py for tasks to queue
[2024-04-21T08:19:57.398+0000] {logging_mixin.py:188} INFO - [2024-04-21T08:19:57.398+0000] {dagbag.py:540} INFO - Filling up the DagBag from /home/airflow/.local/lib/python3.12/site-packages/airflow/example_dags/example_datasets.py
[2024-04-21T08:19:57.407+0000] {processor.py:840} INFO - DAG(s) 'dataset_consumes_unknown_never_scheduled', 'dataset_consumes_1_and_2', 'dataset_produces_2', 'consume_1_or_both_2_and_3_with_dataset_expressions', 'dataset_produces_1', 'dataset_consumes_1', 'consume_1_and_2_with_dataset_expressions', 'consume_1_or_2_with_dataset_expressions', 'conditional_dataset_and_time_based_timetable', 'dataset_consumes_1_never_scheduled' retrieved from /home/airflow/.local/lib/python3.12/site-packages/airflow/example_dags/example_datasets.py
[2024-04-21T08:19:57.504+0000] {logging_mixin.py:188} INFO - [2024-04-21T08:19:57.504+0000] {dag.py:3096} INFO - Sync 10 DAGs
[2024-04-21T08:19:57.520+0000] {logging_mixin.py:188} INFO - [2024-04-21T08:19:57.519+0000] {dag.py:3954} INFO - Setting next_dagrun for conditional_dataset_and_time_based_timetable to 2024-04-17 01:00:00+00:00, run_after=2024-04-17 01:00:00+00:00
[2024-04-21T08:19:57.522+0000] {logging_mixin.py:188} INFO - [2024-04-21T08:19:57.522+0000] {dag.py:3954} INFO - Setting next_dagrun for consume_1_and_2_with_dataset_expressions to None, run_after=None
[2024-04-21T08:19:57.524+0000] {logging_mixin.py:188} INFO - [2024-04-21T08:19:57.524+0000] {dag.py:3954} INFO - Setting next_dagrun for consume_1_or_2_with_dataset_expressions to None, run_after=None
[2024-04-21T08:19:57.525+0000] {logging_mixin.py:188} INFO - [2024-04-21T08:19:57.525+0000] {dag.py:3954} INFO - Setting next_dagrun for consume_1_or_both_2_and_3_with_dataset_expressions to None, run_after=None
[2024-04-21T08:19:57.526+0000] {logging_mixin.py:188} INFO - [2024-04-21T08:19:57.526+0000] {dag.py:3954} INFO - Setting next_dagrun for dataset_consumes_1 to None, run_after=None
[2024-04-21T08:19:57.528+0000] {logging_mixin.py:188} INFO - [2024-04-21T08:19:57.528+0000] {dag.py:3954} INFO - Setting next_dagrun for dataset_consumes_1_and_2 to None, run_after=None
[2024-04-21T08:19:57.531+0000] {logging_mixin.py:188} INFO - [2024-04-21T08:19:57.531+0000] {dag.py:3954} INFO - Setting next_dagrun for dataset_consumes_1_never_scheduled to None, run_after=None
[2024-04-21T08:19:57.532+0000] {logging_mixin.py:188} INFO - [2024-04-21T08:19:57.532+0000] {dag.py:3954} INFO - Setting next_dagrun for dataset_consumes_unknown_never_scheduled to None, run_after=None
[2024-04-21T08:19:57.534+0000] {logging_mixin.py:188} INFO - [2024-04-21T08:19:57.534+0000] {dag.py:3954} INFO - Setting next_dagrun for dataset_produces_1 to 2024-04-20 00:00:00+00:00, run_after=2024-04-21 00:00:00+00:00
[2024-04-21T08:19:57.535+0000] {logging_mixin.py:188} INFO - [2024-04-21T08:19:57.535+0000] {dag.py:3954} INFO - Setting next_dagrun for dataset_produces_2 to None, run_after=None
[2024-04-21T08:19:57.563+0000] {processor.py:183} INFO - Processing /home/airflow/.local/lib/python3.12/site-packages/airflow/example_dags/example_datasets.py took 0.170 seconds
[2024-04-21T08:20:28.013+0000] {processor.py:161} INFO - Started process (PID=194) to work on /home/airflow/.local/lib/python3.12/site-packages/airflow/example_dags/example_datasets.py
[2024-04-21T08:20:28.014+0000] {processor.py:830} INFO - Processing file /home/airflow/.local/lib/python3.12/site-packages/airflow/example_dags/example_datasets.py for tasks to queue
[2024-04-21T08:20:28.015+0000] {logging_mixin.py:188} INFO - [2024-04-21T08:20:28.015+0000] {dagbag.py:540} INFO - Filling up the DagBag from /home/airflow/.local/lib/python3.12/site-packages/airflow/example_dags/example_datasets.py
[2024-04-21T08:20:28.023+0000] {processor.py:840} INFO - DAG(s) 'dataset_produces_2', 'consume_1_or_both_2_and_3_with_dataset_expressions', 'consume_1_or_2_with_dataset_expressions', 'dataset_consumes_1_never_scheduled', 'dataset_consumes_1', 'conditional_dataset_and_time_based_timetable', 'consume_1_and_2_with_dataset_expressions', 'dataset_produces_1', 'dataset_consumes_1_and_2', 'dataset_consumes_unknown_never_scheduled' retrieved from /home/airflow/.local/lib/python3.12/site-packages/airflow/example_dags/example_datasets.py
[2024-04-21T08:20:28.044+0000] {logging_mixin.py:188} INFO - [2024-04-21T08:20:28.044+0000] {dag.py:3096} INFO - Sync 10 DAGs
[2024-04-21T08:20:28.054+0000] {logging_mixin.py:188} INFO - [2024-04-21T08:20:28.054+0000] {dag.py:3954} INFO - Setting next_dagrun for conditional_dataset_and_time_based_timetable to 2024-04-17 01:00:00+00:00, run_after=2024-04-17 01:00:00+00:00
[2024-04-21T08:20:28.055+0000] {logging_mixin.py:188} INFO - [2024-04-21T08:20:28.055+0000] {dag.py:3954} INFO - Setting next_dagrun for consume_1_and_2_with_dataset_expressions to None, run_after=None
[2024-04-21T08:20:28.056+0000] {logging_mixin.py:188} INFO - [2024-04-21T08:20:28.056+0000] {dag.py:3954} INFO - Setting next_dagrun for consume_1_or_2_with_dataset_expressions to None, run_after=None
[2024-04-21T08:20:28.057+0000] {logging_mixin.py:188} INFO - [2024-04-21T08:20:28.057+0000] {dag.py:3954} INFO - Setting next_dagrun for consume_1_or_both_2_and_3_with_dataset_expressions to None, run_after=None
[2024-04-21T08:20:28.057+0000] {logging_mixin.py:188} INFO - [2024-04-21T08:20:28.057+0000] {dag.py:3954} INFO - Setting next_dagrun for dataset_consumes_1 to None, run_after=None
[2024-04-21T08:20:28.058+0000] {logging_mixin.py:188} INFO - [2024-04-21T08:20:28.058+0000] {dag.py:3954} INFO - Setting next_dagrun for dataset_consumes_1_and_2 to None, run_after=None
[2024-04-21T08:20:28.058+0000] {logging_mixin.py:188} INFO - [2024-04-21T08:20:28.058+0000] {dag.py:3954} INFO - Setting next_dagrun for dataset_consumes_1_never_scheduled to None, run_after=None
[2024-04-21T08:20:28.059+0000] {logging_mixin.py:188} INFO - [2024-04-21T08:20:28.059+0000] {dag.py:3954} INFO - Setting next_dagrun for dataset_consumes_unknown_never_scheduled to None, run_after=None
[2024-04-21T08:20:28.060+0000] {logging_mixin.py:188} INFO - [2024-04-21T08:20:28.060+0000] {dag.py:3954} INFO - Setting next_dagrun for dataset_produces_1 to 2024-04-20 00:00:00+00:00, run_after=2024-04-21 00:00:00+00:00
[2024-04-21T08:20:28.060+0000] {logging_mixin.py:188} INFO - [2024-04-21T08:20:28.060+0000] {dag.py:3954} INFO - Setting next_dagrun for dataset_produces_2 to None, run_after=None
[2024-04-21T08:20:28.076+0000] {processor.py:183} INFO - Processing /home/airflow/.local/lib/python3.12/site-packages/airflow/example_dags/example_datasets.py took 0.065 seconds
[2024-04-21T08:20:59.088+0000] {processor.py:161} INFO - Started process (PID=256) to work on /home/airflow/.local/lib/python3.12/site-packages/airflow/example_dags/example_datasets.py
[2024-04-21T08:20:59.089+0000] {processor.py:830} INFO - Processing file /home/airflow/.local/lib/python3.12/site-packages/airflow/example_dags/example_datasets.py for tasks to queue
[2024-04-21T08:20:59.090+0000] {logging_mixin.py:188} INFO - [2024-04-21T08:20:59.090+0000] {dagbag.py:540} INFO - Filling up the DagBag from /home/airflow/.local/lib/python3.12/site-packages/airflow/example_dags/example_datasets.py
[2024-04-21T08:20:59.097+0000] {processor.py:840} INFO - DAG(s) 'dataset_consumes_unknown_never_scheduled', 'dataset_consumes_1', 'dataset_consumes_1_and_2', 'dataset_produces_1', 'consume_1_or_both_2_and_3_with_dataset_expressions', 'dataset_produces_2', 'consume_1_or_2_with_dataset_expressions', 'consume_1_and_2_with_dataset_expressions', 'dataset_consumes_1_never_scheduled', 'conditional_dataset_and_time_based_timetable' retrieved from /home/airflow/.local/lib/python3.12/site-packages/airflow/example_dags/example_datasets.py
[2024-04-21T08:20:59.116+0000] {logging_mixin.py:188} INFO - [2024-04-21T08:20:59.116+0000] {dag.py:3096} INFO - Sync 10 DAGs
[2024-04-21T08:20:59.127+0000] {logging_mixin.py:188} INFO - [2024-04-21T08:20:59.127+0000] {dag.py:3954} INFO - Setting next_dagrun for conditional_dataset_and_time_based_timetable to 2024-04-17 01:00:00+00:00, run_after=2024-04-17 01:00:00+00:00
[2024-04-21T08:20:59.129+0000] {logging_mixin.py:188} INFO - [2024-04-21T08:20:59.129+0000] {dag.py:3954} INFO - Setting next_dagrun for consume_1_and_2_with_dataset_expressions to None, run_after=None
[2024-04-21T08:20:59.130+0000] {logging_mixin.py:188} INFO - [2024-04-21T08:20:59.130+0000] {dag.py:3954} INFO - Setting next_dagrun for consume_1_or_2_with_dataset_expressions to None, run_after=None
[2024-04-21T08:20:59.130+0000] {logging_mixin.py:188} INFO - [2024-04-21T08:20:59.130+0000] {dag.py:3954} INFO - Setting next_dagrun for consume_1_or_both_2_and_3_with_dataset_expressions to None, run_after=None
[2024-04-21T08:20:59.131+0000] {logging_mixin.py:188} INFO - [2024-04-21T08:20:59.131+0000] {dag.py:3954} INFO - Setting next_dagrun for dataset_consumes_1 to None, run_after=None
[2024-04-21T08:20:59.131+0000] {logging_mixin.py:188} INFO - [2024-04-21T08:20:59.131+0000] {dag.py:3954} INFO - Setting next_dagrun for dataset_consumes_1_and_2 to None, run_after=None
[2024-04-21T08:20:59.132+0000] {logging_mixin.py:188} INFO - [2024-04-21T08:20:59.132+0000] {dag.py:3954} INFO - Setting next_dagrun for dataset_consumes_1_never_scheduled to None, run_after=None
[2024-04-21T08:20:59.132+0000] {logging_mixin.py:188} INFO - [2024-04-21T08:20:59.132+0000] {dag.py:3954} INFO - Setting next_dagrun for dataset_consumes_unknown_never_scheduled to None, run_after=None
[2024-04-21T08:20:59.133+0000] {logging_mixin.py:188} INFO - [2024-04-21T08:20:59.133+0000] {dag.py:3954} INFO - Setting next_dagrun for dataset_produces_1 to 2024-04-20 00:00:00+00:00, run_after=2024-04-21 00:00:00+00:00
[2024-04-21T08:20:59.134+0000] {logging_mixin.py:188} INFO - [2024-04-21T08:20:59.134+0000] {dag.py:3954} INFO - Setting next_dagrun for dataset_produces_2 to None, run_after=None
[2024-04-21T08:20:59.148+0000] {processor.py:183} INFO - Processing /home/airflow/.local/lib/python3.12/site-packages/airflow/example_dags/example_datasets.py took 0.062 seconds
[2024-04-21T08:21:29.543+0000] {processor.py:161} INFO - Started process (PID=320) to work on /home/airflow/.local/lib/python3.12/site-packages/airflow/example_dags/example_datasets.py
[2024-04-21T08:21:29.544+0000] {processor.py:830} INFO - Processing file /home/airflow/.local/lib/python3.12/site-packages/airflow/example_dags/example_datasets.py for tasks to queue
[2024-04-21T08:21:29.545+0000] {logging_mixin.py:188} INFO - [2024-04-21T08:21:29.545+0000] {dagbag.py:540} INFO - Filling up the DagBag from /home/airflow/.local/lib/python3.12/site-packages/airflow/example_dags/example_datasets.py
[2024-04-21T08:21:29.552+0000] {processor.py:840} INFO - DAG(s) 'dataset_consumes_1', 'dataset_consumes_1_never_scheduled', 'dataset_consumes_unknown_never_scheduled', 'consume_1_or_both_2_and_3_with_dataset_expressions', 'consume_1_and_2_with_dataset_expressions', 'conditional_dataset_and_time_based_timetable', 'dataset_produces_2', 'dataset_produces_1', 'dataset_consumes_1_and_2', 'consume_1_or_2_with_dataset_expressions' retrieved from /home/airflow/.local/lib/python3.12/site-packages/airflow/example_dags/example_datasets.py
[2024-04-21T08:21:29.573+0000] {logging_mixin.py:188} INFO - [2024-04-21T08:21:29.573+0000] {dag.py:3096} INFO - Sync 10 DAGs
[2024-04-21T08:21:29.584+0000] {logging_mixin.py:188} INFO - [2024-04-21T08:21:29.584+0000] {dag.py:3954} INFO - Setting next_dagrun for conditional_dataset_and_time_based_timetable to 2024-04-17 01:00:00+00:00, run_after=2024-04-17 01:00:00+00:00
[2024-04-21T08:21:29.586+0000] {logging_mixin.py:188} INFO - [2024-04-21T08:21:29.586+0000] {dag.py:3954} INFO - Setting next_dagrun for consume_1_and_2_with_dataset_expressions to None, run_after=None
[2024-04-21T08:21:29.587+0000] {logging_mixin.py:188} INFO - [2024-04-21T08:21:29.587+0000] {dag.py:3954} INFO - Setting next_dagrun for consume_1_or_2_with_dataset_expressions to None, run_after=None
[2024-04-21T08:21:29.587+0000] {logging_mixin.py:188} INFO - [2024-04-21T08:21:29.587+0000] {dag.py:3954} INFO - Setting next_dagrun for consume_1_or_both_2_and_3_with_dataset_expressions to None, run_after=None
[2024-04-21T08:21:29.588+0000] {logging_mixin.py:188} INFO - [2024-04-21T08:21:29.588+0000] {dag.py:3954} INFO - Setting next_dagrun for dataset_consumes_1 to None, run_after=None
[2024-04-21T08:21:29.589+0000] {logging_mixin.py:188} INFO - [2024-04-21T08:21:29.588+0000] {dag.py:3954} INFO - Setting next_dagrun for dataset_consumes_1_and_2 to None, run_after=None
[2024-04-21T08:21:29.589+0000] {logging_mixin.py:188} INFO - [2024-04-21T08:21:29.589+0000] {dag.py:3954} INFO - Setting next_dagrun for dataset_consumes_1_never_scheduled to None, run_after=None
[2024-04-21T08:21:29.590+0000] {logging_mixin.py:188} INFO - [2024-04-21T08:21:29.590+0000] {dag.py:3954} INFO - Setting next_dagrun for dataset_consumes_unknown_never_scheduled to None, run_after=None
[2024-04-21T08:21:29.591+0000] {logging_mixin.py:188} INFO - [2024-04-21T08:21:29.591+0000] {dag.py:3954} INFO - Setting next_dagrun for dataset_produces_1 to 2024-04-20 00:00:00+00:00, run_after=2024-04-21 00:00:00+00:00
[2024-04-21T08:21:29.591+0000] {logging_mixin.py:188} INFO - [2024-04-21T08:21:29.591+0000] {dag.py:3954} INFO - Setting next_dagrun for dataset_produces_2 to None, run_after=None
[2024-04-21T08:21:29.608+0000] {processor.py:183} INFO - Processing /home/airflow/.local/lib/python3.12/site-packages/airflow/example_dags/example_datasets.py took 0.068 seconds
[2024-04-21T08:22:00.288+0000] {processor.py:161} INFO - Started process (PID=381) to work on /home/airflow/.local/lib/python3.12/site-packages/airflow/example_dags/example_datasets.py
[2024-04-21T08:22:00.289+0000] {processor.py:830} INFO - Processing file /home/airflow/.local/lib/python3.12/site-packages/airflow/example_dags/example_datasets.py for tasks to queue
[2024-04-21T08:22:00.290+0000] {logging_mixin.py:188} INFO - [2024-04-21T08:22:00.290+0000] {dagbag.py:540} INFO - Filling up the DagBag from /home/airflow/.local/lib/python3.12/site-packages/airflow/example_dags/example_datasets.py
[2024-04-21T08:22:00.299+0000] {processor.py:840} INFO - DAG(s) 'consume_1_or_both_2_and_3_with_dataset_expressions', 'dataset_produces_1', 'dataset_consumes_1', 'dataset_consumes_unknown_never_scheduled', 'consume_1_or_2_with_dataset_expressions', 'consume_1_and_2_with_dataset_expressions', 'dataset_consumes_1_never_scheduled', 'dataset_consumes_1_and_2', 'dataset_produces_2', 'conditional_dataset_and_time_based_timetable' retrieved from /home/airflow/.local/lib/python3.12/site-packages/airflow/example_dags/example_datasets.py
[2024-04-21T08:22:00.323+0000] {logging_mixin.py:188} INFO - [2024-04-21T08:22:00.322+0000] {dag.py:3096} INFO - Sync 10 DAGs
[2024-04-21T08:22:00.338+0000] {logging_mixin.py:188} INFO - [2024-04-21T08:22:00.338+0000] {dag.py:3954} INFO - Setting next_dagrun for conditional_dataset_and_time_based_timetable to 2024-04-17 01:00:00+00:00, run_after=2024-04-17 01:00:00+00:00
[2024-04-21T08:22:00.340+0000] {logging_mixin.py:188} INFO - [2024-04-21T08:22:00.340+0000] {dag.py:3954} INFO - Setting next_dagrun for consume_1_and_2_with_dataset_expressions to None, run_after=None
[2024-04-21T08:22:00.341+0000] {logging_mixin.py:188} INFO - [2024-04-21T08:22:00.341+0000] {dag.py:3954} INFO - Setting next_dagrun for consume_1_or_2_with_dataset_expressions to None, run_after=None
[2024-04-21T08:22:00.342+0000] {logging_mixin.py:188} INFO - [2024-04-21T08:22:00.342+0000] {dag.py:3954} INFO - Setting next_dagrun for consume_1_or_both_2_and_3_with_dataset_expressions to None, run_after=None
[2024-04-21T08:22:00.343+0000] {logging_mixin.py:188} INFO - [2024-04-21T08:22:00.343+0000] {dag.py:3954} INFO - Setting next_dagrun for dataset_consumes_1 to None, run_after=None
[2024-04-21T08:22:00.344+0000] {logging_mixin.py:188} INFO - [2024-04-21T08:22:00.343+0000] {dag.py:3954} INFO - Setting next_dagrun for dataset_consumes_1_and_2 to None, run_after=None
[2024-04-21T08:22:00.344+0000] {logging_mixin.py:188} INFO - [2024-04-21T08:22:00.344+0000] {dag.py:3954} INFO - Setting next_dagrun for dataset_consumes_1_never_scheduled to None, run_after=None
[2024-04-21T08:22:00.345+0000] {logging_mixin.py:188} INFO - [2024-04-21T08:22:00.345+0000] {dag.py:3954} INFO - Setting next_dagrun for dataset_consumes_unknown_never_scheduled to None, run_after=None
[2024-04-21T08:22:00.347+0000] {logging_mixin.py:188} INFO - [2024-04-21T08:22:00.346+0000] {dag.py:3954} INFO - Setting next_dagrun for dataset_produces_1 to 2024-04-20 00:00:00+00:00, run_after=2024-04-21 00:00:00+00:00
[2024-04-21T08:22:00.347+0000] {logging_mixin.py:188} INFO - [2024-04-21T08:22:00.347+0000] {dag.py:3954} INFO - Setting next_dagrun for dataset_produces_2 to None, run_after=None
[2024-04-21T08:22:00.365+0000] {processor.py:183} INFO - Processing /home/airflow/.local/lib/python3.12/site-packages/airflow/example_dags/example_datasets.py took 0.080 seconds
[2024-04-21T08:22:31.082+0000] {processor.py:161} INFO - Started process (PID=443) to work on /home/airflow/.local/lib/python3.12/site-packages/airflow/example_dags/example_datasets.py
[2024-04-21T08:22:31.082+0000] {processor.py:830} INFO - Processing file /home/airflow/.local/lib/python3.12/site-packages/airflow/example_dags/example_datasets.py for tasks to queue
[2024-04-21T08:22:31.083+0000] {logging_mixin.py:188} INFO - [2024-04-21T08:22:31.083+0000] {dagbag.py:540} INFO - Filling up the DagBag from /home/airflow/.local/lib/python3.12/site-packages/airflow/example_dags/example_datasets.py
[2024-04-21T08:22:31.090+0000] {processor.py:840} INFO - DAG(s) 'dataset_consumes_1', 'conditional_dataset_and_time_based_timetable', 'dataset_produces_1', 'dataset_consumes_1_never_scheduled', 'dataset_consumes_unknown_never_scheduled', 'dataset_produces_2', 'consume_1_or_both_2_and_3_with_dataset_expressions', 'dataset_consumes_1_and_2', 'consume_1_and_2_with_dataset_expressions', 'consume_1_or_2_with_dataset_expressions' retrieved from /home/airflow/.local/lib/python3.12/site-packages/airflow/example_dags/example_datasets.py
[2024-04-21T08:22:31.116+0000] {logging_mixin.py:188} INFO - [2024-04-21T08:22:31.116+0000] {dag.py:3096} INFO - Sync 10 DAGs
[2024-04-21T08:22:31.134+0000] {logging_mixin.py:188} INFO - [2024-04-21T08:22:31.134+0000] {dag.py:3954} INFO - Setting next_dagrun for conditional_dataset_and_time_based_timetable to 2024-04-17 01:00:00+00:00, run_after=2024-04-17 01:00:00+00:00
[2024-04-21T08:22:31.137+0000] {logging_mixin.py:188} INFO - [2024-04-21T08:22:31.137+0000] {dag.py:3954} INFO - Setting next_dagrun for consume_1_and_2_with_dataset_expressions to None, run_after=None
[2024-04-21T08:22:31.138+0000] {logging_mixin.py:188} INFO - [2024-04-21T08:22:31.138+0000] {dag.py:3954} INFO - Setting next_dagrun for consume_1_or_2_with_dataset_expressions to None, run_after=None
[2024-04-21T08:22:31.138+0000] {logging_mixin.py:188} INFO - [2024-04-21T08:22:31.138+0000] {dag.py:3954} INFO - Setting next_dagrun for consume_1_or_both_2_and_3_with_dataset_expressions to None, run_after=None
[2024-04-21T08:22:31.139+0000] {logging_mixin.py:188} INFO - [2024-04-21T08:22:31.139+0000] {dag.py:3954} INFO - Setting next_dagrun for dataset_consumes_1 to None, run_after=None
[2024-04-21T08:22:31.140+0000] {logging_mixin.py:188} INFO - [2024-04-21T08:22:31.139+0000] {dag.py:3954} INFO - Setting next_dagrun for dataset_consumes_1_and_2 to None, run_after=None
[2024-04-21T08:22:31.140+0000] {logging_mixin.py:188} INFO - [2024-04-21T08:22:31.140+0000] {dag.py:3954} INFO - Setting next_dagrun for dataset_consumes_1_never_scheduled to None, run_after=None
[2024-04-21T08:22:31.141+0000] {logging_mixin.py:188} INFO - [2024-04-21T08:22:31.141+0000] {dag.py:3954} INFO - Setting next_dagrun for dataset_consumes_unknown_never_scheduled to None, run_after=None
[2024-04-21T08:22:31.142+0000] {logging_mixin.py:188} INFO - [2024-04-21T08:22:31.142+0000] {dag.py:3954} INFO - Setting next_dagrun for dataset_produces_1 to 2024-04-20 00:00:00+00:00, run_after=2024-04-21 00:00:00+00:00
[2024-04-21T08:22:31.143+0000] {logging_mixin.py:188} INFO - [2024-04-21T08:22:31.143+0000] {dag.py:3954} INFO - Setting next_dagrun for dataset_produces_2 to None, run_after=None
[2024-04-21T08:22:31.159+0000] {processor.py:183} INFO - Processing /home/airflow/.local/lib/python3.12/site-packages/airflow/example_dags/example_datasets.py took 0.080 seconds
[2024-04-21T08:23:01.819+0000] {processor.py:161} INFO - Started process (PID=505) to work on /home/airflow/.local/lib/python3.12/site-packages/airflow/example_dags/example_datasets.py
[2024-04-21T08:23:01.820+0000] {processor.py:830} INFO - Processing file /home/airflow/.local/lib/python3.12/site-packages/airflow/example_dags/example_datasets.py for tasks to queue
[2024-04-21T08:23:01.821+0000] {logging_mixin.py:188} INFO - [2024-04-21T08:23:01.821+0000] {dagbag.py:540} INFO - Filling up the DagBag from /home/airflow/.local/lib/python3.12/site-packages/airflow/example_dags/example_datasets.py
[2024-04-21T08:23:01.830+0000] {processor.py:840} INFO - DAG(s) 'dataset_consumes_1_never_scheduled', 'consume_1_and_2_with_dataset_expressions', 'dataset_consumes_unknown_never_scheduled', 'dataset_produces_2', 'conditional_dataset_and_time_based_timetable', 'dataset_produces_1', 'consume_1_or_2_with_dataset_expressions', 'dataset_consumes_1', 'consume_1_or_both_2_and_3_with_dataset_expressions', 'dataset_consumes_1_and_2' retrieved from /home/airflow/.local/lib/python3.12/site-packages/airflow/example_dags/example_datasets.py
[2024-04-21T08:23:01.858+0000] {logging_mixin.py:188} INFO - [2024-04-21T08:23:01.858+0000] {dag.py:3096} INFO - Sync 10 DAGs
[2024-04-21T08:23:01.870+0000] {logging_mixin.py:188} INFO - [2024-04-21T08:23:01.870+0000] {dag.py:3954} INFO - Setting next_dagrun for conditional_dataset_and_time_based_timetable to 2024-04-17 01:00:00+00:00, run_after=2024-04-17 01:00:00+00:00
[2024-04-21T08:23:01.873+0000] {logging_mixin.py:188} INFO - [2024-04-21T08:23:01.873+0000] {dag.py:3954} INFO - Setting next_dagrun for consume_1_and_2_with_dataset_expressions to None, run_after=None
[2024-04-21T08:23:01.873+0000] {logging_mixin.py:188} INFO - [2024-04-21T08:23:01.873+0000] {dag.py:3954} INFO - Setting next_dagrun for consume_1_or_2_with_dataset_expressions to None, run_after=None
[2024-04-21T08:23:01.874+0000] {logging_mixin.py:188} INFO - [2024-04-21T08:23:01.874+0000] {dag.py:3954} INFO - Setting next_dagrun for consume_1_or_both_2_and_3_with_dataset_expressions to None, run_after=None
[2024-04-21T08:23:01.875+0000] {logging_mixin.py:188} INFO - [2024-04-21T08:23:01.875+0000] {dag.py:3954} INFO - Setting next_dagrun for dataset_consumes_1 to None, run_after=None
[2024-04-21T08:23:01.876+0000] {logging_mixin.py:188} INFO - [2024-04-21T08:23:01.875+0000] {dag.py:3954} INFO - Setting next_dagrun for dataset_consumes_1_and_2 to None, run_after=None
[2024-04-21T08:23:01.876+0000] {logging_mixin.py:188} INFO - [2024-04-21T08:23:01.876+0000] {dag.py:3954} INFO - Setting next_dagrun for dataset_consumes_1_never_scheduled to None, run_after=None
[2024-04-21T08:23:01.877+0000] {logging_mixin.py:188} INFO - [2024-04-21T08:23:01.877+0000] {dag.py:3954} INFO - Setting next_dagrun for dataset_consumes_unknown_never_scheduled to None, run_after=None
[2024-04-21T08:23:01.878+0000] {logging_mixin.py:188} INFO - [2024-04-21T08:23:01.878+0000] {dag.py:3954} INFO - Setting next_dagrun for dataset_produces_1 to 2024-04-20 00:00:00+00:00, run_after=2024-04-21 00:00:00+00:00
[2024-04-21T08:23:01.879+0000] {logging_mixin.py:188} INFO - [2024-04-21T08:23:01.879+0000] {dag.py:3954} INFO - Setting next_dagrun for dataset_produces_2 to None, run_after=None
[2024-04-21T08:23:01.897+0000] {processor.py:183} INFO - Processing /home/airflow/.local/lib/python3.12/site-packages/airflow/example_dags/example_datasets.py took 0.081 seconds
[2024-04-21T08:23:33.174+0000] {processor.py:161} INFO - Started process (PID=567) to work on /home/airflow/.local/lib/python3.12/site-packages/airflow/example_dags/example_datasets.py
[2024-04-21T08:23:33.175+0000] {processor.py:830} INFO - Processing file /home/airflow/.local/lib/python3.12/site-packages/airflow/example_dags/example_datasets.py for tasks to queue
[2024-04-21T08:23:33.177+0000] {logging_mixin.py:188} INFO - [2024-04-21T08:23:33.176+0000] {dagbag.py:540} INFO - Filling up the DagBag from /home/airflow/.local/lib/python3.12/site-packages/airflow/example_dags/example_datasets.py
[2024-04-21T08:23:33.188+0000] {processor.py:840} INFO - DAG(s) 'dataset_produces_2', 'consume_1_and_2_with_dataset_expressions', 'dataset_consumes_1_and_2', 'dataset_consumes_unknown_never_scheduled', 'dataset_consumes_1_never_scheduled', 'consume_1_or_both_2_and_3_with_dataset_expressions', 'dataset_consumes_1', 'dataset_produces_1', 'consume_1_or_2_with_dataset_expressions', 'conditional_dataset_and_time_based_timetable' retrieved from /home/airflow/.local/lib/python3.12/site-packages/airflow/example_dags/example_datasets.py
[2024-04-21T08:23:33.235+0000] {logging_mixin.py:188} INFO - [2024-04-21T08:23:33.235+0000] {dag.py:3096} INFO - Sync 10 DAGs
[2024-04-21T08:23:33.257+0000] {logging_mixin.py:188} INFO - [2024-04-21T08:23:33.256+0000] {dag.py:3954} INFO - Setting next_dagrun for conditional_dataset_and_time_based_timetable to 2024-04-17 01:00:00+00:00, run_after=2024-04-17 01:00:00+00:00
[2024-04-21T08:23:33.260+0000] {logging_mixin.py:188} INFO - [2024-04-21T08:23:33.260+0000] {dag.py:3954} INFO - Setting next_dagrun for consume_1_and_2_with_dataset_expressions to None, run_after=None
[2024-04-21T08:23:33.262+0000] {logging_mixin.py:188} INFO - [2024-04-21T08:23:33.261+0000] {dag.py:3954} INFO - Setting next_dagrun for consume_1_or_2_with_dataset_expressions to None, run_after=None
[2024-04-21T08:23:33.263+0000] {logging_mixin.py:188} INFO - [2024-04-21T08:23:33.263+0000] {dag.py:3954} INFO - Setting next_dagrun for consume_1_or_both_2_and_3_with_dataset_expressions to None, run_after=None
[2024-04-21T08:23:33.264+0000] {logging_mixin.py:188} INFO - [2024-04-21T08:23:33.264+0000] {dag.py:3954} INFO - Setting next_dagrun for dataset_consumes_1 to None, run_after=None
[2024-04-21T08:23:33.265+0000] {logging_mixin.py:188} INFO - [2024-04-21T08:23:33.265+0000] {dag.py:3954} INFO - Setting next_dagrun for dataset_consumes_1_and_2 to None, run_after=None
[2024-04-21T08:23:33.266+0000] {logging_mixin.py:188} INFO - [2024-04-21T08:23:33.265+0000] {dag.py:3954} INFO - Setting next_dagrun for dataset_consumes_1_never_scheduled to None, run_after=None
[2024-04-21T08:23:33.266+0000] {logging_mixin.py:188} INFO - [2024-04-21T08:23:33.266+0000] {dag.py:3954} INFO - Setting next_dagrun for dataset_consumes_unknown_never_scheduled to None, run_after=None
[2024-04-21T08:23:33.268+0000] {logging_mixin.py:188} INFO - [2024-04-21T08:23:33.268+0000] {dag.py:3954} INFO - Setting next_dagrun for dataset_produces_1 to 2024-04-20 00:00:00+00:00, run_after=2024-04-21 00:00:00+00:00
[2024-04-21T08:23:33.269+0000] {logging_mixin.py:188} INFO - [2024-04-21T08:23:33.269+0000] {dag.py:3954} INFO - Setting next_dagrun for dataset_produces_2 to None, run_after=None
[2024-04-21T08:23:33.297+0000] {processor.py:183} INFO - Processing /home/airflow/.local/lib/python3.12/site-packages/airflow/example_dags/example_datasets.py took 0.129 seconds
[2024-04-21T08:24:04.298+0000] {processor.py:161} INFO - Started process (PID=629) to work on /home/airflow/.local/lib/python3.12/site-packages/airflow/example_dags/example_datasets.py
[2024-04-21T08:24:04.299+0000] {processor.py:830} INFO - Processing file /home/airflow/.local/lib/python3.12/site-packages/airflow/example_dags/example_datasets.py for tasks to queue
[2024-04-21T08:24:04.302+0000] {logging_mixin.py:188} INFO - [2024-04-21T08:24:04.301+0000] {dagbag.py:540} INFO - Filling up the DagBag from /home/airflow/.local/lib/python3.12/site-packages/airflow/example_dags/example_datasets.py
[2024-04-21T08:24:04.312+0000] {processor.py:840} INFO - DAG(s) 'dataset_consumes_1_never_scheduled', 'consume_1_or_both_2_and_3_with_dataset_expressions', 'dataset_consumes_1', 'conditional_dataset_and_time_based_timetable', 'consume_1_or_2_with_dataset_expressions', 'consume_1_and_2_with_dataset_expressions', 'dataset_consumes_unknown_never_scheduled', 'dataset_consumes_1_and_2', 'dataset_produces_2', 'dataset_produces_1' retrieved from /home/airflow/.local/lib/python3.12/site-packages/airflow/example_dags/example_datasets.py
[2024-04-21T08:24:04.340+0000] {logging_mixin.py:188} INFO - [2024-04-21T08:24:04.340+0000] {dag.py:3096} INFO - Sync 10 DAGs
[2024-04-21T08:24:04.357+0000] {logging_mixin.py:188} INFO - [2024-04-21T08:24:04.357+0000] {dag.py:3954} INFO - Setting next_dagrun for conditional_dataset_and_time_based_timetable to 2024-04-17 01:00:00+00:00, run_after=2024-04-17 01:00:00+00:00
[2024-04-21T08:24:04.360+0000] {logging_mixin.py:188} INFO - [2024-04-21T08:24:04.360+0000] {dag.py:3954} INFO - Setting next_dagrun for consume_1_and_2_with_dataset_expressions to None, run_after=None
[2024-04-21T08:24:04.362+0000] {logging_mixin.py:188} INFO - [2024-04-21T08:24:04.362+0000] {dag.py:3954} INFO - Setting next_dagrun for consume_1_or_2_with_dataset_expressions to None, run_after=None
[2024-04-21T08:24:04.363+0000] {logging_mixin.py:188} INFO - [2024-04-21T08:24:04.363+0000] {dag.py:3954} INFO - Setting next_dagrun for consume_1_or_both_2_and_3_with_dataset_expressions to None, run_after=None
[2024-04-21T08:24:04.364+0000] {logging_mixin.py:188} INFO - [2024-04-21T08:24:04.364+0000] {dag.py:3954} INFO - Setting next_dagrun for dataset_consumes_1 to None, run_after=None
[2024-04-21T08:24:04.365+0000] {logging_mixin.py:188} INFO - [2024-04-21T08:24:04.364+0000] {dag.py:3954} INFO - Setting next_dagrun for dataset_consumes_1_and_2 to None, run_after=None
[2024-04-21T08:24:04.365+0000] {logging_mixin.py:188} INFO - [2024-04-21T08:24:04.365+0000] {dag.py:3954} INFO - Setting next_dagrun for dataset_consumes_1_never_scheduled to None, run_after=None
[2024-04-21T08:24:04.366+0000] {logging_mixin.py:188} INFO - [2024-04-21T08:24:04.366+0000] {dag.py:3954} INFO - Setting next_dagrun for dataset_consumes_unknown_never_scheduled to None, run_after=None
[2024-04-21T08:24:04.367+0000] {logging_mixin.py:188} INFO - [2024-04-21T08:24:04.367+0000] {dag.py:3954} INFO - Setting next_dagrun for dataset_produces_1 to 2024-04-20 00:00:00+00:00, run_after=2024-04-21 00:00:00+00:00
[2024-04-21T08:24:04.368+0000] {logging_mixin.py:188} INFO - [2024-04-21T08:24:04.368+0000] {dag.py:3954} INFO - Setting next_dagrun for dataset_produces_2 to None, run_after=None
[2024-04-21T08:24:04.389+0000] {processor.py:183} INFO - Processing /home/airflow/.local/lib/python3.12/site-packages/airflow/example_dags/example_datasets.py took 0.097 seconds
[2024-04-21T08:24:34.708+0000] {processor.py:161} INFO - Started process (PID=691) to work on /home/airflow/.local/lib/python3.12/site-packages/airflow/example_dags/example_datasets.py
[2024-04-21T08:24:34.709+0000] {processor.py:830} INFO - Processing file /home/airflow/.local/lib/python3.12/site-packages/airflow/example_dags/example_datasets.py for tasks to queue
[2024-04-21T08:24:34.711+0000] {logging_mixin.py:188} INFO - [2024-04-21T08:24:34.710+0000] {dagbag.py:540} INFO - Filling up the DagBag from /home/airflow/.local/lib/python3.12/site-packages/airflow/example_dags/example_datasets.py
[2024-04-21T08:24:34.719+0000] {processor.py:840} INFO - DAG(s) 'consume_1_or_2_with_dataset_expressions', 'dataset_consumes_1_and_2', 'consume_1_and_2_with_dataset_expressions', 'consume_1_or_both_2_and_3_with_dataset_expressions', 'dataset_produces_1', 'conditional_dataset_and_time_based_timetable', 'dataset_consumes_unknown_never_scheduled', 'dataset_consumes_1_never_scheduled', 'dataset_consumes_1', 'dataset_produces_2' retrieved from /home/airflow/.local/lib/python3.12/site-packages/airflow/example_dags/example_datasets.py
[2024-04-21T08:24:34.743+0000] {logging_mixin.py:188} INFO - [2024-04-21T08:24:34.743+0000] {dag.py:3096} INFO - Sync 10 DAGs
[2024-04-21T08:24:34.756+0000] {logging_mixin.py:188} INFO - [2024-04-21T08:24:34.756+0000] {dag.py:3954} INFO - Setting next_dagrun for conditional_dataset_and_time_based_timetable to 2024-04-17 01:00:00+00:00, run_after=2024-04-17 01:00:00+00:00
[2024-04-21T08:24:34.759+0000] {logging_mixin.py:188} INFO - [2024-04-21T08:24:34.759+0000] {dag.py:3954} INFO - Setting next_dagrun for consume_1_and_2_with_dataset_expressions to None, run_after=None
[2024-04-21T08:24:34.760+0000] {logging_mixin.py:188} INFO - [2024-04-21T08:24:34.759+0000] {dag.py:3954} INFO - Setting next_dagrun for consume_1_or_2_with_dataset_expressions to None, run_after=None
[2024-04-21T08:24:34.760+0000] {logging_mixin.py:188} INFO - [2024-04-21T08:24:34.760+0000] {dag.py:3954} INFO - Setting next_dagrun for consume_1_or_both_2_and_3_with_dataset_expressions to None, run_after=None
[2024-04-21T08:24:34.761+0000] {logging_mixin.py:188} INFO - [2024-04-21T08:24:34.761+0000] {dag.py:3954} INFO - Setting next_dagrun for dataset_consumes_1 to None, run_after=None
[2024-04-21T08:24:34.761+0000] {logging_mixin.py:188} INFO - [2024-04-21T08:24:34.761+0000] {dag.py:3954} INFO - Setting next_dagrun for dataset_consumes_1_and_2 to None, run_after=None
[2024-04-21T08:24:34.762+0000] {logging_mixin.py:188} INFO - [2024-04-21T08:24:34.762+0000] {dag.py:3954} INFO - Setting next_dagrun for dataset_consumes_1_never_scheduled to None, run_after=None
[2024-04-21T08:24:34.762+0000] {logging_mixin.py:188} INFO - [2024-04-21T08:24:34.762+0000] {dag.py:3954} INFO - Setting next_dagrun for dataset_consumes_unknown_never_scheduled to None, run_after=None
[2024-04-21T08:24:34.763+0000] {logging_mixin.py:188} INFO - [2024-04-21T08:24:34.763+0000] {dag.py:3954} INFO - Setting next_dagrun for dataset_produces_1 to 2024-04-20 00:00:00+00:00, run_after=2024-04-21 00:00:00+00:00
[2024-04-21T08:24:34.764+0000] {logging_mixin.py:188} INFO - [2024-04-21T08:24:34.764+0000] {dag.py:3954} INFO - Setting next_dagrun for dataset_produces_2 to None, run_after=None
[2024-04-21T08:24:34.779+0000] {processor.py:183} INFO - Processing /home/airflow/.local/lib/python3.12/site-packages/airflow/example_dags/example_datasets.py took 0.075 seconds
[2024-04-21T08:25:04.930+0000] {processor.py:161} INFO - Started process (PID=752) to work on /home/airflow/.local/lib/python3.12/site-packages/airflow/example_dags/example_datasets.py
[2024-04-21T08:25:04.931+0000] {processor.py:830} INFO - Processing file /home/airflow/.local/lib/python3.12/site-packages/airflow/example_dags/example_datasets.py for tasks to queue
[2024-04-21T08:25:04.932+0000] {logging_mixin.py:188} INFO - [2024-04-21T08:25:04.932+0000] {dagbag.py:540} INFO - Filling up the DagBag from /home/airflow/.local/lib/python3.12/site-packages/airflow/example_dags/example_datasets.py
[2024-04-21T08:25:04.939+0000] {processor.py:840} INFO - DAG(s) 'dataset_consumes_1', 'dataset_consumes_1_and_2', 'consume_1_or_2_with_dataset_expressions', 'dataset_produces_2', 'consume_1_or_both_2_and_3_with_dataset_expressions', 'conditional_dataset_and_time_based_timetable', 'dataset_consumes_unknown_never_scheduled', 'consume_1_and_2_with_dataset_expressions', 'dataset_consumes_1_never_scheduled', 'dataset_produces_1' retrieved from /home/airflow/.local/lib/python3.12/site-packages/airflow/example_dags/example_datasets.py
[2024-04-21T08:25:04.958+0000] {logging_mixin.py:188} INFO - [2024-04-21T08:25:04.957+0000] {dag.py:3096} INFO - Sync 10 DAGs
[2024-04-21T08:25:04.969+0000] {logging_mixin.py:188} INFO - [2024-04-21T08:25:04.969+0000] {dag.py:3954} INFO - Setting next_dagrun for conditional_dataset_and_time_based_timetable to 2024-04-17 01:00:00+00:00, run_after=2024-04-17 01:00:00+00:00
[2024-04-21T08:25:04.972+0000] {logging_mixin.py:188} INFO - [2024-04-21T08:25:04.972+0000] {dag.py:3954} INFO - Setting next_dagrun for consume_1_and_2_with_dataset_expressions to None, run_after=None
[2024-04-21T08:25:04.974+0000] {logging_mixin.py:188} INFO - [2024-04-21T08:25:04.974+0000] {dag.py:3954} INFO - Setting next_dagrun for consume_1_or_2_with_dataset_expressions to None, run_after=None
[2024-04-21T08:25:04.974+0000] {logging_mixin.py:188} INFO - [2024-04-21T08:25:04.974+0000] {dag.py:3954} INFO - Setting next_dagrun for consume_1_or_both_2_and_3_with_dataset_expressions to None, run_after=None
[2024-04-21T08:25:04.975+0000] {logging_mixin.py:188} INFO - [2024-04-21T08:25:04.975+0000] {dag.py:3954} INFO - Setting next_dagrun for dataset_consumes_1 to None, run_after=None
[2024-04-21T08:25:04.975+0000] {logging_mixin.py:188} INFO - [2024-04-21T08:25:04.975+0000] {dag.py:3954} INFO - Setting next_dagrun for dataset_consumes_1_and_2 to None, run_after=None
[2024-04-21T08:25:04.976+0000] {logging_mixin.py:188} INFO - [2024-04-21T08:25:04.976+0000] {dag.py:3954} INFO - Setting next_dagrun for dataset_consumes_1_never_scheduled to None, run_after=None
[2024-04-21T08:25:04.977+0000] {logging_mixin.py:188} INFO - [2024-04-21T08:25:04.976+0000] {dag.py:3954} INFO - Setting next_dagrun for dataset_consumes_unknown_never_scheduled to None, run_after=None
[2024-04-21T08:25:04.977+0000] {logging_mixin.py:188} INFO - [2024-04-21T08:25:04.977+0000] {dag.py:3954} INFO - Setting next_dagrun for dataset_produces_1 to 2024-04-20 00:00:00+00:00, run_after=2024-04-21 00:00:00+00:00
[2024-04-21T08:25:04.978+0000] {logging_mixin.py:188} INFO - [2024-04-21T08:25:04.978+0000] {dag.py:3954} INFO - Setting next_dagrun for dataset_produces_2 to None, run_after=None
[2024-04-21T08:25:04.992+0000] {processor.py:183} INFO - Processing /home/airflow/.local/lib/python3.12/site-packages/airflow/example_dags/example_datasets.py took 0.064 seconds
[2024-04-21T08:25:36.120+0000] {processor.py:161} INFO - Started process (PID=814) to work on /home/airflow/.local/lib/python3.12/site-packages/airflow/example_dags/example_datasets.py
[2024-04-21T08:25:36.120+0000] {processor.py:830} INFO - Processing file /home/airflow/.local/lib/python3.12/site-packages/airflow/example_dags/example_datasets.py for tasks to queue
[2024-04-21T08:25:36.122+0000] {logging_mixin.py:188} INFO - [2024-04-21T08:25:36.122+0000] {dagbag.py:540} INFO - Filling up the DagBag from /home/airflow/.local/lib/python3.12/site-packages/airflow/example_dags/example_datasets.py
[2024-04-21T08:25:36.129+0000] {processor.py:840} INFO - DAG(s) 'dataset_produces_2', 'conditional_dataset_and_time_based_timetable', 'dataset_consumes_unknown_never_scheduled', 'consume_1_and_2_with_dataset_expressions', 'dataset_consumes_1_never_scheduled', 'consume_1_or_2_with_dataset_expressions', 'consume_1_or_both_2_and_3_with_dataset_expressions', 'dataset_consumes_1_and_2', 'dataset_consumes_1', 'dataset_produces_1' retrieved from /home/airflow/.local/lib/python3.12/site-packages/airflow/example_dags/example_datasets.py
[2024-04-21T08:25:36.149+0000] {logging_mixin.py:188} INFO - [2024-04-21T08:25:36.149+0000] {dag.py:3096} INFO - Sync 10 DAGs
[2024-04-21T08:25:36.162+0000] {logging_mixin.py:188} INFO - [2024-04-21T08:25:36.162+0000] {dag.py:3954} INFO - Setting next_dagrun for conditional_dataset_and_time_based_timetable to 2024-04-17 01:00:00+00:00, run_after=2024-04-17 01:00:00+00:00
[2024-04-21T08:25:36.261+0000] {logging_mixin.py:188} INFO - [2024-04-21T08:25:36.261+0000] {dag.py:3954} INFO - Setting next_dagrun for consume_1_and_2_with_dataset_expressions to None, run_after=None
[2024-04-21T08:25:36.262+0000] {logging_mixin.py:188} INFO - [2024-04-21T08:25:36.262+0000] {dag.py:3954} INFO - Setting next_dagrun for consume_1_or_2_with_dataset_expressions to None, run_after=None
[2024-04-21T08:25:36.262+0000] {logging_mixin.py:188} INFO - [2024-04-21T08:25:36.262+0000] {dag.py:3954} INFO - Setting next_dagrun for consume_1_or_both_2_and_3_with_dataset_expressions to None, run_after=None
[2024-04-21T08:25:36.263+0000] {logging_mixin.py:188} INFO - [2024-04-21T08:25:36.263+0000] {dag.py:3954} INFO - Setting next_dagrun for dataset_consumes_1 to None, run_after=None
[2024-04-21T08:25:36.264+0000] {logging_mixin.py:188} INFO - [2024-04-21T08:25:36.264+0000] {dag.py:3954} INFO - Setting next_dagrun for dataset_consumes_1_and_2 to None, run_after=None
[2024-04-21T08:25:36.264+0000] {logging_mixin.py:188} INFO - [2024-04-21T08:25:36.264+0000] {dag.py:3954} INFO - Setting next_dagrun for dataset_consumes_1_never_scheduled to None, run_after=None
[2024-04-21T08:25:36.265+0000] {logging_mixin.py:188} INFO - [2024-04-21T08:25:36.265+0000] {dag.py:3954} INFO - Setting next_dagrun for dataset_consumes_unknown_never_scheduled to None, run_after=None
[2024-04-21T08:25:36.266+0000] {logging_mixin.py:188} INFO - [2024-04-21T08:25:36.266+0000] {dag.py:3954} INFO - Setting next_dagrun for dataset_produces_1 to 2024-04-20 00:00:00+00:00, run_after=2024-04-21 00:00:00+00:00
[2024-04-21T08:25:36.266+0000] {logging_mixin.py:188} INFO - [2024-04-21T08:25:36.266+0000] {dag.py:3954} INFO - Setting next_dagrun for dataset_produces_2 to None, run_after=None
[2024-04-21T08:25:36.281+0000] {processor.py:183} INFO - Processing /home/airflow/.local/lib/python3.12/site-packages/airflow/example_dags/example_datasets.py took 0.164 seconds
[2024-04-21T08:26:06.873+0000] {processor.py:161} INFO - Started process (PID=876) to work on /home/airflow/.local/lib/python3.12/site-packages/airflow/example_dags/example_datasets.py
[2024-04-21T08:26:06.874+0000] {processor.py:830} INFO - Processing file /home/airflow/.local/lib/python3.12/site-packages/airflow/example_dags/example_datasets.py for tasks to queue
[2024-04-21T08:26:06.876+0000] {logging_mixin.py:188} INFO - [2024-04-21T08:26:06.876+0000] {dagbag.py:540} INFO - Filling up the DagBag from /home/airflow/.local/lib/python3.12/site-packages/airflow/example_dags/example_datasets.py
[2024-04-21T08:26:06.885+0000] {processor.py:840} INFO - DAG(s) 'dataset_produces_2', 'consume_1_or_2_with_dataset_expressions', 'consume_1_and_2_with_dataset_expressions', 'dataset_consumes_1_and_2', 'consume_1_or_both_2_and_3_with_dataset_expressions', 'dataset_produces_1', 'dataset_consumes_unknown_never_scheduled', 'dataset_consumes_1', 'conditional_dataset_and_time_based_timetable', 'dataset_consumes_1_never_scheduled' retrieved from /home/airflow/.local/lib/python3.12/site-packages/airflow/example_dags/example_datasets.py
[2024-04-21T08:26:06.923+0000] {logging_mixin.py:188} INFO - [2024-04-21T08:26:06.923+0000] {dag.py:3096} INFO - Sync 10 DAGs
[2024-04-21T08:26:06.943+0000] {logging_mixin.py:188} INFO - [2024-04-21T08:26:06.943+0000] {dag.py:3954} INFO - Setting next_dagrun for conditional_dataset_and_time_based_timetable to 2024-04-17 01:00:00+00:00, run_after=2024-04-17 01:00:00+00:00
[2024-04-21T08:26:06.949+0000] {logging_mixin.py:188} INFO - [2024-04-21T08:26:06.948+0000] {dag.py:3954} INFO - Setting next_dagrun for consume_1_and_2_with_dataset_expressions to None, run_after=None
[2024-04-21T08:26:06.950+0000] {logging_mixin.py:188} INFO - [2024-04-21T08:26:06.950+0000] {dag.py:3954} INFO - Setting next_dagrun for consume_1_or_2_with_dataset_expressions to None, run_after=None
[2024-04-21T08:26:06.952+0000] {logging_mixin.py:188} INFO - [2024-04-21T08:26:06.952+0000] {dag.py:3954} INFO - Setting next_dagrun for consume_1_or_both_2_and_3_with_dataset_expressions to None, run_after=None
[2024-04-21T08:26:06.953+0000] {logging_mixin.py:188} INFO - [2024-04-21T08:26:06.953+0000] {dag.py:3954} INFO - Setting next_dagrun for dataset_consumes_1 to None, run_after=None
[2024-04-21T08:26:06.955+0000] {logging_mixin.py:188} INFO - [2024-04-21T08:26:06.955+0000] {dag.py:3954} INFO - Setting next_dagrun for dataset_consumes_1_and_2 to None, run_after=None
[2024-04-21T08:26:06.956+0000] {logging_mixin.py:188} INFO - [2024-04-21T08:26:06.956+0000] {dag.py:3954} INFO - Setting next_dagrun for dataset_consumes_1_never_scheduled to None, run_after=None
[2024-04-21T08:26:06.958+0000] {logging_mixin.py:188} INFO - [2024-04-21T08:26:06.958+0000] {dag.py:3954} INFO - Setting next_dagrun for dataset_consumes_unknown_never_scheduled to None, run_after=None
[2024-04-21T08:26:06.959+0000] {logging_mixin.py:188} INFO - [2024-04-21T08:26:06.959+0000] {dag.py:3954} INFO - Setting next_dagrun for dataset_produces_1 to 2024-04-20 00:00:00+00:00, run_after=2024-04-21 00:00:00+00:00
[2024-04-21T08:26:06.960+0000] {logging_mixin.py:188} INFO - [2024-04-21T08:26:06.960+0000] {dag.py:3954} INFO - Setting next_dagrun for dataset_produces_2 to None, run_after=None
[2024-04-21T08:26:07.091+0000] {processor.py:183} INFO - Processing /home/airflow/.local/lib/python3.12/site-packages/airflow/example_dags/example_datasets.py took 0.222 seconds
[2024-04-21T08:26:37.992+0000] {processor.py:161} INFO - Started process (PID=939) to work on /home/airflow/.local/lib/python3.12/site-packages/airflow/example_dags/example_datasets.py
[2024-04-21T08:26:37.993+0000] {processor.py:830} INFO - Processing file /home/airflow/.local/lib/python3.12/site-packages/airflow/example_dags/example_datasets.py for tasks to queue
[2024-04-21T08:26:37.994+0000] {logging_mixin.py:188} INFO - [2024-04-21T08:26:37.994+0000] {dagbag.py:540} INFO - Filling up the DagBag from /home/airflow/.local/lib/python3.12/site-packages/airflow/example_dags/example_datasets.py
[2024-04-21T08:26:38.001+0000] {processor.py:840} INFO - DAG(s) 'dataset_produces_2', 'consume_1_or_2_with_dataset_expressions', 'conditional_dataset_and_time_based_timetable', 'dataset_consumes_unknown_never_scheduled', 'dataset_consumes_1_and_2', 'dataset_consumes_1', 'consume_1_and_2_with_dataset_expressions', 'consume_1_or_both_2_and_3_with_dataset_expressions', 'dataset_consumes_1_never_scheduled', 'dataset_produces_1' retrieved from /home/airflow/.local/lib/python3.12/site-packages/airflow/example_dags/example_datasets.py
[2024-04-21T08:26:38.021+0000] {logging_mixin.py:188} INFO - [2024-04-21T08:26:38.021+0000] {dag.py:3096} INFO - Sync 10 DAGs
[2024-04-21T08:26:38.032+0000] {logging_mixin.py:188} INFO - [2024-04-21T08:26:38.032+0000] {dag.py:3954} INFO - Setting next_dagrun for conditional_dataset_and_time_based_timetable to 2024-04-17 01:00:00+00:00, run_after=2024-04-17 01:00:00+00:00
[2024-04-21T08:26:38.034+0000] {logging_mixin.py:188} INFO - [2024-04-21T08:26:38.034+0000] {dag.py:3954} INFO - Setting next_dagrun for consume_1_and_2_with_dataset_expressions to None, run_after=None
[2024-04-21T08:26:38.035+0000] {logging_mixin.py:188} INFO - [2024-04-21T08:26:38.035+0000] {dag.py:3954} INFO - Setting next_dagrun for consume_1_or_2_with_dataset_expressions to None, run_after=None
[2024-04-21T08:26:38.035+0000] {logging_mixin.py:188} INFO - [2024-04-21T08:26:38.035+0000] {dag.py:3954} INFO - Setting next_dagrun for consume_1_or_both_2_and_3_with_dataset_expressions to None, run_after=None
[2024-04-21T08:26:38.036+0000] {logging_mixin.py:188} INFO - [2024-04-21T08:26:38.036+0000] {dag.py:3954} INFO - Setting next_dagrun for dataset_consumes_1 to None, run_after=None
[2024-04-21T08:26:38.036+0000] {logging_mixin.py:188} INFO - [2024-04-21T08:26:38.036+0000] {dag.py:3954} INFO - Setting next_dagrun for dataset_consumes_1_and_2 to None, run_after=None
[2024-04-21T08:26:38.037+0000] {logging_mixin.py:188} INFO - [2024-04-21T08:26:38.036+0000] {dag.py:3954} INFO - Setting next_dagrun for dataset_consumes_1_never_scheduled to None, run_after=None
[2024-04-21T08:26:38.037+0000] {logging_mixin.py:188} INFO - [2024-04-21T08:26:38.037+0000] {dag.py:3954} INFO - Setting next_dagrun for dataset_consumes_unknown_never_scheduled to None, run_after=None
[2024-04-21T08:26:38.038+0000] {logging_mixin.py:188} INFO - [2024-04-21T08:26:38.038+0000] {dag.py:3954} INFO - Setting next_dagrun for dataset_produces_1 to 2024-04-20 00:00:00+00:00, run_after=2024-04-21 00:00:00+00:00
[2024-04-21T08:26:38.038+0000] {logging_mixin.py:188} INFO - [2024-04-21T08:26:38.038+0000] {dag.py:3954} INFO - Setting next_dagrun for dataset_produces_2 to None, run_after=None
[2024-04-21T08:26:38.147+0000] {processor.py:183} INFO - Processing /home/airflow/.local/lib/python3.12/site-packages/airflow/example_dags/example_datasets.py took 0.158 seconds
[2024-04-21T08:27:08.629+0000] {processor.py:161} INFO - Started process (PID=1001) to work on /home/airflow/.local/lib/python3.12/site-packages/airflow/example_dags/example_datasets.py
[2024-04-21T08:27:08.630+0000] {processor.py:830} INFO - Processing file /home/airflow/.local/lib/python3.12/site-packages/airflow/example_dags/example_datasets.py for tasks to queue
[2024-04-21T08:27:08.631+0000] {logging_mixin.py:188} INFO - [2024-04-21T08:27:08.631+0000] {dagbag.py:540} INFO - Filling up the DagBag from /home/airflow/.local/lib/python3.12/site-packages/airflow/example_dags/example_datasets.py
[2024-04-21T08:27:08.640+0000] {processor.py:840} INFO - DAG(s) 'dataset_consumes_1_never_scheduled', 'consume_1_or_both_2_and_3_with_dataset_expressions', 'dataset_consumes_unknown_never_scheduled', 'conditional_dataset_and_time_based_timetable', 'consume_1_and_2_with_dataset_expressions', 'consume_1_or_2_with_dataset_expressions', 'dataset_produces_1', 'dataset_consumes_1', 'dataset_produces_2', 'dataset_consumes_1_and_2' retrieved from /home/airflow/.local/lib/python3.12/site-packages/airflow/example_dags/example_datasets.py
[2024-04-21T08:27:08.661+0000] {logging_mixin.py:188} INFO - [2024-04-21T08:27:08.661+0000] {dag.py:3096} INFO - Sync 10 DAGs
[2024-04-21T08:27:08.675+0000] {logging_mixin.py:188} INFO - [2024-04-21T08:27:08.675+0000] {dag.py:3954} INFO - Setting next_dagrun for conditional_dataset_and_time_based_timetable to 2024-04-17 01:00:00+00:00, run_after=2024-04-17 01:00:00+00:00
[2024-04-21T08:27:08.677+0000] {logging_mixin.py:188} INFO - [2024-04-21T08:27:08.677+0000] {dag.py:3954} INFO - Setting next_dagrun for consume_1_and_2_with_dataset_expressions to None, run_after=None
[2024-04-21T08:27:08.678+0000] {logging_mixin.py:188} INFO - [2024-04-21T08:27:08.678+0000] {dag.py:3954} INFO - Setting next_dagrun for consume_1_or_2_with_dataset_expressions to None, run_after=None
[2024-04-21T08:27:08.679+0000] {logging_mixin.py:188} INFO - [2024-04-21T08:27:08.679+0000] {dag.py:3954} INFO - Setting next_dagrun for consume_1_or_both_2_and_3_with_dataset_expressions to None, run_after=None
[2024-04-21T08:27:08.679+0000] {logging_mixin.py:188} INFO - [2024-04-21T08:27:08.679+0000] {dag.py:3954} INFO - Setting next_dagrun for dataset_consumes_1 to None, run_after=None
[2024-04-21T08:27:08.680+0000] {logging_mixin.py:188} INFO - [2024-04-21T08:27:08.680+0000] {dag.py:3954} INFO - Setting next_dagrun for dataset_consumes_1_and_2 to None, run_after=None
[2024-04-21T08:27:08.680+0000] {logging_mixin.py:188} INFO - [2024-04-21T08:27:08.680+0000] {dag.py:3954} INFO - Setting next_dagrun for dataset_consumes_1_never_scheduled to None, run_after=None
[2024-04-21T08:27:08.681+0000] {logging_mixin.py:188} INFO - [2024-04-21T08:27:08.681+0000] {dag.py:3954} INFO - Setting next_dagrun for dataset_consumes_unknown_never_scheduled to None, run_after=None
[2024-04-21T08:27:08.682+0000] {logging_mixin.py:188} INFO - [2024-04-21T08:27:08.682+0000] {dag.py:3954} INFO - Setting next_dagrun for dataset_produces_1 to 2024-04-20 00:00:00+00:00, run_after=2024-04-21 00:00:00+00:00
[2024-04-21T08:27:08.682+0000] {logging_mixin.py:188} INFO - [2024-04-21T08:27:08.682+0000] {dag.py:3954} INFO - Setting next_dagrun for dataset_produces_2 to None, run_after=None
[2024-04-21T08:27:08.697+0000] {processor.py:183} INFO - Processing /home/airflow/.local/lib/python3.12/site-packages/airflow/example_dags/example_datasets.py took 0.072 seconds
