[2024-04-21T06:45:01.804+0000] {processor.py:161} INFO - Started process (PID=50) to work on /home/airflow/.local/lib/python3.12/site-packages/airflow/example_dags/example_latest_only.py
[2024-04-21T06:45:01.805+0000] {processor.py:830} INFO - Processing file /home/airflow/.local/lib/python3.12/site-packages/airflow/example_dags/example_latest_only.py for tasks to queue
[2024-04-21T06:45:01.806+0000] {logging_mixin.py:188} INFO - [2024-04-21T06:45:01.806+0000] {dagbag.py:540} INFO - Filling up the DagBag from /home/airflow/.local/lib/python3.12/site-packages/airflow/example_dags/example_latest_only.py
[2024-04-21T06:45:01.820+0000] {processor.py:840} INFO - DAG(s) 'latest_only' retrieved from /home/airflow/.local/lib/python3.12/site-packages/airflow/example_dags/example_latest_only.py
[2024-04-21T06:45:01.849+0000] {logging_mixin.py:188} INFO - [2024-04-21T06:45:01.849+0000] {dag.py:3096} INFO - Sync 1 DAGs
[2024-04-21T06:45:01.941+0000] {logging_mixin.py:188} INFO - [2024-04-21T06:45:01.941+0000] {dag.py:3954} INFO - Setting next_dagrun for latest_only to 2024-04-21 00:00:00+00:00, run_after=2024-04-21 04:00:00+00:00
[2024-04-21T06:45:01.963+0000] {processor.py:183} INFO - Processing /home/airflow/.local/lib/python3.12/site-packages/airflow/example_dags/example_latest_only.py took 0.162 seconds
[2024-04-21T06:45:32.329+0000] {processor.py:161} INFO - Started process (PID=111) to work on /home/airflow/.local/lib/python3.12/site-packages/airflow/example_dags/example_latest_only.py
[2024-04-21T06:45:32.330+0000] {processor.py:830} INFO - Processing file /home/airflow/.local/lib/python3.12/site-packages/airflow/example_dags/example_latest_only.py for tasks to queue
[2024-04-21T06:45:32.331+0000] {logging_mixin.py:188} INFO - [2024-04-21T06:45:32.331+0000] {dagbag.py:540} INFO - Filling up the DagBag from /home/airflow/.local/lib/python3.12/site-packages/airflow/example_dags/example_latest_only.py
[2024-04-21T06:45:32.335+0000] {processor.py:840} INFO - DAG(s) 'latest_only' retrieved from /home/airflow/.local/lib/python3.12/site-packages/airflow/example_dags/example_latest_only.py
[2024-04-21T06:45:32.341+0000] {logging_mixin.py:188} INFO - [2024-04-21T06:45:32.341+0000] {dag.py:3096} INFO - Sync 1 DAGs
[2024-04-21T06:45:32.353+0000] {logging_mixin.py:188} INFO - [2024-04-21T06:45:32.353+0000] {dag.py:3954} INFO - Setting next_dagrun for latest_only to 2024-04-21 00:00:00+00:00, run_after=2024-04-21 04:00:00+00:00
[2024-04-21T06:45:32.361+0000] {processor.py:183} INFO - Processing /home/airflow/.local/lib/python3.12/site-packages/airflow/example_dags/example_latest_only.py took 0.035 seconds
[2024-04-21T07:09:05.827+0000] {processor.py:161} INFO - Started process (PID=49) to work on /home/airflow/.local/lib/python3.12/site-packages/airflow/example_dags/example_latest_only.py
[2024-04-21T07:09:05.830+0000] {processor.py:830} INFO - Processing file /home/airflow/.local/lib/python3.12/site-packages/airflow/example_dags/example_latest_only.py for tasks to queue
[2024-04-21T07:09:05.833+0000] {logging_mixin.py:188} INFO - [2024-04-21T07:09:05.832+0000] {dagbag.py:540} INFO - Filling up the DagBag from /home/airflow/.local/lib/python3.12/site-packages/airflow/example_dags/example_latest_only.py
[2024-04-21T07:09:05.845+0000] {processor.py:840} INFO - DAG(s) 'latest_only' retrieved from /home/airflow/.local/lib/python3.12/site-packages/airflow/example_dags/example_latest_only.py
[2024-04-21T07:09:05.873+0000] {logging_mixin.py:188} INFO - [2024-04-21T07:09:05.873+0000] {dag.py:3096} INFO - Sync 1 DAGs
[2024-04-21T07:09:05.900+0000] {logging_mixin.py:188} INFO - [2024-04-21T07:09:05.900+0000] {dag.py:3954} INFO - Setting next_dagrun for latest_only to 2024-04-21 00:00:00+00:00, run_after=2024-04-21 04:00:00+00:00
[2024-04-21T07:09:05.941+0000] {processor.py:183} INFO - Processing /home/airflow/.local/lib/python3.12/site-packages/airflow/example_dags/example_latest_only.py took 0.118 seconds
[2024-04-21T07:58:36.720+0000] {processor.py:161} INFO - Started process (PID=50) to work on /home/airflow/.local/lib/python3.12/site-packages/airflow/example_dags/example_latest_only.py
[2024-04-21T07:58:36.722+0000] {processor.py:830} INFO - Processing file /home/airflow/.local/lib/python3.12/site-packages/airflow/example_dags/example_latest_only.py for tasks to queue
[2024-04-21T07:58:36.726+0000] {logging_mixin.py:188} INFO - [2024-04-21T07:58:36.725+0000] {dagbag.py:540} INFO - Filling up the DagBag from /home/airflow/.local/lib/python3.12/site-packages/airflow/example_dags/example_latest_only.py
[2024-04-21T07:58:36.735+0000] {processor.py:840} INFO - DAG(s) 'latest_only' retrieved from /home/airflow/.local/lib/python3.12/site-packages/airflow/example_dags/example_latest_only.py
[2024-04-21T07:58:36.763+0000] {logging_mixin.py:188} INFO - [2024-04-21T07:58:36.763+0000] {dag.py:3096} INFO - Sync 1 DAGs
[2024-04-21T07:58:36.781+0000] {logging_mixin.py:188} INFO - [2024-04-21T07:58:36.781+0000] {dag.py:3954} INFO - Setting next_dagrun for latest_only to 2024-04-21 00:00:00+00:00, run_after=2024-04-21 04:00:00+00:00
[2024-04-21T07:58:36.793+0000] {processor.py:183} INFO - Processing /home/airflow/.local/lib/python3.12/site-packages/airflow/example_dags/example_latest_only.py took 0.080 seconds
[2024-04-21T07:59:07.019+0000] {processor.py:161} INFO - Started process (PID=111) to work on /home/airflow/.local/lib/python3.12/site-packages/airflow/example_dags/example_latest_only.py
[2024-04-21T07:59:07.020+0000] {processor.py:830} INFO - Processing file /home/airflow/.local/lib/python3.12/site-packages/airflow/example_dags/example_latest_only.py for tasks to queue
[2024-04-21T07:59:07.021+0000] {logging_mixin.py:188} INFO - [2024-04-21T07:59:07.021+0000] {dagbag.py:540} INFO - Filling up the DagBag from /home/airflow/.local/lib/python3.12/site-packages/airflow/example_dags/example_latest_only.py
[2024-04-21T07:59:07.025+0000] {processor.py:840} INFO - DAG(s) 'latest_only' retrieved from /home/airflow/.local/lib/python3.12/site-packages/airflow/example_dags/example_latest_only.py
[2024-04-21T07:59:07.085+0000] {logging_mixin.py:188} INFO - [2024-04-21T07:59:07.085+0000] {dag.py:3096} INFO - Sync 1 DAGs
[2024-04-21T07:59:07.096+0000] {logging_mixin.py:188} INFO - [2024-04-21T07:59:07.096+0000] {dag.py:3954} INFO - Setting next_dagrun for latest_only to 2024-04-21 00:00:00+00:00, run_after=2024-04-21 04:00:00+00:00
[2024-04-21T07:59:07.108+0000] {processor.py:183} INFO - Processing /home/airflow/.local/lib/python3.12/site-packages/airflow/example_dags/example_latest_only.py took 0.093 seconds
[2024-04-21T07:59:37.582+0000] {processor.py:161} INFO - Started process (PID=173) to work on /home/airflow/.local/lib/python3.12/site-packages/airflow/example_dags/example_latest_only.py
[2024-04-21T07:59:37.583+0000] {processor.py:830} INFO - Processing file /home/airflow/.local/lib/python3.12/site-packages/airflow/example_dags/example_latest_only.py for tasks to queue
[2024-04-21T07:59:37.584+0000] {logging_mixin.py:188} INFO - [2024-04-21T07:59:37.584+0000] {dagbag.py:540} INFO - Filling up the DagBag from /home/airflow/.local/lib/python3.12/site-packages/airflow/example_dags/example_latest_only.py
[2024-04-21T07:59:37.587+0000] {processor.py:840} INFO - DAG(s) 'latest_only' retrieved from /home/airflow/.local/lib/python3.12/site-packages/airflow/example_dags/example_latest_only.py
[2024-04-21T07:59:37.598+0000] {logging_mixin.py:188} INFO - [2024-04-21T07:59:37.598+0000] {dag.py:3096} INFO - Sync 1 DAGs
[2024-04-21T07:59:37.609+0000] {logging_mixin.py:188} INFO - [2024-04-21T07:59:37.609+0000] {dag.py:3954} INFO - Setting next_dagrun for latest_only to 2024-04-21 00:00:00+00:00, run_after=2024-04-21 04:00:00+00:00
[2024-04-21T07:59:37.617+0000] {processor.py:183} INFO - Processing /home/airflow/.local/lib/python3.12/site-packages/airflow/example_dags/example_latest_only.py took 0.038 seconds
[2024-04-21T08:00:08.250+0000] {processor.py:161} INFO - Started process (PID=234) to work on /home/airflow/.local/lib/python3.12/site-packages/airflow/example_dags/example_latest_only.py
[2024-04-21T08:00:08.251+0000] {processor.py:830} INFO - Processing file /home/airflow/.local/lib/python3.12/site-packages/airflow/example_dags/example_latest_only.py for tasks to queue
[2024-04-21T08:00:08.252+0000] {logging_mixin.py:188} INFO - [2024-04-21T08:00:08.252+0000] {dagbag.py:540} INFO - Filling up the DagBag from /home/airflow/.local/lib/python3.12/site-packages/airflow/example_dags/example_latest_only.py
[2024-04-21T08:00:08.255+0000] {processor.py:840} INFO - DAG(s) 'latest_only' retrieved from /home/airflow/.local/lib/python3.12/site-packages/airflow/example_dags/example_latest_only.py
[2024-04-21T08:00:08.266+0000] {logging_mixin.py:188} INFO - [2024-04-21T08:00:08.266+0000] {dag.py:3096} INFO - Sync 1 DAGs
[2024-04-21T08:00:08.277+0000] {logging_mixin.py:188} INFO - [2024-04-21T08:00:08.277+0000] {dag.py:3954} INFO - Setting next_dagrun for latest_only to 2024-04-21 04:00:00+00:00, run_after=2024-04-21 08:00:00+00:00
[2024-04-21T08:00:08.286+0000] {processor.py:183} INFO - Processing /home/airflow/.local/lib/python3.12/site-packages/airflow/example_dags/example_latest_only.py took 0.039 seconds
[2024-04-21T08:00:39.675+0000] {processor.py:161} INFO - Started process (PID=298) to work on /home/airflow/.local/lib/python3.12/site-packages/airflow/example_dags/example_latest_only.py
[2024-04-21T08:00:39.675+0000] {processor.py:830} INFO - Processing file /home/airflow/.local/lib/python3.12/site-packages/airflow/example_dags/example_latest_only.py for tasks to queue
[2024-04-21T08:00:39.676+0000] {logging_mixin.py:188} INFO - [2024-04-21T08:00:39.676+0000] {dagbag.py:540} INFO - Filling up the DagBag from /home/airflow/.local/lib/python3.12/site-packages/airflow/example_dags/example_latest_only.py
[2024-04-21T08:00:39.680+0000] {processor.py:840} INFO - DAG(s) 'latest_only' retrieved from /home/airflow/.local/lib/python3.12/site-packages/airflow/example_dags/example_latest_only.py
[2024-04-21T08:00:39.691+0000] {logging_mixin.py:188} INFO - [2024-04-21T08:00:39.691+0000] {dag.py:3096} INFO - Sync 1 DAGs
[2024-04-21T08:00:39.702+0000] {logging_mixin.py:188} INFO - [2024-04-21T08:00:39.702+0000] {dag.py:3954} INFO - Setting next_dagrun for latest_only to 2024-04-21 04:00:00+00:00, run_after=2024-04-21 08:00:00+00:00
[2024-04-21T08:00:39.713+0000] {processor.py:183} INFO - Processing /home/airflow/.local/lib/python3.12/site-packages/airflow/example_dags/example_latest_only.py took 0.041 seconds
[2024-04-21T08:01:09.998+0000] {processor.py:161} INFO - Started process (PID=360) to work on /home/airflow/.local/lib/python3.12/site-packages/airflow/example_dags/example_latest_only.py
[2024-04-21T08:01:09.999+0000] {processor.py:830} INFO - Processing file /home/airflow/.local/lib/python3.12/site-packages/airflow/example_dags/example_latest_only.py for tasks to queue
[2024-04-21T08:01:10.000+0000] {logging_mixin.py:188} INFO - [2024-04-21T08:01:10.000+0000] {dagbag.py:540} INFO - Filling up the DagBag from /home/airflow/.local/lib/python3.12/site-packages/airflow/example_dags/example_latest_only.py
[2024-04-21T08:01:10.003+0000] {processor.py:840} INFO - DAG(s) 'latest_only' retrieved from /home/airflow/.local/lib/python3.12/site-packages/airflow/example_dags/example_latest_only.py
[2024-04-21T08:01:10.013+0000] {logging_mixin.py:188} INFO - [2024-04-21T08:01:10.013+0000] {dag.py:3096} INFO - Sync 1 DAGs
[2024-04-21T08:01:10.022+0000] {logging_mixin.py:188} INFO - [2024-04-21T08:01:10.022+0000] {dag.py:3954} INFO - Setting next_dagrun for latest_only to 2024-04-21 04:00:00+00:00, run_after=2024-04-21 08:00:00+00:00
[2024-04-21T08:01:10.031+0000] {processor.py:183} INFO - Processing /home/airflow/.local/lib/python3.12/site-packages/airflow/example_dags/example_latest_only.py took 0.035 seconds
[2024-04-21T08:05:54.659+0000] {processor.py:161} INFO - Started process (PID=416) to work on /home/airflow/.local/lib/python3.12/site-packages/airflow/example_dags/example_latest_only.py
[2024-04-21T08:05:54.660+0000] {processor.py:830} INFO - Processing file /home/airflow/.local/lib/python3.12/site-packages/airflow/example_dags/example_latest_only.py for tasks to queue
[2024-04-21T08:05:54.662+0000] {logging_mixin.py:188} INFO - [2024-04-21T08:05:54.662+0000] {dagbag.py:540} INFO - Filling up the DagBag from /home/airflow/.local/lib/python3.12/site-packages/airflow/example_dags/example_latest_only.py
[2024-04-21T08:05:54.665+0000] {processor.py:840} INFO - DAG(s) 'latest_only' retrieved from /home/airflow/.local/lib/python3.12/site-packages/airflow/example_dags/example_latest_only.py
[2024-04-21T08:05:54.677+0000] {logging_mixin.py:188} INFO - [2024-04-21T08:05:54.676+0000] {dag.py:3096} INFO - Sync 1 DAGs
[2024-04-21T08:05:54.688+0000] {logging_mixin.py:188} INFO - [2024-04-21T08:05:54.687+0000] {dag.py:3954} INFO - Setting next_dagrun for latest_only to 2024-04-21 04:00:00+00:00, run_after=2024-04-21 08:00:00+00:00
[2024-04-21T08:05:54.696+0000] {processor.py:183} INFO - Processing /home/airflow/.local/lib/python3.12/site-packages/airflow/example_dags/example_latest_only.py took 0.040 seconds
[2024-04-21T08:19:25.663+0000] {processor.py:161} INFO - Started process (PID=50) to work on /home/airflow/.local/lib/python3.12/site-packages/airflow/example_dags/example_latest_only.py
[2024-04-21T08:19:25.665+0000] {processor.py:830} INFO - Processing file /home/airflow/.local/lib/python3.12/site-packages/airflow/example_dags/example_latest_only.py for tasks to queue
[2024-04-21T08:19:25.670+0000] {logging_mixin.py:188} INFO - [2024-04-21T08:19:25.669+0000] {dagbag.py:540} INFO - Filling up the DagBag from /home/airflow/.local/lib/python3.12/site-packages/airflow/example_dags/example_latest_only.py
[2024-04-21T08:19:25.687+0000] {processor.py:840} INFO - DAG(s) 'latest_only' retrieved from /home/airflow/.local/lib/python3.12/site-packages/airflow/example_dags/example_latest_only.py
[2024-04-21T08:19:25.710+0000] {logging_mixin.py:188} INFO - [2024-04-21T08:19:25.710+0000] {dag.py:3096} INFO - Sync 1 DAGs
[2024-04-21T08:19:25.731+0000] {logging_mixin.py:188} INFO - [2024-04-21T08:19:25.731+0000] {dag.py:3954} INFO - Setting next_dagrun for latest_only to 2024-04-21 04:00:00+00:00, run_after=2024-04-21 08:00:00+00:00
[2024-04-21T08:19:25.769+0000] {processor.py:183} INFO - Processing /home/airflow/.local/lib/python3.12/site-packages/airflow/example_dags/example_latest_only.py took 0.109 seconds
[2024-04-21T08:19:56.109+0000] {processor.py:161} INFO - Started process (PID=111) to work on /home/airflow/.local/lib/python3.12/site-packages/airflow/example_dags/example_latest_only.py
[2024-04-21T08:19:56.110+0000] {processor.py:830} INFO - Processing file /home/airflow/.local/lib/python3.12/site-packages/airflow/example_dags/example_latest_only.py for tasks to queue
[2024-04-21T08:19:56.111+0000] {logging_mixin.py:188} INFO - [2024-04-21T08:19:56.111+0000] {dagbag.py:540} INFO - Filling up the DagBag from /home/airflow/.local/lib/python3.12/site-packages/airflow/example_dags/example_latest_only.py
[2024-04-21T08:19:56.116+0000] {processor.py:840} INFO - DAG(s) 'latest_only' retrieved from /home/airflow/.local/lib/python3.12/site-packages/airflow/example_dags/example_latest_only.py
[2024-04-21T08:19:56.176+0000] {logging_mixin.py:188} INFO - [2024-04-21T08:19:56.176+0000] {dag.py:3096} INFO - Sync 1 DAGs
[2024-04-21T08:19:56.187+0000] {logging_mixin.py:188} INFO - [2024-04-21T08:19:56.187+0000] {dag.py:3954} INFO - Setting next_dagrun for latest_only to 2024-04-21 04:00:00+00:00, run_after=2024-04-21 08:00:00+00:00
[2024-04-21T08:19:56.200+0000] {processor.py:183} INFO - Processing /home/airflow/.local/lib/python3.12/site-packages/airflow/example_dags/example_latest_only.py took 0.095 seconds
[2024-04-21T08:20:26.354+0000] {processor.py:161} INFO - Started process (PID=173) to work on /home/airflow/.local/lib/python3.12/site-packages/airflow/example_dags/example_latest_only.py
[2024-04-21T08:20:26.354+0000] {processor.py:830} INFO - Processing file /home/airflow/.local/lib/python3.12/site-packages/airflow/example_dags/example_latest_only.py for tasks to queue
[2024-04-21T08:20:26.355+0000] {logging_mixin.py:188} INFO - [2024-04-21T08:20:26.355+0000] {dagbag.py:540} INFO - Filling up the DagBag from /home/airflow/.local/lib/python3.12/site-packages/airflow/example_dags/example_latest_only.py
[2024-04-21T08:20:26.358+0000] {processor.py:840} INFO - DAG(s) 'latest_only' retrieved from /home/airflow/.local/lib/python3.12/site-packages/airflow/example_dags/example_latest_only.py
[2024-04-21T08:20:26.368+0000] {logging_mixin.py:188} INFO - [2024-04-21T08:20:26.368+0000] {dag.py:3096} INFO - Sync 1 DAGs
[2024-04-21T08:20:26.381+0000] {logging_mixin.py:188} INFO - [2024-04-21T08:20:26.381+0000] {dag.py:3954} INFO - Setting next_dagrun for latest_only to 2024-04-21 04:00:00+00:00, run_after=2024-04-21 08:00:00+00:00
[2024-04-21T08:20:26.389+0000] {processor.py:183} INFO - Processing /home/airflow/.local/lib/python3.12/site-packages/airflow/example_dags/example_latest_only.py took 0.038 seconds
[2024-04-21T08:20:57.461+0000] {processor.py:161} INFO - Started process (PID=236) to work on /home/airflow/.local/lib/python3.12/site-packages/airflow/example_dags/example_latest_only.py
[2024-04-21T08:20:57.461+0000] {processor.py:830} INFO - Processing file /home/airflow/.local/lib/python3.12/site-packages/airflow/example_dags/example_latest_only.py for tasks to queue
[2024-04-21T08:20:57.463+0000] {logging_mixin.py:188} INFO - [2024-04-21T08:20:57.462+0000] {dagbag.py:540} INFO - Filling up the DagBag from /home/airflow/.local/lib/python3.12/site-packages/airflow/example_dags/example_latest_only.py
[2024-04-21T08:20:57.465+0000] {processor.py:840} INFO - DAG(s) 'latest_only' retrieved from /home/airflow/.local/lib/python3.12/site-packages/airflow/example_dags/example_latest_only.py
[2024-04-21T08:20:57.478+0000] {logging_mixin.py:188} INFO - [2024-04-21T08:20:57.477+0000] {dag.py:3096} INFO - Sync 1 DAGs
[2024-04-21T08:20:57.489+0000] {logging_mixin.py:188} INFO - [2024-04-21T08:20:57.488+0000] {dag.py:3954} INFO - Setting next_dagrun for latest_only to 2024-04-21 04:00:00+00:00, run_after=2024-04-21 08:00:00+00:00
[2024-04-21T08:20:57.497+0000] {processor.py:183} INFO - Processing /home/airflow/.local/lib/python3.12/site-packages/airflow/example_dags/example_latest_only.py took 0.040 seconds
[2024-04-21T08:21:27.783+0000] {processor.py:161} INFO - Started process (PID=300) to work on /home/airflow/.local/lib/python3.12/site-packages/airflow/example_dags/example_latest_only.py
[2024-04-21T08:21:27.784+0000] {processor.py:830} INFO - Processing file /home/airflow/.local/lib/python3.12/site-packages/airflow/example_dags/example_latest_only.py for tasks to queue
[2024-04-21T08:21:27.785+0000] {logging_mixin.py:188} INFO - [2024-04-21T08:21:27.785+0000] {dagbag.py:540} INFO - Filling up the DagBag from /home/airflow/.local/lib/python3.12/site-packages/airflow/example_dags/example_latest_only.py
[2024-04-21T08:21:27.788+0000] {processor.py:840} INFO - DAG(s) 'latest_only' retrieved from /home/airflow/.local/lib/python3.12/site-packages/airflow/example_dags/example_latest_only.py
[2024-04-21T08:21:27.798+0000] {logging_mixin.py:188} INFO - [2024-04-21T08:21:27.798+0000] {dag.py:3096} INFO - Sync 1 DAGs
[2024-04-21T08:21:27.807+0000] {logging_mixin.py:188} INFO - [2024-04-21T08:21:27.807+0000] {dag.py:3954} INFO - Setting next_dagrun for latest_only to 2024-04-21 04:00:00+00:00, run_after=2024-04-21 08:00:00+00:00
[2024-04-21T08:21:27.816+0000] {processor.py:183} INFO - Processing /home/airflow/.local/lib/python3.12/site-packages/airflow/example_dags/example_latest_only.py took 0.036 seconds
[2024-04-21T08:21:58.457+0000] {processor.py:161} INFO - Started process (PID=361) to work on /home/airflow/.local/lib/python3.12/site-packages/airflow/example_dags/example_latest_only.py
[2024-04-21T08:21:58.458+0000] {processor.py:830} INFO - Processing file /home/airflow/.local/lib/python3.12/site-packages/airflow/example_dags/example_latest_only.py for tasks to queue
[2024-04-21T08:21:58.459+0000] {logging_mixin.py:188} INFO - [2024-04-21T08:21:58.459+0000] {dagbag.py:540} INFO - Filling up the DagBag from /home/airflow/.local/lib/python3.12/site-packages/airflow/example_dags/example_latest_only.py
[2024-04-21T08:21:58.463+0000] {processor.py:840} INFO - DAG(s) 'latest_only' retrieved from /home/airflow/.local/lib/python3.12/site-packages/airflow/example_dags/example_latest_only.py
[2024-04-21T08:21:58.479+0000] {logging_mixin.py:188} INFO - [2024-04-21T08:21:58.478+0000] {dag.py:3096} INFO - Sync 1 DAGs
[2024-04-21T08:21:58.492+0000] {logging_mixin.py:188} INFO - [2024-04-21T08:21:58.491+0000] {dag.py:3954} INFO - Setting next_dagrun for latest_only to 2024-04-21 04:00:00+00:00, run_after=2024-04-21 08:00:00+00:00
[2024-04-21T08:21:58.503+0000] {processor.py:183} INFO - Processing /home/airflow/.local/lib/python3.12/site-packages/airflow/example_dags/example_latest_only.py took 0.050 seconds
[2024-04-21T08:22:29.447+0000] {processor.py:161} INFO - Started process (PID=423) to work on /home/airflow/.local/lib/python3.12/site-packages/airflow/example_dags/example_latest_only.py
[2024-04-21T08:22:29.447+0000] {processor.py:830} INFO - Processing file /home/airflow/.local/lib/python3.12/site-packages/airflow/example_dags/example_latest_only.py for tasks to queue
[2024-04-21T08:22:29.448+0000] {logging_mixin.py:188} INFO - [2024-04-21T08:22:29.448+0000] {dagbag.py:540} INFO - Filling up the DagBag from /home/airflow/.local/lib/python3.12/site-packages/airflow/example_dags/example_latest_only.py
[2024-04-21T08:22:29.451+0000] {processor.py:840} INFO - DAG(s) 'latest_only' retrieved from /home/airflow/.local/lib/python3.12/site-packages/airflow/example_dags/example_latest_only.py
[2024-04-21T08:22:29.462+0000] {logging_mixin.py:188} INFO - [2024-04-21T08:22:29.462+0000] {dag.py:3096} INFO - Sync 1 DAGs
[2024-04-21T08:22:29.471+0000] {logging_mixin.py:188} INFO - [2024-04-21T08:22:29.471+0000] {dag.py:3954} INFO - Setting next_dagrun for latest_only to 2024-04-21 04:00:00+00:00, run_after=2024-04-21 08:00:00+00:00
[2024-04-21T08:22:29.480+0000] {processor.py:183} INFO - Processing /home/airflow/.local/lib/python3.12/site-packages/airflow/example_dags/example_latest_only.py took 0.036 seconds
[2024-04-21T08:23:00.760+0000] {processor.py:161} INFO - Started process (PID=485) to work on /home/airflow/.local/lib/python3.12/site-packages/airflow/example_dags/example_latest_only.py
[2024-04-21T08:23:00.761+0000] {processor.py:830} INFO - Processing file /home/airflow/.local/lib/python3.12/site-packages/airflow/example_dags/example_latest_only.py for tasks to queue
[2024-04-21T08:23:00.762+0000] {logging_mixin.py:188} INFO - [2024-04-21T08:23:00.762+0000] {dagbag.py:540} INFO - Filling up the DagBag from /home/airflow/.local/lib/python3.12/site-packages/airflow/example_dags/example_latest_only.py
[2024-04-21T08:23:00.765+0000] {processor.py:840} INFO - DAG(s) 'latest_only' retrieved from /home/airflow/.local/lib/python3.12/site-packages/airflow/example_dags/example_latest_only.py
[2024-04-21T08:23:00.775+0000] {logging_mixin.py:188} INFO - [2024-04-21T08:23:00.775+0000] {dag.py:3096} INFO - Sync 1 DAGs
[2024-04-21T08:23:00.786+0000] {logging_mixin.py:188} INFO - [2024-04-21T08:23:00.786+0000] {dag.py:3954} INFO - Setting next_dagrun for latest_only to 2024-04-21 04:00:00+00:00, run_after=2024-04-21 08:00:00+00:00
[2024-04-21T08:23:00.794+0000] {processor.py:183} INFO - Processing /home/airflow/.local/lib/python3.12/site-packages/airflow/example_dags/example_latest_only.py took 0.037 seconds
[2024-04-21T08:23:31.895+0000] {processor.py:161} INFO - Started process (PID=547) to work on /home/airflow/.local/lib/python3.12/site-packages/airflow/example_dags/example_latest_only.py
[2024-04-21T08:23:31.898+0000] {processor.py:830} INFO - Processing file /home/airflow/.local/lib/python3.12/site-packages/airflow/example_dags/example_latest_only.py for tasks to queue
[2024-04-21T08:23:31.904+0000] {logging_mixin.py:188} INFO - [2024-04-21T08:23:31.903+0000] {dagbag.py:540} INFO - Filling up the DagBag from /home/airflow/.local/lib/python3.12/site-packages/airflow/example_dags/example_latest_only.py
[2024-04-21T08:23:31.915+0000] {processor.py:840} INFO - DAG(s) 'latest_only' retrieved from /home/airflow/.local/lib/python3.12/site-packages/airflow/example_dags/example_latest_only.py
[2024-04-21T08:23:31.948+0000] {logging_mixin.py:188} INFO - [2024-04-21T08:23:31.947+0000] {dag.py:3096} INFO - Sync 1 DAGs
[2024-04-21T08:23:31.965+0000] {logging_mixin.py:188} INFO - [2024-04-21T08:23:31.965+0000] {dag.py:3954} INFO - Setting next_dagrun for latest_only to 2024-04-21 04:00:00+00:00, run_after=2024-04-21 08:00:00+00:00
[2024-04-21T08:23:31.979+0000] {processor.py:183} INFO - Processing /home/airflow/.local/lib/python3.12/site-packages/airflow/example_dags/example_latest_only.py took 0.098 seconds
[2024-04-21T08:24:02.607+0000] {processor.py:161} INFO - Started process (PID=609) to work on /home/airflow/.local/lib/python3.12/site-packages/airflow/example_dags/example_latest_only.py
[2024-04-21T08:24:02.607+0000] {processor.py:830} INFO - Processing file /home/airflow/.local/lib/python3.12/site-packages/airflow/example_dags/example_latest_only.py for tasks to queue
[2024-04-21T08:24:02.608+0000] {logging_mixin.py:188} INFO - [2024-04-21T08:24:02.608+0000] {dagbag.py:540} INFO - Filling up the DagBag from /home/airflow/.local/lib/python3.12/site-packages/airflow/example_dags/example_latest_only.py
[2024-04-21T08:24:02.611+0000] {processor.py:840} INFO - DAG(s) 'latest_only' retrieved from /home/airflow/.local/lib/python3.12/site-packages/airflow/example_dags/example_latest_only.py
[2024-04-21T08:24:02.622+0000] {logging_mixin.py:188} INFO - [2024-04-21T08:24:02.622+0000] {dag.py:3096} INFO - Sync 1 DAGs
[2024-04-21T08:24:02.633+0000] {logging_mixin.py:188} INFO - [2024-04-21T08:24:02.633+0000] {dag.py:3954} INFO - Setting next_dagrun for latest_only to 2024-04-21 04:00:00+00:00, run_after=2024-04-21 08:00:00+00:00
[2024-04-21T08:24:02.642+0000] {processor.py:183} INFO - Processing /home/airflow/.local/lib/python3.12/site-packages/airflow/example_dags/example_latest_only.py took 0.039 seconds
[2024-04-21T08:24:33.100+0000] {processor.py:161} INFO - Started process (PID=671) to work on /home/airflow/.local/lib/python3.12/site-packages/airflow/example_dags/example_latest_only.py
[2024-04-21T08:24:33.102+0000] {processor.py:830} INFO - Processing file /home/airflow/.local/lib/python3.12/site-packages/airflow/example_dags/example_latest_only.py for tasks to queue
[2024-04-21T08:24:33.104+0000] {logging_mixin.py:188} INFO - [2024-04-21T08:24:33.103+0000] {dagbag.py:540} INFO - Filling up the DagBag from /home/airflow/.local/lib/python3.12/site-packages/airflow/example_dags/example_latest_only.py
[2024-04-21T08:24:33.106+0000] {processor.py:840} INFO - DAG(s) 'latest_only' retrieved from /home/airflow/.local/lib/python3.12/site-packages/airflow/example_dags/example_latest_only.py
[2024-04-21T08:24:33.117+0000] {logging_mixin.py:188} INFO - [2024-04-21T08:24:33.117+0000] {dag.py:3096} INFO - Sync 1 DAGs
[2024-04-21T08:24:33.127+0000] {logging_mixin.py:188} INFO - [2024-04-21T08:24:33.127+0000] {dag.py:3954} INFO - Setting next_dagrun for latest_only to 2024-04-21 04:00:00+00:00, run_after=2024-04-21 08:00:00+00:00
[2024-04-21T08:24:33.136+0000] {processor.py:183} INFO - Processing /home/airflow/.local/lib/python3.12/site-packages/airflow/example_dags/example_latest_only.py took 0.038 seconds
[2024-04-21T08:25:04.298+0000] {processor.py:161} INFO - Started process (PID=732) to work on /home/airflow/.local/lib/python3.12/site-packages/airflow/example_dags/example_latest_only.py
[2024-04-21T08:25:04.299+0000] {processor.py:830} INFO - Processing file /home/airflow/.local/lib/python3.12/site-packages/airflow/example_dags/example_latest_only.py for tasks to queue
[2024-04-21T08:25:04.301+0000] {logging_mixin.py:188} INFO - [2024-04-21T08:25:04.300+0000] {dagbag.py:540} INFO - Filling up the DagBag from /home/airflow/.local/lib/python3.12/site-packages/airflow/example_dags/example_latest_only.py
[2024-04-21T08:25:04.304+0000] {processor.py:840} INFO - DAG(s) 'latest_only' retrieved from /home/airflow/.local/lib/python3.12/site-packages/airflow/example_dags/example_latest_only.py
[2024-04-21T08:25:04.319+0000] {logging_mixin.py:188} INFO - [2024-04-21T08:25:04.319+0000] {dag.py:3096} INFO - Sync 1 DAGs
[2024-04-21T08:25:04.332+0000] {logging_mixin.py:188} INFO - [2024-04-21T08:25:04.332+0000] {dag.py:3954} INFO - Setting next_dagrun for latest_only to 2024-04-21 04:00:00+00:00, run_after=2024-04-21 08:00:00+00:00
[2024-04-21T08:25:04.344+0000] {processor.py:183} INFO - Processing /home/airflow/.local/lib/python3.12/site-packages/airflow/example_dags/example_latest_only.py took 0.050 seconds
[2024-04-21T08:25:35.355+0000] {processor.py:161} INFO - Started process (PID=794) to work on /home/airflow/.local/lib/python3.12/site-packages/airflow/example_dags/example_latest_only.py
[2024-04-21T08:25:35.356+0000] {processor.py:830} INFO - Processing file /home/airflow/.local/lib/python3.12/site-packages/airflow/example_dags/example_latest_only.py for tasks to queue
[2024-04-21T08:25:35.357+0000] {logging_mixin.py:188} INFO - [2024-04-21T08:25:35.357+0000] {dagbag.py:540} INFO - Filling up the DagBag from /home/airflow/.local/lib/python3.12/site-packages/airflow/example_dags/example_latest_only.py
[2024-04-21T08:25:35.362+0000] {processor.py:840} INFO - DAG(s) 'latest_only' retrieved from /home/airflow/.local/lib/python3.12/site-packages/airflow/example_dags/example_latest_only.py
[2024-04-21T08:25:35.376+0000] {logging_mixin.py:188} INFO - [2024-04-21T08:25:35.376+0000] {dag.py:3096} INFO - Sync 1 DAGs
[2024-04-21T08:25:35.389+0000] {logging_mixin.py:188} INFO - [2024-04-21T08:25:35.389+0000] {dag.py:3954} INFO - Setting next_dagrun for latest_only to 2024-04-21 04:00:00+00:00, run_after=2024-04-21 08:00:00+00:00
[2024-04-21T08:25:35.400+0000] {processor.py:183} INFO - Processing /home/airflow/.local/lib/python3.12/site-packages/airflow/example_dags/example_latest_only.py took 0.050 seconds
[2024-04-21T08:26:05.835+0000] {processor.py:161} INFO - Started process (PID=856) to work on /home/airflow/.local/lib/python3.12/site-packages/airflow/example_dags/example_latest_only.py
[2024-04-21T08:26:05.836+0000] {processor.py:830} INFO - Processing file /home/airflow/.local/lib/python3.12/site-packages/airflow/example_dags/example_latest_only.py for tasks to queue
[2024-04-21T08:26:05.837+0000] {logging_mixin.py:188} INFO - [2024-04-21T08:26:05.837+0000] {dagbag.py:540} INFO - Filling up the DagBag from /home/airflow/.local/lib/python3.12/site-packages/airflow/example_dags/example_latest_only.py
[2024-04-21T08:26:05.840+0000] {processor.py:840} INFO - DAG(s) 'latest_only' retrieved from /home/airflow/.local/lib/python3.12/site-packages/airflow/example_dags/example_latest_only.py
[2024-04-21T08:26:05.853+0000] {logging_mixin.py:188} INFO - [2024-04-21T08:26:05.853+0000] {dag.py:3096} INFO - Sync 1 DAGs
[2024-04-21T08:26:05.869+0000] {logging_mixin.py:188} INFO - [2024-04-21T08:26:05.869+0000] {dag.py:3954} INFO - Setting next_dagrun for latest_only to 2024-04-21 04:00:00+00:00, run_after=2024-04-21 08:00:00+00:00
[2024-04-21T08:26:05.883+0000] {processor.py:183} INFO - Processing /home/airflow/.local/lib/python3.12/site-packages/airflow/example_dags/example_latest_only.py took 0.051 seconds
[2024-04-21T08:26:36.232+0000] {processor.py:161} INFO - Started process (PID=918) to work on /home/airflow/.local/lib/python3.12/site-packages/airflow/example_dags/example_latest_only.py
[2024-04-21T08:26:36.232+0000] {processor.py:830} INFO - Processing file /home/airflow/.local/lib/python3.12/site-packages/airflow/example_dags/example_latest_only.py for tasks to queue
[2024-04-21T08:26:36.233+0000] {logging_mixin.py:188} INFO - [2024-04-21T08:26:36.233+0000] {dagbag.py:540} INFO - Filling up the DagBag from /home/airflow/.local/lib/python3.12/site-packages/airflow/example_dags/example_latest_only.py
[2024-04-21T08:26:36.236+0000] {processor.py:840} INFO - DAG(s) 'latest_only' retrieved from /home/airflow/.local/lib/python3.12/site-packages/airflow/example_dags/example_latest_only.py
[2024-04-21T08:26:36.247+0000] {logging_mixin.py:188} INFO - [2024-04-21T08:26:36.247+0000] {dag.py:3096} INFO - Sync 1 DAGs
[2024-04-21T08:26:36.262+0000] {logging_mixin.py:188} INFO - [2024-04-21T08:26:36.262+0000] {dag.py:3954} INFO - Setting next_dagrun for latest_only to 2024-04-21 04:00:00+00:00, run_after=2024-04-21 08:00:00+00:00
[2024-04-21T08:26:36.275+0000] {processor.py:183} INFO - Processing /home/airflow/.local/lib/python3.12/site-packages/airflow/example_dags/example_latest_only.py took 0.046 seconds
[2024-04-21T08:27:06.876+0000] {processor.py:161} INFO - Started process (PID=980) to work on /home/airflow/.local/lib/python3.12/site-packages/airflow/example_dags/example_latest_only.py
[2024-04-21T08:27:06.877+0000] {processor.py:830} INFO - Processing file /home/airflow/.local/lib/python3.12/site-packages/airflow/example_dags/example_latest_only.py for tasks to queue
[2024-04-21T08:27:06.878+0000] {logging_mixin.py:188} INFO - [2024-04-21T08:27:06.878+0000] {dagbag.py:540} INFO - Filling up the DagBag from /home/airflow/.local/lib/python3.12/site-packages/airflow/example_dags/example_latest_only.py
[2024-04-21T08:27:06.881+0000] {processor.py:840} INFO - DAG(s) 'latest_only' retrieved from /home/airflow/.local/lib/python3.12/site-packages/airflow/example_dags/example_latest_only.py
[2024-04-21T08:27:06.895+0000] {logging_mixin.py:188} INFO - [2024-04-21T08:27:06.894+0000] {dag.py:3096} INFO - Sync 1 DAGs
[2024-04-21T08:27:06.908+0000] {logging_mixin.py:188} INFO - [2024-04-21T08:27:06.908+0000] {dag.py:3954} INFO - Setting next_dagrun for latest_only to 2024-04-21 04:00:00+00:00, run_after=2024-04-21 08:00:00+00:00
[2024-04-21T08:27:06.920+0000] {processor.py:183} INFO - Processing /home/airflow/.local/lib/python3.12/site-packages/airflow/example_dags/example_latest_only.py took 0.046 seconds
