[2024-04-21T06:45:03.468+0000] {processor.py:161} INFO - Started process (PID=73) to work on /home/airflow/.local/lib/python3.12/site-packages/airflow/example_dags/example_setup_teardown.py
[2024-04-21T06:45:03.469+0000] {processor.py:830} INFO - Processing file /home/airflow/.local/lib/python3.12/site-packages/airflow/example_dags/example_setup_teardown.py for tasks to queue
[2024-04-21T06:45:03.470+0000] {logging_mixin.py:188} INFO - [2024-04-21T06:45:03.470+0000] {dagbag.py:540} INFO - Filling up the DagBag from /home/airflow/.local/lib/python3.12/site-packages/airflow/example_dags/example_setup_teardown.py
[2024-04-21T06:45:03.475+0000] {processor.py:840} INFO - DAG(s) 'example_setup_teardown' retrieved from /home/airflow/.local/lib/python3.12/site-packages/airflow/example_dags/example_setup_teardown.py
[2024-04-21T06:45:03.487+0000] {logging_mixin.py:188} INFO - [2024-04-21T06:45:03.487+0000] {dag.py:3096} INFO - Sync 1 DAGs
[2024-04-21T06:45:03.501+0000] {logging_mixin.py:188} INFO - [2024-04-21T06:45:03.501+0000] {dag.py:3954} INFO - Setting next_dagrun for example_setup_teardown to 2024-04-20 00:00:00+00:00, run_after=2024-04-21 00:00:00+00:00
[2024-04-21T06:45:03.513+0000] {processor.py:183} INFO - Processing /home/airflow/.local/lib/python3.12/site-packages/airflow/example_dags/example_setup_teardown.py took 0.049 seconds
[2024-04-21T06:45:33.919+0000] {processor.py:161} INFO - Started process (PID=134) to work on /home/airflow/.local/lib/python3.12/site-packages/airflow/example_dags/example_setup_teardown.py
[2024-04-21T06:45:33.919+0000] {processor.py:830} INFO - Processing file /home/airflow/.local/lib/python3.12/site-packages/airflow/example_dags/example_setup_teardown.py for tasks to queue
[2024-04-21T06:45:33.920+0000] {logging_mixin.py:188} INFO - [2024-04-21T06:45:33.920+0000] {dagbag.py:540} INFO - Filling up the DagBag from /home/airflow/.local/lib/python3.12/site-packages/airflow/example_dags/example_setup_teardown.py
[2024-04-21T06:45:33.924+0000] {processor.py:840} INFO - DAG(s) 'example_setup_teardown' retrieved from /home/airflow/.local/lib/python3.12/site-packages/airflow/example_dags/example_setup_teardown.py
[2024-04-21T06:45:33.930+0000] {logging_mixin.py:188} INFO - [2024-04-21T06:45:33.930+0000] {dag.py:3096} INFO - Sync 1 DAGs
[2024-04-21T06:45:33.941+0000] {logging_mixin.py:188} INFO - [2024-04-21T06:45:33.941+0000] {dag.py:3954} INFO - Setting next_dagrun for example_setup_teardown to 2024-04-20 00:00:00+00:00, run_after=2024-04-21 00:00:00+00:00
[2024-04-21T06:45:33.949+0000] {processor.py:183} INFO - Processing /home/airflow/.local/lib/python3.12/site-packages/airflow/example_dags/example_setup_teardown.py took 0.035 seconds
[2024-04-21T07:09:07.027+0000] {processor.py:161} INFO - Started process (PID=72) to work on /home/airflow/.local/lib/python3.12/site-packages/airflow/example_dags/example_setup_teardown.py
[2024-04-21T07:09:07.028+0000] {processor.py:830} INFO - Processing file /home/airflow/.local/lib/python3.12/site-packages/airflow/example_dags/example_setup_teardown.py for tasks to queue
[2024-04-21T07:09:07.029+0000] {logging_mixin.py:188} INFO - [2024-04-21T07:09:07.029+0000] {dagbag.py:540} INFO - Filling up the DagBag from /home/airflow/.local/lib/python3.12/site-packages/airflow/example_dags/example_setup_teardown.py
[2024-04-21T07:09:07.036+0000] {processor.py:840} INFO - DAG(s) 'example_setup_teardown' retrieved from /home/airflow/.local/lib/python3.12/site-packages/airflow/example_dags/example_setup_teardown.py
[2024-04-21T07:09:07.052+0000] {logging_mixin.py:188} INFO - [2024-04-21T07:09:07.051+0000] {dag.py:3096} INFO - Sync 1 DAGs
[2024-04-21T07:09:07.065+0000] {logging_mixin.py:188} INFO - [2024-04-21T07:09:07.065+0000] {dag.py:3954} INFO - Setting next_dagrun for example_setup_teardown to 2024-04-20 00:00:00+00:00, run_after=2024-04-21 00:00:00+00:00
[2024-04-21T07:09:07.082+0000] {processor.py:183} INFO - Processing /home/airflow/.local/lib/python3.12/site-packages/airflow/example_dags/example_setup_teardown.py took 0.059 seconds
[2024-04-21T07:58:38.251+0000] {processor.py:161} INFO - Started process (PID=73) to work on /home/airflow/.local/lib/python3.12/site-packages/airflow/example_dags/example_setup_teardown.py
[2024-04-21T07:58:38.254+0000] {processor.py:830} INFO - Processing file /home/airflow/.local/lib/python3.12/site-packages/airflow/example_dags/example_setup_teardown.py for tasks to queue
[2024-04-21T07:58:38.255+0000] {logging_mixin.py:188} INFO - [2024-04-21T07:58:38.255+0000] {dagbag.py:540} INFO - Filling up the DagBag from /home/airflow/.local/lib/python3.12/site-packages/airflow/example_dags/example_setup_teardown.py
[2024-04-21T07:58:38.261+0000] {processor.py:840} INFO - DAG(s) 'example_setup_teardown' retrieved from /home/airflow/.local/lib/python3.12/site-packages/airflow/example_dags/example_setup_teardown.py
[2024-04-21T07:58:38.270+0000] {logging_mixin.py:188} INFO - [2024-04-21T07:58:38.270+0000] {dag.py:3096} INFO - Sync 1 DAGs
[2024-04-21T07:58:38.286+0000] {logging_mixin.py:188} INFO - [2024-04-21T07:58:38.286+0000] {dag.py:3954} INFO - Setting next_dagrun for example_setup_teardown to 2024-04-20 00:00:00+00:00, run_after=2024-04-21 00:00:00+00:00
[2024-04-21T07:58:38.300+0000] {processor.py:183} INFO - Processing /home/airflow/.local/lib/python3.12/site-packages/airflow/example_dags/example_setup_teardown.py took 0.053 seconds
[2024-04-21T07:59:08.702+0000] {processor.py:161} INFO - Started process (PID=134) to work on /home/airflow/.local/lib/python3.12/site-packages/airflow/example_dags/example_setup_teardown.py
[2024-04-21T07:59:08.703+0000] {processor.py:830} INFO - Processing file /home/airflow/.local/lib/python3.12/site-packages/airflow/example_dags/example_setup_teardown.py for tasks to queue
[2024-04-21T07:59:08.704+0000] {logging_mixin.py:188} INFO - [2024-04-21T07:59:08.704+0000] {dagbag.py:540} INFO - Filling up the DagBag from /home/airflow/.local/lib/python3.12/site-packages/airflow/example_dags/example_setup_teardown.py
[2024-04-21T07:59:08.708+0000] {processor.py:840} INFO - DAG(s) 'example_setup_teardown' retrieved from /home/airflow/.local/lib/python3.12/site-packages/airflow/example_dags/example_setup_teardown.py
[2024-04-21T07:59:08.755+0000] {logging_mixin.py:188} INFO - [2024-04-21T07:59:08.755+0000] {dag.py:3096} INFO - Sync 1 DAGs
[2024-04-21T07:59:08.765+0000] {logging_mixin.py:188} INFO - [2024-04-21T07:59:08.765+0000] {dag.py:3954} INFO - Setting next_dagrun for example_setup_teardown to 2024-04-20 00:00:00+00:00, run_after=2024-04-21 00:00:00+00:00
[2024-04-21T07:59:08.774+0000] {processor.py:183} INFO - Processing /home/airflow/.local/lib/python3.12/site-packages/airflow/example_dags/example_setup_teardown.py took 0.075 seconds
[2024-04-21T07:59:39.382+0000] {processor.py:161} INFO - Started process (PID=196) to work on /home/airflow/.local/lib/python3.12/site-packages/airflow/example_dags/example_setup_teardown.py
[2024-04-21T07:59:39.383+0000] {processor.py:830} INFO - Processing file /home/airflow/.local/lib/python3.12/site-packages/airflow/example_dags/example_setup_teardown.py for tasks to queue
[2024-04-21T07:59:39.383+0000] {logging_mixin.py:188} INFO - [2024-04-21T07:59:39.383+0000] {dagbag.py:540} INFO - Filling up the DagBag from /home/airflow/.local/lib/python3.12/site-packages/airflow/example_dags/example_setup_teardown.py
[2024-04-21T07:59:39.387+0000] {processor.py:840} INFO - DAG(s) 'example_setup_teardown' retrieved from /home/airflow/.local/lib/python3.12/site-packages/airflow/example_dags/example_setup_teardown.py
[2024-04-21T07:59:39.398+0000] {logging_mixin.py:188} INFO - [2024-04-21T07:59:39.398+0000] {dag.py:3096} INFO - Sync 1 DAGs
[2024-04-21T07:59:39.408+0000] {logging_mixin.py:188} INFO - [2024-04-21T07:59:39.408+0000] {dag.py:3954} INFO - Setting next_dagrun for example_setup_teardown to 2024-04-20 00:00:00+00:00, run_after=2024-04-21 00:00:00+00:00
[2024-04-21T07:59:39.416+0000] {processor.py:183} INFO - Processing /home/airflow/.local/lib/python3.12/site-packages/airflow/example_dags/example_setup_teardown.py took 0.037 seconds
[2024-04-21T08:00:10.255+0000] {processor.py:161} INFO - Started process (PID=257) to work on /home/airflow/.local/lib/python3.12/site-packages/airflow/example_dags/example_setup_teardown.py
[2024-04-21T08:00:10.256+0000] {processor.py:830} INFO - Processing file /home/airflow/.local/lib/python3.12/site-packages/airflow/example_dags/example_setup_teardown.py for tasks to queue
[2024-04-21T08:00:10.257+0000] {logging_mixin.py:188} INFO - [2024-04-21T08:00:10.256+0000] {dagbag.py:540} INFO - Filling up the DagBag from /home/airflow/.local/lib/python3.12/site-packages/airflow/example_dags/example_setup_teardown.py
[2024-04-21T08:00:10.260+0000] {processor.py:840} INFO - DAG(s) 'example_setup_teardown' retrieved from /home/airflow/.local/lib/python3.12/site-packages/airflow/example_dags/example_setup_teardown.py
[2024-04-21T08:00:10.271+0000] {logging_mixin.py:188} INFO - [2024-04-21T08:00:10.271+0000] {dag.py:3096} INFO - Sync 1 DAGs
[2024-04-21T08:00:10.281+0000] {logging_mixin.py:188} INFO - [2024-04-21T08:00:10.281+0000] {dag.py:3954} INFO - Setting next_dagrun for example_setup_teardown to 2024-04-20 00:00:00+00:00, run_after=2024-04-21 00:00:00+00:00
[2024-04-21T08:00:10.290+0000] {processor.py:183} INFO - Processing /home/airflow/.local/lib/python3.12/site-packages/airflow/example_dags/example_setup_teardown.py took 0.038 seconds
[2024-04-21T08:00:40.807+0000] {processor.py:161} INFO - Started process (PID=321) to work on /home/airflow/.local/lib/python3.12/site-packages/airflow/example_dags/example_setup_teardown.py
[2024-04-21T08:00:40.808+0000] {processor.py:830} INFO - Processing file /home/airflow/.local/lib/python3.12/site-packages/airflow/example_dags/example_setup_teardown.py for tasks to queue
[2024-04-21T08:00:40.808+0000] {logging_mixin.py:188} INFO - [2024-04-21T08:00:40.808+0000] {dagbag.py:540} INFO - Filling up the DagBag from /home/airflow/.local/lib/python3.12/site-packages/airflow/example_dags/example_setup_teardown.py
[2024-04-21T08:00:40.812+0000] {processor.py:840} INFO - DAG(s) 'example_setup_teardown' retrieved from /home/airflow/.local/lib/python3.12/site-packages/airflow/example_dags/example_setup_teardown.py
[2024-04-21T08:00:40.823+0000] {logging_mixin.py:188} INFO - [2024-04-21T08:00:40.823+0000] {dag.py:3096} INFO - Sync 1 DAGs
[2024-04-21T08:00:40.834+0000] {logging_mixin.py:188} INFO - [2024-04-21T08:00:40.834+0000] {dag.py:3954} INFO - Setting next_dagrun for example_setup_teardown to 2024-04-20 00:00:00+00:00, run_after=2024-04-21 00:00:00+00:00
[2024-04-21T08:00:40.843+0000] {processor.py:183} INFO - Processing /home/airflow/.local/lib/python3.12/site-packages/airflow/example_dags/example_setup_teardown.py took 0.039 seconds
[2024-04-21T08:01:11.704+0000] {processor.py:161} INFO - Started process (PID=383) to work on /home/airflow/.local/lib/python3.12/site-packages/airflow/example_dags/example_setup_teardown.py
[2024-04-21T08:01:11.705+0000] {processor.py:830} INFO - Processing file /home/airflow/.local/lib/python3.12/site-packages/airflow/example_dags/example_setup_teardown.py for tasks to queue
[2024-04-21T08:01:11.706+0000] {logging_mixin.py:188} INFO - [2024-04-21T08:01:11.706+0000] {dagbag.py:540} INFO - Filling up the DagBag from /home/airflow/.local/lib/python3.12/site-packages/airflow/example_dags/example_setup_teardown.py
[2024-04-21T08:01:11.711+0000] {processor.py:840} INFO - DAG(s) 'example_setup_teardown' retrieved from /home/airflow/.local/lib/python3.12/site-packages/airflow/example_dags/example_setup_teardown.py
[2024-04-21T08:01:11.723+0000] {logging_mixin.py:188} INFO - [2024-04-21T08:01:11.723+0000] {dag.py:3096} INFO - Sync 1 DAGs
[2024-04-21T08:01:11.735+0000] {logging_mixin.py:188} INFO - [2024-04-21T08:01:11.734+0000] {dag.py:3954} INFO - Setting next_dagrun for example_setup_teardown to 2024-04-20 00:00:00+00:00, run_after=2024-04-21 00:00:00+00:00
[2024-04-21T08:01:11.744+0000] {processor.py:183} INFO - Processing /home/airflow/.local/lib/python3.12/site-packages/airflow/example_dags/example_setup_teardown.py took 0.045 seconds
[2024-04-21T08:05:55.542+0000] {processor.py:161} INFO - Started process (PID=439) to work on /home/airflow/.local/lib/python3.12/site-packages/airflow/example_dags/example_setup_teardown.py
[2024-04-21T08:05:55.543+0000] {processor.py:830} INFO - Processing file /home/airflow/.local/lib/python3.12/site-packages/airflow/example_dags/example_setup_teardown.py for tasks to queue
[2024-04-21T08:05:55.544+0000] {logging_mixin.py:188} INFO - [2024-04-21T08:05:55.544+0000] {dagbag.py:540} INFO - Filling up the DagBag from /home/airflow/.local/lib/python3.12/site-packages/airflow/example_dags/example_setup_teardown.py
[2024-04-21T08:05:55.548+0000] {processor.py:840} INFO - DAG(s) 'example_setup_teardown' retrieved from /home/airflow/.local/lib/python3.12/site-packages/airflow/example_dags/example_setup_teardown.py
[2024-04-21T08:05:55.562+0000] {logging_mixin.py:188} INFO - [2024-04-21T08:05:55.561+0000] {dag.py:3096} INFO - Sync 1 DAGs
[2024-04-21T08:05:55.574+0000] {logging_mixin.py:188} INFO - [2024-04-21T08:05:55.573+0000] {dag.py:3954} INFO - Setting next_dagrun for example_setup_teardown to 2024-04-20 00:00:00+00:00, run_after=2024-04-21 00:00:00+00:00
[2024-04-21T08:05:55.584+0000] {processor.py:183} INFO - Processing /home/airflow/.local/lib/python3.12/site-packages/airflow/example_dags/example_setup_teardown.py took 0.044 seconds
[2024-04-21T08:19:27.065+0000] {processor.py:161} INFO - Started process (PID=73) to work on /home/airflow/.local/lib/python3.12/site-packages/airflow/example_dags/example_setup_teardown.py
[2024-04-21T08:19:27.066+0000] {processor.py:830} INFO - Processing file /home/airflow/.local/lib/python3.12/site-packages/airflow/example_dags/example_setup_teardown.py for tasks to queue
[2024-04-21T08:19:27.068+0000] {logging_mixin.py:188} INFO - [2024-04-21T08:19:27.068+0000] {dagbag.py:540} INFO - Filling up the DagBag from /home/airflow/.local/lib/python3.12/site-packages/airflow/example_dags/example_setup_teardown.py
[2024-04-21T08:19:27.073+0000] {processor.py:840} INFO - DAG(s) 'example_setup_teardown' retrieved from /home/airflow/.local/lib/python3.12/site-packages/airflow/example_dags/example_setup_teardown.py
[2024-04-21T08:19:27.088+0000] {logging_mixin.py:188} INFO - [2024-04-21T08:19:27.087+0000] {dag.py:3096} INFO - Sync 1 DAGs
[2024-04-21T08:19:27.109+0000] {logging_mixin.py:188} INFO - [2024-04-21T08:19:27.109+0000] {dag.py:3954} INFO - Setting next_dagrun for example_setup_teardown to 2024-04-20 00:00:00+00:00, run_after=2024-04-21 00:00:00+00:00
[2024-04-21T08:19:27.129+0000] {processor.py:183} INFO - Processing /home/airflow/.local/lib/python3.12/site-packages/airflow/example_dags/example_setup_teardown.py took 0.067 seconds
[2024-04-21T08:19:57.682+0000] {processor.py:161} INFO - Started process (PID=135) to work on /home/airflow/.local/lib/python3.12/site-packages/airflow/example_dags/example_setup_teardown.py
[2024-04-21T08:19:57.683+0000] {processor.py:830} INFO - Processing file /home/airflow/.local/lib/python3.12/site-packages/airflow/example_dags/example_setup_teardown.py for tasks to queue
[2024-04-21T08:19:57.686+0000] {logging_mixin.py:188} INFO - [2024-04-21T08:19:57.685+0000] {dagbag.py:540} INFO - Filling up the DagBag from /home/airflow/.local/lib/python3.12/site-packages/airflow/example_dags/example_setup_teardown.py
[2024-04-21T08:19:57.694+0000] {processor.py:840} INFO - DAG(s) 'example_setup_teardown' retrieved from /home/airflow/.local/lib/python3.12/site-packages/airflow/example_dags/example_setup_teardown.py
[2024-04-21T08:19:57.759+0000] {logging_mixin.py:188} INFO - [2024-04-21T08:19:57.759+0000] {dag.py:3096} INFO - Sync 1 DAGs
[2024-04-21T08:19:57.774+0000] {logging_mixin.py:188} INFO - [2024-04-21T08:19:57.774+0000] {dag.py:3954} INFO - Setting next_dagrun for example_setup_teardown to 2024-04-20 00:00:00+00:00, run_after=2024-04-21 00:00:00+00:00
[2024-04-21T08:19:57.791+0000] {processor.py:183} INFO - Processing /home/airflow/.local/lib/python3.12/site-packages/airflow/example_dags/example_setup_teardown.py took 0.118 seconds
[2024-04-21T08:20:28.088+0000] {processor.py:161} INFO - Started process (PID=197) to work on /home/airflow/.local/lib/python3.12/site-packages/airflow/example_dags/example_setup_teardown.py
[2024-04-21T08:20:28.088+0000] {processor.py:830} INFO - Processing file /home/airflow/.local/lib/python3.12/site-packages/airflow/example_dags/example_setup_teardown.py for tasks to queue
[2024-04-21T08:20:28.089+0000] {logging_mixin.py:188} INFO - [2024-04-21T08:20:28.089+0000] {dagbag.py:540} INFO - Filling up the DagBag from /home/airflow/.local/lib/python3.12/site-packages/airflow/example_dags/example_setup_teardown.py
[2024-04-21T08:20:28.093+0000] {processor.py:840} INFO - DAG(s) 'example_setup_teardown' retrieved from /home/airflow/.local/lib/python3.12/site-packages/airflow/example_dags/example_setup_teardown.py
[2024-04-21T08:20:28.107+0000] {logging_mixin.py:188} INFO - [2024-04-21T08:20:28.107+0000] {dag.py:3096} INFO - Sync 1 DAGs
[2024-04-21T08:20:28.120+0000] {logging_mixin.py:188} INFO - [2024-04-21T08:20:28.120+0000] {dag.py:3954} INFO - Setting next_dagrun for example_setup_teardown to 2024-04-20 00:00:00+00:00, run_after=2024-04-21 00:00:00+00:00
[2024-04-21T08:20:28.135+0000] {processor.py:183} INFO - Processing /home/airflow/.local/lib/python3.12/site-packages/airflow/example_dags/example_setup_teardown.py took 0.050 seconds
[2024-04-21T08:20:59.160+0000] {processor.py:161} INFO - Started process (PID=259) to work on /home/airflow/.local/lib/python3.12/site-packages/airflow/example_dags/example_setup_teardown.py
[2024-04-21T08:20:59.160+0000] {processor.py:830} INFO - Processing file /home/airflow/.local/lib/python3.12/site-packages/airflow/example_dags/example_setup_teardown.py for tasks to queue
[2024-04-21T08:20:59.161+0000] {logging_mixin.py:188} INFO - [2024-04-21T08:20:59.161+0000] {dagbag.py:540} INFO - Filling up the DagBag from /home/airflow/.local/lib/python3.12/site-packages/airflow/example_dags/example_setup_teardown.py
[2024-04-21T08:20:59.165+0000] {processor.py:840} INFO - DAG(s) 'example_setup_teardown' retrieved from /home/airflow/.local/lib/python3.12/site-packages/airflow/example_dags/example_setup_teardown.py
[2024-04-21T08:20:59.175+0000] {logging_mixin.py:188} INFO - [2024-04-21T08:20:59.175+0000] {dag.py:3096} INFO - Sync 1 DAGs
[2024-04-21T08:20:59.185+0000] {logging_mixin.py:188} INFO - [2024-04-21T08:20:59.185+0000] {dag.py:3954} INFO - Setting next_dagrun for example_setup_teardown to 2024-04-20 00:00:00+00:00, run_after=2024-04-21 00:00:00+00:00
[2024-04-21T08:20:59.194+0000] {processor.py:183} INFO - Processing /home/airflow/.local/lib/python3.12/site-packages/airflow/example_dags/example_setup_teardown.py took 0.037 seconds
[2024-04-21T08:21:29.621+0000] {processor.py:161} INFO - Started process (PID=323) to work on /home/airflow/.local/lib/python3.12/site-packages/airflow/example_dags/example_setup_teardown.py
[2024-04-21T08:21:29.622+0000] {processor.py:830} INFO - Processing file /home/airflow/.local/lib/python3.12/site-packages/airflow/example_dags/example_setup_teardown.py for tasks to queue
[2024-04-21T08:21:29.623+0000] {logging_mixin.py:188} INFO - [2024-04-21T08:21:29.622+0000] {dagbag.py:540} INFO - Filling up the DagBag from /home/airflow/.local/lib/python3.12/site-packages/airflow/example_dags/example_setup_teardown.py
[2024-04-21T08:21:29.626+0000] {processor.py:840} INFO - DAG(s) 'example_setup_teardown' retrieved from /home/airflow/.local/lib/python3.12/site-packages/airflow/example_dags/example_setup_teardown.py
[2024-04-21T08:21:29.637+0000] {logging_mixin.py:188} INFO - [2024-04-21T08:21:29.636+0000] {dag.py:3096} INFO - Sync 1 DAGs
[2024-04-21T08:21:29.647+0000] {logging_mixin.py:188} INFO - [2024-04-21T08:21:29.647+0000] {dag.py:3954} INFO - Setting next_dagrun for example_setup_teardown to 2024-04-20 00:00:00+00:00, run_after=2024-04-21 00:00:00+00:00
[2024-04-21T08:21:29.657+0000] {processor.py:183} INFO - Processing /home/airflow/.local/lib/python3.12/site-packages/airflow/example_dags/example_setup_teardown.py took 0.039 seconds
[2024-04-21T08:22:00.380+0000] {processor.py:161} INFO - Started process (PID=384) to work on /home/airflow/.local/lib/python3.12/site-packages/airflow/example_dags/example_setup_teardown.py
[2024-04-21T08:22:00.380+0000] {processor.py:830} INFO - Processing file /home/airflow/.local/lib/python3.12/site-packages/airflow/example_dags/example_setup_teardown.py for tasks to queue
[2024-04-21T08:22:00.382+0000] {logging_mixin.py:188} INFO - [2024-04-21T08:22:00.381+0000] {dagbag.py:540} INFO - Filling up the DagBag from /home/airflow/.local/lib/python3.12/site-packages/airflow/example_dags/example_setup_teardown.py
[2024-04-21T08:22:00.386+0000] {processor.py:840} INFO - DAG(s) 'example_setup_teardown' retrieved from /home/airflow/.local/lib/python3.12/site-packages/airflow/example_dags/example_setup_teardown.py
[2024-04-21T08:22:00.397+0000] {logging_mixin.py:188} INFO - [2024-04-21T08:22:00.397+0000] {dag.py:3096} INFO - Sync 1 DAGs
[2024-04-21T08:22:00.410+0000] {logging_mixin.py:188} INFO - [2024-04-21T08:22:00.409+0000] {dag.py:3954} INFO - Setting next_dagrun for example_setup_teardown to 2024-04-20 00:00:00+00:00, run_after=2024-04-21 00:00:00+00:00
[2024-04-21T08:22:00.421+0000] {processor.py:183} INFO - Processing /home/airflow/.local/lib/python3.12/site-packages/airflow/example_dags/example_setup_teardown.py took 0.044 seconds
[2024-04-21T08:22:31.172+0000] {processor.py:161} INFO - Started process (PID=446) to work on /home/airflow/.local/lib/python3.12/site-packages/airflow/example_dags/example_setup_teardown.py
[2024-04-21T08:22:31.173+0000] {processor.py:830} INFO - Processing file /home/airflow/.local/lib/python3.12/site-packages/airflow/example_dags/example_setup_teardown.py for tasks to queue
[2024-04-21T08:22:31.174+0000] {logging_mixin.py:188} INFO - [2024-04-21T08:22:31.174+0000] {dagbag.py:540} INFO - Filling up the DagBag from /home/airflow/.local/lib/python3.12/site-packages/airflow/example_dags/example_setup_teardown.py
[2024-04-21T08:22:31.178+0000] {processor.py:840} INFO - DAG(s) 'example_setup_teardown' retrieved from /home/airflow/.local/lib/python3.12/site-packages/airflow/example_dags/example_setup_teardown.py
[2024-04-21T08:22:31.188+0000] {logging_mixin.py:188} INFO - [2024-04-21T08:22:31.188+0000] {dag.py:3096} INFO - Sync 1 DAGs
[2024-04-21T08:22:31.198+0000] {logging_mixin.py:188} INFO - [2024-04-21T08:22:31.198+0000] {dag.py:3954} INFO - Setting next_dagrun for example_setup_teardown to 2024-04-20 00:00:00+00:00, run_after=2024-04-21 00:00:00+00:00
[2024-04-21T08:22:31.206+0000] {processor.py:183} INFO - Processing /home/airflow/.local/lib/python3.12/site-packages/airflow/example_dags/example_setup_teardown.py took 0.037 seconds
[2024-04-21T08:23:01.911+0000] {processor.py:161} INFO - Started process (PID=508) to work on /home/airflow/.local/lib/python3.12/site-packages/airflow/example_dags/example_setup_teardown.py
[2024-04-21T08:23:01.912+0000] {processor.py:830} INFO - Processing file /home/airflow/.local/lib/python3.12/site-packages/airflow/example_dags/example_setup_teardown.py for tasks to queue
[2024-04-21T08:23:01.913+0000] {logging_mixin.py:188} INFO - [2024-04-21T08:23:01.913+0000] {dagbag.py:540} INFO - Filling up the DagBag from /home/airflow/.local/lib/python3.12/site-packages/airflow/example_dags/example_setup_teardown.py
[2024-04-21T08:23:01.917+0000] {processor.py:840} INFO - DAG(s) 'example_setup_teardown' retrieved from /home/airflow/.local/lib/python3.12/site-packages/airflow/example_dags/example_setup_teardown.py
[2024-04-21T08:23:01.928+0000] {logging_mixin.py:188} INFO - [2024-04-21T08:23:01.928+0000] {dag.py:3096} INFO - Sync 1 DAGs
[2024-04-21T08:23:01.940+0000] {logging_mixin.py:188} INFO - [2024-04-21T08:23:01.940+0000] {dag.py:3954} INFO - Setting next_dagrun for example_setup_teardown to 2024-04-20 00:00:00+00:00, run_after=2024-04-21 00:00:00+00:00
[2024-04-21T08:23:01.950+0000] {processor.py:183} INFO - Processing /home/airflow/.local/lib/python3.12/site-packages/airflow/example_dags/example_setup_teardown.py took 0.043 seconds
[2024-04-21T08:23:33.398+0000] {processor.py:161} INFO - Started process (PID=570) to work on /home/airflow/.local/lib/python3.12/site-packages/airflow/example_dags/example_setup_teardown.py
[2024-04-21T08:23:33.399+0000] {processor.py:830} INFO - Processing file /home/airflow/.local/lib/python3.12/site-packages/airflow/example_dags/example_setup_teardown.py for tasks to queue
[2024-04-21T08:23:33.400+0000] {logging_mixin.py:188} INFO - [2024-04-21T08:23:33.400+0000] {dagbag.py:540} INFO - Filling up the DagBag from /home/airflow/.local/lib/python3.12/site-packages/airflow/example_dags/example_setup_teardown.py
[2024-04-21T08:23:33.406+0000] {processor.py:840} INFO - DAG(s) 'example_setup_teardown' retrieved from /home/airflow/.local/lib/python3.12/site-packages/airflow/example_dags/example_setup_teardown.py
[2024-04-21T08:23:33.420+0000] {logging_mixin.py:188} INFO - [2024-04-21T08:23:33.420+0000] {dag.py:3096} INFO - Sync 1 DAGs
[2024-04-21T08:23:33.433+0000] {logging_mixin.py:188} INFO - [2024-04-21T08:23:33.433+0000] {dag.py:3954} INFO - Setting next_dagrun for example_setup_teardown to 2024-04-20 00:00:00+00:00, run_after=2024-04-21 00:00:00+00:00
[2024-04-21T08:23:33.444+0000] {processor.py:183} INFO - Processing /home/airflow/.local/lib/python3.12/site-packages/airflow/example_dags/example_setup_teardown.py took 0.051 seconds
[2024-04-21T08:24:04.409+0000] {processor.py:161} INFO - Started process (PID=632) to work on /home/airflow/.local/lib/python3.12/site-packages/airflow/example_dags/example_setup_teardown.py
[2024-04-21T08:24:04.410+0000] {processor.py:830} INFO - Processing file /home/airflow/.local/lib/python3.12/site-packages/airflow/example_dags/example_setup_teardown.py for tasks to queue
[2024-04-21T08:24:04.412+0000] {logging_mixin.py:188} INFO - [2024-04-21T08:24:04.411+0000] {dagbag.py:540} INFO - Filling up the DagBag from /home/airflow/.local/lib/python3.12/site-packages/airflow/example_dags/example_setup_teardown.py
[2024-04-21T08:24:04.416+0000] {processor.py:840} INFO - DAG(s) 'example_setup_teardown' retrieved from /home/airflow/.local/lib/python3.12/site-packages/airflow/example_dags/example_setup_teardown.py
[2024-04-21T08:24:04.432+0000] {logging_mixin.py:188} INFO - [2024-04-21T08:24:04.432+0000] {dag.py:3096} INFO - Sync 1 DAGs
[2024-04-21T08:24:04.452+0000] {logging_mixin.py:188} INFO - [2024-04-21T08:24:04.452+0000] {dag.py:3954} INFO - Setting next_dagrun for example_setup_teardown to 2024-04-20 00:00:00+00:00, run_after=2024-04-21 00:00:00+00:00
[2024-04-21T08:24:04.471+0000] {processor.py:183} INFO - Processing /home/airflow/.local/lib/python3.12/site-packages/airflow/example_dags/example_setup_teardown.py took 0.067 seconds
[2024-04-21T08:24:34.791+0000] {processor.py:161} INFO - Started process (PID=694) to work on /home/airflow/.local/lib/python3.12/site-packages/airflow/example_dags/example_setup_teardown.py
[2024-04-21T08:24:34.791+0000] {processor.py:830} INFO - Processing file /home/airflow/.local/lib/python3.12/site-packages/airflow/example_dags/example_setup_teardown.py for tasks to queue
[2024-04-21T08:24:34.792+0000] {logging_mixin.py:188} INFO - [2024-04-21T08:24:34.792+0000] {dagbag.py:540} INFO - Filling up the DagBag from /home/airflow/.local/lib/python3.12/site-packages/airflow/example_dags/example_setup_teardown.py
[2024-04-21T08:24:34.796+0000] {processor.py:840} INFO - DAG(s) 'example_setup_teardown' retrieved from /home/airflow/.local/lib/python3.12/site-packages/airflow/example_dags/example_setup_teardown.py
[2024-04-21T08:24:34.806+0000] {logging_mixin.py:188} INFO - [2024-04-21T08:24:34.806+0000] {dag.py:3096} INFO - Sync 1 DAGs
[2024-04-21T08:24:34.817+0000] {logging_mixin.py:188} INFO - [2024-04-21T08:24:34.817+0000] {dag.py:3954} INFO - Setting next_dagrun for example_setup_teardown to 2024-04-20 00:00:00+00:00, run_after=2024-04-21 00:00:00+00:00
[2024-04-21T08:24:34.826+0000] {processor.py:183} INFO - Processing /home/airflow/.local/lib/python3.12/site-packages/airflow/example_dags/example_setup_teardown.py took 0.038 seconds
[2024-04-21T08:25:05.008+0000] {processor.py:161} INFO - Started process (PID=755) to work on /home/airflow/.local/lib/python3.12/site-packages/airflow/example_dags/example_setup_teardown.py
[2024-04-21T08:25:05.009+0000] {processor.py:830} INFO - Processing file /home/airflow/.local/lib/python3.12/site-packages/airflow/example_dags/example_setup_teardown.py for tasks to queue
[2024-04-21T08:25:05.010+0000] {logging_mixin.py:188} INFO - [2024-04-21T08:25:05.010+0000] {dagbag.py:540} INFO - Filling up the DagBag from /home/airflow/.local/lib/python3.12/site-packages/airflow/example_dags/example_setup_teardown.py
[2024-04-21T08:25:05.014+0000] {processor.py:840} INFO - DAG(s) 'example_setup_teardown' retrieved from /home/airflow/.local/lib/python3.12/site-packages/airflow/example_dags/example_setup_teardown.py
[2024-04-21T08:25:05.024+0000] {logging_mixin.py:188} INFO - [2024-04-21T08:25:05.024+0000] {dag.py:3096} INFO - Sync 1 DAGs
[2024-04-21T08:25:05.034+0000] {logging_mixin.py:188} INFO - [2024-04-21T08:25:05.034+0000] {dag.py:3954} INFO - Setting next_dagrun for example_setup_teardown to 2024-04-20 00:00:00+00:00, run_after=2024-04-21 00:00:00+00:00
[2024-04-21T08:25:05.043+0000] {processor.py:183} INFO - Processing /home/airflow/.local/lib/python3.12/site-packages/airflow/example_dags/example_setup_teardown.py took 0.038 seconds
[2024-04-21T08:25:36.268+0000] {processor.py:161} INFO - Started process (PID=817) to work on /home/airflow/.local/lib/python3.12/site-packages/airflow/example_dags/example_setup_teardown.py
[2024-04-21T08:25:36.269+0000] {processor.py:830} INFO - Processing file /home/airflow/.local/lib/python3.12/site-packages/airflow/example_dags/example_setup_teardown.py for tasks to queue
[2024-04-21T08:25:36.270+0000] {logging_mixin.py:188} INFO - [2024-04-21T08:25:36.270+0000] {dagbag.py:540} INFO - Filling up the DagBag from /home/airflow/.local/lib/python3.12/site-packages/airflow/example_dags/example_setup_teardown.py
[2024-04-21T08:25:36.273+0000] {processor.py:840} INFO - DAG(s) 'example_setup_teardown' retrieved from /home/airflow/.local/lib/python3.12/site-packages/airflow/example_dags/example_setup_teardown.py
[2024-04-21T08:25:36.284+0000] {logging_mixin.py:188} INFO - [2024-04-21T08:25:36.283+0000] {dag.py:3096} INFO - Sync 1 DAGs
[2024-04-21T08:25:36.296+0000] {logging_mixin.py:188} INFO - [2024-04-21T08:25:36.296+0000] {dag.py:3954} INFO - Setting next_dagrun for example_setup_teardown to 2024-04-20 00:00:00+00:00, run_after=2024-04-21 00:00:00+00:00
[2024-04-21T08:25:36.309+0000] {processor.py:183} INFO - Processing /home/airflow/.local/lib/python3.12/site-packages/airflow/example_dags/example_setup_teardown.py took 0.044 seconds
[2024-04-21T08:26:07.113+0000] {processor.py:161} INFO - Started process (PID=879) to work on /home/airflow/.local/lib/python3.12/site-packages/airflow/example_dags/example_setup_teardown.py
[2024-04-21T08:26:07.115+0000] {processor.py:830} INFO - Processing file /home/airflow/.local/lib/python3.12/site-packages/airflow/example_dags/example_setup_teardown.py for tasks to queue
[2024-04-21T08:26:07.120+0000] {logging_mixin.py:188} INFO - [2024-04-21T08:26:07.119+0000] {dagbag.py:540} INFO - Filling up the DagBag from /home/airflow/.local/lib/python3.12/site-packages/airflow/example_dags/example_setup_teardown.py
[2024-04-21T08:26:07.138+0000] {processor.py:840} INFO - DAG(s) 'example_setup_teardown' retrieved from /home/airflow/.local/lib/python3.12/site-packages/airflow/example_dags/example_setup_teardown.py
[2024-04-21T08:26:07.171+0000] {logging_mixin.py:188} INFO - [2024-04-21T08:26:07.170+0000] {dag.py:3096} INFO - Sync 1 DAGs
[2024-04-21T08:26:07.202+0000] {logging_mixin.py:188} INFO - [2024-04-21T08:26:07.202+0000] {dag.py:3954} INFO - Setting next_dagrun for example_setup_teardown to 2024-04-20 00:00:00+00:00, run_after=2024-04-21 00:00:00+00:00
[2024-04-21T08:26:07.226+0000] {processor.py:183} INFO - Processing /home/airflow/.local/lib/python3.12/site-packages/airflow/example_dags/example_setup_teardown.py took 0.122 seconds
[2024-04-21T08:26:38.167+0000] {processor.py:161} INFO - Started process (PID=941) to work on /home/airflow/.local/lib/python3.12/site-packages/airflow/example_dags/example_setup_teardown.py
[2024-04-21T08:26:38.168+0000] {processor.py:830} INFO - Processing file /home/airflow/.local/lib/python3.12/site-packages/airflow/example_dags/example_setup_teardown.py for tasks to queue
[2024-04-21T08:26:38.170+0000] {logging_mixin.py:188} INFO - [2024-04-21T08:26:38.170+0000] {dagbag.py:540} INFO - Filling up the DagBag from /home/airflow/.local/lib/python3.12/site-packages/airflow/example_dags/example_setup_teardown.py
[2024-04-21T08:26:38.174+0000] {processor.py:840} INFO - DAG(s) 'example_setup_teardown' retrieved from /home/airflow/.local/lib/python3.12/site-packages/airflow/example_dags/example_setup_teardown.py
[2024-04-21T08:26:38.187+0000] {logging_mixin.py:188} INFO - [2024-04-21T08:26:38.186+0000] {dag.py:3096} INFO - Sync 1 DAGs
[2024-04-21T08:26:38.198+0000] {logging_mixin.py:188} INFO - [2024-04-21T08:26:38.198+0000] {dag.py:3954} INFO - Setting next_dagrun for example_setup_teardown to 2024-04-20 00:00:00+00:00, run_after=2024-04-21 00:00:00+00:00
[2024-04-21T08:26:38.209+0000] {processor.py:183} INFO - Processing /home/airflow/.local/lib/python3.12/site-packages/airflow/example_dags/example_setup_teardown.py took 0.046 seconds
[2024-04-21T08:27:08.683+0000] {processor.py:161} INFO - Started process (PID=1003) to work on /home/airflow/.local/lib/python3.12/site-packages/airflow/example_dags/example_setup_teardown.py
[2024-04-21T08:27:08.684+0000] {processor.py:830} INFO - Processing file /home/airflow/.local/lib/python3.12/site-packages/airflow/example_dags/example_setup_teardown.py for tasks to queue
[2024-04-21T08:27:08.685+0000] {logging_mixin.py:188} INFO - [2024-04-21T08:27:08.684+0000] {dagbag.py:540} INFO - Filling up the DagBag from /home/airflow/.local/lib/python3.12/site-packages/airflow/example_dags/example_setup_teardown.py
[2024-04-21T08:27:08.688+0000] {processor.py:840} INFO - DAG(s) 'example_setup_teardown' retrieved from /home/airflow/.local/lib/python3.12/site-packages/airflow/example_dags/example_setup_teardown.py
[2024-04-21T08:27:08.699+0000] {logging_mixin.py:188} INFO - [2024-04-21T08:27:08.699+0000] {dag.py:3096} INFO - Sync 1 DAGs
[2024-04-21T08:27:08.711+0000] {logging_mixin.py:188} INFO - [2024-04-21T08:27:08.711+0000] {dag.py:3954} INFO - Setting next_dagrun for example_setup_teardown to 2024-04-20 00:00:00+00:00, run_after=2024-04-21 00:00:00+00:00
[2024-04-21T08:27:08.722+0000] {processor.py:183} INFO - Processing /home/airflow/.local/lib/python3.12/site-packages/airflow/example_dags/example_setup_teardown.py took 0.042 seconds
