[2024-04-21T06:45:00.791+0000] {processor.py:161} INFO - Started process (PID=45) to work on /home/airflow/.local/lib/python3.12/site-packages/airflow/example_dags/example_external_task_marker_dag.py
[2024-04-21T06:45:00.796+0000] {processor.py:830} INFO - Processing file /home/airflow/.local/lib/python3.12/site-packages/airflow/example_dags/example_external_task_marker_dag.py for tasks to queue
[2024-04-21T06:45:00.801+0000] {logging_mixin.py:188} INFO - [2024-04-21T06:45:00.801+0000] {dagbag.py:540} INFO - Filling up the DagBag from /home/airflow/.local/lib/python3.12/site-packages/airflow/example_dags/example_external_task_marker_dag.py
[2024-04-21T06:45:00.820+0000] {processor.py:840} INFO - DAG(s) 'example_external_task_marker_parent', 'example_external_task_marker_child' retrieved from /home/airflow/.local/lib/python3.12/site-packages/airflow/example_dags/example_external_task_marker_dag.py
[2024-04-21T06:45:00.884+0000] {logging_mixin.py:188} INFO - [2024-04-21T06:45:00.883+0000] {dag.py:3096} INFO - Sync 2 DAGs
[2024-04-21T06:45:00.928+0000] {logging_mixin.py:188} INFO - [2024-04-21T06:45:00.927+0000] {dag.py:3954} INFO - Setting next_dagrun for example_external_task_marker_child to None, run_after=None
[2024-04-21T06:45:00.934+0000] {logging_mixin.py:188} INFO - [2024-04-21T06:45:00.934+0000] {dag.py:3954} INFO - Setting next_dagrun for example_external_task_marker_parent to None, run_after=None
[2024-04-21T06:45:00.988+0000] {processor.py:183} INFO - Processing /home/airflow/.local/lib/python3.12/site-packages/airflow/example_dags/example_external_task_marker_dag.py took 0.214 seconds
[2024-04-21T06:45:31.137+0000] {processor.py:161} INFO - Started process (PID=105) to work on /home/airflow/.local/lib/python3.12/site-packages/airflow/example_dags/example_external_task_marker_dag.py
[2024-04-21T06:45:31.138+0000] {processor.py:830} INFO - Processing file /home/airflow/.local/lib/python3.12/site-packages/airflow/example_dags/example_external_task_marker_dag.py for tasks to queue
[2024-04-21T06:45:31.139+0000] {logging_mixin.py:188} INFO - [2024-04-21T06:45:31.139+0000] {dagbag.py:540} INFO - Filling up the DagBag from /home/airflow/.local/lib/python3.12/site-packages/airflow/example_dags/example_external_task_marker_dag.py
[2024-04-21T06:45:31.144+0000] {processor.py:840} INFO - DAG(s) 'example_external_task_marker_parent', 'example_external_task_marker_child' retrieved from /home/airflow/.local/lib/python3.12/site-packages/airflow/example_dags/example_external_task_marker_dag.py
[2024-04-21T06:45:31.152+0000] {logging_mixin.py:188} INFO - [2024-04-21T06:45:31.152+0000] {dag.py:3096} INFO - Sync 2 DAGs
[2024-04-21T06:45:31.161+0000] {logging_mixin.py:188} INFO - [2024-04-21T06:45:31.161+0000] {dag.py:3954} INFO - Setting next_dagrun for example_external_task_marker_child to None, run_after=None
[2024-04-21T06:45:31.163+0000] {logging_mixin.py:188} INFO - [2024-04-21T06:45:31.163+0000] {dag.py:3954} INFO - Setting next_dagrun for example_external_task_marker_parent to None, run_after=None
[2024-04-21T06:45:31.171+0000] {processor.py:183} INFO - Processing /home/airflow/.local/lib/python3.12/site-packages/airflow/example_dags/example_external_task_marker_dag.py took 0.037 seconds
[2024-04-21T07:09:05.182+0000] {processor.py:161} INFO - Started process (PID=44) to work on /home/airflow/.local/lib/python3.12/site-packages/airflow/example_dags/example_external_task_marker_dag.py
[2024-04-21T07:09:05.184+0000] {processor.py:830} INFO - Processing file /home/airflow/.local/lib/python3.12/site-packages/airflow/example_dags/example_external_task_marker_dag.py for tasks to queue
[2024-04-21T07:09:05.188+0000] {logging_mixin.py:188} INFO - [2024-04-21T07:09:05.187+0000] {dagbag.py:540} INFO - Filling up the DagBag from /home/airflow/.local/lib/python3.12/site-packages/airflow/example_dags/example_external_task_marker_dag.py
[2024-04-21T07:09:05.242+0000] {processor.py:840} INFO - DAG(s) 'example_external_task_marker_child', 'example_external_task_marker_parent' retrieved from /home/airflow/.local/lib/python3.12/site-packages/airflow/example_dags/example_external_task_marker_dag.py
[2024-04-21T07:09:05.271+0000] {logging_mixin.py:188} INFO - [2024-04-21T07:09:05.270+0000] {dag.py:3096} INFO - Sync 2 DAGs
[2024-04-21T07:09:05.310+0000] {logging_mixin.py:188} INFO - [2024-04-21T07:09:05.309+0000] {dag.py:3954} INFO - Setting next_dagrun for example_external_task_marker_child to None, run_after=None
[2024-04-21T07:09:05.323+0000] {logging_mixin.py:188} INFO - [2024-04-21T07:09:05.322+0000] {dag.py:3954} INFO - Setting next_dagrun for example_external_task_marker_parent to None, run_after=None
[2024-04-21T07:09:05.380+0000] {processor.py:183} INFO - Processing /home/airflow/.local/lib/python3.12/site-packages/airflow/example_dags/example_external_task_marker_dag.py took 0.202 seconds
[2024-04-21T07:58:36.087+0000] {processor.py:161} INFO - Started process (PID=45) to work on /home/airflow/.local/lib/python3.12/site-packages/airflow/example_dags/example_external_task_marker_dag.py
[2024-04-21T07:58:36.088+0000] {processor.py:830} INFO - Processing file /home/airflow/.local/lib/python3.12/site-packages/airflow/example_dags/example_external_task_marker_dag.py for tasks to queue
[2024-04-21T07:58:36.091+0000] {logging_mixin.py:188} INFO - [2024-04-21T07:58:36.091+0000] {dagbag.py:540} INFO - Filling up the DagBag from /home/airflow/.local/lib/python3.12/site-packages/airflow/example_dags/example_external_task_marker_dag.py
[2024-04-21T07:58:36.102+0000] {processor.py:840} INFO - DAG(s) 'example_external_task_marker_child', 'example_external_task_marker_parent' retrieved from /home/airflow/.local/lib/python3.12/site-packages/airflow/example_dags/example_external_task_marker_dag.py
[2024-04-21T07:58:36.129+0000] {logging_mixin.py:188} INFO - [2024-04-21T07:58:36.129+0000] {dag.py:3096} INFO - Sync 2 DAGs
[2024-04-21T07:58:36.145+0000] {logging_mixin.py:188} INFO - [2024-04-21T07:58:36.145+0000] {dag.py:3954} INFO - Setting next_dagrun for example_external_task_marker_child to None, run_after=None
[2024-04-21T07:58:36.155+0000] {logging_mixin.py:188} INFO - [2024-04-21T07:58:36.154+0000] {dag.py:3954} INFO - Setting next_dagrun for example_external_task_marker_parent to None, run_after=None
[2024-04-21T07:58:36.183+0000] {processor.py:183} INFO - Processing /home/airflow/.local/lib/python3.12/site-packages/airflow/example_dags/example_external_task_marker_dag.py took 0.112 seconds
[2024-04-21T07:59:06.766+0000] {processor.py:161} INFO - Started process (PID=106) to work on /home/airflow/.local/lib/python3.12/site-packages/airflow/example_dags/example_external_task_marker_dag.py
[2024-04-21T07:59:06.767+0000] {processor.py:830} INFO - Processing file /home/airflow/.local/lib/python3.12/site-packages/airflow/example_dags/example_external_task_marker_dag.py for tasks to queue
[2024-04-21T07:59:06.768+0000] {logging_mixin.py:188} INFO - [2024-04-21T07:59:06.768+0000] {dagbag.py:540} INFO - Filling up the DagBag from /home/airflow/.local/lib/python3.12/site-packages/airflow/example_dags/example_external_task_marker_dag.py
[2024-04-21T07:59:06.774+0000] {processor.py:840} INFO - DAG(s) 'example_external_task_marker_child', 'example_external_task_marker_parent' retrieved from /home/airflow/.local/lib/python3.12/site-packages/airflow/example_dags/example_external_task_marker_dag.py
[2024-04-21T07:59:06.856+0000] {logging_mixin.py:188} INFO - [2024-04-21T07:59:06.855+0000] {dag.py:3096} INFO - Sync 2 DAGs
[2024-04-21T07:59:06.861+0000] {logging_mixin.py:188} INFO - [2024-04-21T07:59:06.861+0000] {dag.py:3954} INFO - Setting next_dagrun for example_external_task_marker_child to None, run_after=None
[2024-04-21T07:59:06.863+0000] {logging_mixin.py:188} INFO - [2024-04-21T07:59:06.863+0000] {dag.py:3954} INFO - Setting next_dagrun for example_external_task_marker_parent to None, run_after=None
[2024-04-21T07:59:06.872+0000] {processor.py:183} INFO - Processing /home/airflow/.local/lib/python3.12/site-packages/airflow/example_dags/example_external_task_marker_dag.py took 0.110 seconds
[2024-04-21T07:59:37.381+0000] {processor.py:161} INFO - Started process (PID=168) to work on /home/airflow/.local/lib/python3.12/site-packages/airflow/example_dags/example_external_task_marker_dag.py
[2024-04-21T07:59:37.382+0000] {processor.py:830} INFO - Processing file /home/airflow/.local/lib/python3.12/site-packages/airflow/example_dags/example_external_task_marker_dag.py for tasks to queue
[2024-04-21T07:59:37.383+0000] {logging_mixin.py:188} INFO - [2024-04-21T07:59:37.383+0000] {dagbag.py:540} INFO - Filling up the DagBag from /home/airflow/.local/lib/python3.12/site-packages/airflow/example_dags/example_external_task_marker_dag.py
[2024-04-21T07:59:37.386+0000] {processor.py:840} INFO - DAG(s) 'example_external_task_marker_child', 'example_external_task_marker_parent' retrieved from /home/airflow/.local/lib/python3.12/site-packages/airflow/example_dags/example_external_task_marker_dag.py
[2024-04-21T07:59:37.405+0000] {logging_mixin.py:188} INFO - [2024-04-21T07:59:37.404+0000] {dag.py:3096} INFO - Sync 2 DAGs
[2024-04-21T07:59:37.423+0000] {logging_mixin.py:188} INFO - [2024-04-21T07:59:37.422+0000] {dag.py:3954} INFO - Setting next_dagrun for example_external_task_marker_child to None, run_after=None
[2024-04-21T07:59:37.429+0000] {logging_mixin.py:188} INFO - [2024-04-21T07:59:37.429+0000] {dag.py:3954} INFO - Setting next_dagrun for example_external_task_marker_parent to None, run_after=None
[2024-04-21T07:59:37.451+0000] {processor.py:183} INFO - Processing /home/airflow/.local/lib/python3.12/site-packages/airflow/example_dags/example_external_task_marker_dag.py took 0.074 seconds
[2024-04-21T08:00:08.107+0000] {processor.py:161} INFO - Started process (PID=229) to work on /home/airflow/.local/lib/python3.12/site-packages/airflow/example_dags/example_external_task_marker_dag.py
[2024-04-21T08:00:08.108+0000] {processor.py:830} INFO - Processing file /home/airflow/.local/lib/python3.12/site-packages/airflow/example_dags/example_external_task_marker_dag.py for tasks to queue
[2024-04-21T08:00:08.109+0000] {logging_mixin.py:188} INFO - [2024-04-21T08:00:08.109+0000] {dagbag.py:540} INFO - Filling up the DagBag from /home/airflow/.local/lib/python3.12/site-packages/airflow/example_dags/example_external_task_marker_dag.py
[2024-04-21T08:00:08.113+0000] {processor.py:840} INFO - DAG(s) 'example_external_task_marker_child', 'example_external_task_marker_parent' retrieved from /home/airflow/.local/lib/python3.12/site-packages/airflow/example_dags/example_external_task_marker_dag.py
[2024-04-21T08:00:08.124+0000] {logging_mixin.py:188} INFO - [2024-04-21T08:00:08.124+0000] {dag.py:3096} INFO - Sync 2 DAGs
[2024-04-21T08:00:08.130+0000] {logging_mixin.py:188} INFO - [2024-04-21T08:00:08.130+0000] {dag.py:3954} INFO - Setting next_dagrun for example_external_task_marker_child to None, run_after=None
[2024-04-21T08:00:08.132+0000] {logging_mixin.py:188} INFO - [2024-04-21T08:00:08.132+0000] {dag.py:3954} INFO - Setting next_dagrun for example_external_task_marker_parent to None, run_after=None
[2024-04-21T08:00:08.140+0000] {processor.py:183} INFO - Processing /home/airflow/.local/lib/python3.12/site-packages/airflow/example_dags/example_external_task_marker_dag.py took 0.036 seconds
[2024-04-21T08:00:39.497+0000] {processor.py:161} INFO - Started process (PID=293) to work on /home/airflow/.local/lib/python3.12/site-packages/airflow/example_dags/example_external_task_marker_dag.py
[2024-04-21T08:00:39.500+0000] {processor.py:830} INFO - Processing file /home/airflow/.local/lib/python3.12/site-packages/airflow/example_dags/example_external_task_marker_dag.py for tasks to queue
[2024-04-21T08:00:39.502+0000] {logging_mixin.py:188} INFO - [2024-04-21T08:00:39.502+0000] {dagbag.py:540} INFO - Filling up the DagBag from /home/airflow/.local/lib/python3.12/site-packages/airflow/example_dags/example_external_task_marker_dag.py
[2024-04-21T08:00:39.508+0000] {processor.py:840} INFO - DAG(s) 'example_external_task_marker_parent', 'example_external_task_marker_child' retrieved from /home/airflow/.local/lib/python3.12/site-packages/airflow/example_dags/example_external_task_marker_dag.py
[2024-04-21T08:00:39.531+0000] {logging_mixin.py:188} INFO - [2024-04-21T08:00:39.531+0000] {dag.py:3096} INFO - Sync 2 DAGs
[2024-04-21T08:00:39.538+0000] {logging_mixin.py:188} INFO - [2024-04-21T08:00:39.538+0000] {dag.py:3954} INFO - Setting next_dagrun for example_external_task_marker_child to None, run_after=None
[2024-04-21T08:00:39.542+0000] {logging_mixin.py:188} INFO - [2024-04-21T08:00:39.541+0000] {dag.py:3954} INFO - Setting next_dagrun for example_external_task_marker_parent to None, run_after=None
[2024-04-21T08:00:39.550+0000] {processor.py:183} INFO - Processing /home/airflow/.local/lib/python3.12/site-packages/airflow/example_dags/example_external_task_marker_dag.py took 0.058 seconds
[2024-04-21T08:01:09.884+0000] {processor.py:161} INFO - Started process (PID=355) to work on /home/airflow/.local/lib/python3.12/site-packages/airflow/example_dags/example_external_task_marker_dag.py
[2024-04-21T08:01:09.885+0000] {processor.py:830} INFO - Processing file /home/airflow/.local/lib/python3.12/site-packages/airflow/example_dags/example_external_task_marker_dag.py for tasks to queue
[2024-04-21T08:01:09.886+0000] {logging_mixin.py:188} INFO - [2024-04-21T08:01:09.886+0000] {dagbag.py:540} INFO - Filling up the DagBag from /home/airflow/.local/lib/python3.12/site-packages/airflow/example_dags/example_external_task_marker_dag.py
[2024-04-21T08:01:09.890+0000] {processor.py:840} INFO - DAG(s) 'example_external_task_marker_parent', 'example_external_task_marker_child' retrieved from /home/airflow/.local/lib/python3.12/site-packages/airflow/example_dags/example_external_task_marker_dag.py
[2024-04-21T08:01:09.902+0000] {logging_mixin.py:188} INFO - [2024-04-21T08:01:09.902+0000] {dag.py:3096} INFO - Sync 2 DAGs
[2024-04-21T08:01:09.908+0000] {logging_mixin.py:188} INFO - [2024-04-21T08:01:09.908+0000] {dag.py:3954} INFO - Setting next_dagrun for example_external_task_marker_child to None, run_after=None
[2024-04-21T08:01:09.910+0000] {logging_mixin.py:188} INFO - [2024-04-21T08:01:09.910+0000] {dag.py:3954} INFO - Setting next_dagrun for example_external_task_marker_parent to None, run_after=None
[2024-04-21T08:01:09.920+0000] {processor.py:183} INFO - Processing /home/airflow/.local/lib/python3.12/site-packages/airflow/example_dags/example_external_task_marker_dag.py took 0.040 seconds
[2024-04-21T08:05:54.162+0000] {processor.py:161} INFO - Started process (PID=411) to work on /home/airflow/.local/lib/python3.12/site-packages/airflow/example_dags/example_external_task_marker_dag.py
[2024-04-21T08:05:54.165+0000] {processor.py:830} INFO - Processing file /home/airflow/.local/lib/python3.12/site-packages/airflow/example_dags/example_external_task_marker_dag.py for tasks to queue
[2024-04-21T08:05:54.172+0000] {logging_mixin.py:188} INFO - [2024-04-21T08:05:54.171+0000] {dagbag.py:540} INFO - Filling up the DagBag from /home/airflow/.local/lib/python3.12/site-packages/airflow/example_dags/example_external_task_marker_dag.py
[2024-04-21T08:05:54.193+0000] {processor.py:840} INFO - DAG(s) 'example_external_task_marker_child', 'example_external_task_marker_parent' retrieved from /home/airflow/.local/lib/python3.12/site-packages/airflow/example_dags/example_external_task_marker_dag.py
[2024-04-21T08:05:54.240+0000] {logging_mixin.py:188} INFO - [2024-04-21T08:05:54.240+0000] {dag.py:3096} INFO - Sync 2 DAGs
[2024-04-21T08:05:54.291+0000] {logging_mixin.py:188} INFO - [2024-04-21T08:05:54.291+0000] {dag.py:3954} INFO - Setting next_dagrun for example_external_task_marker_child to None, run_after=None
[2024-04-21T08:05:54.305+0000] {logging_mixin.py:188} INFO - [2024-04-21T08:05:54.304+0000] {dag.py:3954} INFO - Setting next_dagrun for example_external_task_marker_parent to None, run_after=None
[2024-04-21T08:05:54.363+0000] {processor.py:183} INFO - Processing /home/airflow/.local/lib/python3.12/site-packages/airflow/example_dags/example_external_task_marker_dag.py took 0.219 seconds
[2024-04-21T08:19:25.200+0000] {processor.py:161} INFO - Started process (PID=45) to work on /home/airflow/.local/lib/python3.12/site-packages/airflow/example_dags/example_external_task_marker_dag.py
[2024-04-21T08:19:25.203+0000] {processor.py:830} INFO - Processing file /home/airflow/.local/lib/python3.12/site-packages/airflow/example_dags/example_external_task_marker_dag.py for tasks to queue
[2024-04-21T08:19:25.211+0000] {logging_mixin.py:188} INFO - [2024-04-21T08:19:25.210+0000] {dagbag.py:540} INFO - Filling up the DagBag from /home/airflow/.local/lib/python3.12/site-packages/airflow/example_dags/example_external_task_marker_dag.py
[2024-04-21T08:19:25.228+0000] {processor.py:840} INFO - DAG(s) 'example_external_task_marker_parent', 'example_external_task_marker_child' retrieved from /home/airflow/.local/lib/python3.12/site-packages/airflow/example_dags/example_external_task_marker_dag.py
[2024-04-21T08:19:25.252+0000] {logging_mixin.py:188} INFO - [2024-04-21T08:19:25.252+0000] {dag.py:3096} INFO - Sync 2 DAGs
[2024-04-21T08:19:25.268+0000] {logging_mixin.py:188} INFO - [2024-04-21T08:19:25.268+0000] {dag.py:3954} INFO - Setting next_dagrun for example_external_task_marker_child to None, run_after=None
[2024-04-21T08:19:25.273+0000] {logging_mixin.py:188} INFO - [2024-04-21T08:19:25.272+0000] {dag.py:3954} INFO - Setting next_dagrun for example_external_task_marker_parent to None, run_after=None
[2024-04-21T08:19:25.297+0000] {processor.py:183} INFO - Processing /home/airflow/.local/lib/python3.12/site-packages/airflow/example_dags/example_external_task_marker_dag.py took 0.104 seconds
[2024-04-21T08:19:55.709+0000] {processor.py:161} INFO - Started process (PID=107) to work on /home/airflow/.local/lib/python3.12/site-packages/airflow/example_dags/example_external_task_marker_dag.py
[2024-04-21T08:19:55.710+0000] {processor.py:830} INFO - Processing file /home/airflow/.local/lib/python3.12/site-packages/airflow/example_dags/example_external_task_marker_dag.py for tasks to queue
[2024-04-21T08:19:55.712+0000] {logging_mixin.py:188} INFO - [2024-04-21T08:19:55.712+0000] {dagbag.py:540} INFO - Filling up the DagBag from /home/airflow/.local/lib/python3.12/site-packages/airflow/example_dags/example_external_task_marker_dag.py
[2024-04-21T08:19:55.716+0000] {processor.py:840} INFO - DAG(s) 'example_external_task_marker_child', 'example_external_task_marker_parent' retrieved from /home/airflow/.local/lib/python3.12/site-packages/airflow/example_dags/example_external_task_marker_dag.py
[2024-04-21T08:19:55.782+0000] {logging_mixin.py:188} INFO - [2024-04-21T08:19:55.782+0000] {dag.py:3096} INFO - Sync 2 DAGs
[2024-04-21T08:19:55.796+0000] {logging_mixin.py:188} INFO - [2024-04-21T08:19:55.796+0000] {dag.py:3954} INFO - Setting next_dagrun for example_external_task_marker_child to None, run_after=None
[2024-04-21T08:19:55.804+0000] {logging_mixin.py:188} INFO - [2024-04-21T08:19:55.803+0000] {dag.py:3954} INFO - Setting next_dagrun for example_external_task_marker_parent to None, run_after=None
[2024-04-21T08:19:55.844+0000] {processor.py:183} INFO - Processing /home/airflow/.local/lib/python3.12/site-packages/airflow/example_dags/example_external_task_marker_dag.py took 0.138 seconds
[2024-04-21T08:20:26.261+0000] {processor.py:161} INFO - Started process (PID=169) to work on /home/airflow/.local/lib/python3.12/site-packages/airflow/example_dags/example_external_task_marker_dag.py
[2024-04-21T08:20:26.262+0000] {processor.py:830} INFO - Processing file /home/airflow/.local/lib/python3.12/site-packages/airflow/example_dags/example_external_task_marker_dag.py for tasks to queue
[2024-04-21T08:20:26.264+0000] {logging_mixin.py:188} INFO - [2024-04-21T08:20:26.264+0000] {dagbag.py:540} INFO - Filling up the DagBag from /home/airflow/.local/lib/python3.12/site-packages/airflow/example_dags/example_external_task_marker_dag.py
[2024-04-21T08:20:26.268+0000] {processor.py:840} INFO - DAG(s) 'example_external_task_marker_parent', 'example_external_task_marker_child' retrieved from /home/airflow/.local/lib/python3.12/site-packages/airflow/example_dags/example_external_task_marker_dag.py
[2024-04-21T08:20:26.279+0000] {logging_mixin.py:188} INFO - [2024-04-21T08:20:26.279+0000] {dag.py:3096} INFO - Sync 2 DAGs
[2024-04-21T08:20:26.286+0000] {logging_mixin.py:188} INFO - [2024-04-21T08:20:26.285+0000] {dag.py:3954} INFO - Setting next_dagrun for example_external_task_marker_child to None, run_after=None
[2024-04-21T08:20:26.287+0000] {logging_mixin.py:188} INFO - [2024-04-21T08:20:26.287+0000] {dag.py:3954} INFO - Setting next_dagrun for example_external_task_marker_parent to None, run_after=None
[2024-04-21T08:20:26.295+0000] {processor.py:183} INFO - Processing /home/airflow/.local/lib/python3.12/site-packages/airflow/example_dags/example_external_task_marker_dag.py took 0.037 seconds
[2024-04-21T08:20:57.284+0000] {processor.py:161} INFO - Started process (PID=231) to work on /home/airflow/.local/lib/python3.12/site-packages/airflow/example_dags/example_external_task_marker_dag.py
[2024-04-21T08:20:57.285+0000] {processor.py:830} INFO - Processing file /home/airflow/.local/lib/python3.12/site-packages/airflow/example_dags/example_external_task_marker_dag.py for tasks to queue
[2024-04-21T08:20:57.287+0000] {logging_mixin.py:188} INFO - [2024-04-21T08:20:57.286+0000] {dagbag.py:540} INFO - Filling up the DagBag from /home/airflow/.local/lib/python3.12/site-packages/airflow/example_dags/example_external_task_marker_dag.py
[2024-04-21T08:20:57.292+0000] {processor.py:840} INFO - DAG(s) 'example_external_task_marker_parent', 'example_external_task_marker_child' retrieved from /home/airflow/.local/lib/python3.12/site-packages/airflow/example_dags/example_external_task_marker_dag.py
[2024-04-21T08:20:57.309+0000] {logging_mixin.py:188} INFO - [2024-04-21T08:20:57.308+0000] {dag.py:3096} INFO - Sync 2 DAGs
[2024-04-21T08:20:57.316+0000] {logging_mixin.py:188} INFO - [2024-04-21T08:20:57.316+0000] {dag.py:3954} INFO - Setting next_dagrun for example_external_task_marker_child to None, run_after=None
[2024-04-21T08:20:57.318+0000] {logging_mixin.py:188} INFO - [2024-04-21T08:20:57.318+0000] {dag.py:3954} INFO - Setting next_dagrun for example_external_task_marker_parent to None, run_after=None
[2024-04-21T08:20:57.331+0000] {processor.py:183} INFO - Processing /home/airflow/.local/lib/python3.12/site-packages/airflow/example_dags/example_external_task_marker_dag.py took 0.050 seconds
[2024-04-21T08:21:27.654+0000] {processor.py:161} INFO - Started process (PID=295) to work on /home/airflow/.local/lib/python3.12/site-packages/airflow/example_dags/example_external_task_marker_dag.py
[2024-04-21T08:21:27.654+0000] {processor.py:830} INFO - Processing file /home/airflow/.local/lib/python3.12/site-packages/airflow/example_dags/example_external_task_marker_dag.py for tasks to queue
[2024-04-21T08:21:27.655+0000] {logging_mixin.py:188} INFO - [2024-04-21T08:21:27.655+0000] {dagbag.py:540} INFO - Filling up the DagBag from /home/airflow/.local/lib/python3.12/site-packages/airflow/example_dags/example_external_task_marker_dag.py
[2024-04-21T08:21:27.659+0000] {processor.py:840} INFO - DAG(s) 'example_external_task_marker_child', 'example_external_task_marker_parent' retrieved from /home/airflow/.local/lib/python3.12/site-packages/airflow/example_dags/example_external_task_marker_dag.py
[2024-04-21T08:21:27.670+0000] {logging_mixin.py:188} INFO - [2024-04-21T08:21:27.670+0000] {dag.py:3096} INFO - Sync 2 DAGs
[2024-04-21T08:21:27.676+0000] {logging_mixin.py:188} INFO - [2024-04-21T08:21:27.676+0000] {dag.py:3954} INFO - Setting next_dagrun for example_external_task_marker_child to None, run_after=None
[2024-04-21T08:21:27.678+0000] {logging_mixin.py:188} INFO - [2024-04-21T08:21:27.678+0000] {dag.py:3954} INFO - Setting next_dagrun for example_external_task_marker_parent to None, run_after=None
[2024-04-21T08:21:27.686+0000] {processor.py:183} INFO - Processing /home/airflow/.local/lib/python3.12/site-packages/airflow/example_dags/example_external_task_marker_dag.py took 0.035 seconds
[2024-04-21T08:21:58.337+0000] {processor.py:161} INFO - Started process (PID=356) to work on /home/airflow/.local/lib/python3.12/site-packages/airflow/example_dags/example_external_task_marker_dag.py
[2024-04-21T08:21:58.338+0000] {processor.py:830} INFO - Processing file /home/airflow/.local/lib/python3.12/site-packages/airflow/example_dags/example_external_task_marker_dag.py for tasks to queue
[2024-04-21T08:21:58.339+0000] {logging_mixin.py:188} INFO - [2024-04-21T08:21:58.339+0000] {dagbag.py:540} INFO - Filling up the DagBag from /home/airflow/.local/lib/python3.12/site-packages/airflow/example_dags/example_external_task_marker_dag.py
[2024-04-21T08:21:58.343+0000] {processor.py:840} INFO - DAG(s) 'example_external_task_marker_parent', 'example_external_task_marker_child' retrieved from /home/airflow/.local/lib/python3.12/site-packages/airflow/example_dags/example_external_task_marker_dag.py
[2024-04-21T08:21:58.355+0000] {logging_mixin.py:188} INFO - [2024-04-21T08:21:58.355+0000] {dag.py:3096} INFO - Sync 2 DAGs
[2024-04-21T08:21:58.361+0000] {logging_mixin.py:188} INFO - [2024-04-21T08:21:58.361+0000] {dag.py:3954} INFO - Setting next_dagrun for example_external_task_marker_child to None, run_after=None
[2024-04-21T08:21:58.363+0000] {logging_mixin.py:188} INFO - [2024-04-21T08:21:58.363+0000] {dag.py:3954} INFO - Setting next_dagrun for example_external_task_marker_parent to None, run_after=None
[2024-04-21T08:21:58.371+0000] {processor.py:183} INFO - Processing /home/airflow/.local/lib/python3.12/site-packages/airflow/example_dags/example_external_task_marker_dag.py took 0.037 seconds
[2024-04-21T08:22:29.311+0000] {processor.py:161} INFO - Started process (PID=418) to work on /home/airflow/.local/lib/python3.12/site-packages/airflow/example_dags/example_external_task_marker_dag.py
[2024-04-21T08:22:29.312+0000] {processor.py:830} INFO - Processing file /home/airflow/.local/lib/python3.12/site-packages/airflow/example_dags/example_external_task_marker_dag.py for tasks to queue
[2024-04-21T08:22:29.313+0000] {logging_mixin.py:188} INFO - [2024-04-21T08:22:29.313+0000] {dagbag.py:540} INFO - Filling up the DagBag from /home/airflow/.local/lib/python3.12/site-packages/airflow/example_dags/example_external_task_marker_dag.py
[2024-04-21T08:22:29.316+0000] {processor.py:840} INFO - DAG(s) 'example_external_task_marker_parent', 'example_external_task_marker_child' retrieved from /home/airflow/.local/lib/python3.12/site-packages/airflow/example_dags/example_external_task_marker_dag.py
[2024-04-21T08:22:29.328+0000] {logging_mixin.py:188} INFO - [2024-04-21T08:22:29.328+0000] {dag.py:3096} INFO - Sync 2 DAGs
[2024-04-21T08:22:29.334+0000] {logging_mixin.py:188} INFO - [2024-04-21T08:22:29.334+0000] {dag.py:3954} INFO - Setting next_dagrun for example_external_task_marker_child to None, run_after=None
[2024-04-21T08:22:29.336+0000] {logging_mixin.py:188} INFO - [2024-04-21T08:22:29.336+0000] {dag.py:3954} INFO - Setting next_dagrun for example_external_task_marker_parent to None, run_after=None
[2024-04-21T08:22:29.343+0000] {processor.py:183} INFO - Processing /home/airflow/.local/lib/python3.12/site-packages/airflow/example_dags/example_external_task_marker_dag.py took 0.035 seconds
[2024-04-21T08:23:00.593+0000] {processor.py:161} INFO - Started process (PID=480) to work on /home/airflow/.local/lib/python3.12/site-packages/airflow/example_dags/example_external_task_marker_dag.py
[2024-04-21T08:23:00.594+0000] {processor.py:830} INFO - Processing file /home/airflow/.local/lib/python3.12/site-packages/airflow/example_dags/example_external_task_marker_dag.py for tasks to queue
[2024-04-21T08:23:00.595+0000] {logging_mixin.py:188} INFO - [2024-04-21T08:23:00.595+0000] {dagbag.py:540} INFO - Filling up the DagBag from /home/airflow/.local/lib/python3.12/site-packages/airflow/example_dags/example_external_task_marker_dag.py
[2024-04-21T08:23:00.599+0000] {processor.py:840} INFO - DAG(s) 'example_external_task_marker_parent', 'example_external_task_marker_child' retrieved from /home/airflow/.local/lib/python3.12/site-packages/airflow/example_dags/example_external_task_marker_dag.py
[2024-04-21T08:23:00.612+0000] {logging_mixin.py:188} INFO - [2024-04-21T08:23:00.612+0000] {dag.py:3096} INFO - Sync 2 DAGs
[2024-04-21T08:23:00.621+0000] {logging_mixin.py:188} INFO - [2024-04-21T08:23:00.620+0000] {dag.py:3954} INFO - Setting next_dagrun for example_external_task_marker_child to None, run_after=None
[2024-04-21T08:23:00.623+0000] {logging_mixin.py:188} INFO - [2024-04-21T08:23:00.623+0000] {dag.py:3954} INFO - Setting next_dagrun for example_external_task_marker_parent to None, run_after=None
[2024-04-21T08:23:00.633+0000] {processor.py:183} INFO - Processing /home/airflow/.local/lib/python3.12/site-packages/airflow/example_dags/example_external_task_marker_dag.py took 0.043 seconds
[2024-04-21T08:23:31.602+0000] {processor.py:161} INFO - Started process (PID=542) to work on /home/airflow/.local/lib/python3.12/site-packages/airflow/example_dags/example_external_task_marker_dag.py
[2024-04-21T08:23:31.606+0000] {processor.py:830} INFO - Processing file /home/airflow/.local/lib/python3.12/site-packages/airflow/example_dags/example_external_task_marker_dag.py for tasks to queue
[2024-04-21T08:23:31.609+0000] {logging_mixin.py:188} INFO - [2024-04-21T08:23:31.609+0000] {dagbag.py:540} INFO - Filling up the DagBag from /home/airflow/.local/lib/python3.12/site-packages/airflow/example_dags/example_external_task_marker_dag.py
[2024-04-21T08:23:31.616+0000] {processor.py:840} INFO - DAG(s) 'example_external_task_marker_child', 'example_external_task_marker_parent' retrieved from /home/airflow/.local/lib/python3.12/site-packages/airflow/example_dags/example_external_task_marker_dag.py
[2024-04-21T08:23:31.638+0000] {logging_mixin.py:188} INFO - [2024-04-21T08:23:31.638+0000] {dag.py:3096} INFO - Sync 2 DAGs
[2024-04-21T08:23:31.648+0000] {logging_mixin.py:188} INFO - [2024-04-21T08:23:31.648+0000] {dag.py:3954} INFO - Setting next_dagrun for example_external_task_marker_child to None, run_after=None
[2024-04-21T08:23:31.651+0000] {logging_mixin.py:188} INFO - [2024-04-21T08:23:31.651+0000] {dag.py:3954} INFO - Setting next_dagrun for example_external_task_marker_parent to None, run_after=None
[2024-04-21T08:23:31.664+0000] {processor.py:183} INFO - Processing /home/airflow/.local/lib/python3.12/site-packages/airflow/example_dags/example_external_task_marker_dag.py took 0.073 seconds
[2024-04-21T08:24:02.420+0000] {processor.py:161} INFO - Started process (PID=604) to work on /home/airflow/.local/lib/python3.12/site-packages/airflow/example_dags/example_external_task_marker_dag.py
[2024-04-21T08:24:02.421+0000] {processor.py:830} INFO - Processing file /home/airflow/.local/lib/python3.12/site-packages/airflow/example_dags/example_external_task_marker_dag.py for tasks to queue
[2024-04-21T08:24:02.422+0000] {logging_mixin.py:188} INFO - [2024-04-21T08:24:02.422+0000] {dagbag.py:540} INFO - Filling up the DagBag from /home/airflow/.local/lib/python3.12/site-packages/airflow/example_dags/example_external_task_marker_dag.py
[2024-04-21T08:24:02.425+0000] {processor.py:840} INFO - DAG(s) 'example_external_task_marker_child', 'example_external_task_marker_parent' retrieved from /home/airflow/.local/lib/python3.12/site-packages/airflow/example_dags/example_external_task_marker_dag.py
[2024-04-21T08:24:02.437+0000] {logging_mixin.py:188} INFO - [2024-04-21T08:24:02.437+0000] {dag.py:3096} INFO - Sync 2 DAGs
[2024-04-21T08:24:02.446+0000] {logging_mixin.py:188} INFO - [2024-04-21T08:24:02.445+0000] {dag.py:3954} INFO - Setting next_dagrun for example_external_task_marker_child to None, run_after=None
[2024-04-21T08:24:02.448+0000] {logging_mixin.py:188} INFO - [2024-04-21T08:24:02.448+0000] {dag.py:3954} INFO - Setting next_dagrun for example_external_task_marker_parent to None, run_after=None
[2024-04-21T08:24:02.456+0000] {processor.py:183} INFO - Processing /home/airflow/.local/lib/python3.12/site-packages/airflow/example_dags/example_external_task_marker_dag.py took 0.039 seconds
[2024-04-21T08:24:32.953+0000] {processor.py:161} INFO - Started process (PID=666) to work on /home/airflow/.local/lib/python3.12/site-packages/airflow/example_dags/example_external_task_marker_dag.py
[2024-04-21T08:24:32.956+0000] {processor.py:830} INFO - Processing file /home/airflow/.local/lib/python3.12/site-packages/airflow/example_dags/example_external_task_marker_dag.py for tasks to queue
[2024-04-21T08:24:32.957+0000] {logging_mixin.py:188} INFO - [2024-04-21T08:24:32.957+0000] {dagbag.py:540} INFO - Filling up the DagBag from /home/airflow/.local/lib/python3.12/site-packages/airflow/example_dags/example_external_task_marker_dag.py
[2024-04-21T08:24:32.961+0000] {processor.py:840} INFO - DAG(s) 'example_external_task_marker_child', 'example_external_task_marker_parent' retrieved from /home/airflow/.local/lib/python3.12/site-packages/airflow/example_dags/example_external_task_marker_dag.py
[2024-04-21T08:24:32.974+0000] {logging_mixin.py:188} INFO - [2024-04-21T08:24:32.974+0000] {dag.py:3096} INFO - Sync 2 DAGs
[2024-04-21T08:24:32.981+0000] {logging_mixin.py:188} INFO - [2024-04-21T08:24:32.981+0000] {dag.py:3954} INFO - Setting next_dagrun for example_external_task_marker_child to None, run_after=None
[2024-04-21T08:24:32.985+0000] {logging_mixin.py:188} INFO - [2024-04-21T08:24:32.985+0000] {dag.py:3954} INFO - Setting next_dagrun for example_external_task_marker_parent to None, run_after=None
[2024-04-21T08:24:32.994+0000] {processor.py:183} INFO - Processing /home/airflow/.local/lib/python3.12/site-packages/airflow/example_dags/example_external_task_marker_dag.py took 0.044 seconds
[2024-04-21T08:25:03.853+0000] {processor.py:161} INFO - Started process (PID=726) to work on /home/airflow/.local/lib/python3.12/site-packages/airflow/example_dags/example_external_task_marker_dag.py
[2024-04-21T08:25:03.854+0000] {processor.py:830} INFO - Processing file /home/airflow/.local/lib/python3.12/site-packages/airflow/example_dags/example_external_task_marker_dag.py for tasks to queue
[2024-04-21T08:25:03.856+0000] {logging_mixin.py:188} INFO - [2024-04-21T08:25:03.856+0000] {dagbag.py:540} INFO - Filling up the DagBag from /home/airflow/.local/lib/python3.12/site-packages/airflow/example_dags/example_external_task_marker_dag.py
[2024-04-21T08:25:03.885+0000] {processor.py:840} INFO - DAG(s) 'example_external_task_marker_parent', 'example_external_task_marker_child' retrieved from /home/airflow/.local/lib/python3.12/site-packages/airflow/example_dags/example_external_task_marker_dag.py
[2024-04-21T08:25:03.910+0000] {logging_mixin.py:188} INFO - [2024-04-21T08:25:03.910+0000] {dag.py:3096} INFO - Sync 2 DAGs
[2024-04-21T08:25:03.920+0000] {logging_mixin.py:188} INFO - [2024-04-21T08:25:03.920+0000] {dag.py:3954} INFO - Setting next_dagrun for example_external_task_marker_child to None, run_after=None
[2024-04-21T08:25:03.923+0000] {logging_mixin.py:188} INFO - [2024-04-21T08:25:03.923+0000] {dag.py:3954} INFO - Setting next_dagrun for example_external_task_marker_parent to None, run_after=None
[2024-04-21T08:25:03.934+0000] {processor.py:183} INFO - Processing /home/airflow/.local/lib/python3.12/site-packages/airflow/example_dags/example_external_task_marker_dag.py took 0.088 seconds
[2024-04-21T08:25:33.964+0000] {processor.py:161} INFO - Started process (PID=787) to work on /home/airflow/.local/lib/python3.12/site-packages/airflow/example_dags/example_external_task_marker_dag.py
[2024-04-21T08:25:33.965+0000] {processor.py:830} INFO - Processing file /home/airflow/.local/lib/python3.12/site-packages/airflow/example_dags/example_external_task_marker_dag.py for tasks to queue
[2024-04-21T08:25:33.966+0000] {logging_mixin.py:188} INFO - [2024-04-21T08:25:33.966+0000] {dagbag.py:540} INFO - Filling up the DagBag from /home/airflow/.local/lib/python3.12/site-packages/airflow/example_dags/example_external_task_marker_dag.py
[2024-04-21T08:25:33.969+0000] {processor.py:840} INFO - DAG(s) 'example_external_task_marker_child', 'example_external_task_marker_parent' retrieved from /home/airflow/.local/lib/python3.12/site-packages/airflow/example_dags/example_external_task_marker_dag.py
[2024-04-21T08:25:33.980+0000] {logging_mixin.py:188} INFO - [2024-04-21T08:25:33.980+0000] {dag.py:3096} INFO - Sync 2 DAGs
[2024-04-21T08:25:33.986+0000] {logging_mixin.py:188} INFO - [2024-04-21T08:25:33.986+0000] {dag.py:3954} INFO - Setting next_dagrun for example_external_task_marker_child to None, run_after=None
[2024-04-21T08:25:33.988+0000] {logging_mixin.py:188} INFO - [2024-04-21T08:25:33.987+0000] {dag.py:3954} INFO - Setting next_dagrun for example_external_task_marker_parent to None, run_after=None
[2024-04-21T08:25:33.994+0000] {processor.py:183} INFO - Processing /home/airflow/.local/lib/python3.12/site-packages/airflow/example_dags/example_external_task_marker_dag.py took 0.033 seconds
[2024-04-21T08:26:04.473+0000] {processor.py:161} INFO - Started process (PID=849) to work on /home/airflow/.local/lib/python3.12/site-packages/airflow/example_dags/example_external_task_marker_dag.py
[2024-04-21T08:26:04.473+0000] {processor.py:830} INFO - Processing file /home/airflow/.local/lib/python3.12/site-packages/airflow/example_dags/example_external_task_marker_dag.py for tasks to queue
[2024-04-21T08:26:04.474+0000] {logging_mixin.py:188} INFO - [2024-04-21T08:26:04.474+0000] {dagbag.py:540} INFO - Filling up the DagBag from /home/airflow/.local/lib/python3.12/site-packages/airflow/example_dags/example_external_task_marker_dag.py
[2024-04-21T08:26:04.477+0000] {processor.py:840} INFO - DAG(s) 'example_external_task_marker_child', 'example_external_task_marker_parent' retrieved from /home/airflow/.local/lib/python3.12/site-packages/airflow/example_dags/example_external_task_marker_dag.py
[2024-04-21T08:26:04.489+0000] {logging_mixin.py:188} INFO - [2024-04-21T08:26:04.489+0000] {dag.py:3096} INFO - Sync 2 DAGs
[2024-04-21T08:26:04.495+0000] {logging_mixin.py:188} INFO - [2024-04-21T08:26:04.495+0000] {dag.py:3954} INFO - Setting next_dagrun for example_external_task_marker_child to None, run_after=None
[2024-04-21T08:26:04.497+0000] {logging_mixin.py:188} INFO - [2024-04-21T08:26:04.497+0000] {dag.py:3954} INFO - Setting next_dagrun for example_external_task_marker_parent to None, run_after=None
[2024-04-21T08:26:04.503+0000] {processor.py:183} INFO - Processing /home/airflow/.local/lib/python3.12/site-packages/airflow/example_dags/example_external_task_marker_dag.py took 0.034 seconds
[2024-04-21T08:26:34.985+0000] {processor.py:161} INFO - Started process (PID=911) to work on /home/airflow/.local/lib/python3.12/site-packages/airflow/example_dags/example_external_task_marker_dag.py
[2024-04-21T08:26:34.985+0000] {processor.py:830} INFO - Processing file /home/airflow/.local/lib/python3.12/site-packages/airflow/example_dags/example_external_task_marker_dag.py for tasks to queue
[2024-04-21T08:26:34.986+0000] {logging_mixin.py:188} INFO - [2024-04-21T08:26:34.986+0000] {dagbag.py:540} INFO - Filling up the DagBag from /home/airflow/.local/lib/python3.12/site-packages/airflow/example_dags/example_external_task_marker_dag.py
[2024-04-21T08:26:34.990+0000] {processor.py:840} INFO - DAG(s) 'example_external_task_marker_parent', 'example_external_task_marker_child' retrieved from /home/airflow/.local/lib/python3.12/site-packages/airflow/example_dags/example_external_task_marker_dag.py
[2024-04-21T08:26:35.002+0000] {logging_mixin.py:188} INFO - [2024-04-21T08:26:35.002+0000] {dag.py:3096} INFO - Sync 2 DAGs
[2024-04-21T08:26:35.008+0000] {logging_mixin.py:188} INFO - [2024-04-21T08:26:35.008+0000] {dag.py:3954} INFO - Setting next_dagrun for example_external_task_marker_child to None, run_after=None
[2024-04-21T08:26:35.010+0000] {logging_mixin.py:188} INFO - [2024-04-21T08:26:35.010+0000] {dag.py:3954} INFO - Setting next_dagrun for example_external_task_marker_parent to None, run_after=None
[2024-04-21T08:26:35.017+0000] {processor.py:183} INFO - Processing /home/airflow/.local/lib/python3.12/site-packages/airflow/example_dags/example_external_task_marker_dag.py took 0.036 seconds
[2024-04-21T08:27:05.606+0000] {processor.py:161} INFO - Started process (PID=973) to work on /home/airflow/.local/lib/python3.12/site-packages/airflow/example_dags/example_external_task_marker_dag.py
[2024-04-21T08:27:05.606+0000] {processor.py:830} INFO - Processing file /home/airflow/.local/lib/python3.12/site-packages/airflow/example_dags/example_external_task_marker_dag.py for tasks to queue
[2024-04-21T08:27:05.607+0000] {logging_mixin.py:188} INFO - [2024-04-21T08:27:05.607+0000] {dagbag.py:540} INFO - Filling up the DagBag from /home/airflow/.local/lib/python3.12/site-packages/airflow/example_dags/example_external_task_marker_dag.py
[2024-04-21T08:27:05.611+0000] {processor.py:840} INFO - DAG(s) 'example_external_task_marker_parent', 'example_external_task_marker_child' retrieved from /home/airflow/.local/lib/python3.12/site-packages/airflow/example_dags/example_external_task_marker_dag.py
[2024-04-21T08:27:05.627+0000] {logging_mixin.py:188} INFO - [2024-04-21T08:27:05.627+0000] {dag.py:3096} INFO - Sync 2 DAGs
[2024-04-21T08:27:05.635+0000] {logging_mixin.py:188} INFO - [2024-04-21T08:27:05.635+0000] {dag.py:3954} INFO - Setting next_dagrun for example_external_task_marker_child to None, run_after=None
[2024-04-21T08:27:05.638+0000] {logging_mixin.py:188} INFO - [2024-04-21T08:27:05.638+0000] {dag.py:3954} INFO - Setting next_dagrun for example_external_task_marker_parent to None, run_after=None
[2024-04-21T08:27:05.650+0000] {processor.py:183} INFO - Processing /home/airflow/.local/lib/python3.12/site-packages/airflow/example_dags/example_external_task_marker_dag.py took 0.048 seconds
