[2024-04-24T12:01:29.907+0000] {local_task_job_runner.py:120} INFO - ::group::Pre task execution logs
[2024-04-24T12:01:29.920+0000] {taskinstance.py:2073} INFO - Dependencies all met for dep_context=non-requeueable deps ti=<TaskInstance: profile_creation_dag.combine_csv_files_task scheduled__2024-04-23T12:00:00+00:00 [queued]>
[2024-04-24T12:01:29.924+0000] {taskinstance.py:2073} INFO - Dependencies all met for dep_context=requeueable deps ti=<TaskInstance: profile_creation_dag.combine_csv_files_task scheduled__2024-04-23T12:00:00+00:00 [queued]>
[2024-04-24T12:01:29.925+0000] {taskinstance.py:2303} INFO - Starting attempt 1 of 1
[2024-04-24T12:01:29.932+0000] {taskinstance.py:2327} INFO - Executing <Task(PythonOperator): combine_csv_files_task> on 2024-04-23 12:00:00+00:00
[2024-04-24T12:01:29.937+0000] {warnings.py:110} WARNING - /home/***/.local/lib/python3.12/site-packages/***/task/task_runner/standard_task_runner.py:61: DeprecationWarning: This process (pid=1799) is multi-threaded, use of fork() may lead to deadlocks in the child.
  pid = os.fork()

[2024-04-24T12:01:29.938+0000] {standard_task_runner.py:90} INFO - Running: ['***', 'tasks', 'run', 'profile_creation_dag', 'combine_csv_files_task', 'scheduled__2024-04-23T12:00:00+00:00', '--job-id', '68', '--raw', '--subdir', 'DAGS_FOLDER/sample-project-dag.py', '--cfg-path', '/tmp/tmpjjoo5452']
[2024-04-24T12:01:29.940+0000] {standard_task_runner.py:63} INFO - Started process 1801 to run task
[2024-04-24T12:01:29.941+0000] {standard_task_runner.py:91} INFO - Job 68: Subtask combine_csv_files_task
[2024-04-24T12:01:29.969+0000] {task_command.py:426} INFO - Running <TaskInstance: profile_creation_dag.combine_csv_files_task scheduled__2024-04-23T12:00:00+00:00 [running]> on host b97309cb3903
[2024-04-24T12:01:30.050+0000] {taskinstance.py:2644} INFO - Exporting env vars: AIRFLOW_CTX_DAG_OWNER='***' AIRFLOW_CTX_DAG_ID='profile_creation_dag' AIRFLOW_CTX_TASK_ID='combine_csv_files_task' AIRFLOW_CTX_EXECUTION_DATE='2024-04-23T12:00:00+00:00' AIRFLOW_CTX_TRY_NUMBER='1' AIRFLOW_CTX_DAG_RUN_ID='scheduled__2024-04-23T12:00:00+00:00'
[2024-04-24T12:01:30.051+0000] {taskinstance.py:430} INFO - ::endgroup::
[2024-04-24T12:01:30.131+0000] {logging_mixin.py:188} INFO - Row_ID           False
Order_ID         False
ORDER_DATE       False
SHIP_DATE        False
SHIP_MODE        False
CUSTOMER_ID      False
CUSTOMER_NAME    False
SEGMENT          False
CITY             False
CUST_STATE       False
REGION           False
PRODUCT_ID       False
CATEGORY         False
SUB_CATEGORY     False
PRODUCT_NAME     False
SALES            False
QUANTITY         False
DISCOUNT         False
PROFIT           False
dtype: bool
[2024-04-24T12:01:30.137+0000] {logging_mixin.py:188} INFO - Row_ID           0
Order_ID         0
ORDER_DATE       0
SHIP_DATE        0
SHIP_MODE        0
CUSTOMER_ID      0
CUSTOMER_NAME    0
SEGMENT          0
CITY             0
CUST_STATE       0
REGION           0
PRODUCT_ID       0
CATEGORY         0
SUB_CATEGORY     0
PRODUCT_NAME     0
SALES            0
QUANTITY         0
DISCOUNT         0
PROFIT           0
dtype: int64
[2024-04-24T12:01:30.150+0000] {logging_mixin.py:188} INFO - False    17995
Name: count, dtype: int64
[2024-04-24T12:01:30.152+0000] {logging_mixin.py:188} INFO - Empty DataFrame
Columns: [Row_ID, Order_ID, ORDER_DATE, SHIP_DATE, SHIP_MODE, CUSTOMER_ID, CUSTOMER_NAME, SEGMENT, CITY, CUST_STATE, REGION, PRODUCT_ID, CATEGORY, SUB_CATEGORY, PRODUCT_NAME, SALES, QUANTITY, DISCOUNT, PROFIT]
Index: []
[2024-04-24T12:01:30.152+0000] {logging_mixin.py:188} INFO - Empty DataFrame
Columns: [Row_ID, Order_ID, ORDER_DATE, SHIP_DATE, SHIP_MODE, CUSTOMER_ID, CUSTOMER_NAME, SEGMENT, CITY, CUST_STATE, REGION, PRODUCT_ID, CATEGORY, SUB_CATEGORY, PRODUCT_NAME, SALES, QUANTITY, DISCOUNT, PROFIT]
Index: []
[2024-04-24T12:01:30.161+0000] {logging_mixin.py:188} INFO -              Row_ID         SALES      QUANTITY      DISCOUNT        PROFIT
count  17995.000000  17995.000000  17995.000000  17995.000000  17995.000000
mean    5000.612114    228.405347      3.787997      0.155972     29.077525
std     2883.969346    607.016238      2.223209      0.206532    237.844969
min        1.000000      0.444000      1.000000      0.000000  -6599.978000
25%     2483.500000     17.380000      2.000000      0.000000      1.734750
50%     5008.000000     54.816000      3.000000      0.200000      8.690000
75%     7495.000000    209.670000      5.000000      0.200000     29.472100
max     9994.000000  22638.480000     14.000000      0.800000   8399.976000
[2024-04-24T12:01:30.360+0000] {python.py:237} INFO - Done. Returned value was: None
[2024-04-24T12:01:30.361+0000] {taskinstance.py:441} INFO - ::group::Post task execution logs
[2024-04-24T12:01:30.366+0000] {taskinstance.py:1205} INFO - Marking task as SUCCESS. dag_id=profile_creation_dag, task_id=combine_csv_files_task, execution_date=20240423T120000, start_date=20240424T120129, end_date=20240424T120130
[2024-04-24T12:01:30.414+0000] {local_task_job_runner.py:240} INFO - Task exited with return code 0
[2024-04-24T12:01:30.430+0000] {taskinstance.py:3482} INFO - 1 downstream tasks scheduled from follow-on schedule check
[2024-04-24T12:01:30.430+0000] {local_task_job_runner.py:222} INFO - ::endgroup::
