[2024-04-21T07:59:05.833+0000] {local_task_job_runner.py:120} INFO - ::group::Pre task execution logs
[2024-04-21T07:59:05.855+0000] {taskinstance.py:2073} INFO - Dependencies all met for dep_context=non-requeueable deps ti=<TaskInstance: profile_creation_dag.create_profiles manual__2024-04-21T07:59:03.962193+00:00 [queued]>
[2024-04-21T07:59:05.859+0000] {taskinstance.py:2073} INFO - Dependencies all met for dep_context=requeueable deps ti=<TaskInstance: profile_creation_dag.create_profiles manual__2024-04-21T07:59:03.962193+00:00 [queued]>
[2024-04-21T07:59:05.859+0000] {taskinstance.py:2303} INFO - Starting attempt 1 of 1
[2024-04-21T07:59:05.868+0000] {taskinstance.py:2327} INFO - Executing <Task(PythonOperator): create_profiles> on 2024-04-21 07:59:03.962193+00:00
[2024-04-21T07:59:05.876+0000] {standard_task_runner.py:90} INFO - Running: ['***', 'tasks', 'run', 'profile_creation_dag', 'create_profiles', 'manual__2024-04-21T07:59:03.962193+00:00', '--job-id', '25', '--raw', '--subdir', 'DAGS_FOLDER/sample-project-dag.py', '--cfg-path', '/tmp/tmpxdj5b_nj']
[2024-04-21T07:59:05.875+0000] {warnings.py:110} WARNING - /home/***/.local/lib/python3.12/site-packages/***/task/task_runner/standard_task_runner.py:61: DeprecationWarning: This process (pid=54) is multi-threaded, use of fork() may lead to deadlocks in the child.
  pid = os.fork()

[2024-04-21T07:59:05.878+0000] {standard_task_runner.py:91} INFO - Job 25: Subtask create_profiles
[2024-04-21T07:59:05.878+0000] {standard_task_runner.py:63} INFO - Started process 56 to run task
[2024-04-21T07:59:05.939+0000] {task_command.py:426} INFO - Running <TaskInstance: profile_creation_dag.create_profiles manual__2024-04-21T07:59:03.962193+00:00 [running]> on host b97309cb3903
[2024-04-21T07:59:06.010+0000] {taskinstance.py:2644} INFO - Exporting env vars: AIRFLOW_CTX_DAG_OWNER='***' AIRFLOW_CTX_DAG_ID='profile_creation_dag' AIRFLOW_CTX_TASK_ID='create_profiles' AIRFLOW_CTX_EXECUTION_DATE='2024-04-21T07:59:03.962193+00:00' AIRFLOW_CTX_TRY_NUMBER='1' AIRFLOW_CTX_DAG_RUN_ID='manual__2024-04-21T07:59:03.962193+00:00'
[2024-04-21T07:59:06.011+0000] {taskinstance.py:430} INFO - ::endgroup::
[2024-04-21T07:59:06.201+0000] {logging_mixin.py:188} INFO - Data processing complete and exported to CSV.
[2024-04-21T07:59:06.201+0000] {python.py:237} INFO - Done. Returned value was: None
[2024-04-21T07:59:06.201+0000] {taskinstance.py:441} INFO - ::group::Post task execution logs
[2024-04-21T07:59:06.206+0000] {taskinstance.py:1205} INFO - Marking task as SUCCESS. dag_id=profile_creation_dag, task_id=create_profiles, execution_date=20240421T075903, start_date=20240421T075905, end_date=20240421T075906
[2024-04-21T07:59:06.227+0000] {local_task_job_runner.py:240} INFO - Task exited with return code 0
[2024-04-21T07:59:06.240+0000] {taskinstance.py:3482} INFO - 1 downstream tasks scheduled from follow-on schedule check
[2024-04-21T07:59:06.241+0000] {local_task_job_runner.py:222} INFO - ::endgroup::
