[2024-04-21T06:44:57.465+0000] {processor.py:161} INFO - Started process (PID=31) to work on /opt/airflow/dags/sample-project-dag.py
[2024-04-21T06:44:57.466+0000] {processor.py:830} INFO - Processing file /opt/airflow/dags/sample-project-dag.py for tasks to queue
[2024-04-21T06:44:57.469+0000] {logging_mixin.py:188} INFO - [2024-04-21T06:44:57.469+0000] {dagbag.py:540} INFO - Filling up the DagBag from /opt/airflow/dags/sample-project-dag.py
[2024-04-21T06:44:58.975+0000] {logging_mixin.py:188} INFO - b'\x97\x00t\x01\x00\x00\x00\x00\x00\x00\x00\x00j\x02\x00\x00\x00\x00\x00\x00\x00\x00\x00\x00\x00\x00\x00\x00\x00\x00\x00\x00d\x01\xab\x01\x00\x00\x00\x00\x00\x00}\x00g\x00d\x02\xa2\x01}\x01|\x01D\x00\x8f\x02c\x02g\x00c\x02]\x0e\x00\x00}\x02t\x05\x00\x00\x00\x00\x00\x00\x00\x00|\x00|\x02\xab\x02\x00\x00\x00\x00\x00\x00\x91\x02\x8c\x10\x04\x00}\x03}\x02t\x07\x00\x00\x00\x00\x00\x00\x00\x00|\x03d\x03\xab\x02\x00\x00\x00\x00\x00\x00}\x04t\t\x00\x00\x00\x00\x00\x00\x00\x00|\x04d\x04\xab\x02\x00\x00\x00\x00\x00\x00\x01\x00t\x0b\x00\x00\x00\x00\x00\x00\x00\x00d\x05\xab\x01\x00\x00\x00\x00\x00\x00\x01\x00y\x00c\x02\x01\x00c\x02}\x02w\x00'
[2024-04-21T06:44:58.995+0000] {processor.py:840} INFO - DAG(s) 'profile_creation_dag' retrieved from /opt/airflow/dags/sample-project-dag.py
[2024-04-21T06:44:59.102+0000] {logging_mixin.py:188} INFO - [2024-04-21T06:44:59.101+0000] {dag.py:3096} INFO - Sync 1 DAGs
[2024-04-21T06:44:59.160+0000] {logging_mixin.py:188} INFO - [2024-04-21T06:44:59.159+0000] {dag.py:3954} INFO - Setting next_dagrun for profile_creation_dag to 2024-04-20 12:00:00+00:00, run_after=2024-04-21 12:00:00+00:00
[2024-04-21T06:44:59.215+0000] {processor.py:183} INFO - Processing /opt/airflow/dags/sample-project-dag.py took 1.756 seconds
[2024-04-21T06:45:29.431+0000] {processor.py:161} INFO - Started process (PID=93) to work on /opt/airflow/dags/sample-project-dag.py
[2024-04-21T06:45:29.432+0000] {processor.py:830} INFO - Processing file /opt/airflow/dags/sample-project-dag.py for tasks to queue
[2024-04-21T06:45:29.433+0000] {logging_mixin.py:188} INFO - [2024-04-21T06:45:29.433+0000] {dagbag.py:540} INFO - Filling up the DagBag from /opt/airflow/dags/sample-project-dag.py
[2024-04-21T06:45:29.733+0000] {logging_mixin.py:188} INFO - b'\x97\x00t\x01\x00\x00\x00\x00\x00\x00\x00\x00j\x02\x00\x00\x00\x00\x00\x00\x00\x00\x00\x00\x00\x00\x00\x00\x00\x00\x00\x00d\x01\xab\x01\x00\x00\x00\x00\x00\x00}\x00g\x00d\x02\xa2\x01}\x01|\x01D\x00\x8f\x02c\x02g\x00c\x02]\x0e\x00\x00}\x02t\x05\x00\x00\x00\x00\x00\x00\x00\x00|\x00|\x02\xab\x02\x00\x00\x00\x00\x00\x00\x91\x02\x8c\x10\x04\x00}\x03}\x02t\x07\x00\x00\x00\x00\x00\x00\x00\x00|\x03d\x03\xab\x02\x00\x00\x00\x00\x00\x00}\x04t\t\x00\x00\x00\x00\x00\x00\x00\x00|\x04d\x04\xab\x02\x00\x00\x00\x00\x00\x00\x01\x00t\x0b\x00\x00\x00\x00\x00\x00\x00\x00d\x05\xab\x01\x00\x00\x00\x00\x00\x00\x01\x00y\x00c\x02\x01\x00c\x02}\x02w\x00'
[2024-04-21T06:45:29.737+0000] {processor.py:840} INFO - DAG(s) 'profile_creation_dag' retrieved from /opt/airflow/dags/sample-project-dag.py
[2024-04-21T06:45:29.880+0000] {logging_mixin.py:188} INFO - [2024-04-21T06:45:29.879+0000] {dag.py:3096} INFO - Sync 1 DAGs
[2024-04-21T06:45:29.892+0000] {logging_mixin.py:188} INFO - [2024-04-21T06:45:29.892+0000] {dag.py:3954} INFO - Setting next_dagrun for profile_creation_dag to 2024-04-20 12:00:00+00:00, run_after=2024-04-21 12:00:00+00:00
[2024-04-21T06:45:29.915+0000] {processor.py:183} INFO - Processing /opt/airflow/dags/sample-project-dag.py took 0.487 seconds
[2024-04-21T07:08:55.745+0000] {processor.py:161} INFO - Started process (PID=30) to work on /opt/airflow/dags/sample-project-dag.py
[2024-04-21T07:08:55.747+0000] {processor.py:830} INFO - Processing file /opt/airflow/dags/sample-project-dag.py for tasks to queue
[2024-04-21T07:08:55.749+0000] {logging_mixin.py:188} INFO - [2024-04-21T07:08:55.748+0000] {dagbag.py:540} INFO - Filling up the DagBag from /opt/airflow/dags/sample-project-dag.py
[2024-04-21T07:09:01.958+0000] {logging_mixin.py:188} INFO - b'\x97\x00t\x01\x00\x00\x00\x00\x00\x00\x00\x00j\x02\x00\x00\x00\x00\x00\x00\x00\x00\x00\x00\x00\x00\x00\x00\x00\x00\x00\x00d\x01\xab\x01\x00\x00\x00\x00\x00\x00}\x00g\x00d\x02\xa2\x01}\x01|\x01D\x00\x8f\x02c\x02g\x00c\x02]\x0e\x00\x00}\x02t\x05\x00\x00\x00\x00\x00\x00\x00\x00|\x00|\x02\xab\x02\x00\x00\x00\x00\x00\x00\x91\x02\x8c\x10\x04\x00}\x03}\x02t\x07\x00\x00\x00\x00\x00\x00\x00\x00|\x03d\x03\xab\x02\x00\x00\x00\x00\x00\x00}\x04t\t\x00\x00\x00\x00\x00\x00\x00\x00|\x04d\x04\xab\x02\x00\x00\x00\x00\x00\x00\x01\x00t\x0b\x00\x00\x00\x00\x00\x00\x00\x00d\x05\xab\x01\x00\x00\x00\x00\x00\x00\x01\x00y\x00c\x02\x01\x00c\x02}\x02w\x00'
[2024-04-21T07:09:02.098+0000] {processor.py:840} INFO - DAG(s) 'profile_creation_dag' retrieved from /opt/airflow/dags/sample-project-dag.py
[2024-04-21T07:09:02.808+0000] {logging_mixin.py:188} INFO - [2024-04-21T07:09:02.805+0000] {dag.py:3096} INFO - Sync 1 DAGs
[2024-04-21T07:09:02.889+0000] {logging_mixin.py:188} INFO - [2024-04-21T07:09:02.889+0000] {dag.py:3954} INFO - Setting next_dagrun for profile_creation_dag to 2024-04-20 12:00:00+00:00, run_after=2024-04-21 12:00:00+00:00
[2024-04-21T07:09:02.970+0000] {processor.py:183} INFO - Processing /opt/airflow/dags/sample-project-dag.py took 7.231 seconds
[2024-04-21T07:58:33.422+0000] {processor.py:161} INFO - Started process (PID=30) to work on /opt/airflow/dags/sample-project-dag.py
[2024-04-21T07:58:33.424+0000] {processor.py:830} INFO - Processing file /opt/airflow/dags/sample-project-dag.py for tasks to queue
[2024-04-21T07:58:33.431+0000] {logging_mixin.py:188} INFO - [2024-04-21T07:58:33.430+0000] {dagbag.py:540} INFO - Filling up the DagBag from /opt/airflow/dags/sample-project-dag.py
[2024-04-21T07:58:34.702+0000] {logging_mixin.py:188} INFO - b'\x97\x00t\x01\x00\x00\x00\x00\x00\x00\x00\x00j\x02\x00\x00\x00\x00\x00\x00\x00\x00\x00\x00\x00\x00\x00\x00\x00\x00\x00\x00d\x01\xab\x01\x00\x00\x00\x00\x00\x00}\x00g\x00d\x02\xa2\x01}\x01|\x01D\x00\x8f\x02c\x02g\x00c\x02]\x0e\x00\x00}\x02t\x05\x00\x00\x00\x00\x00\x00\x00\x00|\x00|\x02\xab\x02\x00\x00\x00\x00\x00\x00\x91\x02\x8c\x10\x04\x00}\x03}\x02t\x07\x00\x00\x00\x00\x00\x00\x00\x00|\x03d\x03\xab\x02\x00\x00\x00\x00\x00\x00}\x04t\t\x00\x00\x00\x00\x00\x00\x00\x00|\x04d\x04\xab\x02\x00\x00\x00\x00\x00\x00\x01\x00t\x0b\x00\x00\x00\x00\x00\x00\x00\x00d\x05\xab\x01\x00\x00\x00\x00\x00\x00\x01\x00y\x00c\x02\x01\x00c\x02}\x02w\x00'
[2024-04-21T07:58:34.724+0000] {processor.py:840} INFO - DAG(s) 'profile_creation_dag' retrieved from /opt/airflow/dags/sample-project-dag.py
[2024-04-21T07:58:34.962+0000] {logging_mixin.py:188} INFO - [2024-04-21T07:58:34.962+0000] {dag.py:3096} INFO - Sync 1 DAGs
[2024-04-21T07:58:34.983+0000] {logging_mixin.py:188} INFO - [2024-04-21T07:58:34.983+0000] {dag.py:3954} INFO - Setting next_dagrun for profile_creation_dag to 2024-04-20 12:00:00+00:00, run_after=2024-04-21 12:00:00+00:00
[2024-04-21T07:58:35.021+0000] {processor.py:183} INFO - Processing /opt/airflow/dags/sample-project-dag.py took 1.609 seconds
[2024-04-21T07:59:05.304+0000] {processor.py:161} INFO - Started process (PID=91) to work on /opt/airflow/dags/sample-project-dag.py
[2024-04-21T07:59:05.306+0000] {processor.py:830} INFO - Processing file /opt/airflow/dags/sample-project-dag.py for tasks to queue
[2024-04-21T07:59:05.310+0000] {logging_mixin.py:188} INFO - [2024-04-21T07:59:05.309+0000] {dagbag.py:540} INFO - Filling up the DagBag from /opt/airflow/dags/sample-project-dag.py
[2024-04-21T07:59:06.014+0000] {logging_mixin.py:188} INFO - b'\x97\x00t\x01\x00\x00\x00\x00\x00\x00\x00\x00j\x02\x00\x00\x00\x00\x00\x00\x00\x00\x00\x00\x00\x00\x00\x00\x00\x00\x00\x00d\x01\xab\x01\x00\x00\x00\x00\x00\x00}\x00g\x00d\x02\xa2\x01}\x01|\x01D\x00\x8f\x02c\x02g\x00c\x02]\x0e\x00\x00}\x02t\x05\x00\x00\x00\x00\x00\x00\x00\x00|\x00|\x02\xab\x02\x00\x00\x00\x00\x00\x00\x91\x02\x8c\x10\x04\x00}\x03}\x02t\x07\x00\x00\x00\x00\x00\x00\x00\x00|\x03d\x03\xab\x02\x00\x00\x00\x00\x00\x00}\x04t\t\x00\x00\x00\x00\x00\x00\x00\x00|\x04d\x04\xab\x02\x00\x00\x00\x00\x00\x00\x01\x00t\x0b\x00\x00\x00\x00\x00\x00\x00\x00d\x05\xab\x01\x00\x00\x00\x00\x00\x00\x01\x00y\x00c\x02\x01\x00c\x02}\x02w\x00'
[2024-04-21T07:59:06.018+0000] {processor.py:840} INFO - DAG(s) 'profile_creation_dag' retrieved from /opt/airflow/dags/sample-project-dag.py
[2024-04-21T07:59:06.030+0000] {logging_mixin.py:188} INFO - [2024-04-21T07:59:06.030+0000] {dag.py:3096} INFO - Sync 1 DAGs
[2024-04-21T07:59:06.044+0000] {logging_mixin.py:188} INFO - [2024-04-21T07:59:06.043+0000] {dag.py:3954} INFO - Setting next_dagrun for profile_creation_dag to 2024-04-20 12:00:00+00:00, run_after=2024-04-21 12:00:00+00:00
[2024-04-21T07:59:06.071+0000] {processor.py:183} INFO - Processing /opt/airflow/dags/sample-project-dag.py took 0.787 seconds
[2024-04-21T07:59:36.379+0000] {processor.py:161} INFO - Started process (PID=153) to work on /opt/airflow/dags/sample-project-dag.py
[2024-04-21T07:59:36.381+0000] {processor.py:830} INFO - Processing file /opt/airflow/dags/sample-project-dag.py for tasks to queue
[2024-04-21T07:59:36.384+0000] {logging_mixin.py:188} INFO - [2024-04-21T07:59:36.383+0000] {dagbag.py:540} INFO - Filling up the DagBag from /opt/airflow/dags/sample-project-dag.py
[2024-04-21T07:59:36.981+0000] {logging_mixin.py:188} INFO - b'\x97\x00t\x01\x00\x00\x00\x00\x00\x00\x00\x00j\x02\x00\x00\x00\x00\x00\x00\x00\x00\x00\x00\x00\x00\x00\x00\x00\x00\x00\x00d\x01\xab\x01\x00\x00\x00\x00\x00\x00}\x00g\x00d\x02\xa2\x01}\x01|\x01D\x00\x8f\x02c\x02g\x00c\x02]\x0e\x00\x00}\x02t\x05\x00\x00\x00\x00\x00\x00\x00\x00|\x00|\x02\xab\x02\x00\x00\x00\x00\x00\x00\x91\x02\x8c\x10\x04\x00}\x03}\x02t\x07\x00\x00\x00\x00\x00\x00\x00\x00|\x03d\x03\xab\x02\x00\x00\x00\x00\x00\x00}\x04t\t\x00\x00\x00\x00\x00\x00\x00\x00|\x04d\x04\xab\x02\x00\x00\x00\x00\x00\x00\x01\x00t\x0b\x00\x00\x00\x00\x00\x00\x00\x00d\x05\xab\x01\x00\x00\x00\x00\x00\x00\x01\x00y\x00c\x02\x01\x00c\x02}\x02w\x00'
[2024-04-21T07:59:36.986+0000] {processor.py:840} INFO - DAG(s) 'profile_creation_dag' retrieved from /opt/airflow/dags/sample-project-dag.py
[2024-04-21T07:59:37.002+0000] {logging_mixin.py:188} INFO - [2024-04-21T07:59:37.002+0000] {dag.py:3096} INFO - Sync 1 DAGs
[2024-04-21T07:59:37.031+0000] {logging_mixin.py:188} INFO - [2024-04-21T07:59:37.030+0000] {dag.py:3954} INFO - Setting next_dagrun for profile_creation_dag to 2024-04-20 12:00:00+00:00, run_after=2024-04-21 12:00:00+00:00
[2024-04-21T07:59:37.049+0000] {processor.py:183} INFO - Processing /opt/airflow/dags/sample-project-dag.py took 0.676 seconds
[2024-04-21T08:00:07.226+0000] {processor.py:161} INFO - Started process (PID=214) to work on /opt/airflow/dags/sample-project-dag.py
[2024-04-21T08:00:07.228+0000] {processor.py:830} INFO - Processing file /opt/airflow/dags/sample-project-dag.py for tasks to queue
[2024-04-21T08:00:07.241+0000] {logging_mixin.py:188} INFO - [2024-04-21T08:00:07.236+0000] {dagbag.py:540} INFO - Filling up the DagBag from /opt/airflow/dags/sample-project-dag.py
[2024-04-21T08:00:07.770+0000] {logging_mixin.py:188} INFO - b'\x97\x00t\x01\x00\x00\x00\x00\x00\x00\x00\x00j\x02\x00\x00\x00\x00\x00\x00\x00\x00\x00\x00\x00\x00\x00\x00\x00\x00\x00\x00d\x01\xab\x01\x00\x00\x00\x00\x00\x00}\x00g\x00d\x02\xa2\x01}\x01|\x01D\x00\x8f\x02c\x02g\x00c\x02]\x0e\x00\x00}\x02t\x05\x00\x00\x00\x00\x00\x00\x00\x00|\x00|\x02\xab\x02\x00\x00\x00\x00\x00\x00\x91\x02\x8c\x10\x04\x00}\x03}\x02t\x07\x00\x00\x00\x00\x00\x00\x00\x00|\x03d\x03\xab\x02\x00\x00\x00\x00\x00\x00}\x04t\t\x00\x00\x00\x00\x00\x00\x00\x00|\x04d\x04\xab\x02\x00\x00\x00\x00\x00\x00\x01\x00t\x0b\x00\x00\x00\x00\x00\x00\x00\x00d\x05\xab\x01\x00\x00\x00\x00\x00\x00\x01\x00y\x00c\x02\x01\x00c\x02}\x02w\x00'
[2024-04-21T08:00:07.773+0000] {processor.py:840} INFO - DAG(s) 'profile_creation_dag' retrieved from /opt/airflow/dags/sample-project-dag.py
[2024-04-21T08:00:07.802+0000] {logging_mixin.py:188} INFO - [2024-04-21T08:00:07.802+0000] {dag.py:3096} INFO - Sync 1 DAGs
[2024-04-21T08:00:07.816+0000] {logging_mixin.py:188} INFO - [2024-04-21T08:00:07.815+0000] {dag.py:3954} INFO - Setting next_dagrun for profile_creation_dag to 2024-04-20 12:00:00+00:00, run_after=2024-04-21 12:00:00+00:00
[2024-04-21T08:00:07.825+0000] {processor.py:183} INFO - Processing /opt/airflow/dags/sample-project-dag.py took 0.610 seconds
[2024-04-21T08:00:29.007+0000] {processor.py:161} INFO - Started process (PID=276) to work on /opt/airflow/dags/sample-project-dag.py
[2024-04-21T08:00:29.009+0000] {processor.py:830} INFO - Processing file /opt/airflow/dags/sample-project-dag.py for tasks to queue
[2024-04-21T08:00:29.012+0000] {logging_mixin.py:188} INFO - [2024-04-21T08:00:29.011+0000] {dagbag.py:540} INFO - Filling up the DagBag from /opt/airflow/dags/sample-project-dag.py
[2024-04-21T08:00:29.564+0000] {logging_mixin.py:188} INFO - b'\x97\x00t\x01\x00\x00\x00\x00\x00\x00\x00\x00j\x02\x00\x00\x00\x00\x00\x00\x00\x00\x00\x00\x00\x00\x00\x00\x00\x00\x00\x00d\x01\xab\x01\x00\x00\x00\x00\x00\x00}\x00g\x00d\x02\xa2\x01}\x01|\x01D\x00\x8f\x02c\x02g\x00c\x02]\x0e\x00\x00}\x02t\x05\x00\x00\x00\x00\x00\x00\x00\x00|\x00|\x02\xab\x02\x00\x00\x00\x00\x00\x00\x91\x02\x8c\x10\x04\x00}\x03}\x02t\x07\x00\x00\x00\x00\x00\x00\x00\x00|\x03d\x03\xab\x02\x00\x00\x00\x00\x00\x00}\x04t\t\x00\x00\x00\x00\x00\x00\x00\x00|\x04d\x04\xab\x02\x00\x00\x00\x00\x00\x00\x01\x00t\x0b\x00\x00\x00\x00\x00\x00\x00\x00d\x05\xab\x01\x00\x00\x00\x00\x00\x00\x01\x00y\x00c\x02\x01\x00c\x02}\x02w\x00'
[2024-04-21T08:00:29.570+0000] {logging_mixin.py:188} INFO - [2024-04-21T08:00:29.567+0000] {dagbag.py:447} ERROR - Failed to bag_dag: /opt/airflow/dags/sample-project-dag.py
Traceback (most recent call last):
  File "/home/airflow/.local/lib/python3.12/site-packages/airflow/models/dagbag.py", line 443, in _process_modules
    self.bag_dag(dag=dag, root_dag=dag)
  File "/home/airflow/.local/lib/python3.12/site-packages/airflow/models/dagbag.py", line 462, in bag_dag
    self._bag_dag(dag=dag, root_dag=root_dag, recursive=True)
  File "/home/airflow/.local/lib/python3.12/site-packages/airflow/models/dagbag.py", line 470, in _bag_dag
    check_cycle(dag)  # throws if a task cycle is found
    ^^^^^^^^^^^^^^^^
  File "/home/airflow/.local/lib/python3.12/site-packages/airflow/utils/dag_cycle_tester.py", line 80, in check_cycle
    child_to_check = _check_adjacent_tasks(current_task_id, task)
                     ^^^^^^^^^^^^^^^^^^^^^^^^^^^^^^^^^^^^^^^^^^^^
  File "/home/airflow/.local/lib/python3.12/site-packages/airflow/utils/dag_cycle_tester.py", line 66, in _check_adjacent_tasks
    raise AirflowDagCycleException(msg)
airflow.exceptions.AirflowDagCycleException: Cycle detected in DAG: profile_creation_dag. Faulty task: combine_csv_files_task
[2024-04-21T08:00:29.570+0000] {processor.py:842} WARNING - No viable dags retrieved from /opt/airflow/dags/sample-project-dag.py
[2024-04-21T08:00:29.592+0000] {processor.py:183} INFO - Processing /opt/airflow/dags/sample-project-dag.py took 0.593 seconds
[2024-04-21T08:00:32.043+0000] {processor.py:161} INFO - Started process (PID=278) to work on /opt/airflow/dags/sample-project-dag.py
[2024-04-21T08:00:32.044+0000] {processor.py:830} INFO - Processing file /opt/airflow/dags/sample-project-dag.py for tasks to queue
[2024-04-21T08:00:32.047+0000] {logging_mixin.py:188} INFO - [2024-04-21T08:00:32.046+0000] {dagbag.py:540} INFO - Filling up the DagBag from /opt/airflow/dags/sample-project-dag.py
[2024-04-21T08:00:32.539+0000] {logging_mixin.py:188} INFO - b'\x97\x00t\x01\x00\x00\x00\x00\x00\x00\x00\x00j\x02\x00\x00\x00\x00\x00\x00\x00\x00\x00\x00\x00\x00\x00\x00\x00\x00\x00\x00d\x01\xab\x01\x00\x00\x00\x00\x00\x00}\x00g\x00d\x02\xa2\x01}\x01|\x01D\x00\x8f\x02c\x02g\x00c\x02]\x0e\x00\x00}\x02t\x05\x00\x00\x00\x00\x00\x00\x00\x00|\x00|\x02\xab\x02\x00\x00\x00\x00\x00\x00\x91\x02\x8c\x10\x04\x00}\x03}\x02t\x07\x00\x00\x00\x00\x00\x00\x00\x00|\x03d\x03\xab\x02\x00\x00\x00\x00\x00\x00}\x04t\t\x00\x00\x00\x00\x00\x00\x00\x00|\x04d\x04\xab\x02\x00\x00\x00\x00\x00\x00\x01\x00t\x0b\x00\x00\x00\x00\x00\x00\x00\x00d\x05\xab\x01\x00\x00\x00\x00\x00\x00\x01\x00y\x00c\x02\x01\x00c\x02}\x02w\x00'
[2024-04-21T08:00:32.542+0000] {processor.py:840} INFO - DAG(s) 'profile_creation_dag' retrieved from /opt/airflow/dags/sample-project-dag.py
[2024-04-21T08:00:32.613+0000] {logging_mixin.py:188} INFO - [2024-04-21T08:00:32.613+0000] {dag.py:3096} INFO - Sync 1 DAGs
[2024-04-21T08:00:32.625+0000] {logging_mixin.py:188} INFO - [2024-04-21T08:00:32.625+0000] {dag.py:3954} INFO - Setting next_dagrun for profile_creation_dag to 2024-04-20 12:00:00+00:00, run_after=2024-04-21 12:00:00+00:00
[2024-04-21T08:00:32.638+0000] {processor.py:183} INFO - Processing /opt/airflow/dags/sample-project-dag.py took 0.603 seconds
[2024-04-21T08:01:02.718+0000] {processor.py:161} INFO - Started process (PID=340) to work on /opt/airflow/dags/sample-project-dag.py
[2024-04-21T08:01:02.720+0000] {processor.py:830} INFO - Processing file /opt/airflow/dags/sample-project-dag.py for tasks to queue
[2024-04-21T08:01:02.723+0000] {logging_mixin.py:188} INFO - [2024-04-21T08:01:02.723+0000] {dagbag.py:540} INFO - Filling up the DagBag from /opt/airflow/dags/sample-project-dag.py
[2024-04-21T08:01:03.140+0000] {logging_mixin.py:188} INFO - b'\x97\x00t\x01\x00\x00\x00\x00\x00\x00\x00\x00j\x02\x00\x00\x00\x00\x00\x00\x00\x00\x00\x00\x00\x00\x00\x00\x00\x00\x00\x00d\x01\xab\x01\x00\x00\x00\x00\x00\x00}\x00g\x00d\x02\xa2\x01}\x01|\x01D\x00\x8f\x02c\x02g\x00c\x02]\x0e\x00\x00}\x02t\x05\x00\x00\x00\x00\x00\x00\x00\x00|\x00|\x02\xab\x02\x00\x00\x00\x00\x00\x00\x91\x02\x8c\x10\x04\x00}\x03}\x02t\x07\x00\x00\x00\x00\x00\x00\x00\x00|\x03d\x03\xab\x02\x00\x00\x00\x00\x00\x00}\x04t\t\x00\x00\x00\x00\x00\x00\x00\x00|\x04d\x04\xab\x02\x00\x00\x00\x00\x00\x00\x01\x00t\x0b\x00\x00\x00\x00\x00\x00\x00\x00d\x05\xab\x01\x00\x00\x00\x00\x00\x00\x01\x00y\x00c\x02\x01\x00c\x02}\x02w\x00'
[2024-04-21T08:01:03.144+0000] {processor.py:840} INFO - DAG(s) 'profile_creation_dag' retrieved from /opt/airflow/dags/sample-project-dag.py
[2024-04-21T08:01:03.164+0000] {logging_mixin.py:188} INFO - [2024-04-21T08:01:03.164+0000] {dag.py:3096} INFO - Sync 1 DAGs
[2024-04-21T08:01:03.176+0000] {logging_mixin.py:188} INFO - [2024-04-21T08:01:03.176+0000] {dag.py:3954} INFO - Setting next_dagrun for profile_creation_dag to 2024-04-20 12:00:00+00:00, run_after=2024-04-21 12:00:00+00:00
[2024-04-21T08:01:03.186+0000] {processor.py:183} INFO - Processing /opt/airflow/dags/sample-project-dag.py took 0.487 seconds
[2024-04-21T08:05:52.468+0000] {processor.py:161} INFO - Started process (PID=396) to work on /opt/airflow/dags/sample-project-dag.py
[2024-04-21T08:05:52.469+0000] {processor.py:830} INFO - Processing file /opt/airflow/dags/sample-project-dag.py for tasks to queue
[2024-04-21T08:05:52.473+0000] {logging_mixin.py:188} INFO - [2024-04-21T08:05:52.472+0000] {dagbag.py:540} INFO - Filling up the DagBag from /opt/airflow/dags/sample-project-dag.py
[2024-04-21T08:05:53.001+0000] {logging_mixin.py:188} INFO - b'\x97\x00t\x01\x00\x00\x00\x00\x00\x00\x00\x00j\x02\x00\x00\x00\x00\x00\x00\x00\x00\x00\x00\x00\x00\x00\x00\x00\x00\x00\x00d\x01\xab\x01\x00\x00\x00\x00\x00\x00}\x00g\x00d\x02\xa2\x01}\x01|\x01D\x00\x8f\x02c\x02g\x00c\x02]\x0e\x00\x00}\x02t\x05\x00\x00\x00\x00\x00\x00\x00\x00|\x00|\x02\xab\x02\x00\x00\x00\x00\x00\x00\x91\x02\x8c\x10\x04\x00}\x03}\x02t\x07\x00\x00\x00\x00\x00\x00\x00\x00|\x03d\x03\xab\x02\x00\x00\x00\x00\x00\x00}\x04t\t\x00\x00\x00\x00\x00\x00\x00\x00|\x04d\x04\xab\x02\x00\x00\x00\x00\x00\x00\x01\x00t\x0b\x00\x00\x00\x00\x00\x00\x00\x00d\x05\xab\x01\x00\x00\x00\x00\x00\x00\x01\x00y\x00c\x02\x01\x00c\x02}\x02w\x00'
[2024-04-21T08:05:53.006+0000] {processor.py:840} INFO - DAG(s) 'profile_creation_dag' retrieved from /opt/airflow/dags/sample-project-dag.py
[2024-04-21T08:05:53.074+0000] {logging_mixin.py:188} INFO - [2024-04-21T08:05:53.073+0000] {dag.py:3096} INFO - Sync 1 DAGs
[2024-04-21T08:05:53.093+0000] {logging_mixin.py:188} INFO - [2024-04-21T08:05:53.092+0000] {dag.py:3954} INFO - Setting next_dagrun for profile_creation_dag to 2024-04-20 12:00:00+00:00, run_after=2024-04-21 12:00:00+00:00
[2024-04-21T08:05:53.106+0000] {processor.py:183} INFO - Processing /opt/airflow/dags/sample-project-dag.py took 0.646 seconds
[2024-04-21T08:19:23.145+0000] {processor.py:161} INFO - Started process (PID=30) to work on /opt/airflow/dags/sample-project-dag.py
[2024-04-21T08:19:23.152+0000] {processor.py:830} INFO - Processing file /opt/airflow/dags/sample-project-dag.py for tasks to queue
[2024-04-21T08:19:23.160+0000] {logging_mixin.py:188} INFO - [2024-04-21T08:19:23.159+0000] {dagbag.py:540} INFO - Filling up the DagBag from /opt/airflow/dags/sample-project-dag.py
[2024-04-21T08:19:24.078+0000] {logging_mixin.py:188} INFO - b'\x97\x00t\x01\x00\x00\x00\x00\x00\x00\x00\x00j\x02\x00\x00\x00\x00\x00\x00\x00\x00\x00\x00\x00\x00\x00\x00\x00\x00\x00\x00d\x01\xab\x01\x00\x00\x00\x00\x00\x00}\x00g\x00d\x02\xa2\x01}\x01|\x01D\x00\x8f\x02c\x02g\x00c\x02]\x0e\x00\x00}\x02t\x05\x00\x00\x00\x00\x00\x00\x00\x00|\x00|\x02\xab\x02\x00\x00\x00\x00\x00\x00\x91\x02\x8c\x10\x04\x00}\x03}\x02t\x07\x00\x00\x00\x00\x00\x00\x00\x00|\x03d\x03\xab\x02\x00\x00\x00\x00\x00\x00}\x04t\t\x00\x00\x00\x00\x00\x00\x00\x00|\x04d\x04\xab\x02\x00\x00\x00\x00\x00\x00\x01\x00t\x0b\x00\x00\x00\x00\x00\x00\x00\x00d\x05\xab\x01\x00\x00\x00\x00\x00\x00\x01\x00y\x00c\x02\x01\x00c\x02}\x02w\x00'
[2024-04-21T08:19:24.150+0000] {processor.py:840} INFO - DAG(s) 'profile_creation_dag' retrieved from /opt/airflow/dags/sample-project-dag.py
[2024-04-21T08:19:24.337+0000] {logging_mixin.py:188} INFO - [2024-04-21T08:19:24.336+0000] {dag.py:3096} INFO - Sync 1 DAGs
[2024-04-21T08:19:24.365+0000] {logging_mixin.py:188} INFO - [2024-04-21T08:19:24.365+0000] {dag.py:3954} INFO - Setting next_dagrun for profile_creation_dag to 2024-04-20 12:00:00+00:00, run_after=2024-04-21 12:00:00+00:00
[2024-04-21T08:19:24.391+0000] {processor.py:183} INFO - Processing /opt/airflow/dags/sample-project-dag.py took 1.262 seconds
[2024-04-21T08:19:54.711+0000] {processor.py:161} INFO - Started process (PID=92) to work on /opt/airflow/dags/sample-project-dag.py
[2024-04-21T08:19:54.713+0000] {processor.py:830} INFO - Processing file /opt/airflow/dags/sample-project-dag.py for tasks to queue
[2024-04-21T08:19:54.716+0000] {logging_mixin.py:188} INFO - [2024-04-21T08:19:54.715+0000] {dagbag.py:540} INFO - Filling up the DagBag from /opt/airflow/dags/sample-project-dag.py
[2024-04-21T08:19:55.115+0000] {logging_mixin.py:188} INFO - b'\x97\x00t\x01\x00\x00\x00\x00\x00\x00\x00\x00j\x02\x00\x00\x00\x00\x00\x00\x00\x00\x00\x00\x00\x00\x00\x00\x00\x00\x00\x00d\x01\xab\x01\x00\x00\x00\x00\x00\x00}\x00g\x00d\x02\xa2\x01}\x01|\x01D\x00\x8f\x02c\x02g\x00c\x02]\x0e\x00\x00}\x02t\x05\x00\x00\x00\x00\x00\x00\x00\x00|\x00|\x02\xab\x02\x00\x00\x00\x00\x00\x00\x91\x02\x8c\x10\x04\x00}\x03}\x02t\x07\x00\x00\x00\x00\x00\x00\x00\x00|\x03d\x03\xab\x02\x00\x00\x00\x00\x00\x00}\x04t\t\x00\x00\x00\x00\x00\x00\x00\x00|\x04d\x04\xab\x02\x00\x00\x00\x00\x00\x00\x01\x00t\x0b\x00\x00\x00\x00\x00\x00\x00\x00d\x05\xab\x01\x00\x00\x00\x00\x00\x00\x01\x00y\x00c\x02\x01\x00c\x02}\x02w\x00'
[2024-04-21T08:19:55.120+0000] {processor.py:840} INFO - DAG(s) 'profile_creation_dag' retrieved from /opt/airflow/dags/sample-project-dag.py
[2024-04-21T08:19:55.132+0000] {logging_mixin.py:188} INFO - [2024-04-21T08:19:55.131+0000] {dag.py:3096} INFO - Sync 1 DAGs
[2024-04-21T08:19:55.143+0000] {logging_mixin.py:188} INFO - [2024-04-21T08:19:55.142+0000] {dag.py:3954} INFO - Setting next_dagrun for profile_creation_dag to 2024-04-20 12:00:00+00:00, run_after=2024-04-21 12:00:00+00:00
[2024-04-21T08:19:55.162+0000] {processor.py:183} INFO - Processing /opt/airflow/dags/sample-project-dag.py took 0.458 seconds
[2024-04-21T08:20:25.420+0000] {processor.py:161} INFO - Started process (PID=154) to work on /opt/airflow/dags/sample-project-dag.py
[2024-04-21T08:20:25.422+0000] {processor.py:830} INFO - Processing file /opt/airflow/dags/sample-project-dag.py for tasks to queue
[2024-04-21T08:20:25.424+0000] {logging_mixin.py:188} INFO - [2024-04-21T08:20:25.424+0000] {dagbag.py:540} INFO - Filling up the DagBag from /opt/airflow/dags/sample-project-dag.py
[2024-04-21T08:20:25.844+0000] {logging_mixin.py:188} INFO - b'\x97\x00t\x01\x00\x00\x00\x00\x00\x00\x00\x00j\x02\x00\x00\x00\x00\x00\x00\x00\x00\x00\x00\x00\x00\x00\x00\x00\x00\x00\x00d\x01\xab\x01\x00\x00\x00\x00\x00\x00}\x00g\x00d\x02\xa2\x01}\x01|\x01D\x00\x8f\x02c\x02g\x00c\x02]\x0e\x00\x00}\x02t\x05\x00\x00\x00\x00\x00\x00\x00\x00|\x00|\x02\xab\x02\x00\x00\x00\x00\x00\x00\x91\x02\x8c\x10\x04\x00}\x03}\x02t\x07\x00\x00\x00\x00\x00\x00\x00\x00|\x03d\x03\xab\x02\x00\x00\x00\x00\x00\x00}\x04t\t\x00\x00\x00\x00\x00\x00\x00\x00|\x04d\x04\xab\x02\x00\x00\x00\x00\x00\x00\x01\x00t\x0b\x00\x00\x00\x00\x00\x00\x00\x00d\x05\xab\x01\x00\x00\x00\x00\x00\x00\x01\x00y\x00c\x02\x01\x00c\x02}\x02w\x00'
[2024-04-21T08:20:25.847+0000] {processor.py:840} INFO - DAG(s) 'profile_creation_dag' retrieved from /opt/airflow/dags/sample-project-dag.py
[2024-04-21T08:20:25.861+0000] {logging_mixin.py:188} INFO - [2024-04-21T08:20:25.861+0000] {dag.py:3096} INFO - Sync 1 DAGs
[2024-04-21T08:20:25.873+0000] {logging_mixin.py:188} INFO - [2024-04-21T08:20:25.873+0000] {dag.py:3954} INFO - Setting next_dagrun for profile_creation_dag to 2024-04-20 12:00:00+00:00, run_after=2024-04-21 12:00:00+00:00
[2024-04-21T08:20:25.899+0000] {processor.py:183} INFO - Processing /opt/airflow/dags/sample-project-dag.py took 0.483 seconds
[2024-04-21T08:20:56.580+0000] {processor.py:161} INFO - Started process (PID=216) to work on /opt/airflow/dags/sample-project-dag.py
[2024-04-21T08:20:56.582+0000] {processor.py:830} INFO - Processing file /opt/airflow/dags/sample-project-dag.py for tasks to queue
[2024-04-21T08:20:56.584+0000] {logging_mixin.py:188} INFO - [2024-04-21T08:20:56.584+0000] {dagbag.py:540} INFO - Filling up the DagBag from /opt/airflow/dags/sample-project-dag.py
[2024-04-21T08:20:56.974+0000] {logging_mixin.py:188} INFO - b'\x97\x00t\x01\x00\x00\x00\x00\x00\x00\x00\x00j\x02\x00\x00\x00\x00\x00\x00\x00\x00\x00\x00\x00\x00\x00\x00\x00\x00\x00\x00d\x01\xab\x01\x00\x00\x00\x00\x00\x00}\x00g\x00d\x02\xa2\x01}\x01|\x01D\x00\x8f\x02c\x02g\x00c\x02]\x0e\x00\x00}\x02t\x05\x00\x00\x00\x00\x00\x00\x00\x00|\x00|\x02\xab\x02\x00\x00\x00\x00\x00\x00\x91\x02\x8c\x10\x04\x00}\x03}\x02t\x07\x00\x00\x00\x00\x00\x00\x00\x00|\x03d\x03\xab\x02\x00\x00\x00\x00\x00\x00}\x04t\t\x00\x00\x00\x00\x00\x00\x00\x00|\x04d\x04\xab\x02\x00\x00\x00\x00\x00\x00\x01\x00t\x0b\x00\x00\x00\x00\x00\x00\x00\x00d\x05\xab\x01\x00\x00\x00\x00\x00\x00\x01\x00y\x00c\x02\x01\x00c\x02}\x02w\x00'
[2024-04-21T08:20:56.977+0000] {processor.py:840} INFO - DAG(s) 'profile_creation_dag' retrieved from /opt/airflow/dags/sample-project-dag.py
[2024-04-21T08:20:56.988+0000] {logging_mixin.py:188} INFO - [2024-04-21T08:20:56.988+0000] {dag.py:3096} INFO - Sync 1 DAGs
[2024-04-21T08:20:57.000+0000] {logging_mixin.py:188} INFO - [2024-04-21T08:20:57.000+0000] {dag.py:3954} INFO - Setting next_dagrun for profile_creation_dag to 2024-04-20 12:00:00+00:00, run_after=2024-04-21 12:00:00+00:00
[2024-04-21T08:20:57.009+0000] {processor.py:183} INFO - Processing /opt/airflow/dags/sample-project-dag.py took 0.437 seconds
[2024-04-21T08:21:01.507+0000] {processor.py:161} INFO - Started process (PID=272) to work on /opt/airflow/dags/sample-project-dag.py
[2024-04-21T08:21:01.508+0000] {processor.py:830} INFO - Processing file /opt/airflow/dags/sample-project-dag.py for tasks to queue
[2024-04-21T08:21:01.512+0000] {logging_mixin.py:188} INFO - [2024-04-21T08:21:01.512+0000] {dagbag.py:540} INFO - Filling up the DagBag from /opt/airflow/dags/sample-project-dag.py
[2024-04-21T08:21:01.758+0000] {logging_mixin.py:188} INFO - b'\x97\x00t\x01\x00\x00\x00\x00\x00\x00\x00\x00j\x02\x00\x00\x00\x00\x00\x00\x00\x00\x00\x00\x00\x00\x00\x00\x00\x00\x00\x00d\x01\xab\x01\x00\x00\x00\x00\x00\x00}\x00g\x00d\x02\xa2\x01}\x01|\x01D\x00\x8f\x02c\x02g\x00c\x02]\x0e\x00\x00}\x02t\x05\x00\x00\x00\x00\x00\x00\x00\x00|\x00|\x02\xab\x02\x00\x00\x00\x00\x00\x00\x91\x02\x8c\x10\x04\x00}\x03}\x02t\x07\x00\x00\x00\x00\x00\x00\x00\x00|\x03d\x03\xab\x02\x00\x00\x00\x00\x00\x00}\x04t\t\x00\x00\x00\x00\x00\x00\x00\x00|\x04d\x04\xab\x02\x00\x00\x00\x00\x00\x00\x01\x00t\x0b\x00\x00\x00\x00\x00\x00\x00\x00d\x05\xab\x01\x00\x00\x00\x00\x00\x00\x01\x00y\x00c\x02\x01\x00c\x02}\x02w\x00'
[2024-04-21T08:21:01.763+0000] {logging_mixin.py:188} INFO - [2024-04-21T08:21:01.761+0000] {dagbag.py:350} ERROR - Failed to import: /opt/airflow/dags/sample-project-dag.py
Traceback (most recent call last):
  File "/home/airflow/.local/lib/python3.12/site-packages/airflow/models/dagbag.py", line 346, in parse
    loader.exec_module(new_module)
  File "<frozen importlib._bootstrap_external>", line 995, in exec_module
  File "<frozen importlib._bootstrap>", line 488, in _call_with_frames_removed
  File "/opt/airflow/dags/sample-project-dag.py", line 60, in <module>
    task2 >> task3 >> task3
             ^^^^
NameError: name 'task' is not defined. Did you mean: 'task1'?
[2024-04-21T08:21:01.763+0000] {processor.py:842} WARNING - No viable dags retrieved from /opt/airflow/dags/sample-project-dag.py
[2024-04-21T08:21:01.774+0000] {processor.py:183} INFO - Processing /opt/airflow/dags/sample-project-dag.py took 0.275 seconds
[2024-04-21T08:21:04.546+0000] {processor.py:161} INFO - Started process (PID=274) to work on /opt/airflow/dags/sample-project-dag.py
[2024-04-21T08:21:04.548+0000] {processor.py:830} INFO - Processing file /opt/airflow/dags/sample-project-dag.py for tasks to queue
[2024-04-21T08:21:04.572+0000] {logging_mixin.py:188} INFO - [2024-04-21T08:21:04.571+0000] {dagbag.py:540} INFO - Filling up the DagBag from /opt/airflow/dags/sample-project-dag.py
[2024-04-21T08:21:05.010+0000] {logging_mixin.py:188} INFO - b'\x97\x00t\x01\x00\x00\x00\x00\x00\x00\x00\x00j\x02\x00\x00\x00\x00\x00\x00\x00\x00\x00\x00\x00\x00\x00\x00\x00\x00\x00\x00d\x01\xab\x01\x00\x00\x00\x00\x00\x00}\x00g\x00d\x02\xa2\x01}\x01|\x01D\x00\x8f\x02c\x02g\x00c\x02]\x0e\x00\x00}\x02t\x05\x00\x00\x00\x00\x00\x00\x00\x00|\x00|\x02\xab\x02\x00\x00\x00\x00\x00\x00\x91\x02\x8c\x10\x04\x00}\x03}\x02t\x07\x00\x00\x00\x00\x00\x00\x00\x00|\x03d\x03\xab\x02\x00\x00\x00\x00\x00\x00}\x04t\t\x00\x00\x00\x00\x00\x00\x00\x00|\x04d\x04\xab\x02\x00\x00\x00\x00\x00\x00\x01\x00t\x0b\x00\x00\x00\x00\x00\x00\x00\x00d\x05\xab\x01\x00\x00\x00\x00\x00\x00\x01\x00y\x00c\x02\x01\x00c\x02}\x02w\x00'
[2024-04-21T08:21:05.013+0000] {processor.py:840} INFO - DAG(s) 'profile_creation_dag' retrieved from /opt/airflow/dags/sample-project-dag.py
[2024-04-21T08:21:05.061+0000] {logging_mixin.py:188} INFO - [2024-04-21T08:21:05.061+0000] {dag.py:3096} INFO - Sync 1 DAGs
[2024-04-21T08:21:05.070+0000] {logging_mixin.py:188} INFO - [2024-04-21T08:21:05.070+0000] {dag.py:3954} INFO - Setting next_dagrun for profile_creation_dag to 2024-04-20 12:00:00+00:00, run_after=2024-04-21 12:00:00+00:00
[2024-04-21T08:21:05.080+0000] {processor.py:183} INFO - Processing /opt/airflow/dags/sample-project-dag.py took 0.542 seconds
[2024-04-21T08:21:35.258+0000] {processor.py:161} INFO - Started process (PID=336) to work on /opt/airflow/dags/sample-project-dag.py
[2024-04-21T08:21:35.260+0000] {processor.py:830} INFO - Processing file /opt/airflow/dags/sample-project-dag.py for tasks to queue
[2024-04-21T08:21:35.272+0000] {logging_mixin.py:188} INFO - [2024-04-21T08:21:35.271+0000] {dagbag.py:540} INFO - Filling up the DagBag from /opt/airflow/dags/sample-project-dag.py
[2024-04-21T08:21:35.671+0000] {logging_mixin.py:188} INFO - b'\x97\x00t\x01\x00\x00\x00\x00\x00\x00\x00\x00j\x02\x00\x00\x00\x00\x00\x00\x00\x00\x00\x00\x00\x00\x00\x00\x00\x00\x00\x00d\x01\xab\x01\x00\x00\x00\x00\x00\x00}\x00g\x00d\x02\xa2\x01}\x01|\x01D\x00\x8f\x02c\x02g\x00c\x02]\x0e\x00\x00}\x02t\x05\x00\x00\x00\x00\x00\x00\x00\x00|\x00|\x02\xab\x02\x00\x00\x00\x00\x00\x00\x91\x02\x8c\x10\x04\x00}\x03}\x02t\x07\x00\x00\x00\x00\x00\x00\x00\x00|\x03d\x03\xab\x02\x00\x00\x00\x00\x00\x00}\x04t\t\x00\x00\x00\x00\x00\x00\x00\x00|\x04d\x04\xab\x02\x00\x00\x00\x00\x00\x00\x01\x00t\x0b\x00\x00\x00\x00\x00\x00\x00\x00d\x05\xab\x01\x00\x00\x00\x00\x00\x00\x01\x00y\x00c\x02\x01\x00c\x02}\x02w\x00'
[2024-04-21T08:21:35.674+0000] {processor.py:840} INFO - DAG(s) 'profile_creation_dag' retrieved from /opt/airflow/dags/sample-project-dag.py
[2024-04-21T08:21:35.689+0000] {logging_mixin.py:188} INFO - [2024-04-21T08:21:35.689+0000] {dag.py:3096} INFO - Sync 1 DAGs
[2024-04-21T08:21:35.700+0000] {logging_mixin.py:188} INFO - [2024-04-21T08:21:35.700+0000] {dag.py:3954} INFO - Setting next_dagrun for profile_creation_dag to 2024-04-20 12:00:00+00:00, run_after=2024-04-21 12:00:00+00:00
[2024-04-21T08:21:35.709+0000] {processor.py:183} INFO - Processing /opt/airflow/dags/sample-project-dag.py took 0.458 seconds
[2024-04-21T08:22:06.114+0000] {processor.py:161} INFO - Started process (PID=397) to work on /opt/airflow/dags/sample-project-dag.py
[2024-04-21T08:22:06.115+0000] {processor.py:830} INFO - Processing file /opt/airflow/dags/sample-project-dag.py for tasks to queue
[2024-04-21T08:22:06.118+0000] {logging_mixin.py:188} INFO - [2024-04-21T08:22:06.117+0000] {dagbag.py:540} INFO - Filling up the DagBag from /opt/airflow/dags/sample-project-dag.py
[2024-04-21T08:22:06.403+0000] {logging_mixin.py:188} INFO - b'\x97\x00t\x01\x00\x00\x00\x00\x00\x00\x00\x00j\x02\x00\x00\x00\x00\x00\x00\x00\x00\x00\x00\x00\x00\x00\x00\x00\x00\x00\x00d\x01\xab\x01\x00\x00\x00\x00\x00\x00}\x00g\x00d\x02\xa2\x01}\x01|\x01D\x00\x8f\x02c\x02g\x00c\x02]\x0e\x00\x00}\x02t\x05\x00\x00\x00\x00\x00\x00\x00\x00|\x00|\x02\xab\x02\x00\x00\x00\x00\x00\x00\x91\x02\x8c\x10\x04\x00}\x03}\x02t\x07\x00\x00\x00\x00\x00\x00\x00\x00|\x03d\x03\xab\x02\x00\x00\x00\x00\x00\x00}\x04t\t\x00\x00\x00\x00\x00\x00\x00\x00|\x04d\x04\xab\x02\x00\x00\x00\x00\x00\x00\x01\x00t\x0b\x00\x00\x00\x00\x00\x00\x00\x00d\x05\xab\x01\x00\x00\x00\x00\x00\x00\x01\x00y\x00c\x02\x01\x00c\x02}\x02w\x00'
[2024-04-21T08:22:06.408+0000] {processor.py:840} INFO - DAG(s) 'profile_creation_dag' retrieved from /opt/airflow/dags/sample-project-dag.py
[2024-04-21T08:22:06.421+0000] {logging_mixin.py:188} INFO - [2024-04-21T08:22:06.421+0000] {dag.py:3096} INFO - Sync 1 DAGs
[2024-04-21T08:22:06.432+0000] {logging_mixin.py:188} INFO - [2024-04-21T08:22:06.432+0000] {dag.py:3954} INFO - Setting next_dagrun for profile_creation_dag to 2024-04-20 12:00:00+00:00, run_after=2024-04-21 12:00:00+00:00
[2024-04-21T08:22:06.440+0000] {processor.py:183} INFO - Processing /opt/airflow/dags/sample-project-dag.py took 0.333 seconds
[2024-04-21T08:22:36.816+0000] {processor.py:161} INFO - Started process (PID=459) to work on /opt/airflow/dags/sample-project-dag.py
[2024-04-21T08:22:36.817+0000] {processor.py:830} INFO - Processing file /opt/airflow/dags/sample-project-dag.py for tasks to queue
[2024-04-21T08:22:36.818+0000] {logging_mixin.py:188} INFO - [2024-04-21T08:22:36.817+0000] {dagbag.py:540} INFO - Filling up the DagBag from /opt/airflow/dags/sample-project-dag.py
[2024-04-21T08:22:37.063+0000] {logging_mixin.py:188} INFO - b'\x97\x00t\x01\x00\x00\x00\x00\x00\x00\x00\x00j\x02\x00\x00\x00\x00\x00\x00\x00\x00\x00\x00\x00\x00\x00\x00\x00\x00\x00\x00d\x01\xab\x01\x00\x00\x00\x00\x00\x00}\x00g\x00d\x02\xa2\x01}\x01|\x01D\x00\x8f\x02c\x02g\x00c\x02]\x0e\x00\x00}\x02t\x05\x00\x00\x00\x00\x00\x00\x00\x00|\x00|\x02\xab\x02\x00\x00\x00\x00\x00\x00\x91\x02\x8c\x10\x04\x00}\x03}\x02t\x07\x00\x00\x00\x00\x00\x00\x00\x00|\x03d\x03\xab\x02\x00\x00\x00\x00\x00\x00}\x04t\t\x00\x00\x00\x00\x00\x00\x00\x00|\x04d\x04\xab\x02\x00\x00\x00\x00\x00\x00\x01\x00t\x0b\x00\x00\x00\x00\x00\x00\x00\x00d\x05\xab\x01\x00\x00\x00\x00\x00\x00\x01\x00y\x00c\x02\x01\x00c\x02}\x02w\x00'
[2024-04-21T08:22:37.067+0000] {processor.py:840} INFO - DAG(s) 'profile_creation_dag' retrieved from /opt/airflow/dags/sample-project-dag.py
[2024-04-21T08:22:37.086+0000] {logging_mixin.py:188} INFO - [2024-04-21T08:22:37.085+0000] {dag.py:3096} INFO - Sync 1 DAGs
[2024-04-21T08:22:37.098+0000] {logging_mixin.py:188} INFO - [2024-04-21T08:22:37.098+0000] {dag.py:3954} INFO - Setting next_dagrun for profile_creation_dag to 2024-04-20 12:00:00+00:00, run_after=2024-04-21 12:00:00+00:00
[2024-04-21T08:22:37.107+0000] {processor.py:183} INFO - Processing /opt/airflow/dags/sample-project-dag.py took 0.295 seconds
[2024-04-21T08:23:07.250+0000] {processor.py:161} INFO - Started process (PID=521) to work on /opt/airflow/dags/sample-project-dag.py
[2024-04-21T08:23:07.252+0000] {processor.py:830} INFO - Processing file /opt/airflow/dags/sample-project-dag.py for tasks to queue
[2024-04-21T08:23:07.255+0000] {logging_mixin.py:188} INFO - [2024-04-21T08:23:07.255+0000] {dagbag.py:540} INFO - Filling up the DagBag from /opt/airflow/dags/sample-project-dag.py
[2024-04-21T08:23:07.619+0000] {logging_mixin.py:188} INFO - b'\x97\x00t\x01\x00\x00\x00\x00\x00\x00\x00\x00j\x02\x00\x00\x00\x00\x00\x00\x00\x00\x00\x00\x00\x00\x00\x00\x00\x00\x00\x00d\x01\xab\x01\x00\x00\x00\x00\x00\x00}\x00g\x00d\x02\xa2\x01}\x01|\x01D\x00\x8f\x02c\x02g\x00c\x02]\x0e\x00\x00}\x02t\x05\x00\x00\x00\x00\x00\x00\x00\x00|\x00|\x02\xab\x02\x00\x00\x00\x00\x00\x00\x91\x02\x8c\x10\x04\x00}\x03}\x02t\x07\x00\x00\x00\x00\x00\x00\x00\x00|\x03d\x03\xab\x02\x00\x00\x00\x00\x00\x00}\x04t\t\x00\x00\x00\x00\x00\x00\x00\x00|\x04d\x04\xab\x02\x00\x00\x00\x00\x00\x00\x01\x00t\x0b\x00\x00\x00\x00\x00\x00\x00\x00d\x05\xab\x01\x00\x00\x00\x00\x00\x00\x01\x00y\x00c\x02\x01\x00c\x02}\x02w\x00'
[2024-04-21T08:23:07.622+0000] {processor.py:840} INFO - DAG(s) 'profile_creation_dag' retrieved from /opt/airflow/dags/sample-project-dag.py
[2024-04-21T08:23:07.633+0000] {logging_mixin.py:188} INFO - [2024-04-21T08:23:07.633+0000] {dag.py:3096} INFO - Sync 1 DAGs
[2024-04-21T08:23:07.646+0000] {logging_mixin.py:188} INFO - [2024-04-21T08:23:07.646+0000] {dag.py:3954} INFO - Setting next_dagrun for profile_creation_dag to 2024-04-20 12:00:00+00:00, run_after=2024-04-21 12:00:00+00:00
[2024-04-21T08:23:07.660+0000] {processor.py:183} INFO - Processing /opt/airflow/dags/sample-project-dag.py took 0.418 seconds
[2024-04-21T08:23:37.764+0000] {processor.py:161} INFO - Started process (PID=583) to work on /opt/airflow/dags/sample-project-dag.py
[2024-04-21T08:23:37.765+0000] {processor.py:830} INFO - Processing file /opt/airflow/dags/sample-project-dag.py for tasks to queue
[2024-04-21T08:23:37.767+0000] {logging_mixin.py:188} INFO - [2024-04-21T08:23:37.767+0000] {dagbag.py:540} INFO - Filling up the DagBag from /opt/airflow/dags/sample-project-dag.py
[2024-04-21T08:23:38.013+0000] {logging_mixin.py:188} INFO - b'\x97\x00t\x01\x00\x00\x00\x00\x00\x00\x00\x00j\x02\x00\x00\x00\x00\x00\x00\x00\x00\x00\x00\x00\x00\x00\x00\x00\x00\x00\x00d\x01\xab\x01\x00\x00\x00\x00\x00\x00}\x00g\x00d\x02\xa2\x01}\x01|\x01D\x00\x8f\x02c\x02g\x00c\x02]\x0e\x00\x00}\x02t\x05\x00\x00\x00\x00\x00\x00\x00\x00|\x00|\x02\xab\x02\x00\x00\x00\x00\x00\x00\x91\x02\x8c\x10\x04\x00}\x03}\x02t\x07\x00\x00\x00\x00\x00\x00\x00\x00|\x03d\x03\xab\x02\x00\x00\x00\x00\x00\x00}\x04t\t\x00\x00\x00\x00\x00\x00\x00\x00|\x04d\x04\xab\x02\x00\x00\x00\x00\x00\x00\x01\x00t\x0b\x00\x00\x00\x00\x00\x00\x00\x00d\x05\xab\x01\x00\x00\x00\x00\x00\x00\x01\x00y\x00c\x02\x01\x00c\x02}\x02w\x00'
[2024-04-21T08:23:38.016+0000] {processor.py:840} INFO - DAG(s) 'profile_creation_dag' retrieved from /opt/airflow/dags/sample-project-dag.py
[2024-04-21T08:23:38.027+0000] {logging_mixin.py:188} INFO - [2024-04-21T08:23:38.026+0000] {dag.py:3096} INFO - Sync 1 DAGs
[2024-04-21T08:23:38.037+0000] {logging_mixin.py:188} INFO - [2024-04-21T08:23:38.037+0000] {dag.py:3954} INFO - Setting next_dagrun for profile_creation_dag to 2024-04-20 12:00:00+00:00, run_after=2024-04-21 12:00:00+00:00
[2024-04-21T08:23:38.047+0000] {processor.py:183} INFO - Processing /opt/airflow/dags/sample-project-dag.py took 0.288 seconds
[2024-04-21T08:24:08.807+0000] {processor.py:161} INFO - Started process (PID=645) to work on /opt/airflow/dags/sample-project-dag.py
[2024-04-21T08:24:08.808+0000] {processor.py:830} INFO - Processing file /opt/airflow/dags/sample-project-dag.py for tasks to queue
[2024-04-21T08:24:08.810+0000] {logging_mixin.py:188} INFO - [2024-04-21T08:24:08.809+0000] {dagbag.py:540} INFO - Filling up the DagBag from /opt/airflow/dags/sample-project-dag.py
[2024-04-21T08:24:09.095+0000] {logging_mixin.py:188} INFO - b'\x97\x00t\x01\x00\x00\x00\x00\x00\x00\x00\x00j\x02\x00\x00\x00\x00\x00\x00\x00\x00\x00\x00\x00\x00\x00\x00\x00\x00\x00\x00d\x01\xab\x01\x00\x00\x00\x00\x00\x00}\x00g\x00d\x02\xa2\x01}\x01|\x01D\x00\x8f\x02c\x02g\x00c\x02]\x0e\x00\x00}\x02t\x05\x00\x00\x00\x00\x00\x00\x00\x00|\x00|\x02\xab\x02\x00\x00\x00\x00\x00\x00\x91\x02\x8c\x10\x04\x00}\x03}\x02t\x07\x00\x00\x00\x00\x00\x00\x00\x00|\x03d\x03\xab\x02\x00\x00\x00\x00\x00\x00}\x04t\t\x00\x00\x00\x00\x00\x00\x00\x00|\x04d\x04\xab\x02\x00\x00\x00\x00\x00\x00\x01\x00t\x0b\x00\x00\x00\x00\x00\x00\x00\x00d\x05\xab\x01\x00\x00\x00\x00\x00\x00\x01\x00y\x00c\x02\x01\x00c\x02}\x02w\x00'
[2024-04-21T08:24:09.098+0000] {processor.py:840} INFO - DAG(s) 'profile_creation_dag' retrieved from /opt/airflow/dags/sample-project-dag.py
[2024-04-21T08:24:09.108+0000] {logging_mixin.py:188} INFO - [2024-04-21T08:24:09.108+0000] {dag.py:3096} INFO - Sync 1 DAGs
[2024-04-21T08:24:09.119+0000] {logging_mixin.py:188} INFO - [2024-04-21T08:24:09.119+0000] {dag.py:3954} INFO - Setting next_dagrun for profile_creation_dag to 2024-04-20 12:00:00+00:00, run_after=2024-04-21 12:00:00+00:00
[2024-04-21T08:24:09.127+0000] {processor.py:183} INFO - Processing /opt/airflow/dags/sample-project-dag.py took 0.324 seconds
[2024-04-21T08:24:39.323+0000] {processor.py:161} INFO - Started process (PID=707) to work on /opt/airflow/dags/sample-project-dag.py
[2024-04-21T08:24:39.324+0000] {processor.py:830} INFO - Processing file /opt/airflow/dags/sample-project-dag.py for tasks to queue
[2024-04-21T08:24:39.326+0000] {logging_mixin.py:188} INFO - [2024-04-21T08:24:39.326+0000] {dagbag.py:540} INFO - Filling up the DagBag from /opt/airflow/dags/sample-project-dag.py
[2024-04-21T08:24:39.577+0000] {logging_mixin.py:188} INFO - b'\x97\x00t\x01\x00\x00\x00\x00\x00\x00\x00\x00j\x02\x00\x00\x00\x00\x00\x00\x00\x00\x00\x00\x00\x00\x00\x00\x00\x00\x00\x00d\x01\xab\x01\x00\x00\x00\x00\x00\x00}\x00g\x00d\x02\xa2\x01}\x01|\x01D\x00\x8f\x02c\x02g\x00c\x02]\x0e\x00\x00}\x02t\x05\x00\x00\x00\x00\x00\x00\x00\x00|\x00|\x02\xab\x02\x00\x00\x00\x00\x00\x00\x91\x02\x8c\x10\x04\x00}\x03}\x02t\x07\x00\x00\x00\x00\x00\x00\x00\x00|\x03d\x03\xab\x02\x00\x00\x00\x00\x00\x00}\x04t\t\x00\x00\x00\x00\x00\x00\x00\x00|\x04d\x04\xab\x02\x00\x00\x00\x00\x00\x00\x01\x00t\x0b\x00\x00\x00\x00\x00\x00\x00\x00d\x05\xab\x01\x00\x00\x00\x00\x00\x00\x01\x00y\x00c\x02\x01\x00c\x02}\x02w\x00'
[2024-04-21T08:24:39.580+0000] {processor.py:840} INFO - DAG(s) 'profile_creation_dag' retrieved from /opt/airflow/dags/sample-project-dag.py
[2024-04-21T08:24:39.589+0000] {logging_mixin.py:188} INFO - [2024-04-21T08:24:39.589+0000] {dag.py:3096} INFO - Sync 1 DAGs
[2024-04-21T08:24:39.598+0000] {logging_mixin.py:188} INFO - [2024-04-21T08:24:39.598+0000] {dag.py:3954} INFO - Setting next_dagrun for profile_creation_dag to 2024-04-20 12:00:00+00:00, run_after=2024-04-21 12:00:00+00:00
[2024-04-21T08:24:39.606+0000] {processor.py:183} INFO - Processing /opt/airflow/dags/sample-project-dag.py took 0.286 seconds
[2024-04-21T08:25:10.276+0000] {processor.py:161} INFO - Started process (PID=768) to work on /opt/airflow/dags/sample-project-dag.py
[2024-04-21T08:25:10.278+0000] {processor.py:830} INFO - Processing file /opt/airflow/dags/sample-project-dag.py for tasks to queue
[2024-04-21T08:25:10.279+0000] {logging_mixin.py:188} INFO - [2024-04-21T08:25:10.279+0000] {dagbag.py:540} INFO - Filling up the DagBag from /opt/airflow/dags/sample-project-dag.py
[2024-04-21T08:25:10.546+0000] {logging_mixin.py:188} INFO - b'\x97\x00t\x01\x00\x00\x00\x00\x00\x00\x00\x00j\x02\x00\x00\x00\x00\x00\x00\x00\x00\x00\x00\x00\x00\x00\x00\x00\x00\x00\x00d\x01\xab\x01\x00\x00\x00\x00\x00\x00}\x00g\x00d\x02\xa2\x01}\x01|\x01D\x00\x8f\x02c\x02g\x00c\x02]\x0e\x00\x00}\x02t\x05\x00\x00\x00\x00\x00\x00\x00\x00|\x00|\x02\xab\x02\x00\x00\x00\x00\x00\x00\x91\x02\x8c\x10\x04\x00}\x03}\x02t\x07\x00\x00\x00\x00\x00\x00\x00\x00|\x03d\x03\xab\x02\x00\x00\x00\x00\x00\x00}\x04t\t\x00\x00\x00\x00\x00\x00\x00\x00|\x04d\x04\xab\x02\x00\x00\x00\x00\x00\x00\x01\x00t\x0b\x00\x00\x00\x00\x00\x00\x00\x00d\x05\xab\x01\x00\x00\x00\x00\x00\x00\x01\x00y\x00c\x02\x01\x00c\x02}\x02w\x00'
[2024-04-21T08:25:10.548+0000] {processor.py:840} INFO - DAG(s) 'profile_creation_dag' retrieved from /opt/airflow/dags/sample-project-dag.py
[2024-04-21T08:25:10.559+0000] {logging_mixin.py:188} INFO - [2024-04-21T08:25:10.559+0000] {dag.py:3096} INFO - Sync 1 DAGs
[2024-04-21T08:25:10.570+0000] {logging_mixin.py:188} INFO - [2024-04-21T08:25:10.570+0000] {dag.py:3954} INFO - Setting next_dagrun for profile_creation_dag to 2024-04-20 12:00:00+00:00, run_after=2024-04-21 12:00:00+00:00
[2024-04-21T08:25:10.580+0000] {processor.py:183} INFO - Processing /opt/airflow/dags/sample-project-dag.py took 0.308 seconds
[2024-04-21T08:25:40.688+0000] {processor.py:161} INFO - Started process (PID=830) to work on /opt/airflow/dags/sample-project-dag.py
[2024-04-21T08:25:40.689+0000] {processor.py:830} INFO - Processing file /opt/airflow/dags/sample-project-dag.py for tasks to queue
[2024-04-21T08:25:40.690+0000] {logging_mixin.py:188} INFO - [2024-04-21T08:25:40.690+0000] {dagbag.py:540} INFO - Filling up the DagBag from /opt/airflow/dags/sample-project-dag.py
[2024-04-21T08:25:40.949+0000] {logging_mixin.py:188} INFO - b'\x97\x00t\x01\x00\x00\x00\x00\x00\x00\x00\x00j\x02\x00\x00\x00\x00\x00\x00\x00\x00\x00\x00\x00\x00\x00\x00\x00\x00\x00\x00d\x01\xab\x01\x00\x00\x00\x00\x00\x00}\x00g\x00d\x02\xa2\x01}\x01|\x01D\x00\x8f\x02c\x02g\x00c\x02]\x0e\x00\x00}\x02t\x05\x00\x00\x00\x00\x00\x00\x00\x00|\x00|\x02\xab\x02\x00\x00\x00\x00\x00\x00\x91\x02\x8c\x10\x04\x00}\x03}\x02t\x07\x00\x00\x00\x00\x00\x00\x00\x00|\x03d\x03\xab\x02\x00\x00\x00\x00\x00\x00}\x04t\t\x00\x00\x00\x00\x00\x00\x00\x00|\x04d\x04\xab\x02\x00\x00\x00\x00\x00\x00\x01\x00t\x0b\x00\x00\x00\x00\x00\x00\x00\x00d\x05\xab\x01\x00\x00\x00\x00\x00\x00\x01\x00y\x00c\x02\x01\x00c\x02}\x02w\x00'
[2024-04-21T08:25:40.953+0000] {processor.py:840} INFO - DAG(s) 'profile_creation_dag' retrieved from /opt/airflow/dags/sample-project-dag.py
[2024-04-21T08:25:40.983+0000] {logging_mixin.py:188} INFO - [2024-04-21T08:25:40.983+0000] {dag.py:3096} INFO - Sync 1 DAGs
[2024-04-21T08:25:41.005+0000] {logging_mixin.py:188} INFO - [2024-04-21T08:25:41.005+0000] {dag.py:3954} INFO - Setting next_dagrun for profile_creation_dag to 2024-04-20 12:00:00+00:00, run_after=2024-04-21 12:00:00+00:00
[2024-04-21T08:25:41.026+0000] {processor.py:183} INFO - Processing /opt/airflow/dags/sample-project-dag.py took 0.341 seconds
[2024-04-21T08:26:11.082+0000] {processor.py:161} INFO - Started process (PID=892) to work on /opt/airflow/dags/sample-project-dag.py
[2024-04-21T08:26:11.083+0000] {processor.py:830} INFO - Processing file /opt/airflow/dags/sample-project-dag.py for tasks to queue
[2024-04-21T08:26:11.085+0000] {logging_mixin.py:188} INFO - [2024-04-21T08:26:11.085+0000] {dagbag.py:540} INFO - Filling up the DagBag from /opt/airflow/dags/sample-project-dag.py
[2024-04-21T08:26:11.471+0000] {logging_mixin.py:188} INFO - b'\x97\x00t\x01\x00\x00\x00\x00\x00\x00\x00\x00j\x02\x00\x00\x00\x00\x00\x00\x00\x00\x00\x00\x00\x00\x00\x00\x00\x00\x00\x00d\x01\xab\x01\x00\x00\x00\x00\x00\x00}\x00g\x00d\x02\xa2\x01}\x01|\x01D\x00\x8f\x02c\x02g\x00c\x02]\x0e\x00\x00}\x02t\x05\x00\x00\x00\x00\x00\x00\x00\x00|\x00|\x02\xab\x02\x00\x00\x00\x00\x00\x00\x91\x02\x8c\x10\x04\x00}\x03}\x02t\x07\x00\x00\x00\x00\x00\x00\x00\x00|\x03d\x03\xab\x02\x00\x00\x00\x00\x00\x00}\x04t\t\x00\x00\x00\x00\x00\x00\x00\x00|\x04d\x04\xab\x02\x00\x00\x00\x00\x00\x00\x01\x00t\x0b\x00\x00\x00\x00\x00\x00\x00\x00d\x05\xab\x01\x00\x00\x00\x00\x00\x00\x01\x00y\x00c\x02\x01\x00c\x02}\x02w\x00'
[2024-04-21T08:26:11.476+0000] {processor.py:840} INFO - DAG(s) 'profile_creation_dag' retrieved from /opt/airflow/dags/sample-project-dag.py
[2024-04-21T08:26:11.491+0000] {logging_mixin.py:188} INFO - [2024-04-21T08:26:11.491+0000] {dag.py:3096} INFO - Sync 1 DAGs
[2024-04-21T08:26:11.511+0000] {logging_mixin.py:188} INFO - [2024-04-21T08:26:11.511+0000] {dag.py:3954} INFO - Setting next_dagrun for profile_creation_dag to 2024-04-20 12:00:00+00:00, run_after=2024-04-21 12:00:00+00:00
[2024-04-21T08:26:11.523+0000] {processor.py:183} INFO - Processing /opt/airflow/dags/sample-project-dag.py took 0.446 seconds
[2024-04-21T08:26:41.743+0000] {processor.py:161} INFO - Started process (PID=954) to work on /opt/airflow/dags/sample-project-dag.py
[2024-04-21T08:26:41.744+0000] {processor.py:830} INFO - Processing file /opt/airflow/dags/sample-project-dag.py for tasks to queue
[2024-04-21T08:26:41.746+0000] {logging_mixin.py:188} INFO - [2024-04-21T08:26:41.745+0000] {dagbag.py:540} INFO - Filling up the DagBag from /opt/airflow/dags/sample-project-dag.py
[2024-04-21T08:26:42.030+0000] {logging_mixin.py:188} INFO - b'\x97\x00t\x01\x00\x00\x00\x00\x00\x00\x00\x00j\x02\x00\x00\x00\x00\x00\x00\x00\x00\x00\x00\x00\x00\x00\x00\x00\x00\x00\x00d\x01\xab\x01\x00\x00\x00\x00\x00\x00}\x00g\x00d\x02\xa2\x01}\x01|\x01D\x00\x8f\x02c\x02g\x00c\x02]\x0e\x00\x00}\x02t\x05\x00\x00\x00\x00\x00\x00\x00\x00|\x00|\x02\xab\x02\x00\x00\x00\x00\x00\x00\x91\x02\x8c\x10\x04\x00}\x03}\x02t\x07\x00\x00\x00\x00\x00\x00\x00\x00|\x03d\x03\xab\x02\x00\x00\x00\x00\x00\x00}\x04t\t\x00\x00\x00\x00\x00\x00\x00\x00|\x04d\x04\xab\x02\x00\x00\x00\x00\x00\x00\x01\x00t\x0b\x00\x00\x00\x00\x00\x00\x00\x00d\x05\xab\x01\x00\x00\x00\x00\x00\x00\x01\x00y\x00c\x02\x01\x00c\x02}\x02w\x00'
[2024-04-21T08:26:42.033+0000] {processor.py:840} INFO - DAG(s) 'profile_creation_dag' retrieved from /opt/airflow/dags/sample-project-dag.py
[2024-04-21T08:26:42.045+0000] {logging_mixin.py:188} INFO - [2024-04-21T08:26:42.045+0000] {dag.py:3096} INFO - Sync 1 DAGs
[2024-04-21T08:26:42.061+0000] {logging_mixin.py:188} INFO - [2024-04-21T08:26:42.061+0000] {dag.py:3954} INFO - Setting next_dagrun for profile_creation_dag to 2024-04-20 12:00:00+00:00, run_after=2024-04-21 12:00:00+00:00
[2024-04-21T08:26:42.075+0000] {processor.py:183} INFO - Processing /opt/airflow/dags/sample-project-dag.py took 0.336 seconds
[2024-04-21T08:27:12.438+0000] {processor.py:161} INFO - Started process (PID=1016) to work on /opt/airflow/dags/sample-project-dag.py
[2024-04-21T08:27:12.439+0000] {processor.py:830} INFO - Processing file /opt/airflow/dags/sample-project-dag.py for tasks to queue
[2024-04-21T08:27:12.441+0000] {logging_mixin.py:188} INFO - [2024-04-21T08:27:12.440+0000] {dagbag.py:540} INFO - Filling up the DagBag from /opt/airflow/dags/sample-project-dag.py
[2024-04-21T08:27:12.823+0000] {logging_mixin.py:188} INFO - b'\x97\x00t\x01\x00\x00\x00\x00\x00\x00\x00\x00j\x02\x00\x00\x00\x00\x00\x00\x00\x00\x00\x00\x00\x00\x00\x00\x00\x00\x00\x00d\x01\xab\x01\x00\x00\x00\x00\x00\x00}\x00g\x00d\x02\xa2\x01}\x01|\x01D\x00\x8f\x02c\x02g\x00c\x02]\x0e\x00\x00}\x02t\x05\x00\x00\x00\x00\x00\x00\x00\x00|\x00|\x02\xab\x02\x00\x00\x00\x00\x00\x00\x91\x02\x8c\x10\x04\x00}\x03}\x02t\x07\x00\x00\x00\x00\x00\x00\x00\x00|\x03d\x03\xab\x02\x00\x00\x00\x00\x00\x00}\x04t\t\x00\x00\x00\x00\x00\x00\x00\x00|\x04d\x04\xab\x02\x00\x00\x00\x00\x00\x00\x01\x00t\x0b\x00\x00\x00\x00\x00\x00\x00\x00d\x05\xab\x01\x00\x00\x00\x00\x00\x00\x01\x00y\x00c\x02\x01\x00c\x02}\x02w\x00'
[2024-04-21T08:27:12.828+0000] {processor.py:840} INFO - DAG(s) 'profile_creation_dag' retrieved from /opt/airflow/dags/sample-project-dag.py
[2024-04-21T08:27:12.844+0000] {logging_mixin.py:188} INFO - [2024-04-21T08:27:12.844+0000] {dag.py:3096} INFO - Sync 1 DAGs
[2024-04-21T08:27:12.858+0000] {logging_mixin.py:188} INFO - [2024-04-21T08:27:12.857+0000] {dag.py:3954} INFO - Setting next_dagrun for profile_creation_dag to 2024-04-20 12:00:00+00:00, run_after=2024-04-21 12:00:00+00:00
[2024-04-21T08:27:12.869+0000] {processor.py:183} INFO - Processing /opt/airflow/dags/sample-project-dag.py took 0.447 seconds
