[2024-04-21T06:44:57.450+0000] {processor.py:161} INFO - Started process (PID=30) to work on /opt/airflow/dags/scripts/superstore_script.py
[2024-04-21T06:44:57.451+0000] {processor.py:830} INFO - Processing file /opt/airflow/dags/scripts/superstore_script.py for tasks to queue
[2024-04-21T06:44:57.454+0000] {logging_mixin.py:188} INFO - [2024-04-21T06:44:57.453+0000] {dagbag.py:540} INFO - Filling up the DagBag from /opt/airflow/dags/scripts/superstore_script.py
[2024-04-21T06:44:58.976+0000] {logging_mixin.py:188} INFO - b'\x97\x00t\x01\x00\x00\x00\x00\x00\x00\x00\x00j\x02\x00\x00\x00\x00\x00\x00\x00\x00\x00\x00\x00\x00\x00\x00\x00\x00\x00\x00d\x01\xab\x01\x00\x00\x00\x00\x00\x00}\x00g\x00d\x02\xa2\x01}\x01|\x01D\x00\x8f\x02c\x02g\x00c\x02]\x0e\x00\x00}\x02t\x05\x00\x00\x00\x00\x00\x00\x00\x00|\x00|\x02\xab\x02\x00\x00\x00\x00\x00\x00\x91\x02\x8c\x10\x04\x00}\x03}\x02t\x07\x00\x00\x00\x00\x00\x00\x00\x00|\x03d\x03\xab\x02\x00\x00\x00\x00\x00\x00}\x04t\t\x00\x00\x00\x00\x00\x00\x00\x00|\x04d\x04\xab\x02\x00\x00\x00\x00\x00\x00\x01\x00t\x0b\x00\x00\x00\x00\x00\x00\x00\x00d\x05\xab\x01\x00\x00\x00\x00\x00\x00\x01\x00y\x00c\x02\x01\x00c\x02}\x02w\x00'
[2024-04-21T06:44:58.976+0000] {processor.py:842} WARNING - No viable dags retrieved from /opt/airflow/dags/scripts/superstore_script.py
[2024-04-21T06:44:59.018+0000] {processor.py:183} INFO - Processing /opt/airflow/dags/scripts/superstore_script.py took 1.576 seconds
[2024-04-21T06:45:29.174+0000] {processor.py:161} INFO - Started process (PID=91) to work on /opt/airflow/dags/scripts/superstore_script.py
[2024-04-21T06:45:29.176+0000] {processor.py:830} INFO - Processing file /opt/airflow/dags/scripts/superstore_script.py for tasks to queue
[2024-04-21T06:45:29.182+0000] {logging_mixin.py:188} INFO - [2024-04-21T06:45:29.179+0000] {dagbag.py:540} INFO - Filling up the DagBag from /opt/airflow/dags/scripts/superstore_script.py
[2024-04-21T06:45:29.638+0000] {logging_mixin.py:188} INFO - b'\x97\x00t\x01\x00\x00\x00\x00\x00\x00\x00\x00j\x02\x00\x00\x00\x00\x00\x00\x00\x00\x00\x00\x00\x00\x00\x00\x00\x00\x00\x00d\x01\xab\x01\x00\x00\x00\x00\x00\x00}\x00g\x00d\x02\xa2\x01}\x01|\x01D\x00\x8f\x02c\x02g\x00c\x02]\x0e\x00\x00}\x02t\x05\x00\x00\x00\x00\x00\x00\x00\x00|\x00|\x02\xab\x02\x00\x00\x00\x00\x00\x00\x91\x02\x8c\x10\x04\x00}\x03}\x02t\x07\x00\x00\x00\x00\x00\x00\x00\x00|\x03d\x03\xab\x02\x00\x00\x00\x00\x00\x00}\x04t\t\x00\x00\x00\x00\x00\x00\x00\x00|\x04d\x04\xab\x02\x00\x00\x00\x00\x00\x00\x01\x00t\x0b\x00\x00\x00\x00\x00\x00\x00\x00d\x05\xab\x01\x00\x00\x00\x00\x00\x00\x01\x00y\x00c\x02\x01\x00c\x02}\x02w\x00'
[2024-04-21T06:45:29.639+0000] {processor.py:842} WARNING - No viable dags retrieved from /opt/airflow/dags/scripts/superstore_script.py
[2024-04-21T06:45:29.646+0000] {processor.py:183} INFO - Processing /opt/airflow/dags/scripts/superstore_script.py took 0.486 seconds
[2024-04-21T06:45:59.955+0000] {processor.py:161} INFO - Started process (PID=153) to work on /opt/airflow/dags/scripts/superstore_script.py
[2024-04-21T06:45:59.962+0000] {processor.py:830} INFO - Processing file /opt/airflow/dags/scripts/superstore_script.py for tasks to queue
[2024-04-21T06:45:59.985+0000] {logging_mixin.py:188} INFO - [2024-04-21T06:45:59.985+0000] {dagbag.py:540} INFO - Filling up the DagBag from /opt/airflow/dags/scripts/superstore_script.py
[2024-04-21T07:08:55.732+0000] {processor.py:161} INFO - Started process (PID=29) to work on /opt/airflow/dags/scripts/superstore_script.py
[2024-04-21T07:08:55.738+0000] {processor.py:830} INFO - Processing file /opt/airflow/dags/scripts/superstore_script.py for tasks to queue
[2024-04-21T07:08:55.740+0000] {logging_mixin.py:188} INFO - [2024-04-21T07:08:55.740+0000] {dagbag.py:540} INFO - Filling up the DagBag from /opt/airflow/dags/scripts/superstore_script.py
[2024-04-21T07:09:01.930+0000] {logging_mixin.py:188} INFO - b'\x97\x00t\x01\x00\x00\x00\x00\x00\x00\x00\x00j\x02\x00\x00\x00\x00\x00\x00\x00\x00\x00\x00\x00\x00\x00\x00\x00\x00\x00\x00d\x01\xab\x01\x00\x00\x00\x00\x00\x00}\x00g\x00d\x02\xa2\x01}\x01|\x01D\x00\x8f\x02c\x02g\x00c\x02]\x0e\x00\x00}\x02t\x05\x00\x00\x00\x00\x00\x00\x00\x00|\x00|\x02\xab\x02\x00\x00\x00\x00\x00\x00\x91\x02\x8c\x10\x04\x00}\x03}\x02t\x07\x00\x00\x00\x00\x00\x00\x00\x00|\x03d\x03\xab\x02\x00\x00\x00\x00\x00\x00}\x04t\t\x00\x00\x00\x00\x00\x00\x00\x00|\x04d\x04\xab\x02\x00\x00\x00\x00\x00\x00\x01\x00t\x0b\x00\x00\x00\x00\x00\x00\x00\x00d\x05\xab\x01\x00\x00\x00\x00\x00\x00\x01\x00y\x00c\x02\x01\x00c\x02}\x02w\x00'
[2024-04-21T07:09:01.946+0000] {processor.py:842} WARNING - No viable dags retrieved from /opt/airflow/dags/scripts/superstore_script.py
[2024-04-21T07:09:02.126+0000] {processor.py:183} INFO - Processing /opt/airflow/dags/scripts/superstore_script.py took 6.400 seconds
[2024-04-21T07:58:33.456+0000] {processor.py:161} INFO - Started process (PID=31) to work on /opt/airflow/dags/scripts/superstore_script.py
[2024-04-21T07:58:33.469+0000] {processor.py:830} INFO - Processing file /opt/airflow/dags/scripts/superstore_script.py for tasks to queue
[2024-04-21T07:58:33.474+0000] {logging_mixin.py:188} INFO - [2024-04-21T07:58:33.473+0000] {dagbag.py:540} INFO - Filling up the DagBag from /opt/airflow/dags/scripts/superstore_script.py
[2024-04-21T07:58:34.703+0000] {logging_mixin.py:188} INFO - b'\x97\x00t\x01\x00\x00\x00\x00\x00\x00\x00\x00j\x02\x00\x00\x00\x00\x00\x00\x00\x00\x00\x00\x00\x00\x00\x00\x00\x00\x00\x00d\x01\xab\x01\x00\x00\x00\x00\x00\x00}\x00g\x00d\x02\xa2\x01}\x01|\x01D\x00\x8f\x02c\x02g\x00c\x02]\x0e\x00\x00}\x02t\x05\x00\x00\x00\x00\x00\x00\x00\x00|\x00|\x02\xab\x02\x00\x00\x00\x00\x00\x00\x91\x02\x8c\x10\x04\x00}\x03}\x02t\x07\x00\x00\x00\x00\x00\x00\x00\x00|\x03d\x03\xab\x02\x00\x00\x00\x00\x00\x00}\x04t\t\x00\x00\x00\x00\x00\x00\x00\x00|\x04d\x04\xab\x02\x00\x00\x00\x00\x00\x00\x01\x00t\x0b\x00\x00\x00\x00\x00\x00\x00\x00d\x05\xab\x01\x00\x00\x00\x00\x00\x00\x01\x00y\x00c\x02\x01\x00c\x02}\x02w\x00'
[2024-04-21T07:58:34.704+0000] {processor.py:842} WARNING - No viable dags retrieved from /opt/airflow/dags/scripts/superstore_script.py
[2024-04-21T07:58:34.734+0000] {processor.py:183} INFO - Processing /opt/airflow/dags/scripts/superstore_script.py took 1.299 seconds
[2024-04-21T07:59:05.307+0000] {processor.py:161} INFO - Started process (PID=92) to work on /opt/airflow/dags/scripts/superstore_script.py
[2024-04-21T07:59:05.308+0000] {processor.py:830} INFO - Processing file /opt/airflow/dags/scripts/superstore_script.py for tasks to queue
[2024-04-21T07:59:05.311+0000] {logging_mixin.py:188} INFO - [2024-04-21T07:59:05.311+0000] {dagbag.py:540} INFO - Filling up the DagBag from /opt/airflow/dags/scripts/superstore_script.py
[2024-04-21T07:59:06.014+0000] {logging_mixin.py:188} INFO - b'\x97\x00t\x01\x00\x00\x00\x00\x00\x00\x00\x00j\x02\x00\x00\x00\x00\x00\x00\x00\x00\x00\x00\x00\x00\x00\x00\x00\x00\x00\x00d\x01\xab\x01\x00\x00\x00\x00\x00\x00}\x00g\x00d\x02\xa2\x01}\x01|\x01D\x00\x8f\x02c\x02g\x00c\x02]\x0e\x00\x00}\x02t\x05\x00\x00\x00\x00\x00\x00\x00\x00|\x00|\x02\xab\x02\x00\x00\x00\x00\x00\x00\x91\x02\x8c\x10\x04\x00}\x03}\x02t\x07\x00\x00\x00\x00\x00\x00\x00\x00|\x03d\x03\xab\x02\x00\x00\x00\x00\x00\x00}\x04t\t\x00\x00\x00\x00\x00\x00\x00\x00|\x04d\x04\xab\x02\x00\x00\x00\x00\x00\x00\x01\x00t\x0b\x00\x00\x00\x00\x00\x00\x00\x00d\x05\xab\x01\x00\x00\x00\x00\x00\x00\x01\x00y\x00c\x02\x01\x00c\x02}\x02w\x00'
[2024-04-21T07:59:06.015+0000] {processor.py:842} WARNING - No viable dags retrieved from /opt/airflow/dags/scripts/superstore_script.py
[2024-04-21T07:59:06.023+0000] {processor.py:183} INFO - Processing /opt/airflow/dags/scripts/superstore_script.py took 0.732 seconds
[2024-04-21T07:59:36.379+0000] {processor.py:161} INFO - Started process (PID=154) to work on /opt/airflow/dags/scripts/superstore_script.py
[2024-04-21T07:59:36.381+0000] {processor.py:830} INFO - Processing file /opt/airflow/dags/scripts/superstore_script.py for tasks to queue
[2024-04-21T07:59:36.384+0000] {logging_mixin.py:188} INFO - [2024-04-21T07:59:36.383+0000] {dagbag.py:540} INFO - Filling up the DagBag from /opt/airflow/dags/scripts/superstore_script.py
[2024-04-21T07:59:36.979+0000] {logging_mixin.py:188} INFO - b'\x97\x00t\x01\x00\x00\x00\x00\x00\x00\x00\x00j\x02\x00\x00\x00\x00\x00\x00\x00\x00\x00\x00\x00\x00\x00\x00\x00\x00\x00\x00d\x01\xab\x01\x00\x00\x00\x00\x00\x00}\x00g\x00d\x02\xa2\x01}\x01|\x01D\x00\x8f\x02c\x02g\x00c\x02]\x0e\x00\x00}\x02t\x05\x00\x00\x00\x00\x00\x00\x00\x00|\x00|\x02\xab\x02\x00\x00\x00\x00\x00\x00\x91\x02\x8c\x10\x04\x00}\x03}\x02t\x07\x00\x00\x00\x00\x00\x00\x00\x00|\x03d\x03\xab\x02\x00\x00\x00\x00\x00\x00}\x04t\t\x00\x00\x00\x00\x00\x00\x00\x00|\x04d\x04\xab\x02\x00\x00\x00\x00\x00\x00\x01\x00t\x0b\x00\x00\x00\x00\x00\x00\x00\x00d\x05\xab\x01\x00\x00\x00\x00\x00\x00\x01\x00y\x00c\x02\x01\x00c\x02}\x02w\x00'
[2024-04-21T07:59:36.980+0000] {processor.py:842} WARNING - No viable dags retrieved from /opt/airflow/dags/scripts/superstore_script.py
[2024-04-21T07:59:36.997+0000] {processor.py:183} INFO - Processing /opt/airflow/dags/scripts/superstore_script.py took 0.624 seconds
[2024-04-21T08:00:07.228+0000] {processor.py:161} INFO - Started process (PID=215) to work on /opt/airflow/dags/scripts/superstore_script.py
[2024-04-21T08:00:07.229+0000] {processor.py:830} INFO - Processing file /opt/airflow/dags/scripts/superstore_script.py for tasks to queue
[2024-04-21T08:00:07.241+0000] {logging_mixin.py:188} INFO - [2024-04-21T08:00:07.236+0000] {dagbag.py:540} INFO - Filling up the DagBag from /opt/airflow/dags/scripts/superstore_script.py
[2024-04-21T08:00:07.770+0000] {logging_mixin.py:188} INFO - b'\x97\x00t\x01\x00\x00\x00\x00\x00\x00\x00\x00j\x02\x00\x00\x00\x00\x00\x00\x00\x00\x00\x00\x00\x00\x00\x00\x00\x00\x00\x00d\x01\xab\x01\x00\x00\x00\x00\x00\x00}\x00g\x00d\x02\xa2\x01}\x01|\x01D\x00\x8f\x02c\x02g\x00c\x02]\x0e\x00\x00}\x02t\x05\x00\x00\x00\x00\x00\x00\x00\x00|\x00|\x02\xab\x02\x00\x00\x00\x00\x00\x00\x91\x02\x8c\x10\x04\x00}\x03}\x02t\x07\x00\x00\x00\x00\x00\x00\x00\x00|\x03d\x03\xab\x02\x00\x00\x00\x00\x00\x00}\x04t\t\x00\x00\x00\x00\x00\x00\x00\x00|\x04d\x04\xab\x02\x00\x00\x00\x00\x00\x00\x01\x00t\x0b\x00\x00\x00\x00\x00\x00\x00\x00d\x05\xab\x01\x00\x00\x00\x00\x00\x00\x01\x00y\x00c\x02\x01\x00c\x02}\x02w\x00'
[2024-04-21T08:00:07.770+0000] {processor.py:842} WARNING - No viable dags retrieved from /opt/airflow/dags/scripts/superstore_script.py
[2024-04-21T08:00:07.798+0000] {processor.py:183} INFO - Processing /opt/airflow/dags/scripts/superstore_script.py took 0.577 seconds
[2024-04-21T08:00:38.748+0000] {processor.py:161} INFO - Started process (PID=280) to work on /opt/airflow/dags/scripts/superstore_script.py
[2024-04-21T08:00:38.750+0000] {processor.py:830} INFO - Processing file /opt/airflow/dags/scripts/superstore_script.py for tasks to queue
[2024-04-21T08:00:38.759+0000] {logging_mixin.py:188} INFO - [2024-04-21T08:00:38.758+0000] {dagbag.py:540} INFO - Filling up the DagBag from /opt/airflow/dags/scripts/superstore_script.py
[2024-04-21T08:00:39.289+0000] {logging_mixin.py:188} INFO - b'\x97\x00t\x01\x00\x00\x00\x00\x00\x00\x00\x00j\x02\x00\x00\x00\x00\x00\x00\x00\x00\x00\x00\x00\x00\x00\x00\x00\x00\x00\x00d\x01\xab\x01\x00\x00\x00\x00\x00\x00}\x00g\x00d\x02\xa2\x01}\x01|\x01D\x00\x8f\x02c\x02g\x00c\x02]\x0e\x00\x00}\x02t\x05\x00\x00\x00\x00\x00\x00\x00\x00|\x00|\x02\xab\x02\x00\x00\x00\x00\x00\x00\x91\x02\x8c\x10\x04\x00}\x03}\x02t\x07\x00\x00\x00\x00\x00\x00\x00\x00|\x03d\x03\xab\x02\x00\x00\x00\x00\x00\x00}\x04t\t\x00\x00\x00\x00\x00\x00\x00\x00|\x04d\x04\xab\x02\x00\x00\x00\x00\x00\x00\x01\x00t\x0b\x00\x00\x00\x00\x00\x00\x00\x00d\x05\xab\x01\x00\x00\x00\x00\x00\x00\x01\x00y\x00c\x02\x01\x00c\x02}\x02w\x00'
[2024-04-21T08:00:39.290+0000] {processor.py:842} WARNING - No viable dags retrieved from /opt/airflow/dags/scripts/superstore_script.py
[2024-04-21T08:00:39.297+0000] {processor.py:183} INFO - Processing /opt/airflow/dags/scripts/superstore_script.py took 0.558 seconds
[2024-04-21T08:01:09.441+0000] {processor.py:161} INFO - Started process (PID=346) to work on /opt/airflow/dags/scripts/superstore_script.py
[2024-04-21T08:01:09.443+0000] {processor.py:830} INFO - Processing file /opt/airflow/dags/scripts/superstore_script.py for tasks to queue
[2024-04-21T08:01:09.444+0000] {logging_mixin.py:188} INFO - [2024-04-21T08:01:09.444+0000] {dagbag.py:540} INFO - Filling up the DagBag from /opt/airflow/dags/scripts/superstore_script.py
[2024-04-21T08:01:09.860+0000] {logging_mixin.py:188} INFO - b'\x97\x00t\x01\x00\x00\x00\x00\x00\x00\x00\x00j\x02\x00\x00\x00\x00\x00\x00\x00\x00\x00\x00\x00\x00\x00\x00\x00\x00\x00\x00d\x01\xab\x01\x00\x00\x00\x00\x00\x00}\x00g\x00d\x02\xa2\x01}\x01|\x01D\x00\x8f\x02c\x02g\x00c\x02]\x0e\x00\x00}\x02t\x05\x00\x00\x00\x00\x00\x00\x00\x00|\x00|\x02\xab\x02\x00\x00\x00\x00\x00\x00\x91\x02\x8c\x10\x04\x00}\x03}\x02t\x07\x00\x00\x00\x00\x00\x00\x00\x00|\x03d\x03\xab\x02\x00\x00\x00\x00\x00\x00}\x04t\t\x00\x00\x00\x00\x00\x00\x00\x00|\x04d\x04\xab\x02\x00\x00\x00\x00\x00\x00\x01\x00t\x0b\x00\x00\x00\x00\x00\x00\x00\x00d\x05\xab\x01\x00\x00\x00\x00\x00\x00\x01\x00y\x00c\x02\x01\x00c\x02}\x02w\x00'
[2024-04-21T08:01:09.861+0000] {processor.py:842} WARNING - No viable dags retrieved from /opt/airflow/dags/scripts/superstore_script.py
[2024-04-21T08:01:09.868+0000] {processor.py:183} INFO - Processing /opt/airflow/dags/scripts/superstore_script.py took 0.430 seconds
[2024-04-21T08:05:52.470+0000] {processor.py:161} INFO - Started process (PID=397) to work on /opt/airflow/dags/scripts/superstore_script.py
[2024-04-21T08:05:52.471+0000] {processor.py:830} INFO - Processing file /opt/airflow/dags/scripts/superstore_script.py for tasks to queue
[2024-04-21T08:05:52.473+0000] {logging_mixin.py:188} INFO - [2024-04-21T08:05:52.472+0000] {dagbag.py:540} INFO - Filling up the DagBag from /opt/airflow/dags/scripts/superstore_script.py
[2024-04-21T08:05:53.001+0000] {logging_mixin.py:188} INFO - b'\x97\x00t\x01\x00\x00\x00\x00\x00\x00\x00\x00j\x02\x00\x00\x00\x00\x00\x00\x00\x00\x00\x00\x00\x00\x00\x00\x00\x00\x00\x00d\x01\xab\x01\x00\x00\x00\x00\x00\x00}\x00g\x00d\x02\xa2\x01}\x01|\x01D\x00\x8f\x02c\x02g\x00c\x02]\x0e\x00\x00}\x02t\x05\x00\x00\x00\x00\x00\x00\x00\x00|\x00|\x02\xab\x02\x00\x00\x00\x00\x00\x00\x91\x02\x8c\x10\x04\x00}\x03}\x02t\x07\x00\x00\x00\x00\x00\x00\x00\x00|\x03d\x03\xab\x02\x00\x00\x00\x00\x00\x00}\x04t\t\x00\x00\x00\x00\x00\x00\x00\x00|\x04d\x04\xab\x02\x00\x00\x00\x00\x00\x00\x01\x00t\x0b\x00\x00\x00\x00\x00\x00\x00\x00d\x05\xab\x01\x00\x00\x00\x00\x00\x00\x01\x00y\x00c\x02\x01\x00c\x02}\x02w\x00'
[2024-04-21T08:05:53.002+0000] {processor.py:842} WARNING - No viable dags retrieved from /opt/airflow/dags/scripts/superstore_script.py
[2024-04-21T08:05:53.068+0000] {processor.py:183} INFO - Processing /opt/airflow/dags/scripts/superstore_script.py took 0.604 seconds
[2024-04-21T08:19:23.156+0000] {processor.py:161} INFO - Started process (PID=31) to work on /opt/airflow/dags/scripts/superstore_script.py
[2024-04-21T08:19:23.159+0000] {processor.py:830} INFO - Processing file /opt/airflow/dags/scripts/superstore_script.py for tasks to queue
[2024-04-21T08:19:23.163+0000] {logging_mixin.py:188} INFO - [2024-04-21T08:19:23.162+0000] {dagbag.py:540} INFO - Filling up the DagBag from /opt/airflow/dags/scripts/superstore_script.py
[2024-04-21T08:19:24.078+0000] {logging_mixin.py:188} INFO - b'\x97\x00t\x01\x00\x00\x00\x00\x00\x00\x00\x00j\x02\x00\x00\x00\x00\x00\x00\x00\x00\x00\x00\x00\x00\x00\x00\x00\x00\x00\x00d\x01\xab\x01\x00\x00\x00\x00\x00\x00}\x00g\x00d\x02\xa2\x01}\x01|\x01D\x00\x8f\x02c\x02g\x00c\x02]\x0e\x00\x00}\x02t\x05\x00\x00\x00\x00\x00\x00\x00\x00|\x00|\x02\xab\x02\x00\x00\x00\x00\x00\x00\x91\x02\x8c\x10\x04\x00}\x03}\x02t\x07\x00\x00\x00\x00\x00\x00\x00\x00|\x03d\x03\xab\x02\x00\x00\x00\x00\x00\x00}\x04t\t\x00\x00\x00\x00\x00\x00\x00\x00|\x04d\x04\xab\x02\x00\x00\x00\x00\x00\x00\x01\x00t\x0b\x00\x00\x00\x00\x00\x00\x00\x00d\x05\xab\x01\x00\x00\x00\x00\x00\x00\x01\x00y\x00c\x02\x01\x00c\x02}\x02w\x00'
[2024-04-21T08:19:24.079+0000] {processor.py:842} WARNING - No viable dags retrieved from /opt/airflow/dags/scripts/superstore_script.py
[2024-04-21T08:19:24.142+0000] {processor.py:183} INFO - Processing /opt/airflow/dags/scripts/superstore_script.py took 1.001 seconds
[2024-04-21T08:19:54.713+0000] {processor.py:161} INFO - Started process (PID=93) to work on /opt/airflow/dags/scripts/superstore_script.py
[2024-04-21T08:19:54.714+0000] {processor.py:830} INFO - Processing file /opt/airflow/dags/scripts/superstore_script.py for tasks to queue
[2024-04-21T08:19:54.716+0000] {logging_mixin.py:188} INFO - [2024-04-21T08:19:54.715+0000] {dagbag.py:540} INFO - Filling up the DagBag from /opt/airflow/dags/scripts/superstore_script.py
[2024-04-21T08:19:55.115+0000] {logging_mixin.py:188} INFO - b'\x97\x00t\x01\x00\x00\x00\x00\x00\x00\x00\x00j\x02\x00\x00\x00\x00\x00\x00\x00\x00\x00\x00\x00\x00\x00\x00\x00\x00\x00\x00d\x01\xab\x01\x00\x00\x00\x00\x00\x00}\x00g\x00d\x02\xa2\x01}\x01|\x01D\x00\x8f\x02c\x02g\x00c\x02]\x0e\x00\x00}\x02t\x05\x00\x00\x00\x00\x00\x00\x00\x00|\x00|\x02\xab\x02\x00\x00\x00\x00\x00\x00\x91\x02\x8c\x10\x04\x00}\x03}\x02t\x07\x00\x00\x00\x00\x00\x00\x00\x00|\x03d\x03\xab\x02\x00\x00\x00\x00\x00\x00}\x04t\t\x00\x00\x00\x00\x00\x00\x00\x00|\x04d\x04\xab\x02\x00\x00\x00\x00\x00\x00\x01\x00t\x0b\x00\x00\x00\x00\x00\x00\x00\x00d\x05\xab\x01\x00\x00\x00\x00\x00\x00\x01\x00y\x00c\x02\x01\x00c\x02}\x02w\x00'
[2024-04-21T08:19:55.116+0000] {processor.py:842} WARNING - No viable dags retrieved from /opt/airflow/dags/scripts/superstore_script.py
[2024-04-21T08:19:55.125+0000] {processor.py:183} INFO - Processing /opt/airflow/dags/scripts/superstore_script.py took 0.416 seconds
[2024-04-21T08:20:25.422+0000] {processor.py:161} INFO - Started process (PID=155) to work on /opt/airflow/dags/scripts/superstore_script.py
[2024-04-21T08:20:25.423+0000] {processor.py:830} INFO - Processing file /opt/airflow/dags/scripts/superstore_script.py for tasks to queue
[2024-04-21T08:20:25.424+0000] {logging_mixin.py:188} INFO - [2024-04-21T08:20:25.424+0000] {dagbag.py:540} INFO - Filling up the DagBag from /opt/airflow/dags/scripts/superstore_script.py
[2024-04-21T08:20:25.844+0000] {logging_mixin.py:188} INFO - b'\x97\x00t\x01\x00\x00\x00\x00\x00\x00\x00\x00j\x02\x00\x00\x00\x00\x00\x00\x00\x00\x00\x00\x00\x00\x00\x00\x00\x00\x00\x00d\x01\xab\x01\x00\x00\x00\x00\x00\x00}\x00g\x00d\x02\xa2\x01}\x01|\x01D\x00\x8f\x02c\x02g\x00c\x02]\x0e\x00\x00}\x02t\x05\x00\x00\x00\x00\x00\x00\x00\x00|\x00|\x02\xab\x02\x00\x00\x00\x00\x00\x00\x91\x02\x8c\x10\x04\x00}\x03}\x02t\x07\x00\x00\x00\x00\x00\x00\x00\x00|\x03d\x03\xab\x02\x00\x00\x00\x00\x00\x00}\x04t\t\x00\x00\x00\x00\x00\x00\x00\x00|\x04d\x04\xab\x02\x00\x00\x00\x00\x00\x00\x01\x00t\x0b\x00\x00\x00\x00\x00\x00\x00\x00d\x05\xab\x01\x00\x00\x00\x00\x00\x00\x01\x00y\x00c\x02\x01\x00c\x02}\x02w\x00'
[2024-04-21T08:20:25.844+0000] {processor.py:842} WARNING - No viable dags retrieved from /opt/airflow/dags/scripts/superstore_script.py
[2024-04-21T08:20:25.857+0000] {processor.py:183} INFO - Processing /opt/airflow/dags/scripts/superstore_script.py took 0.438 seconds
[2024-04-21T08:20:56.581+0000] {processor.py:161} INFO - Started process (PID=217) to work on /opt/airflow/dags/scripts/superstore_script.py
[2024-04-21T08:20:56.582+0000] {processor.py:830} INFO - Processing file /opt/airflow/dags/scripts/superstore_script.py for tasks to queue
[2024-04-21T08:20:56.584+0000] {logging_mixin.py:188} INFO - [2024-04-21T08:20:56.584+0000] {dagbag.py:540} INFO - Filling up the DagBag from /opt/airflow/dags/scripts/superstore_script.py
[2024-04-21T08:20:56.974+0000] {logging_mixin.py:188} INFO - b'\x97\x00t\x01\x00\x00\x00\x00\x00\x00\x00\x00j\x02\x00\x00\x00\x00\x00\x00\x00\x00\x00\x00\x00\x00\x00\x00\x00\x00\x00\x00d\x01\xab\x01\x00\x00\x00\x00\x00\x00}\x00g\x00d\x02\xa2\x01}\x01|\x01D\x00\x8f\x02c\x02g\x00c\x02]\x0e\x00\x00}\x02t\x05\x00\x00\x00\x00\x00\x00\x00\x00|\x00|\x02\xab\x02\x00\x00\x00\x00\x00\x00\x91\x02\x8c\x10\x04\x00}\x03}\x02t\x07\x00\x00\x00\x00\x00\x00\x00\x00|\x03d\x03\xab\x02\x00\x00\x00\x00\x00\x00}\x04t\t\x00\x00\x00\x00\x00\x00\x00\x00|\x04d\x04\xab\x02\x00\x00\x00\x00\x00\x00\x01\x00t\x0b\x00\x00\x00\x00\x00\x00\x00\x00d\x05\xab\x01\x00\x00\x00\x00\x00\x00\x01\x00y\x00c\x02\x01\x00c\x02}\x02w\x00'
[2024-04-21T08:20:56.974+0000] {processor.py:842} WARNING - No viable dags retrieved from /opt/airflow/dags/scripts/superstore_script.py
[2024-04-21T08:20:56.983+0000] {processor.py:183} INFO - Processing /opt/airflow/dags/scripts/superstore_script.py took 0.407 seconds
[2024-04-21T08:21:27.026+0000] {processor.py:161} INFO - Started process (PID=282) to work on /opt/airflow/dags/scripts/superstore_script.py
[2024-04-21T08:21:27.028+0000] {processor.py:830} INFO - Processing file /opt/airflow/dags/scripts/superstore_script.py for tasks to queue
[2024-04-21T08:21:27.030+0000] {logging_mixin.py:188} INFO - [2024-04-21T08:21:27.029+0000] {dagbag.py:540} INFO - Filling up the DagBag from /opt/airflow/dags/scripts/superstore_script.py
[2024-04-21T08:21:27.394+0000] {logging_mixin.py:188} INFO - b'\x97\x00t\x01\x00\x00\x00\x00\x00\x00\x00\x00j\x02\x00\x00\x00\x00\x00\x00\x00\x00\x00\x00\x00\x00\x00\x00\x00\x00\x00\x00d\x01\xab\x01\x00\x00\x00\x00\x00\x00}\x00g\x00d\x02\xa2\x01}\x01|\x01D\x00\x8f\x02c\x02g\x00c\x02]\x0e\x00\x00}\x02t\x05\x00\x00\x00\x00\x00\x00\x00\x00|\x00|\x02\xab\x02\x00\x00\x00\x00\x00\x00\x91\x02\x8c\x10\x04\x00}\x03}\x02t\x07\x00\x00\x00\x00\x00\x00\x00\x00|\x03d\x03\xab\x02\x00\x00\x00\x00\x00\x00}\x04t\t\x00\x00\x00\x00\x00\x00\x00\x00|\x04d\x04\xab\x02\x00\x00\x00\x00\x00\x00\x01\x00t\x0b\x00\x00\x00\x00\x00\x00\x00\x00d\x05\xab\x01\x00\x00\x00\x00\x00\x00\x01\x00y\x00c\x02\x01\x00c\x02}\x02w\x00'
[2024-04-21T08:21:27.395+0000] {processor.py:842} WARNING - No viable dags retrieved from /opt/airflow/dags/scripts/superstore_script.py
[2024-04-21T08:21:27.406+0000] {processor.py:183} INFO - Processing /opt/airflow/dags/scripts/superstore_script.py took 0.385 seconds
[2024-04-21T08:21:57.541+0000] {processor.py:161} INFO - Started process (PID=345) to work on /opt/airflow/dags/scripts/superstore_script.py
[2024-04-21T08:21:57.542+0000] {processor.py:830} INFO - Processing file /opt/airflow/dags/scripts/superstore_script.py for tasks to queue
[2024-04-21T08:21:57.543+0000] {logging_mixin.py:188} INFO - [2024-04-21T08:21:57.543+0000] {dagbag.py:540} INFO - Filling up the DagBag from /opt/airflow/dags/scripts/superstore_script.py
[2024-04-21T08:21:57.971+0000] {logging_mixin.py:188} INFO - b'\x97\x00t\x01\x00\x00\x00\x00\x00\x00\x00\x00j\x02\x00\x00\x00\x00\x00\x00\x00\x00\x00\x00\x00\x00\x00\x00\x00\x00\x00\x00d\x01\xab\x01\x00\x00\x00\x00\x00\x00}\x00g\x00d\x02\xa2\x01}\x01|\x01D\x00\x8f\x02c\x02g\x00c\x02]\x0e\x00\x00}\x02t\x05\x00\x00\x00\x00\x00\x00\x00\x00|\x00|\x02\xab\x02\x00\x00\x00\x00\x00\x00\x91\x02\x8c\x10\x04\x00}\x03}\x02t\x07\x00\x00\x00\x00\x00\x00\x00\x00|\x03d\x03\xab\x02\x00\x00\x00\x00\x00\x00}\x04t\t\x00\x00\x00\x00\x00\x00\x00\x00|\x04d\x04\xab\x02\x00\x00\x00\x00\x00\x00\x01\x00t\x0b\x00\x00\x00\x00\x00\x00\x00\x00d\x05\xab\x01\x00\x00\x00\x00\x00\x00\x01\x00y\x00c\x02\x01\x00c\x02}\x02w\x00'
[2024-04-21T08:21:57.972+0000] {processor.py:842} WARNING - No viable dags retrieved from /opt/airflow/dags/scripts/superstore_script.py
[2024-04-21T08:21:57.983+0000] {processor.py:183} INFO - Processing /opt/airflow/dags/scripts/superstore_script.py took 0.445 seconds
[2024-04-21T08:22:28.712+0000] {processor.py:161} INFO - Started process (PID=407) to work on /opt/airflow/dags/scripts/superstore_script.py
[2024-04-21T08:22:28.713+0000] {processor.py:830} INFO - Processing file /opt/airflow/dags/scripts/superstore_script.py for tasks to queue
[2024-04-21T08:22:28.715+0000] {logging_mixin.py:188} INFO - [2024-04-21T08:22:28.715+0000] {dagbag.py:540} INFO - Filling up the DagBag from /opt/airflow/dags/scripts/superstore_script.py
[2024-04-21T08:22:29.212+0000] {logging_mixin.py:188} INFO - b'\x97\x00t\x01\x00\x00\x00\x00\x00\x00\x00\x00j\x02\x00\x00\x00\x00\x00\x00\x00\x00\x00\x00\x00\x00\x00\x00\x00\x00\x00\x00d\x01\xab\x01\x00\x00\x00\x00\x00\x00}\x00g\x00d\x02\xa2\x01}\x01|\x01D\x00\x8f\x02c\x02g\x00c\x02]\x0e\x00\x00}\x02t\x05\x00\x00\x00\x00\x00\x00\x00\x00|\x00|\x02\xab\x02\x00\x00\x00\x00\x00\x00\x91\x02\x8c\x10\x04\x00}\x03}\x02t\x07\x00\x00\x00\x00\x00\x00\x00\x00|\x03d\x03\xab\x02\x00\x00\x00\x00\x00\x00}\x04t\t\x00\x00\x00\x00\x00\x00\x00\x00|\x04d\x04\xab\x02\x00\x00\x00\x00\x00\x00\x01\x00t\x0b\x00\x00\x00\x00\x00\x00\x00\x00d\x05\xab\x01\x00\x00\x00\x00\x00\x00\x01\x00y\x00c\x02\x01\x00c\x02}\x02w\x00'
[2024-04-21T08:22:29.213+0000] {processor.py:842} WARNING - No viable dags retrieved from /opt/airflow/dags/scripts/superstore_script.py
[2024-04-21T08:22:29.220+0000] {processor.py:183} INFO - Processing /opt/airflow/dags/scripts/superstore_script.py took 0.517 seconds
[2024-04-21T08:22:59.684+0000] {processor.py:161} INFO - Started process (PID=474) to work on /opt/airflow/dags/scripts/superstore_script.py
[2024-04-21T08:22:59.685+0000] {processor.py:830} INFO - Processing file /opt/airflow/dags/scripts/superstore_script.py for tasks to queue
[2024-04-21T08:22:59.687+0000] {logging_mixin.py:188} INFO - [2024-04-21T08:22:59.687+0000] {dagbag.py:540} INFO - Filling up the DagBag from /opt/airflow/dags/scripts/superstore_script.py
[2024-04-21T08:23:00.380+0000] {logging_mixin.py:188} INFO - b'\x97\x00t\x01\x00\x00\x00\x00\x00\x00\x00\x00j\x02\x00\x00\x00\x00\x00\x00\x00\x00\x00\x00\x00\x00\x00\x00\x00\x00\x00\x00d\x01\xab\x01\x00\x00\x00\x00\x00\x00}\x00g\x00d\x02\xa2\x01}\x01|\x01D\x00\x8f\x02c\x02g\x00c\x02]\x0e\x00\x00}\x02t\x05\x00\x00\x00\x00\x00\x00\x00\x00|\x00|\x02\xab\x02\x00\x00\x00\x00\x00\x00\x91\x02\x8c\x10\x04\x00}\x03}\x02t\x07\x00\x00\x00\x00\x00\x00\x00\x00|\x03d\x03\xab\x02\x00\x00\x00\x00\x00\x00}\x04t\t\x00\x00\x00\x00\x00\x00\x00\x00|\x04d\x04\xab\x02\x00\x00\x00\x00\x00\x00\x01\x00t\x0b\x00\x00\x00\x00\x00\x00\x00\x00d\x05\xab\x01\x00\x00\x00\x00\x00\x00\x01\x00y\x00c\x02\x01\x00c\x02}\x02w\x00'
[2024-04-21T08:23:00.381+0000] {processor.py:842} WARNING - No viable dags retrieved from /opt/airflow/dags/scripts/superstore_script.py
[2024-04-21T08:23:00.396+0000] {processor.py:183} INFO - Processing /opt/airflow/dags/scripts/superstore_script.py took 0.716 seconds
[2024-04-21T08:23:31.040+0000] {processor.py:161} INFO - Started process (PID=536) to work on /opt/airflow/dags/scripts/superstore_script.py
[2024-04-21T08:23:31.042+0000] {processor.py:830} INFO - Processing file /opt/airflow/dags/scripts/superstore_script.py for tasks to queue
[2024-04-21T08:23:31.045+0000] {logging_mixin.py:188} INFO - [2024-04-21T08:23:31.045+0000] {dagbag.py:540} INFO - Filling up the DagBag from /opt/airflow/dags/scripts/superstore_script.py
[2024-04-21T08:23:31.679+0000] {logging_mixin.py:188} INFO - b'\x97\x00t\x01\x00\x00\x00\x00\x00\x00\x00\x00j\x02\x00\x00\x00\x00\x00\x00\x00\x00\x00\x00\x00\x00\x00\x00\x00\x00\x00\x00d\x01\xab\x01\x00\x00\x00\x00\x00\x00}\x00g\x00d\x02\xa2\x01}\x01|\x01D\x00\x8f\x02c\x02g\x00c\x02]\x0e\x00\x00}\x02t\x05\x00\x00\x00\x00\x00\x00\x00\x00|\x00|\x02\xab\x02\x00\x00\x00\x00\x00\x00\x91\x02\x8c\x10\x04\x00}\x03}\x02t\x07\x00\x00\x00\x00\x00\x00\x00\x00|\x03d\x03\xab\x02\x00\x00\x00\x00\x00\x00}\x04t\t\x00\x00\x00\x00\x00\x00\x00\x00|\x04d\x04\xab\x02\x00\x00\x00\x00\x00\x00\x01\x00t\x0b\x00\x00\x00\x00\x00\x00\x00\x00d\x05\xab\x01\x00\x00\x00\x00\x00\x00\x01\x00y\x00c\x02\x01\x00c\x02}\x02w\x00'
[2024-04-21T08:23:31.679+0000] {processor.py:842} WARNING - No viable dags retrieved from /opt/airflow/dags/scripts/superstore_script.py
[2024-04-21T08:23:31.689+0000] {processor.py:183} INFO - Processing /opt/airflow/dags/scripts/superstore_script.py took 0.672 seconds
[2024-04-21T08:24:02.131+0000] {processor.py:161} INFO - Started process (PID=598) to work on /opt/airflow/dags/scripts/superstore_script.py
[2024-04-21T08:24:02.133+0000] {processor.py:830} INFO - Processing file /opt/airflow/dags/scripts/superstore_script.py for tasks to queue
[2024-04-21T08:24:02.134+0000] {logging_mixin.py:188} INFO - [2024-04-21T08:24:02.134+0000] {dagbag.py:540} INFO - Filling up the DagBag from /opt/airflow/dags/scripts/superstore_script.py
[2024-04-21T08:24:02.478+0000] {logging_mixin.py:188} INFO - b'\x97\x00t\x01\x00\x00\x00\x00\x00\x00\x00\x00j\x02\x00\x00\x00\x00\x00\x00\x00\x00\x00\x00\x00\x00\x00\x00\x00\x00\x00\x00d\x01\xab\x01\x00\x00\x00\x00\x00\x00}\x00g\x00d\x02\xa2\x01}\x01|\x01D\x00\x8f\x02c\x02g\x00c\x02]\x0e\x00\x00}\x02t\x05\x00\x00\x00\x00\x00\x00\x00\x00|\x00|\x02\xab\x02\x00\x00\x00\x00\x00\x00\x91\x02\x8c\x10\x04\x00}\x03}\x02t\x07\x00\x00\x00\x00\x00\x00\x00\x00|\x03d\x03\xab\x02\x00\x00\x00\x00\x00\x00}\x04t\t\x00\x00\x00\x00\x00\x00\x00\x00|\x04d\x04\xab\x02\x00\x00\x00\x00\x00\x00\x01\x00t\x0b\x00\x00\x00\x00\x00\x00\x00\x00d\x05\xab\x01\x00\x00\x00\x00\x00\x00\x01\x00y\x00c\x02\x01\x00c\x02}\x02w\x00'
[2024-04-21T08:24:02.478+0000] {processor.py:842} WARNING - No viable dags retrieved from /opt/airflow/dags/scripts/superstore_script.py
[2024-04-21T08:24:02.485+0000] {processor.py:183} INFO - Processing /opt/airflow/dags/scripts/superstore_script.py took 0.358 seconds
[2024-04-21T08:24:32.630+0000] {processor.py:161} INFO - Started process (PID=664) to work on /opt/airflow/dags/scripts/superstore_script.py
[2024-04-21T08:24:32.631+0000] {processor.py:830} INFO - Processing file /opt/airflow/dags/scripts/superstore_script.py for tasks to queue
[2024-04-21T08:24:32.633+0000] {logging_mixin.py:188} INFO - [2024-04-21T08:24:32.632+0000] {dagbag.py:540} INFO - Filling up the DagBag from /opt/airflow/dags/scripts/superstore_script.py
[2024-04-21T08:24:32.924+0000] {logging_mixin.py:188} INFO - b'\x97\x00t\x01\x00\x00\x00\x00\x00\x00\x00\x00j\x02\x00\x00\x00\x00\x00\x00\x00\x00\x00\x00\x00\x00\x00\x00\x00\x00\x00\x00d\x01\xab\x01\x00\x00\x00\x00\x00\x00}\x00g\x00d\x02\xa2\x01}\x01|\x01D\x00\x8f\x02c\x02g\x00c\x02]\x0e\x00\x00}\x02t\x05\x00\x00\x00\x00\x00\x00\x00\x00|\x00|\x02\xab\x02\x00\x00\x00\x00\x00\x00\x91\x02\x8c\x10\x04\x00}\x03}\x02t\x07\x00\x00\x00\x00\x00\x00\x00\x00|\x03d\x03\xab\x02\x00\x00\x00\x00\x00\x00}\x04t\t\x00\x00\x00\x00\x00\x00\x00\x00|\x04d\x04\xab\x02\x00\x00\x00\x00\x00\x00\x01\x00t\x0b\x00\x00\x00\x00\x00\x00\x00\x00d\x05\xab\x01\x00\x00\x00\x00\x00\x00\x01\x00y\x00c\x02\x01\x00c\x02}\x02w\x00'
[2024-04-21T08:24:32.925+0000] {processor.py:842} WARNING - No viable dags retrieved from /opt/airflow/dags/scripts/superstore_script.py
[2024-04-21T08:24:32.934+0000] {processor.py:183} INFO - Processing /opt/airflow/dags/scripts/superstore_script.py took 0.307 seconds
[2024-04-21T08:25:03.844+0000] {processor.py:161} INFO - Started process (PID=725) to work on /opt/airflow/dags/scripts/superstore_script.py
[2024-04-21T08:25:03.846+0000] {processor.py:830} INFO - Processing file /opt/airflow/dags/scripts/superstore_script.py for tasks to queue
[2024-04-21T08:25:03.852+0000] {logging_mixin.py:188} INFO - [2024-04-21T08:25:03.851+0000] {dagbag.py:540} INFO - Filling up the DagBag from /opt/airflow/dags/scripts/superstore_script.py
[2024-04-21T08:25:04.298+0000] {logging_mixin.py:188} INFO - b'\x97\x00t\x01\x00\x00\x00\x00\x00\x00\x00\x00j\x02\x00\x00\x00\x00\x00\x00\x00\x00\x00\x00\x00\x00\x00\x00\x00\x00\x00\x00d\x01\xab\x01\x00\x00\x00\x00\x00\x00}\x00g\x00d\x02\xa2\x01}\x01|\x01D\x00\x8f\x02c\x02g\x00c\x02]\x0e\x00\x00}\x02t\x05\x00\x00\x00\x00\x00\x00\x00\x00|\x00|\x02\xab\x02\x00\x00\x00\x00\x00\x00\x91\x02\x8c\x10\x04\x00}\x03}\x02t\x07\x00\x00\x00\x00\x00\x00\x00\x00|\x03d\x03\xab\x02\x00\x00\x00\x00\x00\x00}\x04t\t\x00\x00\x00\x00\x00\x00\x00\x00|\x04d\x04\xab\x02\x00\x00\x00\x00\x00\x00\x01\x00t\x0b\x00\x00\x00\x00\x00\x00\x00\x00d\x05\xab\x01\x00\x00\x00\x00\x00\x00\x01\x00y\x00c\x02\x01\x00c\x02}\x02w\x00'
[2024-04-21T08:25:04.299+0000] {processor.py:842} WARNING - No viable dags retrieved from /opt/airflow/dags/scripts/superstore_script.py
[2024-04-21T08:25:04.306+0000] {processor.py:183} INFO - Processing /opt/airflow/dags/scripts/superstore_script.py took 0.471 seconds
[2024-04-21T08:25:34.971+0000] {processor.py:161} INFO - Started process (PID=788) to work on /opt/airflow/dags/scripts/superstore_script.py
[2024-04-21T08:25:34.974+0000] {processor.py:830} INFO - Processing file /opt/airflow/dags/scripts/superstore_script.py for tasks to queue
[2024-04-21T08:25:34.976+0000] {logging_mixin.py:188} INFO - [2024-04-21T08:25:34.975+0000] {dagbag.py:540} INFO - Filling up the DagBag from /opt/airflow/dags/scripts/superstore_script.py
[2024-04-21T08:25:35.437+0000] {logging_mixin.py:188} INFO - b'\x97\x00t\x01\x00\x00\x00\x00\x00\x00\x00\x00j\x02\x00\x00\x00\x00\x00\x00\x00\x00\x00\x00\x00\x00\x00\x00\x00\x00\x00\x00d\x01\xab\x01\x00\x00\x00\x00\x00\x00}\x00g\x00d\x02\xa2\x01}\x01|\x01D\x00\x8f\x02c\x02g\x00c\x02]\x0e\x00\x00}\x02t\x05\x00\x00\x00\x00\x00\x00\x00\x00|\x00|\x02\xab\x02\x00\x00\x00\x00\x00\x00\x91\x02\x8c\x10\x04\x00}\x03}\x02t\x07\x00\x00\x00\x00\x00\x00\x00\x00|\x03d\x03\xab\x02\x00\x00\x00\x00\x00\x00}\x04t\t\x00\x00\x00\x00\x00\x00\x00\x00|\x04d\x04\xab\x02\x00\x00\x00\x00\x00\x00\x01\x00t\x0b\x00\x00\x00\x00\x00\x00\x00\x00d\x05\xab\x01\x00\x00\x00\x00\x00\x00\x01\x00y\x00c\x02\x01\x00c\x02}\x02w\x00'
[2024-04-21T08:25:35.439+0000] {processor.py:842} WARNING - No viable dags retrieved from /opt/airflow/dags/scripts/superstore_script.py
[2024-04-21T08:25:35.448+0000] {processor.py:183} INFO - Processing /opt/airflow/dags/scripts/superstore_script.py took 0.480 seconds
[2024-04-21T08:26:05.484+0000] {processor.py:161} INFO - Started process (PID=850) to work on /opt/airflow/dags/scripts/superstore_script.py
[2024-04-21T08:26:05.485+0000] {processor.py:830} INFO - Processing file /opt/airflow/dags/scripts/superstore_script.py for tasks to queue
[2024-04-21T08:26:05.487+0000] {logging_mixin.py:188} INFO - [2024-04-21T08:26:05.486+0000] {dagbag.py:540} INFO - Filling up the DagBag from /opt/airflow/dags/scripts/superstore_script.py
[2024-04-21T08:26:05.941+0000] {logging_mixin.py:188} INFO - b'\x97\x00t\x01\x00\x00\x00\x00\x00\x00\x00\x00j\x02\x00\x00\x00\x00\x00\x00\x00\x00\x00\x00\x00\x00\x00\x00\x00\x00\x00\x00d\x01\xab\x01\x00\x00\x00\x00\x00\x00}\x00g\x00d\x02\xa2\x01}\x01|\x01D\x00\x8f\x02c\x02g\x00c\x02]\x0e\x00\x00}\x02t\x05\x00\x00\x00\x00\x00\x00\x00\x00|\x00|\x02\xab\x02\x00\x00\x00\x00\x00\x00\x91\x02\x8c\x10\x04\x00}\x03}\x02t\x07\x00\x00\x00\x00\x00\x00\x00\x00|\x03d\x03\xab\x02\x00\x00\x00\x00\x00\x00}\x04t\t\x00\x00\x00\x00\x00\x00\x00\x00|\x04d\x04\xab\x02\x00\x00\x00\x00\x00\x00\x01\x00t\x0b\x00\x00\x00\x00\x00\x00\x00\x00d\x05\xab\x01\x00\x00\x00\x00\x00\x00\x01\x00y\x00c\x02\x01\x00c\x02}\x02w\x00'
[2024-04-21T08:26:05.943+0000] {processor.py:842} WARNING - No viable dags retrieved from /opt/airflow/dags/scripts/superstore_script.py
[2024-04-21T08:26:05.953+0000] {processor.py:183} INFO - Processing /opt/airflow/dags/scripts/superstore_script.py took 0.473 seconds
[2024-04-21T08:26:35.994+0000] {processor.py:161} INFO - Started process (PID=912) to work on /opt/airflow/dags/scripts/superstore_script.py
[2024-04-21T08:26:35.995+0000] {processor.py:830} INFO - Processing file /opt/airflow/dags/scripts/superstore_script.py for tasks to queue
[2024-04-21T08:26:35.996+0000] {logging_mixin.py:188} INFO - [2024-04-21T08:26:35.996+0000] {dagbag.py:540} INFO - Filling up the DagBag from /opt/airflow/dags/scripts/superstore_script.py
[2024-04-21T08:26:36.347+0000] {logging_mixin.py:188} INFO - b'\x97\x00t\x01\x00\x00\x00\x00\x00\x00\x00\x00j\x02\x00\x00\x00\x00\x00\x00\x00\x00\x00\x00\x00\x00\x00\x00\x00\x00\x00\x00d\x01\xab\x01\x00\x00\x00\x00\x00\x00}\x00g\x00d\x02\xa2\x01}\x01|\x01D\x00\x8f\x02c\x02g\x00c\x02]\x0e\x00\x00}\x02t\x05\x00\x00\x00\x00\x00\x00\x00\x00|\x00|\x02\xab\x02\x00\x00\x00\x00\x00\x00\x91\x02\x8c\x10\x04\x00}\x03}\x02t\x07\x00\x00\x00\x00\x00\x00\x00\x00|\x03d\x03\xab\x02\x00\x00\x00\x00\x00\x00}\x04t\t\x00\x00\x00\x00\x00\x00\x00\x00|\x04d\x04\xab\x02\x00\x00\x00\x00\x00\x00\x01\x00t\x0b\x00\x00\x00\x00\x00\x00\x00\x00d\x05\xab\x01\x00\x00\x00\x00\x00\x00\x01\x00y\x00c\x02\x01\x00c\x02}\x02w\x00'
[2024-04-21T08:26:36.348+0000] {processor.py:842} WARNING - No viable dags retrieved from /opt/airflow/dags/scripts/superstore_script.py
[2024-04-21T08:26:36.355+0000] {processor.py:183} INFO - Processing /opt/airflow/dags/scripts/superstore_script.py took 0.364 seconds
[2024-04-21T08:27:06.619+0000] {processor.py:161} INFO - Started process (PID=974) to work on /opt/airflow/dags/scripts/superstore_script.py
[2024-04-21T08:27:06.619+0000] {processor.py:830} INFO - Processing file /opt/airflow/dags/scripts/superstore_script.py for tasks to queue
[2024-04-21T08:27:06.621+0000] {logging_mixin.py:188} INFO - [2024-04-21T08:27:06.620+0000] {dagbag.py:540} INFO - Filling up the DagBag from /opt/airflow/dags/scripts/superstore_script.py
[2024-04-21T08:27:06.937+0000] {logging_mixin.py:188} INFO - b'\x97\x00t\x01\x00\x00\x00\x00\x00\x00\x00\x00j\x02\x00\x00\x00\x00\x00\x00\x00\x00\x00\x00\x00\x00\x00\x00\x00\x00\x00\x00d\x01\xab\x01\x00\x00\x00\x00\x00\x00}\x00g\x00d\x02\xa2\x01}\x01|\x01D\x00\x8f\x02c\x02g\x00c\x02]\x0e\x00\x00}\x02t\x05\x00\x00\x00\x00\x00\x00\x00\x00|\x00|\x02\xab\x02\x00\x00\x00\x00\x00\x00\x91\x02\x8c\x10\x04\x00}\x03}\x02t\x07\x00\x00\x00\x00\x00\x00\x00\x00|\x03d\x03\xab\x02\x00\x00\x00\x00\x00\x00}\x04t\t\x00\x00\x00\x00\x00\x00\x00\x00|\x04d\x04\xab\x02\x00\x00\x00\x00\x00\x00\x01\x00t\x0b\x00\x00\x00\x00\x00\x00\x00\x00d\x05\xab\x01\x00\x00\x00\x00\x00\x00\x01\x00y\x00c\x02\x01\x00c\x02}\x02w\x00'
[2024-04-21T08:27:06.937+0000] {processor.py:842} WARNING - No viable dags retrieved from /opt/airflow/dags/scripts/superstore_script.py
[2024-04-21T08:27:06.944+0000] {processor.py:183} INFO - Processing /opt/airflow/dags/scripts/superstore_script.py took 0.329 seconds
